Log file open, 06/16/14 17:00:25
LogInit:Display: Running engine for game: Base_Project
LogInit: Version: 4.2.0-2092659+++depot+UE4-Releases+4.2
LogInit: Compiled (64-bit): Jun  3 2014 00:56:21
LogInit: Build Configuration: Development
LogInit: Branch Name: ++depot+UE4-Releases+4.2
LogInit: Command line: 
LogInit: Base directory: C:/Unreal Engine 4/Unreal Engine/4.2/Engine/Binaries/Win64/
LogInit: Rocket: 1
[2014.06.16-16.00.26:102][  0]LogTaskGraph: Started task graph with 3 named threads and 4 total threads.
[2014.06.16-16.00.26:128][  0]LogOnline:Warning: No default platform service specified for OnlineSubsystem
[2014.06.16-16.00.26:135][  0]LogInit: Presizing for 0 objects not considered by GC, pre-allocating 0 bytes.
[2014.06.16-16.00.26:144][  0]LogInit: Object subsystem initialized
[2014.06.16-16.00.26:146][  0]LogInit: Selected Device Profile: [Windows]
[2014.06.16-16.00.26:146][  0]LogInit: Applying CVar settings loaded from the selected device profile: [Windows]
[2014.06.16-16.00.26:217][  0]LogInit: Computer: SHAUN-PC
[2014.06.16-16.00.26:217][  0]LogInit: User: Shaun
[2014.06.16-16.00.26:218][  0]LogInit: CPU Page size=4096, Cores=2
[2014.06.16-16.00.26:218][  0]LogInit: High frequency timer resolution =3.027412 MHz
[2014.06.16-16.00.26:218][  0]LogMemory: Memory total: Physical=3.7GB (4GB approx) Virtual=8192.0GB
[2014.06.16-16.00.26:218][  0]LogMemory: Platform Memory Stats for Windows
[2014.06.16-16.00.26:218][  0]LogMemory: Process Physical Memory: 53.87 MB used, 53.87 MB peak
[2014.06.16-16.00.26:218][  0]LogMemory: Process Virtual Memory: 30.11 MB used, 30.43 MB peak
[2014.06.16-16.00.26:218][  0]LogMemory: Physical Memory: 2305.89 MB used, 3839.18 MB total
[2014.06.16-16.00.26:218][  0]LogMemory: Virtual Memory: 236.60 MB used, 8388608.00 MB total
[2014.06.16-16.00.26:251][  0]LogD3D11RHI: Found D3D11 adapter 0: NVIDIA GeForce GTX 750 Ti (Feature Level 11_0)
[2014.06.16-16.00.26:251][  0]LogD3D11RHI: Adapter has 1974MB of dedicated video memory, 0MB of dedicated system memory, and 1663MB of shared system memory, 1 output[s]
[2014.06.16-16.00.26:251][  0]LogD3D11RHI: Chosen D3D11 Adapter Id = 0
[2014.06.16-16.00.26:260][  0]LogRHI: Texture pool is 1361 MB (70% of 1945 MB)
[2014.06.16-16.00.26:270][  0]LogD3D11RHI: Async texture creation enabled
[2014.06.16-16.00.26:386][  0]LogContentStreaming: Texture pool size is 0.000000MB
[2014.06.16-16.00.27:506][  0]LogTargetPlatformManager:Display: Building Assets For Windows
[2014.06.16-16.00.27:598][  0]LogTargetPlatformManager:Display: Building Assets For Windows
[2014.06.16-16.00.27:636][  0]LogDerivedDataCache:Display: Max Cache Size: 512 MB
[2014.06.16-16.00.27:743][  0]LogDerivedDataCache: Loaded boot cache 0.11s 39MB C:/Users/Shaun/AppData/Local/UnrealEngine/4.2/DerivedDataCache/Boot.ddc.
[2014.06.16-16.00.27:743][  0]LogDerivedDataCache:Display: Loaded Boot cache: C:/Users/Shaun/AppData/Local/UnrealEngine/4.2/DerivedDataCache/Boot.ddc
[2014.06.16-16.00.27:763][  0]LogDerivedDataCache: FDerivedDataBackendGraph:  Pak pak cache file ../../../../../../Users/Shaun/Documents/Unreal Projects/Base_Project/DerivedDataCache/DDC.ddp not found, will not use a pak cache.
[2014.06.16-16.00.27:763][  0]LogDerivedDataCache: Unable to find inner node Pak for hierarchical cache Hierarchy.
[2014.06.16-16.00.27:775][  0]LogDerivedDataCache:Display: Pak cache opened for reading ../../../Engine/DerivedDataCache/DDC.ddp.
[2014.06.16-16.00.27:787][  0]LogDerivedDataCache: Using Local data cache path C:/Users/Shaun/AppData/Local/UnrealEngine/4.2/DerivedDataCache: Writable
[2014.06.16-16.00.27:991][  0]LogMeshUtilities: No automatic mesh reduction module available
[2014.06.16-16.00.27:991][  0]LogMeshUtilities: No automatic mesh merging module available
[2014.06.16-16.00.28:468][  0]LogInit: WinSock: version 1.1 (2.2), MaxSocks=32767, MaxUdp=65467
[2014.06.16-16.00.28:826][  0]LogStreaming:Warning: Failed to read file '../../../Engine/Content/Editor/Slate/Icons/ActorIcons/GroupActor_16x.png' error.
[2014.06.16-16.00.28:826][  0]LogSlate: Could not find file for Slate resource: ../../../Engine/Content/Editor/Slate/Icons/ActorIcons/GroupActor_16x.png
[2014.06.16-16.00.28:831][  0]LogStreaming:Warning: Failed to read file '../../../Engine/Content/Editor/Slate/Icons/ActorIcons/DecalActor_16x.png' error.
[2014.06.16-16.00.28:831][  0]LogSlate: Could not find file for Slate resource: ../../../Engine/Content/Editor/Slate/Icons/ActorIcons/DecalActor_16x.png
[2014.06.16-16.00.29:142][  0]UdpMessaging: Initializing bridge on interface 0.0.0.0:0 to multicast group 230.0.0.1:6666.
[2014.06.16-16.00.29:230][  0]SourceControl: Info Source control is disabled
[2014.06.16-16.00.29:230][  0]SourceControl: Info Source control is disabled
[2014.06.16-16.00.29:234][  0]SourceControl: Info Source control is disabled
[2014.06.16-16.00.29:327][  0]BlueprintLog: New page: Editor Load
[2014.06.16-16.00.29:372][  0]LogObj: 19136 objects as part of root set at end of initial load.
[2014.06.16-16.00.29:372][  0]LogUObjectAllocator: 3804656 out of 0 bytes used by permanent object pool.
[2014.06.16-16.00.29:866][  0]LogEngine: Initializing Engine...
[2014.06.16-16.00.30:012][  0]LogInit: XAudio2 using 'Speakers (2- High Definition Audio Device)' : 2 channels at 44.1 kHz using 16 bits per sample (channel mask 0x3)
[2014.06.16-16.00.30:021][  0]LogInit: FAudioDevice initialized.
[2014.06.16-16.00.30:074][  0]LogDerivedDataCache: Saved boot cache 0.05s 39MB C:/Users/Shaun/AppData/Local/UnrealEngine/4.2/DerivedDataCache/Boot.ddc.
[2014.06.16-16.00.30:095][  0]LogInit: Texture streaming: Enabled
[2014.06.16-16.00.30:120][  0]LogInit: Transaction tracking system initialized
[2014.06.16-16.00.30:216][  0]LogAssetRegistry: FAssetRegistry took 0.0096 seconds to start up
[2014.06.16-16.00.30:357][  0]LogModuleManager:Warning: ModuleManager: Unable to load module '' because the file was not found.
[2014.06.16-16.00.30:364][  0]LogModuleManager:Warning: ModuleManager: Unable to load module '' because the file was not found.
[2014.06.16-16.00.30:406][  0]LogConsoleResponse:Display: 
[2014.06.16-16.00.30:706][  0]SourceControl: Info Source control is disabled
[2014.06.16-16.00.30:707][  0]Cmd: MAP LOAD FILE="../../../Engine/Content/Maps/Templates/Template_Default.umap" TEMPLATE=1 SHOWPROGRESS=1 WORLDCOMPOSITION=0
[2014.06.16-16.00.30:707][  0]LightingResults: New page: Lighting Build
[2014.06.16-16.00.30:714][  0]MapCheck: New page: Map Check
[2014.06.16-16.00.30:714][  0]LightingResults: New page: Lighting Build
[2014.06.16-16.00.30:731][  0]LogParticles: Destroying 0 GPU particle simulations for FXSystem 0x00000000118D00E0
[2014.06.16-16.00.30:916][  0]LogEditorServer: Finished looking for orphan Actors (0.000 secs)
[2014.06.16-16.00.30:917][  0]Cmd: MAP CHECKDEP
[2014.06.16-16.00.30:917][  0]MapCheck: New page: Untitled_1 - 16 Jun 2014 18:00:30
[2014.06.16-16.00.30:951][  0]MapCheck: Info ========== Map Check: 0 Error(s), 0 Warning(s), [34.476ms] ==========
[2014.06.16-16.00.30:951][  0]LogFileHelpers: Loading map 'Template_Default' took 0.245
[2014.06.16-16.00.32:187][  0]LogCollectionManager: Loaded 0 collections in 0.001152 seconds
[2014.06.16-16.00.35:197][  0]LogCrashTracker: Crashtracker disabled due to settings.
[2014.06.16-16.00.35:224][  0]Cmd: MODE PLACEMENT
[2014.06.16-16.00.35:464][  0]LogLoad: Full Startup: 11.44 seconds (BP compile: 0.07 seconds)
[2014.06.16-16.00.35:479][  0]LogContentBrowser:Verbose: The content browser source was changed by the sources view to '/Game/ExampleContent/AnimationDemo/BluePrints'
[2014.06.16-16.00.35:837][  0]LogRenderer:Warning: Reallocating scene render targets to support 840x720.
[2014.06.16-16.00.36:064][  1]LogEpicStorage:Warning: EnumerateFiles request failed. Invalid response. code=403 error=<?xml version="1.0" encoding="UTF-8"?>
<Error><Code>AccessDenied</Code><Message>Access Denied</Message><RequestId>E1C650A2E9C2EF26</RequestId><HostId>sl31cjSf6MNgx/hWjDQMVo+wh/tMiBQzjE1wHn+nclxCWqr7pMEc5ApuNv0eQJPz4CQOh7Svrxg=</HostId></Error>
[2014.06.16-16.00.36:116][  2]LogEpicSurvey:Warning: EnumerateFiles request failed. Invalid response. code=403 error=<?xml version="1.0" encoding="UTF-8"?>
<Error><Code>AccessDenied</Code><Message>Access Denied</Message><RequestId>83C93B1CCE6E3557</RequestId><HostId>lWyZcMjG+ejXy4ZoS9mWRFaWqCGyLaAaBtvl5zlGJMaWCyZAc0B/eAMsCZFylXey</HostId></Error>
[2014.06.16-16.00.36:126][  2]LogAssetRegistry: Asset discovery search completed in 5.9198 seconds
[2014.06.16-16.00.36:161][  3]LogEpicStorage:Warning: EnumerateFiles request failed. Invalid response. code=403 error=<?xml version="1.0" encoding="UTF-8"?>
<Error><Code>AccessDenied</Code><Message>Access Denied</Message><RequestId>FA4520E7083CDAB5</RequestId><HostId>K4bJfE5Wdefo6I+5QN4gWg5gkncm/4j5TZThlImxe6GBsXMJVN0kfw4oRchmHryXAh29k4On90w=</HostId></Error>
[2014.06.16-16.00.36:169][  4]LogEpicSurvey:Warning: EnumerateFiles request failed. Invalid response. code=403 error=<?xml version="1.0" encoding="UTF-8"?>
<Error><Code>AccessDenied</Code><Message>Access Denied</Message><RequestId>AD34A840F24012CB</RequestId><HostId>hoSUJjA7Ts79wpTKbLNSjYDkwHLNNZLCG6AsnAWxXbEL7mxco345ow+3K4DYGBGR</HostId></Error>
[2014.06.16-16.00.36:287][  7]LogEpicSurvey:Warning: EnumerateFiles request failed. Invalid response. code=403 error=<?xml version="1.0" encoding="UTF-8"?>
<Error><Code>AccessDenied</Code><Message>Access Denied</Message><RequestId>82F4B4E4DA06E235</RequestId><HostId>WE00Y7Ik6o5N6C6bg3+bHTBxNpyo1+Re9VkIrpdFLIfI0JVRuj7g1U9pSXjKWbWF</HostId></Error>
[2014.06.16-16.00.36:591][  8]LogEpicStorage:Warning: ReadFile request failed. File request already pending for filename=http://cdn.unrealengine.com/newsfeed/blueprint_icon_b.png
[2014.06.16-16.01.12:404][916]ImportText (LocalizedDisplayNames): Missing closing parenthesis: (Language="en",Text="Blueprint Side Scroller"
[2014.06.16-16.01.12:404][916]ImportText (LocalizedDisplayNames): Missing closing parenthesis: (Language="ko",Text="è°¸ ¡¤ld"
[2014.06.16-16.01.12:419][916]LogUProjectInfo: Found 0 directories to search
[2014.06.16-16.01.12:419][916]LogUProjectInfo: FillProjectInfo took 0.0001 seconds
[2014.06.16-16.01.12:422][916]LogJson:Warning: Field EngineAssociation was not found.
[2014.06.16-16.01.12:422][916]LogJson:Error: Json Value of type 'Null' used as a 'String'.
[2014.06.16-16.13.16:845][131]Cmd: CLOSE_SLATE_MAINFRAME
[2014.06.16-16.13.17:509][132]LogHttp:Warning: Timeout processing Http request. 0000000011811B40 url=http://et2.epicgames.com/ET2/CollectData.1?SessionID=%7BC217E0AF-4407-C9D0-8071-3E82990BAF81%7D&AppID=Rocket.Release&AppVersion=4.2.0-2092659%2B%2B%2Bdepot%2BUE4-Releases%2B4.2&UserID=56414c61145065a529c860d684039699&IsEditor=1
[2014.06.16-16.13.17:509][132]Cmd: QUIT_EDITOR
[2014.06.16-16.13.17:560][132]LogHttp:Warning: InternetStatusCallbackWinInet: on invalid request 0000000011811B40. 
[2014.06.16-16.13.17:560][132]LogHttp:Warning: InternetStatusCallbackWinInet: on invalid request 0000000011811B40. 
[2014.06.16-16.13.17:560][132]LogHttp:Warning: InternetStatusCallbackWinInet: on invalid request 0000000011811B40. 
[2014.06.16-16.13.17:583][132]LogWindowsTextInputMethodSystem:Error: Terminating failed while unadvising the language notification sink from the TSF source.
[2014.06.16-16.13.17:627][132]LogExit: Preparing to exit.
[2014.06.16-16.13.18:215][132]LogExit: Editor shut down
[2014.06.16-16.13.18:215][132]LogExit: Transaction tracking system shut down
[2014.06.16-16.13.18:218][132]LogParticles: Destroying 0 GPU particle simulations for FXSystem 0x0000000009E74400
[2014.06.16-16.13.18:248][132]LogExit: Object subsystem successfully closed.
[2014.06.16-16.13.18:281][132]LogModuleManager: Shutting down and abandoning module DesktopPlatform (164)
[2014.06.16-16.13.18:281][132]LogModuleManager: Shutting down and abandoning module AndroidDeviceDetection (163)
[2014.06.16-16.13.18:281][132]LogModuleManager: Shutting down and abandoning module CrashTracker (162)
[2014.06.16-16.13.18:281][132]LogModuleManager: Shutting down and abandoning module HTTP (161)
[2014.06.16-16.13.18:281][132]LogModuleManager: Shutting down and abandoning module NewsFeed (160)
[2014.06.16-16.13.18:281][132]LogModuleManager: Shutting down and abandoning module SceneOutliner (159)
[2014.06.16-16.13.18:281][132]LogModuleManager: Shutting down and abandoning module EditorWidgets (158)
[2014.06.16-16.13.18:281][132]LogModuleManager: Shutting down and abandoning module CollectionManager (157)
[2014.06.16-16.13.18:294][132]LogModuleManager: Shutting down and abandoning module StatsViewer (156)
[2014.06.16-16.13.18:294][132]LogModuleManager: Shutting down and abandoning module FoliageEdit (155)
[2014.06.16-16.13.18:294][132]LogModuleManager: Shutting down and abandoning module LandscapeEditor (154)
[2014.06.16-16.13.18:300][132]LogModuleManager: Shutting down and abandoning module MeshPaint (153)
[2014.06.16-16.13.18:300][132]LogModuleManager: Shutting down and abandoning module ActorPickerMode (152)
[2014.06.16-16.13.18:300][132]LogModuleManager: Shutting down and abandoning module GeometryMode (151)
[2014.06.16-16.13.18:300][132]LogModuleManager: Shutting down and abandoning module TextureAlignMode (150)
[2014.06.16-16.13.18:300][132]LogModuleManager: Shutting down and abandoning module BspMode (149)
[2014.06.16-16.13.18:300][132]LogModuleManager: Shutting down and abandoning module PlacementMode (148)
[2014.06.16-16.13.18:300][132]LogModuleManager: Shutting down and abandoning module AutomationWorker (147)
[2014.06.16-16.13.18:300][132]LogModuleManager: Shutting down and abandoning module ViewportSnapping (146)
[2014.06.16-16.13.18:300][132]LogModuleManager: Shutting down and abandoning module DeviceProfileEditor (145)
[2014.06.16-16.13.18:301][132]LogModuleManager: Shutting down and abandoning module UndoHistory (144)
[2014.06.16-16.13.18:301][132]LogModuleManager: Shutting down and abandoning module GameplayTagsEditor (143)
[2014.06.16-16.13.18:301][132]LogModuleManager: Shutting down and abandoning module UserFeedback (142)
[2014.06.16-16.13.18:301][132]LogModuleManager: Shutting down and abandoning module XmlParser (141)
[2014.06.16-16.13.18:301][132]LogModuleManager: Shutting down and abandoning module Blutility (140)
[2014.06.16-16.13.18:301][132]LogModuleManager: Shutting down and abandoning module AndroidPlatformEditor (137)
[2014.06.16-16.13.18:301][132]LogModuleManager: Shutting down and abandoning module AndroidRuntimeSettings (136)
[2014.06.16-16.13.18:301][132]LogModuleManager: Shutting down and abandoning module ProjectSettingsViewer (135)
[2014.06.16-16.13.18:301][132]LogModuleManager: Shutting down and abandoning module InputBindingEditor (134)
[2014.06.16-16.13.18:301][132]LogModuleManager: Shutting down and abandoning module EditorSettingsViewer (133)
[2014.06.16-16.13.18:301][132]LogModuleManager: Shutting down and abandoning module SettingsEditor (132)
[2014.06.16-16.13.18:301][132]LogModuleManager: Shutting down and abandoning module SessionLauncher (131)
[2014.06.16-16.13.18:301][132]LogModuleManager: Shutting down and abandoning module SessionFrontend (130)
[2014.06.16-16.13.18:301][132]LogModuleManager: Shutting down and abandoning module ProfilerClient (129)
[2014.06.16-16.13.18:301][132]LogModuleManager: Shutting down and abandoning module TargetDeviceServices (128)
[2014.06.16-16.13.18:301][132]LogModuleManager: Shutting down and abandoning module DeviceManager (127)
[2014.06.16-16.13.18:301][132]LogModuleManager: Shutting down and abandoning module AutomationController (126)
[2014.06.16-16.13.18:301][132]LogModuleManager: Shutting down and abandoning module AutomationWindow (125)
[2014.06.16-16.13.18:301][132]LogModuleManager: Shutting down and abandoning module Layers (124)
[2014.06.16-16.13.18:301][132]LogModuleManager: Shutting down and abandoning module ComponentVisualizers (123)
[2014.06.16-16.13.18:301][132]LogModuleManager: Shutting down and abandoning module DetailCustomizations (122)
[2014.06.16-16.13.18:301][132]LogModuleManager: Shutting down and abandoning module PackagesDialog (121)
[2014.06.16-16.13.18:301][132]LogModuleManager: Shutting down and abandoning module PropertyEditor (120)
[2014.06.16-16.13.18:301][132]LogModuleManager: Shutting down and abandoning module DirectoryWatcher (119)
[2014.06.16-16.13.18:302][132]LogModuleManager: Shutting down and abandoning module AssetRegistry (118)
[2014.06.16-16.13.18:359][132]LogModuleManager: Shutting down and abandoning module Persona (117)
[2014.06.16-16.13.18:359][132]LogModuleManager: Shutting down and abandoning module GraphEditor (116)
[2014.06.16-16.13.18:360][132]LogModuleManager: Shutting down and abandoning module ContentBrowser (115)
[2014.06.16-16.13.18:360][132]LogModuleManager: Shutting down and abandoning module ClassViewer (114)
[2014.06.16-16.13.18:360][132]LogModuleManager: Shutting down and abandoning module Toolbox (113)
[2014.06.16-16.13.18:360][132]LogModuleManager: Shutting down and abandoning module ModuleUI (112)
[2014.06.16-16.13.18:360][132]LogModuleManager: Shutting down and abandoning module Sequencer (111)
[2014.06.16-16.13.18:360][132]LogModuleManager: Shutting down and abandoning module AssetTools (110)
[2014.06.16-16.13.18:360][132]LogModuleManager: Shutting down and abandoning module MovieSceneTools (109)
[2014.06.16-16.13.18:360][132]LogModuleManager: Shutting down and abandoning module OutputLog (108)
[2014.06.16-16.13.18:360][132]LogModuleManager: Shutting down and abandoning module GammaUI (107)
[2014.06.16-16.13.18:360][132]LogModuleManager: Shutting down and abandoning module Documentation (106)
[2014.06.16-16.13.18:360][132]LogModuleManager: Shutting down and abandoning module StreamingPauseRendering (105)
[2014.06.16-16.13.18:360][132]LogModuleManager: Shutting down and abandoning module AnalyticsET (104)
[2014.06.16-16.13.18:360][132]LogModuleManager: Shutting down and abandoning module Analytics (103)
[2014.06.16-16.13.18:360][132]LogModuleManager: Shutting down and abandoning module ProfilerService (102)
[2014.06.16-16.13.18:566][132]LogModuleManager: Shutting down and abandoning module TaskGraph (101)
[2014.06.16-16.13.18:566][132]LogModuleManager: Shutting down and abandoning module GameProjectGeneration (100)
[2014.06.16-16.13.18:566][132]LogModuleManager: Shutting down and abandoning module Matinee (99)
[2014.06.16-16.13.18:566][132]LogModuleManager: Shutting down and abandoning module Kismet (98)
[2014.06.16-16.13.18:566][132]LogModuleManager: Shutting down and abandoning module SlateReflector (97)
[2014.06.16-16.13.18:566][132]LogModuleManager: Shutting down and abandoning module LevelEditor (96)
[2014.06.16-16.13.18:567][132]LogModuleManager: Shutting down and abandoning module MainFrame (95)
[2014.06.16-16.13.18:567][132]LogModuleManager: Shutting down and abandoning module SourceControl (94)
[2014.06.16-16.13.18:567][132]LogModuleManager: Shutting down and abandoning module ImageWrapper (93)
[2014.06.16-16.13.18:567][132]LogModuleManager: Shutting down and abandoning module OnlineBlueprintSupport (92)
[2014.06.16-16.13.18:567][132]LogModuleManager: Shutting down and abandoning module FunctionalTesting (91)
[2014.06.16-16.13.18:567][132]LogModuleManager: Shutting down and abandoning module CollisionAnalyzer (90)
[2014.06.16-16.13.18:567][132]LogModuleManager: Shutting down and abandoning module WorkspaceMenuStructure (89)
[2014.06.16-16.13.18:567][132]LogModuleManager: Shutting down and abandoning module MessageLog (88)
[2014.06.16-16.13.18:567][132]LogModuleManager: Shutting down and abandoning module Slate (87)
[2014.06.16-16.13.18:567][132]LogModuleManager: Shutting down and abandoning module EditorStyle (86)
[2014.06.16-16.13.18:569][132]LogModuleManager: Shutting down and abandoning module SessionServices (85)
[2014.06.16-16.13.18:569][132]LogModuleManager: Shutting down and abandoning module Messaging (84)
[2014.06.16-16.13.18:569][132]LogModuleManager: Shutting down and abandoning module SourceCodeAccess (83)
[2014.06.16-16.13.18:569][132]LogModuleManager: Shutting down and abandoning module HeadMountedDisplay (82)
[2014.06.16-16.13.18:569][132]LogModuleManager: Shutting down and abandoning module XAudio2 (81)
[2014.06.16-16.13.18:569][132]LogModuleManager: Shutting down and abandoning module Networking (79)
[2014.06.16-16.13.18:569][132]LogModuleManager: Shutting down and abandoning module Core (78)
[2014.06.16-16.13.18:569][132]LogModuleManager: Shutting down and abandoning module KismetCompiler (77)
[2014.06.16-16.13.18:569][132]LogModuleManager: Shutting down and abandoning module PhysXFormats (76)
[2014.06.16-16.13.18:569][132]LogModuleManager: Shutting down and abandoning module SimplygonMeshReduction (75)
[2014.06.16-16.13.18:569][132]LogModuleManager: Shutting down and abandoning module MeshUtilities (74)
[2014.06.16-16.13.18:570][132]LogModuleManager: Shutting down and abandoning module DerivedDataCache (73)
[2014.06.16-16.13.18:661][132]LogDerivedDataCache: Shutdown
[2014.06.16-16.13.18:661][132]LogModuleManager: Shutting down and abandoning module ShaderFormatOpenGL (72)
[2014.06.16-16.13.18:661][132]LogModuleManager: Shutting down and abandoning module ShaderFormatD3D (71)
[2014.06.16-16.13.18:661][132]LogModuleManager: Shutting down and abandoning module TextureFormatUncompressed (70)
[2014.06.16-16.13.18:661][132]LogModuleManager: Shutting down and abandoning module TextureFormatPVR (69)
[2014.06.16-16.13.18:661][132]LogModuleManager: Shutting down and abandoning module TextureFormatDXT (68)
[2014.06.16-16.13.18:661][132]LogModuleManager: Shutting down and abandoning module TextureFormatAndroid (67)
[2014.06.16-16.13.18:661][132]LogModuleManager: Shutting down and abandoning module AudioFormatOpus (66)
[2014.06.16-16.13.18:661][132]LogModuleManager: Shutting down and abandoning module AudioFormatOgg (65)
[2014.06.16-16.13.18:661][132]LogModuleManager: Shutting down and abandoning module AudioFormatADPCM (64)
[2014.06.16-16.13.18:661][132]LogModuleManager: Shutting down and abandoning module Android_PVRTCTargetPlatform (63)
[2014.06.16-16.13.18:661][132]LogModuleManager: Shutting down and abandoning module Android_ETC2TargetPlatform (62)
[2014.06.16-16.13.18:661][132]LogModuleManager: Shutting down and abandoning module Android_ETC1TargetPlatform (61)
[2014.06.16-16.13.18:661][132]LogModuleManager: Shutting down and abandoning module Android_DXTTargetPlatform (60)
[2014.06.16-16.13.18:661][132]LogModuleManager: Shutting down and abandoning module Android_ATCTargetPlatform (59)
[2014.06.16-16.13.18:661][132]LogModuleManager: Shutting down and abandoning module AndroidTargetPlatform (58)
[2014.06.16-16.13.18:661][132]LogModuleManager: Shutting down and abandoning module WindowsTargetPlatform (57)
[2014.06.16-16.13.18:661][132]LogModuleManager: Shutting down and abandoning module WindowsServerTargetPlatform (56)
[2014.06.16-16.13.18:661][132]LogModuleManager: Shutting down and abandoning module WindowsNoEditorTargetPlatform (55)
[2014.06.16-16.13.18:661][132]LogModuleManager: Shutting down and abandoning module WindowsClientTargetPlatform (54)
[2014.06.16-16.13.18:661][132]LogModuleManager: Shutting down and abandoning module TargetPlatform (53)
[2014.06.16-16.13.18:661][132]LogModuleManager: Shutting down and abandoning module InputCore (52)
[2014.06.16-16.13.18:661][132]LogModuleManager: Shutting down and abandoning module Settings (51)
[2014.06.16-16.13.18:661][132]LogModuleManager: Shutting down and abandoning module TextureCompressor (48)
[2014.06.16-16.13.18:661][132]LogModuleManager: Shutting down and abandoning module ShaderCore (47)
[2014.06.16-16.13.18:661][132]LogModuleManager: Shutting down and abandoning module OpenGLDrv (46)
[2014.06.16-16.13.18:661][132]LogModuleManager: Shutting down and abandoning module D3D11RHI (45)
[2014.06.16-16.13.18:661][132]LogModuleManager: Shutting down and abandoning module SlateRHIRenderer (44)
[2014.06.16-16.13.18:661][132]LogModuleManager: Shutting down and abandoning module Renderer (43)
[2014.06.16-16.13.18:661][132]LogModuleManager: Shutting down and abandoning module Engine (42)
[2014.06.16-16.13.18:661][132]LogModuleManager: Shutting down and abandoning module SlateRemote (41)
[2014.06.16-16.13.18:661][132]LogModuleManager: Shutting down and abandoning module ScriptPlugin (40)
[2014.06.16-16.13.18:661][132]LogModuleManager: Shutting down and abandoning module ScriptEditorPlugin (38)
[2014.06.16-16.13.18:661][132]LogModuleManager: Shutting down and abandoning module WindowsMoviePlayer (37)
[2014.06.16-16.13.18:666][132]LogModuleManager: Shutting down and abandoning module ExampleDeviceProfileSelector (32)
[2014.06.16-16.13.18:667][132]LogModuleManager: Shutting down and abandoning module CustomMeshComponent (31)
[2014.06.16-16.13.18:667][132]LogModuleManager: Shutting down and abandoning module CableComponent (30)
[2014.06.16-16.13.18:667][132]LogModuleManager: Shutting down and abandoning module OculusRift (26)
[2014.06.16-16.13.18:667][132]LogModuleManager: Shutting down and abandoning module UdpMessaging (25)
[2014.06.16-16.13.18:789][132]LogModuleManager: Shutting down and abandoning module MessagingDebugger (24)
[2014.06.16-16.13.18:789][132]LogModuleManager: Shutting down and abandoning module PluginsEditor (14)
[2014.06.16-16.13.18:789][132]LogModuleManager: Shutting down and abandoning module IntroTutorials (13)
[2014.06.16-16.13.18:789][132]LogModuleManager: Shutting down and abandoning module EpicSurvey (12)
[2014.06.16-16.13.18:789][132]LogModuleManager: Shutting down and abandoning module VisualStudioSourceCodeAccess (10)
[2014.06.16-16.13.18:789][132]LogModuleManager: Shutting down and abandoning module UObjectPlugin (9)
[2014.06.16-16.13.18:789][132]LogModuleManager: Shutting down and abandoning module SubversionSourceControl (8)
[2014.06.16-16.13.18:790][132]LogModuleManager: Shutting down and abandoning module PerforceSourceControl (7)
[2014.06.16-16.13.18:790][132]LogModuleManager: Shutting down and abandoning module BlankPlugin (6)
[2014.06.16-16.13.18:790][132]LogModuleManager: Shutting down and abandoning module CoreUObject (5)
[2014.06.16-16.13.18:790][132]LogModuleManager: Shutting down and abandoning module NetworkFile (4)
[2014.06.16-16.13.18:790][132]LogModuleManager: Shutting down and abandoning module StreamingFile (3)
[2014.06.16-16.13.18:790][132]LogModuleManager: Shutting down and abandoning module SandboxFile (2)
[2014.06.16-16.13.18:790][132]LogModuleManager: Shutting down and abandoning module PakFile (1)
[2014.06.16-16.13.18:790][132]LogExit: Exiting.
[2014.06.16-16.13.18:793][132]Log file closed, 06/16/14 17:13:18
