Log file open, 05/21/14 18:56:21
LogInit:Display: Running engine for game: Base_Project
LogInit: Version: 4.1.1-2066463+++depot+UE4-Releases+4.1
LogInit: Compiled (64-bit): May  7 2014 23:00:14
LogInit: Build Configuration: Development
LogInit: Branch Name: ++depot+UE4-Releases+4.1
LogInit: Command line: 
LogInit: Base directory: C:/Unreal Engine 4/4.1/Engine/Binaries/Win64/
LogInit: Rocket: 1
[2014.05.21-17.56.21:375][  0]LogTaskGraph: Started task graph with 3 named threads and 4 total threads.
[2014.05.21-17.56.21:401][  0]LogOnline:Warning: No default platform service specified for OnlineSubsystem
[2014.05.21-17.56.21:408][  0]LogInit: Presizing for 0 objects not considered by GC, pre-allocating 0 bytes.
[2014.05.21-17.56.21:417][  0]LogInit: Object subsystem initialized
[2014.05.21-17.56.21:419][  0]LogInit: Selected Device Profile: [Windows]
[2014.05.21-17.56.21:419][  0]LogInit: Applying CVar settings loaded from the selected device profile: [Windows]
[2014.05.21-17.56.21:426][  0]LogInit: Computer: SHAUN-PC
[2014.05.21-17.56.21:426][  0]LogInit: User: Shaun
[2014.05.21-17.56.21:427][  0]LogInit: CPU Page size=4096, Cores=2
[2014.05.21-17.56.21:427][  0]LogInit: High frequency timer resolution =3.027421 MHz
[2014.05.21-17.56.21:427][  0]LogMemory: Memory total: Physical=3.7GB (4GB approx) Virtual=8192.0GB
[2014.05.21-17.56.21:427][  0]LogMemory: Platform Memory Stats for Windows
[2014.05.21-17.56.21:427][  0]LogMemory: Process Physical Memory: 67.53 MB used, 67.53 MB peak
[2014.05.21-17.56.21:427][  0]LogMemory: Process Virtual Memory: 47.72 MB used, 47.72 MB peak
[2014.05.21-17.56.21:428][  0]LogMemory: Physical Memory: 2430.53 MB used, 3839.18 MB total
[2014.05.21-17.56.21:428][  0]LogMemory: Virtual Memory: 255.05 MB used, 8388608.00 MB total
[2014.05.21-17.56.21:461][  0]LogD3D11RHI: Found D3D11 adapter 0: NVIDIA GeForce GTX 750 Ti (Feature Level 11_0)
[2014.05.21-17.56.21:461][  0]LogD3D11RHI: Adapter has 1974MB of dedicated video memory, 0MB of dedicated system memory, and 1663MB of shared system memory, 1 output[s]
[2014.05.21-17.56.21:461][  0]LogD3D11RHI: Chosen D3D11 Adapter Id = 0
[2014.05.21-17.56.21:468][  0]LogRHI: Texture pool is 1361 MB (70% of 1945 MB)
[2014.05.21-17.56.21:479][  0]LogD3D11RHI: Async texture creation enabled
[2014.05.21-17.56.21:520][  0]LogInit:Warning: We appear to have no tool tip localization data? Editor can't run.
[2014.05.21-17.56.21:520][  0]LogInit:Warning: We appear to have no property name localization data? Editor can't run.
[2014.05.21-17.56.21:549][  0]LogTextLocalizationManager:Warning: Loading localization resources contain conflicting entries for (Namespace:UICommands, Key:ToggleRealtime_ToolTip):
Resource: (C:/Unreal Engine 4/4.1/Engine/Content/Localization/Editor/en/Editor.locres) Hash: (-291638278) String: (Toggle Realtime)
Resource: (C:/Unreal Engine 4/4.1/Engine/Content/Localization/Editor/en/Editor.locres) Hash: (-1913389001) String: (Toggles real time rendering in this viewport)
[2014.05.21-17.56.21:585][  0]LogContentStreaming: Texture pool size is 0.000000MB
[2014.05.21-17.56.21:611][  0]LogInit: WinSock: version 1.1 (2.2), MaxSocks=32767, MaxUdp=65467
[2014.05.21-17.56.22:678][  0]LogTargetPlatformManager:Display: Building Assets For Windows
[2014.05.21-17.56.22:754][  0]LogTargetPlatformManager:Display: Building Assets For Windows
[2014.05.21-17.56.22:788][  0]LogDerivedDataCache:Display: Max Cache Size: 512 MB
[2014.05.21-17.56.22:897][  0]LogDerivedDataCache: Loaded boot cache 0.11s 38MB C:/Users/Shaun/AppData/Local/UnrealEngine/4.1/DerivedDataCache/Boot.ddc.
[2014.05.21-17.56.22:897][  0]LogDerivedDataCache:Display: Loaded Boot cache: C:/Users/Shaun/AppData/Local/UnrealEngine/4.1/DerivedDataCache/Boot.ddc
[2014.05.21-17.56.22:897][  0]LogDerivedDataCache: FDerivedDataBackendGraph:  Pak pak cache file ../../../../../Users/Shaun/Documents/Unreal Projects/Base_Project/DerivedDataCache/DDC.ddp not found, will not use a pak cache.
[2014.05.21-17.56.22:897][  0]LogDerivedDataCache: Unable to find inner node Pak for hierarchical cache Hierarchy.
[2014.05.21-17.56.22:910][  0]LogDerivedDataCache:Display: Pak cache opened for reading ../../../Engine/DerivedDataCache/DDC.ddp.
[2014.05.21-17.56.22:921][  0]LogDerivedDataCache: Using Local data cache path C:/Users/Shaun/AppData/Local/UnrealEngine/4.1/DerivedDataCache: Writable
[2014.05.21-17.56.23:125][  0]LogMeshUtilities: No automatic mesh reduction module available
[2014.05.21-17.56.23:125][  0]LogMeshUtilities: No automatic mesh merging module available
[2014.05.21-17.56.23:456][  0]LogEnum:Warning: Enum Text 1 for Enum ECustomDepth failed to resolve to any value
[2014.05.21-17.56.23:456][  0]LogEnum:Warning: Enum Text 3 for Enum EEarlyZPass failed to resolve to any value
[2014.05.21-17.56.23:456][  0]LogEnum:Warning: Enum Text 1 for Enum EClearSceneOptions failed to resolve to any value
[2014.05.21-17.56.23:456][  0]LogEnum:Warning: Enum Text 4 for Enum ECompositingSampleCount failed to resolve to any value
[2014.05.21-17.56.24:159][  0]UdpMessaging: Initializing bridge on interface 0.0.0.0:0 to multicast group 230.0.0.1:6666.
[2014.05.21-17.56.24:231][  0]SourceControl: Info Source control is disabled
[2014.05.21-17.56.24:231][  0]SourceControl: Info Source control is disabled
[2014.05.21-17.56.24:235][  0]SourceControl: Info Source control is disabled
[2014.05.21-17.56.24:314][  0]BlueprintLog: New page: Editor Load
[2014.05.21-17.56.24:345][  0]LogObj: 18584 objects as part of root set at end of initial load.
[2014.05.21-17.56.24:345][  0]LogUObjectAllocator: 3701752 out of 0 bytes used by permanent object pool.
[2014.05.21-17.56.24:785][  0]LogAutomationTest:Warning: Loading localization resources contain conflicting entries for (Namespace:UICommands, Key:ToggleRealtime_ToolTip):
Resource: (C:/Unreal Engine 4/4.1/Engine/Content/Localization/Editor/en/Editor.locres) Hash: (-291638278) String: (Toggle Realtime)
Resource: (C:/Unreal Engine 4/4.1/Engine/Content/Localization/Editor/en/Editor.locres) Hash: (-1913389001) String: (Toggles real time rendering in this viewport)
[2014.05.21-17.56.24:785][  0]LogAutomationTest:Warning: Loading localization resources contain conflicting entries for (Namespace:UICommands, Key:ToggleRealtime_ToolTip):
Resource: (C:/Unreal Engine 4/4.1/Engine/Content/Localization/Editor/en/Editor.locres) Hash: (-291638278) String: (Toggle Realtime)
Resource: (C:/Unreal Engine 4/4.1/Engine/Content/Localization/Editor/en/Editor.locres) Hash: (-1913389001) String: (Toggles real time rendering in this viewport)
[2014.05.21-17.56.24:785][  0]LogAutomationTest:Warning: Loading localization resources contain conflicting entries for (Namespace:UICommands, Key:ToggleRealtime_ToolTip):
Resource: (C:/Unreal Engine 4/4.1/Engine/Content/Localization/Editor/en/Editor.locres) Hash: (-291638278) String: (Toggle Realtime)
Resource: (C:/Unreal Engine 4/4.1/Engine/Content/Localization/Editor/en/Editor.locres) Hash: (-1913389001) String: (Toggles real time rendering in this viewport)
[2014.05.21-17.56.24:785][  0]LogAutomationTest:Warning: Loading localization resources contain conflicting entries for (Namespace:UICommands, Key:ToggleRealtime_ToolTip):
Resource: (C:/Unreal Engine 4/4.1/Engine/Content/Localization/Editor/en/Editor.locres) Hash: (-291638278) String: (Toggle Realtime)
Resource: (C:/Unreal Engine 4/4.1/Engine/Content/Localization/Editor/en/Editor.locres) Hash: (-1913389001) String: (Toggles real time rendering in this viewport)
[2014.05.21-17.56.24:785][  0]LogAutomationTest:Warning: Loading localization resources contain conflicting entries for (Namespace:UICommands, Key:ToggleRealtime_ToolTip):
Resource: (C:/Unreal Engine 4/4.1/Engine/Content/Localization/Editor/en/Editor.locres) Hash: (-291638278) String: (Toggle Realtime)
Resource: (C:/Unreal Engine 4/4.1/Engine/Content/Localization/Editor/en/Editor.locres) Hash: (-1913389001) String: (Toggles real time rendering in this viewport)
[2014.05.21-17.56.24:785][  0]LogAutomationTest:Warning: Loading localization resources contain conflicting entries for (Namespace:UICommands, Key:ToggleRealtime_ToolTip):
Resource: (C:/Unreal Engine 4/4.1/Engine/Content/Localization/Editor/en/Editor.locres) Hash: (-291638278) String: (Toggle Realtime)
Resource: (C:/Unreal Engine 4/4.1/Engine/Content/Localization/Editor/en/Editor.locres) Hash: (-1913389001) String: (Toggles real time rendering in this viewport)
[2014.05.21-17.56.24:785][  0]LogEngine: Initializing Engine...
[2014.05.21-17.56.24:928][  0]LogInit: XAudio2 using 'Speakers (2- High Definition Audio Device)' : 2 channels at 44.1 kHz using 16 bits per sample (channel mask 0x3)
[2014.05.21-17.56.24:936][  0]LogInit: FAudioDevice initialized.
[2014.05.21-17.56.24:991][  0]LogDerivedDataCache: Saved boot cache 0.05s 38MB C:/Users/Shaun/AppData/Local/UnrealEngine/4.1/DerivedDataCache/Boot.ddc.
[2014.05.21-17.56.25:012][  0]LogInit: Texture streaming: Enabled
[2014.05.21-17.56.25:042][  0]LogInit: Transaction tracking system initialized
[2014.05.21-17.56.25:136][  0]LogAssetRegistry: FAssetRegistry took 0.0096 seconds to start up
[2014.05.21-17.56.25:291][  0]LogModuleManager:Warning: ModuleManager: Unable to load module '' because the file was not found.
[2014.05.21-17.56.25:296][  0]LogModuleManager:Warning: ModuleManager: Unable to load module '' because the file was not found.
[2014.05.21-17.56.25:371][  0]LogConsoleResponse:Display: 
[2014.05.21-17.56.25:581][  0]SourceControl: Info Source control is disabled
[2014.05.21-17.56.25:581][  0]Cmd: MAP LOAD FILE="../../../Engine/Content/Maps/Templates/Template_Default.umap" TEMPLATE=1 SHOWPROGRESS=1 WORLDCOMPOSITION=0
[2014.05.21-17.56.25:581][  0]LightingResults: New page: Lighting Build
[2014.05.21-17.56.25:587][  0]MapCheck: New page: Map Check
[2014.05.21-17.56.25:587][  0]LightingResults: New page: Lighting Build
[2014.05.21-17.56.25:604][  0]LogParticles: Destroying 0 GPU particle simulations for FXSystem 0x0000000010B32520
[2014.05.21-17.56.25:850][  0]LogEditorServer: Finished looking for orphan Actors (0.000 secs)
[2014.05.21-17.56.25:851][  0]Cmd: MAP CHECKDEP
[2014.05.21-17.56.25:851][  0]MapCheck: New page: Untitled_1 - 21 May 2014 19:56:25
[2014.05.21-17.56.25:894][  0]MapCheck: Info ========== Map Check: 0 Error(s), 0 Warning(s), [42.488ms] ==========
[2014.05.21-17.56.25:894][  0]LogFileHelpers: Loading map 'Template_Default' took 0.313
[2014.05.21-17.56.26:570][  0]LogCollectionManager: Loaded 0 collections in 0.000893 seconds
[2014.05.21-17.56.26:646][  0]LogCrashTracker: Crashtracker disabled due to settings.
[2014.05.21-17.56.26:647][  0]Cmd: MODE PLACEMENT
[2014.05.21-17.56.28:588][  0]LogRenderer:Warning: Reallocating scene render targets to support 944x720.
[2014.05.21-17.56.29:279][  0]LogActorComponent: RegisterComponentWithWorld: (/Engine/Transient.DebugSkelMeshComponent_0) Already registered. Aborting.
[2014.05.21-17.56.29:860][  0]LogLoad: Full Startup: 9.37 seconds (BP compile: 0.10 seconds)
[2014.05.21-17.56.29:878][  0]LogContentBrowser:Verbose: The content browser source was changed by the sources view to '/Game/Blueprints'
[2014.05.21-17.56.29:987][  1]LogEpicStorage:Warning: EnumerateFiles request failed. Invalid response. code=403 error=<?xml version="1.0" encoding="UTF-8"?>
<Error><Code>AccessDenied</Code><Message>Access Denied</Message><RequestId>130023CA0A0E07D3</RequestId><HostId>NoxLyUEPFri1tFx0E97cUUA2HQebEZxN98XEfXT5zM37UU2D/kxvK73449GCvXEg</HostId></Error>
[2014.05.21-17.56.30:124][  1]LogAssetRegistry: Asset discovery search completed in 4.9982 seconds
[2014.05.21-17.56.30:156][  2]LogEpicSurvey:Warning: EnumerateFiles request failed. Invalid response. code=403 error=<?xml version="1.0" encoding="UTF-8"?>
<Error><Code>AccessDenied</Code><Message>Access Denied</Message><RequestId>176B0129769F17A1</RequestId><HostId>lTiQe8lyiqrldiNazx7oJ2kiVcdyWUtsYIgS5+QPiWKEplE2BldCIGFbD01PwFZI</HostId></Error>
[2014.05.21-17.56.30:196][  3]LogEpicStorage:Warning: EnumerateFiles request failed. Invalid response. code=403 error=<?xml version="1.0" encoding="UTF-8"?>
<Error><Code>AccessDenied</Code><Message>Access Denied</Message><RequestId>CB2425DBF0771E5E</RequestId><HostId>900QUE1USpm0PKQx6cKX11vmgwl4fbGyqwCqEd0evf1BnzXXhLuYyRjCD+e5O3DF</HostId></Error>
[2014.05.21-17.56.30:220][  4]LogEpicSurvey:Warning: EnumerateFiles request failed. Invalid response. code=403 error=<?xml version="1.0" encoding="UTF-8"?>
<Error><Code>AccessDenied</Code><Message>Access Denied</Message><RequestId>6F220AB3B16C9B62</RequestId><HostId>ayEuBVhKSGJsiR+tzuTuWEmQslRFvjMbh+cXqe+hU8Sqot2ndj6Kkv/Kc48Hmsai</HostId></Error>
[2014.05.21-17.56.30:329][  6]LogEpicSurvey:Warning: EnumerateFiles request failed. Invalid response. code=403 error=<?xml version="1.0" encoding="UTF-8"?>
<Error><Code>AccessDenied</Code><Message>Access Denied</Message><RequestId>057D20A62B200D57</RequestId><HostId>hmha9Sk0rxAnYnaL1jmPFDXgPRUTE0KbmeS+zGlSD7AbQZzga0JXMR4YbOjveYvc</HostId></Error>
[2014.05.21-17.56.30:383][  7]LogEpicStorage:Warning: ReadFile request failed. File request already pending for filename=http://cdn.unrealengine.com/newsfeed/blueprint_icon_b.png
[2014.05.21-17.56.34:319][177]LogContentBrowser:Verbose: The majority of assets in the view are of type: AnimSequence
[2014.05.21-17.57.47:724][101]LogContentBrowser:Verbose: The majority of assets in the view are of type: AnimSequence
[2014.05.21-18.01.11:696][759]LogContentBrowser:Verbose: The majority of assets in the view are of type: AnimSequence
[2014.05.21-18.01.22:074][286]LogSavePackage: Save=16.606874ms
[2014.05.21-18.01.22:075][286]LogSavePackage: Moving '../../../../../Users/Shaun/Documents/Unreal Projects/Base_Project/Saved//Base_TP_Character_Skeleton8F5C48064B45FDB889B5B89A15D59BAF.tmp' to '../../../../../Users/Shaun/Documents/Unreal Projects/Base_Project/Content/Characters/Base_Character/Base_TP_Character_Skeleton.uasset'
[2014.05.21-18.01.25:278][409]LogSavePackage: Save=342.347504ms
[2014.05.21-18.01.25:278][409]LogSavePackage: Moving '../../../../../Users/Shaun/Documents/Unreal Projects/Base_Project/Saved//Base_TP_Character5308476947E1DDE2DB72988F602F4690.tmp' to '../../../../../Users/Shaun/Documents/Unreal Projects/Base_Project/Content/Characters/Base_Character/Base_TP_Character.uasset'
[2014.05.21-18.02.35:943][507]LogContentBrowser:Verbose: The content browser source was changed by the sources view to '/Game/Characters'
[2014.05.21-18.02.36:798][593]LogContentBrowser:Verbose: The content browser source was changed by the sources view to '/Game/Characters/Base_Character'
[2014.05.21-18.11.29:995][258]LogEpicStorage:Warning: ReadFile request failed. File request already pending for filename=http://cdn.unrealengine.com/newsfeed/blueprint_icon_b.png
[2014.05.21-18.26.30:189][ 37]LogEpicStorage:Warning: ReadFile request failed. File request already pending for filename=http://cdn.unrealengine.com/newsfeed/blueprint_icon_b.png
[2014.05.21-18.41.30:057][668]LogEpicStorage:Warning: ReadFile request failed. File request already pending for filename=http://cdn.unrealengine.com/newsfeed/blueprint_icon_b.png
[2014.05.21-18.56.30:080][992]LogEpicStorage:Warning: ReadFile request failed. File request already pending for filename=http://cdn.unrealengine.com/newsfeed/blueprint_icon_b.png
[2014.05.21-18.58.38:334][483]LogContentBrowser:Verbose: The content browser source was changed by the sources view to '/Game/Characters'
[2014.05.21-18.58.39:221][575]LogContentBrowser:Verbose: The content browser source was changed by the sources view to '/Game/Blueprints'
[2014.05.21-18.58.40:185][673]LogContentBrowser:Verbose: The content browser source was changed by the sources view to '/Game/Animations'
[2014.05.21-18.58.41:447][797]LogContentBrowser:Verbose: The content browser source was changed by the sources view to '/Game/Characters'
[2014.05.21-18.58.42:164][870]LogContentBrowser:Verbose: The content browser source was changed by the sources view to '/Game/Characters/Base_Character'
[2014.05.21-18.59.02:835][ 15]LogContentBrowser:Verbose: The content browser source was changed by the sources view to 'None'
[2014.05.21-18.59.02:835][ 15]LogContentBrowser:Verbose: The content browser source was changed by the sources view to '/Engine/TemplateResources'
[2014.05.21-18.59.04:038][ 66]LogParticles: Destroying 0 GPU particle simulations for FXSystem 0x000000000BBD2520
[2014.05.21-18.59.04:038][ 66]LogFileHelpers: Editor autosave (incl. sublevels) for '/Temp/Untitled_1' took 0.022
[2014.05.21-18.59.04:048][ 66]OBJ SavePackage: Generating thumbnails for [0] asset(s) in package [/Game/Characters/Base_Character/Base_TP_Character] ([1] browsable assets)...
[2014.05.21-18.59.04:056][ 66]OBJ SavePackage: Finished generating thumbnails for package [/Game/Characters/Base_Character/Base_TP_Character]
[2014.05.21-18.59.04:116][ 66]LogSavePackage: Save=22.205038ms
[2014.05.21-18.59.04:116][ 66]LogSavePackage: Moving '../../../../../Users/Shaun/Documents/Unreal Projects/Base_Project/Saved//Base_TP_Character_Auto1159561C34F3746A2B30A16ABA7E7D8CF.tmp' to '../../../../../Users/Shaun/Documents/Unreal Projects/Base_Project/Saved/Autosaves/Game/Characters/Base_Character/Base_TP_Character_Auto1.uasset'
[2014.05.21-18.59.04:123][ 66]LogFileHelpers: Auto-saving content packages took 0.085
[2014.05.21-18.59.06:749][197]LogContentBrowser:Verbose: The content browser source was changed by the sources view to 'None'
[2014.05.21-18.59.06:749][197]LogContentBrowser:Verbose: The content browser source was changed by the sources view to '/Engine/TemplateResources'
[2014.05.21-18.59.11:370][408]LogActorComponent: UnregisterComponent: (/Engine/Transient.SkeletalMeshComponent_0) Not registered. Aborting.
[2014.05.21-18.59.11:396][408]LogActorComponent: UnregisterComponent: (/Engine/Transient.SkeletalMeshComponent_0) Not registered. Aborting.
[2014.05.21-18.59.11:396][408]LogActorComponent: RegisterComponentWithWorld: (/Engine/Transient.MaterialEditorMeshComponent_0) Already registered. Aborting.
[2014.05.21-18.59.14:327][572]LogRenderer:Warning: Reallocating scene render targets to support 1152x720.
[2014.05.21-18.59.25:035][126]LogMaterial: Missing cached shader map for material M_Template_Master, compiling.
[2014.05.21-18.59.25:055][126]LogMaterial: Incomplete cached shader map for material M_Template_Master, compiling.
[2014.05.21-18.59.25:067][126]LogMaterial: 0.012123 seconds spent updating 1 materials, 1 instances, 1 with static permutations.
[2014.05.21-18.59.25:069][126]LogMaterial: 0.000735 seconds spent updating 1 materials, 1 instances, 0 with static permutations.
[2014.05.21-18.59.26:962][172]LogMaterial: Incomplete cached shader map for material M_Template_Master, compiling.
[2014.05.21-18.59.26:970][172]LogMaterial: Incomplete cached shader map for material M_Template_Master, compiling.
[2014.05.21-18.59.26:979][172]LogMaterial: 0.009407 seconds spent updating 1 materials, 1 instances, 1 with static permutations.
[2014.05.21-18.59.26:981][172]LogMaterial: 0.000817 seconds spent updating 1 materials, 1 instances, 0 with static permutations.
[2014.05.21-18.59.27:433][187]LogMaterial: Incomplete cached shader map for material M_Template_Master, compiling.
[2014.05.21-18.59.27:442][187]LogMaterial: Incomplete cached shader map for material M_Template_Master, compiling.
[2014.05.21-18.59.27:451][187]LogMaterial: 0.009573 seconds spent updating 1 materials, 1 instances, 1 with static permutations.
[2014.05.21-18.59.27:452][187]LogMaterial: 0.000890 seconds spent updating 1 materials, 1 instances, 0 with static permutations.
[2014.05.21-18.59.28:379][209]LogMaterial: Incomplete cached shader map for material M_Template_Master, compiling.
[2014.05.21-18.59.28:388][209]LogMaterial: Incomplete cached shader map for material M_Template_Master, compiling.
[2014.05.21-18.59.28:400][209]LogMaterial: 0.013134 seconds spent updating 1 materials, 1 instances, 1 with static permutations.
[2014.05.21-18.59.28:411][209]LogMaterial: 0.001000 seconds spent updating 1 materials, 1 instances, 0 with static permutations.
[2014.05.21-18.59.32:115][264]LogMaterial: Incomplete cached shader map for material M_Template_Master, compiling.
[2014.05.21-18.59.32:123][264]LogMaterial: Incomplete cached shader map for material M_Template_Master, compiling.
[2014.05.21-18.59.32:132][264]LogMaterial: 0.009339 seconds spent updating 1 materials, 1 instances, 1 with static permutations.
[2014.05.21-18.59.32:134][264]LogMaterial: 0.000771 seconds spent updating 1 materials, 1 instances, 0 with static permutations.
[2014.05.21-18.59.49:516][710]LogActorComponent: UnregisterComponent: (/Engine/Transient.SkeletalMeshComponent_1) Not registered. Aborting.
[2014.05.21-18.59.49:646][710]LogActorComponent: UnregisterComponent: (/Engine/Transient.SkeletalMeshComponent_1) Not registered. Aborting.
[2014.05.21-18.59.49:646][710]LogActorComponent: RegisterComponentWithWorld: (/Engine/Transient.MaterialEditorMeshComponent_1) Already registered. Aborting.
[2014.05.21-18.59.51:467][746]LogMaterial: Incomplete cached shader map for material M_Template_Master, compiling.
[2014.05.21-18.59.51:476][746]LogMaterial: Incomplete cached shader map for material M_Template_Master, compiling.
[2014.05.21-18.59.51:483][746]LogMaterial: 0.008226 seconds spent updating 1 materials, 1 instances, 1 with static permutations.
[2014.05.21-18.59.51:486][746]LogMaterial: 0.000505 seconds spent updating 1 materials, 1 instances, 0 with static permutations.
[2014.05.21-18.59.54:308][829]LogMaterial: Incomplete cached shader map for material M_Template_Master, compiling.
[2014.05.21-18.59.54:413][829]LogMaterial: Incomplete cached shader map for material M_Template_Master, compiling.
[2014.05.21-18.59.54:422][829]LogMaterial: 0.009037 seconds spent updating 1 materials, 1 instances, 1 with static permutations.
[2014.05.21-18.59.54:424][829]LogMaterial: 0.000580 seconds spent updating 1 materials, 1 instances, 0 with static permutations.
[2014.05.21-19.00.07:575][320]LogMaterial: Missing cached shader map for material PreviewMaterial_0, compiling.
[2014.05.21-19.00.07:673][320]LogActorComponent: UnregisterComponent: (/Engine/Transient.SkeletalMeshComponent_2) Not registered. Aborting.
[2014.05.21-19.00.07:850][320]LogActorComponent: UnregisterComponent: (/Engine/Transient.SkeletalMeshComponent_2) Not registered. Aborting.
[2014.05.21-19.00.07:850][320]LogActorComponent: RegisterComponentWithWorld: (/Engine/Transient.MaterialEditorMeshComponent_2) Already registered. Aborting.
[2014.05.21-19.00.07:955][320]LogMaterial: Missing cached shader map for material FMatExpressionPreview MaterialExpressionVectorParameter_0, compiling.
[2014.05.21-19.00.07:958][320]MaterialEditorStats: Info Base pass shader with static lighting: 94 instructions
[2014.05.21-19.00.07:958][320]MaterialEditorStats: Info Base pass shader with only dynamic lighting: 70 instructions
[2014.05.21-19.00.07:958][320]MaterialEditorStats: Info Vertex shader: 31 instructions
[2014.05.21-19.00.07:958][320]MaterialEditorStats: Info Texture samplers: 3/16
[2014.05.21-19.00.19:407][637]LogActorComponent: UnregisterComponent: (/Engine/Transient.SkeletalMeshComponent_3) Not registered. Aborting.
[2014.05.21-19.00.19:458][637]LogActorComponent: UnregisterComponent: (/Engine/Transient.SkeletalMeshComponent_3) Not registered. Aborting.
[2014.05.21-19.00.19:458][637]LogActorComponent: RegisterComponentWithWorld: (/Engine/Transient.MaterialEditorMeshComponent_3) Already registered. Aborting.
[2014.05.21-19.00.21:535][703]LogContentBrowser:Verbose: The content browser source was changed by the sources view to 'None'
[2014.05.21-19.00.21:535][703]LogContentBrowser:Verbose: The content browser source was changed by the sources view to '/Engine/TemplateResources'
[2014.05.21-19.00.50:977][122]LogD3D11RHI: Timed out while waiting for GPU to catch up. (0.5 s)
[2014.05.21-19.05.43:151][282]LogActorComponent: UnregisterComponent: (/Engine/Transient.SkeletalMeshComponent_4) Not registered. Aborting.
[2014.05.21-19.05.43:201][282]LogActorComponent: UnregisterComponent: (/Engine/Transient.SkeletalMeshComponent_4) Not registered. Aborting.
[2014.05.21-19.05.43:201][282]LogActorComponent: RegisterComponentWithWorld: (/Engine/Transient.MaterialEditorMeshComponent_4) Already registered. Aborting.
[2014.05.21-19.05.52:380][878]LogActorComponent: UnregisterComponent: (/Engine/Transient.SkeletalMeshComponent_5) Not registered. Aborting.
[2014.05.21-19.05.52:413][878]LogActorComponent: UnregisterComponent: (/Engine/Transient.SkeletalMeshComponent_5) Not registered. Aborting.
[2014.05.21-19.05.52:413][878]LogActorComponent: RegisterComponentWithWorld: (/Engine/Transient.MaterialEditorMeshComponent_5) Already registered. Aborting.
[2014.05.21-19.05.56:496][160]LogActorComponent: UnregisterComponent: (/Engine/Transient.SkeletalMeshComponent_6) Not registered. Aborting.
[2014.05.21-19.05.56:527][160]LogActorComponent: UnregisterComponent: (/Engine/Transient.SkeletalMeshComponent_6) Not registered. Aborting.
[2014.05.21-19.05.56:527][160]LogActorComponent: RegisterComponentWithWorld: (/Engine/Transient.MaterialEditorMeshComponent_6) Already registered. Aborting.
[2014.05.21-19.06.10:763][ 39]LogActorComponent: UnregisterComponent: (/Engine/Transient.SkeletalMeshComponent_7) Not registered. Aborting.
[2014.05.21-19.06.10:794][ 39]LogActorComponent: UnregisterComponent: (/Engine/Transient.SkeletalMeshComponent_7) Not registered. Aborting.
[2014.05.21-19.06.10:794][ 39]LogActorComponent: RegisterComponentWithWorld: (/Engine/Transient.MaterialEditorMeshComponent_7) Already registered. Aborting.
[2014.05.21-19.06.13:696][234]LogActorComponent: UnregisterComponent: (/Engine/Transient.SkeletalMeshComponent_8) Not registered. Aborting.
[2014.05.21-19.06.13:726][234]LogActorComponent: UnregisterComponent: (/Engine/Transient.SkeletalMeshComponent_8) Not registered. Aborting.
[2014.05.21-19.06.13:726][234]LogActorComponent: RegisterComponentWithWorld: (/Engine/Transient.MaterialEditorMeshComponent_8) Already registered. Aborting.
[2014.05.21-19.06.16:613][427]LogActorComponent: UnregisterComponent: (/Engine/Transient.SkeletalMeshComponent_9) Not registered. Aborting.
[2014.05.21-19.06.16:643][427]LogActorComponent: UnregisterComponent: (/Engine/Transient.SkeletalMeshComponent_9) Not registered. Aborting.
[2014.05.21-19.06.16:643][427]LogActorComponent: RegisterComponentWithWorld: (/Engine/Transient.MaterialEditorMeshComponent_9) Already registered. Aborting.
[2014.05.21-19.06.19:780][637]LogActorComponent: UnregisterComponent: (/Engine/Transient.SkeletalMeshComponent_10) Not registered. Aborting.
[2014.05.21-19.06.19:813][637]LogActorComponent: UnregisterComponent: (/Engine/Transient.SkeletalMeshComponent_10) Not registered. Aborting.
[2014.05.21-19.06.19:813][637]LogActorComponent: RegisterComponentWithWorld: (/Engine/Transient.MaterialEditorMeshComponent_10) Already registered. Aborting.
[2014.05.21-19.06.28:446][170]LogActorComponent: UnregisterComponent: (/Engine/Transient.SkeletalMeshComponent_11) Not registered. Aborting.
[2014.05.21-19.06.28:477][170]LogActorComponent: UnregisterComponent: (/Engine/Transient.SkeletalMeshComponent_11) Not registered. Aborting.
[2014.05.21-19.06.28:477][170]LogActorComponent: RegisterComponentWithWorld: (/Engine/Transient.MaterialEditorMeshComponent_11) Already registered. Aborting.
[2014.05.21-19.06.32:729][438]LogActorComponent: UnregisterComponent: (/Engine/Transient.SkeletalMeshComponent_12) Not registered. Aborting.
[2014.05.21-19.06.32:762][438]LogActorComponent: UnregisterComponent: (/Engine/Transient.SkeletalMeshComponent_12) Not registered. Aborting.
[2014.05.21-19.06.32:762][438]LogActorComponent: RegisterComponentWithWorld: (/Engine/Transient.MaterialEditorMeshComponent_12) Already registered. Aborting.
[2014.05.21-19.06.36:230][673]LogActorComponent: UnregisterComponent: (/Engine/Transient.SkeletalMeshComponent_13) Not registered. Aborting.
[2014.05.21-19.06.36:264][673]LogActorComponent: UnregisterComponent: (/Engine/Transient.SkeletalMeshComponent_13) Not registered. Aborting.
[2014.05.21-19.06.36:264][673]LogActorComponent: RegisterComponentWithWorld: (/Engine/Transient.MaterialEditorMeshComponent_13) Already registered. Aborting.
[2014.05.21-19.06.38:864][836]LogActorComponent: UnregisterComponent: (/Engine/Transient.SkeletalMeshComponent_14) Not registered. Aborting.
[2014.05.21-19.06.38:894][836]LogActorComponent: UnregisterComponent: (/Engine/Transient.SkeletalMeshComponent_14) Not registered. Aborting.
[2014.05.21-19.06.38:894][836]LogActorComponent: RegisterComponentWithWorld: (/Engine/Transient.MaterialEditorMeshComponent_14) Already registered. Aborting.
[2014.05.21-19.06.46:110][274]LogMaterial: Missing cached shader map for material PreviewMaterial_1, compiling.
[2014.05.21-19.06.46:120][274]LogActorComponent: UnregisterComponent: (/Engine/Transient.SkeletalMeshComponent_15) Not registered. Aborting.
[2014.05.21-19.06.46:213][274]LogActorComponent: UnregisterComponent: (/Engine/Transient.SkeletalMeshComponent_15) Not registered. Aborting.
[2014.05.21-19.06.46:213][274]LogActorComponent: RegisterComponentWithWorld: (/Engine/Transient.MaterialEditorMeshComponent_15) Already registered. Aborting.
[2014.05.21-19.06.46:214][274]LogActorComponent: UnregisterComponent: (/Engine/Transient.SkeletalMeshComponent_15) Not registered. Aborting.
[2014.05.21-19.06.46:214][274]LogActorComponent: RegisterComponentWithWorld: (/Engine/Transient.MaterialEditorMeshComponent_15) Already registered. Aborting.
[2014.05.21-19.06.46:239][274]LogMaterial: Missing cached shader map for material FMatExpressionPreview MaterialExpressionVectorParameter_0, compiling.
[2014.05.21-19.06.46:241][274]MaterialEditorStats: Info Base pass shader with static lighting: 94 instructions
[2014.05.21-19.06.46:241][274]MaterialEditorStats: Info Base pass shader with only dynamic lighting: 70 instructions
[2014.05.21-19.06.46:241][274]MaterialEditorStats: Info Vertex shader: 31 instructions
[2014.05.21-19.06.46:241][274]MaterialEditorStats: Info Texture samplers: 3/16
[2014.05.21-19.06.53:301][524]LogContentBrowser:Verbose: The content browser source was changed by the sources view to '/Engine/Functions'
[2014.05.21-19.06.53:926][553]LogContentBrowser:Verbose: The content browser source was changed by the sources view to '/Engine/EngineVolumetrics'
[2014.05.21-19.06.57:393][684]LogContentBrowser:Verbose: The content browser source was changed by the sources view to '/Engine/EngineVolumetrics/FogEnvironment'
[2014.05.21-19.06.58:881][756]LogContentBrowser:Verbose: The content browser source was changed by the sources view to '/Engine/EngineVolumetrics/FogEnvironment/Materials'
[2014.05.21-19.07.00:926][833]LogMaterial: Missing cached shader map for material PreviewMaterial_2, compiling.
[2014.05.21-19.07.00:937][833]LogActorComponent: UnregisterComponent: (/Engine/Transient.SkeletalMeshComponent_16) Not registered. Aborting.
[2014.05.21-19.07.01:009][833]LogActorComponent: UnregisterComponent: (/Engine/Transient.SkeletalMeshComponent_16) Not registered. Aborting.
[2014.05.21-19.07.01:009][833]LogActorComponent: RegisterComponentWithWorld: (/Engine/Transient.MaterialEditorMeshComponent_16) Already registered. Aborting.
[2014.05.21-19.07.01:009][833]LogActorComponent: UnregisterComponent: (/Engine/Transient.SkeletalMeshComponent_16) Not registered. Aborting.
[2014.05.21-19.07.01:009][833]LogActorComponent: RegisterComponentWithWorld: (/Engine/Transient.MaterialEditorMeshComponent_16) Already registered. Aborting.
[2014.05.21-19.07.01:071][833]LogMaterial: Missing cached shader map for material FMatExpressionPreview MaterialExpressionTextureCoordinate_0, compiling.
[2014.05.21-19.07.01:073][833]LogMaterial: Missing cached shader map for material FMatExpressionPreview MaterialExpressionTextureCoordinate_1, compiling.
[2014.05.21-19.07.01:075][833]LogMaterial: Missing cached shader map for material FMatExpressionPreview MaterialExpressionVectorParameter_4, compiling.
[2014.05.21-19.07.01:077][833]LogMaterial: Missing cached shader map for material FMatExpressionPreview MaterialExpressionVectorParameter_2, compiling.
[2014.05.21-19.07.01:079][833]LogMaterial: Missing cached shader map for material FMatExpressionPreview MaterialExpressionConstant_4, compiling.
[2014.05.21-19.07.01:080][833]LogMaterial: Missing cached shader map for material FMatExpressionPreview MaterialExpressionConstant_1, compiling.
[2014.05.21-19.07.01:082][833]MaterialEditorStats: Info Base pass shader without light map: 47 instructions
[2014.05.21-19.07.01:082][833]MaterialEditorStats: Info Vertex shader: 70 instructions
[2014.05.21-19.07.01:082][833]MaterialEditorStats: Info Texture samplers: 3/16
[2014.05.21-19.09.04:768][969]LogParticles: Destroying 0 GPU particle simulations for FXSystem 0x0000000024CF9260
[2014.05.21-19.09.04:768][969]LogParticles: Destroying 0 GPU particle simulations for FXSystem 0x0000000020A58D60
[2014.05.21-19.09.04:768][969]LogParticles: Destroying 0 GPU particle simulations for FXSystem 0x0000000020A5BEC0
[2014.05.21-19.09.04:768][969]LogParticles: Destroying 0 GPU particle simulations for FXSystem 0x00000000208631A0
[2014.05.21-19.09.04:769][969]LogParticles: Destroying 0 GPU particle simulations for FXSystem 0x0000000020A5AF20
[2014.05.21-19.09.04:769][969]LogParticles: Destroying 0 GPU particle simulations for FXSystem 0x000000000A40B420
[2014.05.21-19.09.04:769][969]LogParticles: Destroying 0 GPU particle simulations for FXSystem 0x000000000BC3FD80
[2014.05.21-19.09.04:769][969]LogParticles: Destroying 0 GPU particle simulations for FXSystem 0x000000000BC1F880
[2014.05.21-19.09.04:769][969]LogParticles: Destroying 0 GPU particle simulations for FXSystem 0x000000000BC3EB60
[2014.05.21-19.09.04:769][969]LogParticles: Destroying 0 GPU particle simulations for FXSystem 0x000000000BBD2F20
[2014.05.21-19.09.04:770][969]LogParticles: Destroying 0 GPU particle simulations for FXSystem 0x0000000009724540
[2014.05.21-19.09.04:770][969]LogParticles: Destroying 0 GPU particle simulations for FXSystem 0x000000000BBD3100
[2014.05.21-19.09.04:770][969]LogParticles: Destroying 0 GPU particle simulations for FXSystem 0x0000000009725D00
[2014.05.21-19.09.04:771][969]LogParticles: Destroying 0 GPU particle simulations for FXSystem 0x000000000BBD8FE0
[2014.05.21-19.09.04:771][969]LogParticles: Destroying 0 GPU particle simulations for FXSystem 0x000000001B6D85E0
[2014.05.21-19.09.04:771][969]LogParticles: Destroying 0 GPU particle simulations for FXSystem 0x000000000AA97BA0
[2014.05.21-19.09.04:771][969]LogParticles: Destroying 0 GPU particle simulations for FXSystem 0x000000000BC3D760
[2014.05.21-19.09.04:774][969]LogParticles: Destroying 0 GPU particle simulations for FXSystem 0x000000000BC3D620
[2014.05.21-19.09.04:774][969]LogFileHelpers: Editor autosave (incl. sublevels) for '/Temp/Untitled_1' took 0.035
[2014.05.21-19.09.04:784][969]OBJ SavePackage: Generating thumbnails for [0] asset(s) in package [/Game/Characters/Base_Character/Base_TP_Character] ([1] browsable assets)...
[2014.05.21-19.09.04:797][969]OBJ SavePackage: Finished generating thumbnails for package [/Game/Characters/Base_Character/Base_TP_Character]
[2014.05.21-19.09.04:883][969]LogSavePackage: Save=25.158709ms
[2014.05.21-19.09.04:883][969]LogSavePackage: Moving '../../../../../Users/Shaun/Documents/Unreal Projects/Base_Project/Saved//Base_TP_Character_Auto23A2A5E70407E51683F53E2AD3ACAFBC1.tmp' to '../../../../../Users/Shaun/Documents/Unreal Projects/Base_Project/Saved/Autosaves/Game/Characters/Base_Character/Base_TP_Character_Auto2.uasset'
[2014.05.21-19.09.04:899][969]OBJ SavePackage: Generating thumbnails for [1] asset(s) in package [/Engine/TemplateResources/MI_Template_BaseBlue] ([1] browsable assets)...
[2014.05.21-19.09.04:934][969]OBJ SavePackage:     Rendered thumbnail for [MaterialInstanceConstant /Engine/TemplateResources/MI_Template_BaseBlue.MI_Template_BaseBlue]
[2014.05.21-19.09.04:934][969]OBJ SavePackage: Finished generating thumbnails for package [/Engine/TemplateResources/MI_Template_BaseBlue]
[2014.05.21-19.09.05:360][969]LogSavePackage: Save=397.120514ms
[2014.05.21-19.09.05:360][969]LogSavePackage: Moving '../../../../../Users/Shaun/Documents/Unreal Projects/Base_Project/Saved//MI_Template_BaseBlue_Auto2AB46D64341F50BB3657B5BB0C040FF5C.tmp' to '../../../../../Users/Shaun/Documents/Unreal Projects/Base_Project/Saved/Autosaves/Engine/TemplateResources/MI_Template_BaseBlue_Auto2.uasset'
[2014.05.21-19.09.05:368][969]LogFileHelpers: Auto-saving content packages took 0.593
[2014.05.21-19.11.30:250][ 96]LogEpicStorage:Warning: ReadFile request failed. File request already pending for filename=http://cdn.unrealengine.com/newsfeed/blueprint_icon_b.png
[2014.05.21-19.19.05:662][284]LogFileHelpers: Editor autosave (incl. sublevels) for '/Temp/Untitled_1' took 0.074
[2014.05.21-19.19.05:684][284]OBJ SavePackage: Generating thumbnails for [0] asset(s) in package [/Game/Characters/Base_Character/Base_TP_Character] ([1] browsable assets)...
[2014.05.21-19.19.05:723][284]OBJ SavePackage: Finished generating thumbnails for package [/Game/Characters/Base_Character/Base_TP_Character]
[2014.05.21-19.19.05:972][284]LogSavePackage: Save=136.824051ms
[2014.05.21-19.19.05:972][284]LogSavePackage: Moving '../../../../../Users/Shaun/Documents/Unreal Projects/Base_Project/Saved//Base_TP_Character_Auto32ED0A08344BB1577588B14B9EC37FB5D.tmp' to '../../../../../Users/Shaun/Documents/Unreal Projects/Base_Project/Saved/Autosaves/Game/Characters/Base_Character/Base_TP_Character_Auto3.uasset'
[2014.05.21-19.19.06:018][284]OBJ SavePackage: Generating thumbnails for [0] asset(s) in package [/Engine/TemplateResources/MI_Template_BaseBlue] ([1] browsable assets)...
[2014.05.21-19.19.06:043][284]OBJ SavePackage: Finished generating thumbnails for package [/Engine/TemplateResources/MI_Template_BaseBlue]
[2014.05.21-19.19.06:168][284]LogSavePackage: Save=52.456200ms
[2014.05.21-19.19.06:168][284]LogSavePackage: Moving '../../../../../Users/Shaun/Documents/Unreal Projects/Base_Project/Saved//MI_Template_BaseBlue_Auto30450BE6E42F9F015DEC700BA068AA427.tmp' to '../../../../../Users/Shaun/Documents/Unreal Projects/Base_Project/Saved/Autosaves/Engine/TemplateResources/MI_Template_BaseBlue_Auto3.uasset'
[2014.05.21-19.19.06:216][284]LogFileHelpers: Auto-saving content packages took 0.554
[2014.05.21-19.26.30:162][829]LogEpicStorage:Warning: ReadFile request failed. File request already pending for filename=http://cdn.unrealengine.com/newsfeed/blueprint_icon_b.png
[2014.05.21-19.29.06:359][697]LogFileHelpers: Editor autosave (incl. sublevels) for '/Temp/Untitled_1' took 0.021
[2014.05.21-19.29.06:367][697]OBJ SavePackage: Generating thumbnails for [0] asset(s) in package [/Game/Characters/Base_Character/Base_TP_Character] ([1] browsable assets)...
[2014.05.21-19.29.06:375][697]OBJ SavePackage: Finished generating thumbnails for package [/Game/Characters/Base_Character/Base_TP_Character]
[2014.05.21-19.29.06:432][697]LogSavePackage: Save=23.329428ms
[2014.05.21-19.29.06:432][697]LogSavePackage: Moving '../../../../../Users/Shaun/Documents/Unreal Projects/Base_Project/Saved//Base_TP_Character_Auto4F11E6B664AFA58FD4D97A480DE6D9326.tmp' to '../../../../../Users/Shaun/Documents/Unreal Projects/Base_Project/Saved/Autosaves/Game/Characters/Base_Character/Base_TP_Character_Auto4.uasset'
[2014.05.21-19.29.06:446][697]OBJ SavePackage: Generating thumbnails for [0] asset(s) in package [/Engine/TemplateResources/MI_Template_BaseBlue] ([1] browsable assets)...
[2014.05.21-19.29.06:454][697]OBJ SavePackage: Finished generating thumbnails for package [/Engine/TemplateResources/MI_Template_BaseBlue]
[2014.05.21-19.29.06:489][697]LogSavePackage: Save=11.997340ms
[2014.05.21-19.29.06:489][697]LogSavePackage: Moving '../../../../../Users/Shaun/Documents/Unreal Projects/Base_Project/Saved//MI_Template_BaseBlue_Auto4B24D31E44A7E15A4C24A8EA6EDEDCF81.tmp' to '../../../../../Users/Shaun/Documents/Unreal Projects/Base_Project/Saved/Autosaves/Engine/TemplateResources/MI_Template_BaseBlue_Auto4.uasset'
[2014.05.21-19.29.06:495][697]LogFileHelpers: Auto-saving content packages took 0.136
[2014.05.21-19.39.06:610][388]LogFileHelpers: Editor autosave (incl. sublevels) for '/Temp/Untitled_1' took 0.022
[2014.05.21-19.39.06:618][388]OBJ SavePackage: Generating thumbnails for [0] asset(s) in package [/Game/Characters/Base_Character/Base_TP_Character] ([1] browsable assets)...
[2014.05.21-19.39.06:627][388]OBJ SavePackage: Finished generating thumbnails for package [/Game/Characters/Base_Character/Base_TP_Character]
[2014.05.21-19.39.06:699][388]LogSavePackage: Save=24.633509ms
[2014.05.21-19.39.06:699][388]LogSavePackage: Moving '../../../../../Users/Shaun/Documents/Unreal Projects/Base_Project/Saved//Base_TP_Character_Auto572D2609045F829A1AD045FABCD2A6F1F.tmp' to '../../../../../Users/Shaun/Documents/Unreal Projects/Base_Project/Saved/Autosaves/Game/Characters/Base_Character/Base_TP_Character_Auto5.uasset'
[2014.05.21-19.39.06:714][388]OBJ SavePackage: Generating thumbnails for [0] asset(s) in package [/Engine/TemplateResources/MI_Template_BaseBlue] ([1] browsable assets)...
[2014.05.21-19.39.06:725][388]OBJ SavePackage: Finished generating thumbnails for package [/Engine/TemplateResources/MI_Template_BaseBlue]
[2014.05.21-19.39.06:764][388]LogSavePackage: Save=12.147964ms
[2014.05.21-19.39.06:764][388]LogSavePackage: Moving '../../../../../Users/Shaun/Documents/Unreal Projects/Base_Project/Saved//MI_Template_BaseBlue_Auto5F8F229744BFAE7D23FD410A66C67981A.tmp' to '../../../../../Users/Shaun/Documents/Unreal Projects/Base_Project/Saved/Autosaves/Engine/TemplateResources/MI_Template_BaseBlue_Auto5.uasset'
[2014.05.21-19.39.06:769][388]LogFileHelpers: Auto-saving content packages took 0.159
[2014.05.21-19.41.30:180][876]LogEpicStorage:Warning: ReadFile request failed. File request already pending for filename=http://cdn.unrealengine.com/newsfeed/blueprint_icon_b.png
[2014.05.21-19.49.06:892][192]LogFileHelpers: Editor autosave (incl. sublevels) for '/Temp/Untitled_1' took 0.021
[2014.05.21-19.49.06:900][192]OBJ SavePackage: Generating thumbnails for [0] asset(s) in package [/Game/Characters/Base_Character/Base_TP_Character] ([1] browsable assets)...
[2014.05.21-19.49.06:915][192]OBJ SavePackage: Finished generating thumbnails for package [/Game/Characters/Base_Character/Base_TP_Character]
[2014.05.21-19.49.06:969][192]LogSavePackage: Save=22.225187ms
[2014.05.21-19.49.06:969][192]LogSavePackage: Moving '../../../../../Users/Shaun/Documents/Unreal Projects/Base_Project/Saved//Base_TP_Character_Auto6C8A6B1B64D02B4F134442480FB14EA67.tmp' to '../../../../../Users/Shaun/Documents/Unreal Projects/Base_Project/Saved/Autosaves/Game/Characters/Base_Character/Base_TP_Character_Auto6.uasset'
[2014.05.21-19.49.06:982][192]OBJ SavePackage: Generating thumbnails for [0] asset(s) in package [/Engine/TemplateResources/MI_Template_BaseBlue] ([1] browsable assets)...
[2014.05.21-19.49.06:998][192]OBJ SavePackage: Finished generating thumbnails for package [/Engine/TemplateResources/MI_Template_BaseBlue]
[2014.05.21-19.49.07:035][192]LogSavePackage: Save=12.165800ms
[2014.05.21-19.49.07:035][192]LogSavePackage: Moving '../../../../../Users/Shaun/Documents/Unreal Projects/Base_Project/Saved//MI_Template_BaseBlue_Auto63E8E30BF43CCA63BAAB7BC8F57AD916C.tmp' to '../../../../../Users/Shaun/Documents/Unreal Projects/Base_Project/Saved/Autosaves/Engine/TemplateResources/MI_Template_BaseBlue_Auto6.uasset'
[2014.05.21-19.49.07:040][192]LogFileHelpers: Auto-saving content packages took 0.148
[2014.05.21-19.56.30:346][790]LogEpicStorage:Warning: ReadFile request failed. File request already pending for filename=http://cdn.unrealengine.com/newsfeed/blueprint_icon_b.png
[2014.05.21-19.59.07:170][470]LogFileHelpers: Editor autosave (incl. sublevels) for '/Temp/Untitled_1' took 0.021
[2014.05.21-19.59.07:178][470]OBJ SavePackage: Generating thumbnails for [0] asset(s) in package [/Game/Characters/Base_Character/Base_TP_Character] ([1] browsable assets)...
[2014.05.21-19.59.07:187][470]OBJ SavePackage: Finished generating thumbnails for package [/Game/Characters/Base_Character/Base_TP_Character]
[2014.05.21-19.59.07:242][470]LogSavePackage: Save=23.219103ms
[2014.05.21-19.59.07:242][470]LogSavePackage: Moving '../../../../../Users/Shaun/Documents/Unreal Projects/Base_Project/Saved//Base_TP_Character_Auto72E10D3FD426BF59D411308915575B06C.tmp' to '../../../../../Users/Shaun/Documents/Unreal Projects/Base_Project/Saved/Autosaves/Game/Characters/Base_Character/Base_TP_Character_Auto7.uasset'
[2014.05.21-19.59.07:255][470]OBJ SavePackage: Generating thumbnails for [0] asset(s) in package [/Engine/TemplateResources/MI_Template_BaseBlue] ([1] browsable assets)...
[2014.05.21-19.59.07:271][470]OBJ SavePackage: Finished generating thumbnails for package [/Engine/TemplateResources/MI_Template_BaseBlue]
[2014.05.21-19.59.07:308][470]LogSavePackage: Save=11.850020ms
[2014.05.21-19.59.07:308][470]LogSavePackage: Moving '../../../../../Users/Shaun/Documents/Unreal Projects/Base_Project/Saved//MI_Template_BaseBlue_Auto7A09955A8416C3176A553789C08384B65.tmp' to '../../../../../Users/Shaun/Documents/Unreal Projects/Base_Project/Saved/Autosaves/Engine/TemplateResources/MI_Template_BaseBlue_Auto7.uasset'
[2014.05.21-19.59.07:313][470]LogFileHelpers: Auto-saving content packages took 0.143
[2014.05.21-20.09.07:437][306]LogFileHelpers: Editor autosave (incl. sublevels) for '/Temp/Untitled_1' took 0.021
[2014.05.21-20.09.07:445][306]OBJ SavePackage: Generating thumbnails for [0] asset(s) in package [/Game/Characters/Base_Character/Base_TP_Character] ([1] browsable assets)...
[2014.05.21-20.09.07:461][306]OBJ SavePackage: Finished generating thumbnails for package [/Game/Characters/Base_Character/Base_TP_Character]
[2014.05.21-20.09.07:515][306]LogSavePackage: Save=22.583248ms
[2014.05.21-20.09.07:515][306]LogSavePackage: Moving '../../../../../Users/Shaun/Documents/Unreal Projects/Base_Project/Saved//Base_TP_Character_Auto86F7812084121C96E27BA75809E6DD511.tmp' to '../../../../../Users/Shaun/Documents/Unreal Projects/Base_Project/Saved/Autosaves/Game/Characters/Base_Character/Base_TP_Character_Auto8.uasset'
[2014.05.21-20.09.07:528][306]OBJ SavePackage: Generating thumbnails for [0] asset(s) in package [/Engine/TemplateResources/MI_Template_BaseBlue] ([1] browsable assets)...
[2014.05.21-20.09.07:543][306]OBJ SavePackage: Finished generating thumbnails for package [/Engine/TemplateResources/MI_Template_BaseBlue]
[2014.05.21-20.09.07:582][306]LogSavePackage: Save=12.323030ms
[2014.05.21-20.09.07:582][306]LogSavePackage: Moving '../../../../../Users/Shaun/Documents/Unreal Projects/Base_Project/Saved//MI_Template_BaseBlue_Auto8234839B94B5A0636DEDD458D760E72B1.tmp' to '../../../../../Users/Shaun/Documents/Unreal Projects/Base_Project/Saved/Autosaves/Engine/TemplateResources/MI_Template_BaseBlue_Auto8.uasset'
[2014.05.21-20.09.07:587][306]LogFileHelpers: Auto-saving content packages took 0.150
[2014.05.21-20.11.30:233][624]LogEpicStorage:Warning: ReadFile request failed. File request already pending for filename=http://cdn.unrealengine.com/newsfeed/blueprint_icon_b.png
[2014.05.21-20.19.07:696][554]LogFileHelpers: Editor autosave (incl. sublevels) for '/Temp/Untitled_1' took 0.021
[2014.05.21-20.19.07:702][554]OBJ SavePackage: Generating thumbnails for [0] asset(s) in package [/Game/Characters/Base_Character/Base_TP_Character] ([1] browsable assets)...
[2014.05.21-20.19.07:715][554]OBJ SavePackage: Finished generating thumbnails for package [/Game/Characters/Base_Character/Base_TP_Character]
[2014.05.21-20.19.07:771][554]LogSavePackage: Save=20.473532ms
[2014.05.21-20.19.07:771][554]LogSavePackage: Moving '../../../../../Users/Shaun/Documents/Unreal Projects/Base_Project/Saved//Base_TP_Character_Auto9B8BB6AE046891F0E9DF11ABA41C083F3.tmp' to '../../../../../Users/Shaun/Documents/Unreal Projects/Base_Project/Saved/Autosaves/Game/Characters/Base_Character/Base_TP_Character_Auto9.uasset'
[2014.05.21-20.19.07:783][554]OBJ SavePackage: Generating thumbnails for [0] asset(s) in package [/Engine/TemplateResources/MI_Template_BaseBlue] ([1] browsable assets)...
[2014.05.21-20.19.07:798][554]OBJ SavePackage: Finished generating thumbnails for package [/Engine/TemplateResources/MI_Template_BaseBlue]
[2014.05.21-20.19.07:834][554]LogSavePackage: Save=11.056605ms
[2014.05.21-20.19.07:834][554]LogSavePackage: Moving '../../../../../Users/Shaun/Documents/Unreal Projects/Base_Project/Saved//MI_Template_BaseBlue_Auto9ABF0830445B2200293B0038A50A04A49.tmp' to '../../../../../Users/Shaun/Documents/Unreal Projects/Base_Project/Saved/Autosaves/Engine/TemplateResources/MI_Template_BaseBlue_Auto9.uasset'
[2014.05.21-20.19.07:839][554]LogFileHelpers: Auto-saving content packages took 0.142
[2014.05.21-20.26.30:245][135]LogEpicStorage:Warning: ReadFile request failed. File request already pending for filename=http://cdn.unrealengine.com/newsfeed/blueprint_icon_b.png
[2014.05.21-20.29.07:968][254]LogFileHelpers: Editor autosave (incl. sublevels) for '/Temp/Untitled_1' took 0.034
[2014.05.21-20.29.07:976][254]OBJ SavePackage: Generating thumbnails for [0] asset(s) in package [/Game/Characters/Base_Character/Base_TP_Character] ([1] browsable assets)...
[2014.05.21-20.29.07:988][254]OBJ SavePackage: Finished generating thumbnails for package [/Game/Characters/Base_Character/Base_TP_Character]
[2014.05.21-20.29.08:045][254]LogSavePackage: Save=19.914640ms
[2014.05.21-20.29.08:045][254]LogSavePackage: Moving '../../../../../Users/Shaun/Documents/Unreal Projects/Base_Project/Saved//Base_TP_Character_Auto096ABFB2840789F03B98AA79EE7CA6B30.tmp' to '../../../../../Users/Shaun/Documents/Unreal Projects/Base_Project/Saved/Autosaves/Game/Characters/Base_Character/Base_TP_Character_Auto0.uasset'
[2014.05.21-20.29.08:056][254]OBJ SavePackage: Generating thumbnails for [0] asset(s) in package [/Engine/TemplateResources/MI_Template_BaseBlue] ([1] browsable assets)...
[2014.05.21-20.29.08:071][254]OBJ SavePackage: Finished generating thumbnails for package [/Engine/TemplateResources/MI_Template_BaseBlue]
[2014.05.21-20.29.08:106][254]LogSavePackage: Save=10.425045ms
[2014.05.21-20.29.08:106][254]LogSavePackage: Moving '../../../../../Users/Shaun/Documents/Unreal Projects/Base_Project/Saved//MI_Template_BaseBlue_Auto064BA878D4AFC538239B7CC88D3120BE9.tmp' to '../../../../../Users/Shaun/Documents/Unreal Projects/Base_Project/Saved/Autosaves/Engine/TemplateResources/MI_Template_BaseBlue_Auto0.uasset'
[2014.05.21-20.29.08:111][254]LogFileHelpers: Auto-saving content packages took 0.143
[2014.05.21-20.39.08:225][685]LogFileHelpers: Editor autosave (incl. sublevels) for '/Temp/Untitled_1' took 0.023
[2014.05.21-20.39.08:232][685]OBJ SavePackage: Generating thumbnails for [0] asset(s) in package [/Game/Characters/Base_Character/Base_TP_Character] ([1] browsable assets)...
[2014.05.21-20.39.08:242][685]OBJ SavePackage: Finished generating thumbnails for package [/Game/Characters/Base_Character/Base_TP_Character]
[2014.05.21-20.39.08:300][685]LogSavePackage: Save=25.819336ms
[2014.05.21-20.39.08:300][685]LogSavePackage: Moving '../../../../../Users/Shaun/Documents/Unreal Projects/Base_Project/Saved//Base_TP_Character_Auto1D40578ED4D7DAD552A7E49A8210D6B1F.tmp' to '../../../../../Users/Shaun/Documents/Unreal Projects/Base_Project/Saved/Autosaves/Game/Characters/Base_Character/Base_TP_Character_Auto1.uasset'
[2014.05.21-20.39.08:312][685]OBJ SavePackage: Generating thumbnails for [0] asset(s) in package [/Engine/TemplateResources/MI_Template_BaseBlue] ([1] browsable assets)...
[2014.05.21-20.39.08:325][685]OBJ SavePackage: Finished generating thumbnails for package [/Engine/TemplateResources/MI_Template_BaseBlue]
[2014.05.21-20.39.08:368][685]LogSavePackage: Save=13.674676ms
[2014.05.21-20.39.08:368][685]LogSavePackage: Moving '../../../../../Users/Shaun/Documents/Unreal Projects/Base_Project/Saved//MI_Template_BaseBlue_Auto1F0FF53EA4BDC62677DDFE0B18826D248.tmp' to '../../../../../Users/Shaun/Documents/Unreal Projects/Base_Project/Saved/Autosaves/Engine/TemplateResources/MI_Template_BaseBlue_Auto1.uasset'
[2014.05.21-20.39.08:374][685]LogFileHelpers: Auto-saving content packages took 0.149
[2014.05.21-20.40.11:161][744]LogContentBrowser:Verbose: The content browser source was changed by the sources view to 'None'
[2014.05.21-20.40.11:317][748]LogMaterial: Missing cached shader map for material Material_0, compiling.
[2014.05.21-20.40.12:246][804]LogContentBrowser:Verbose: The content browser source was changed by the sources view to '/Game/Characters/Base_Character'
[2014.05.21-20.41.30:397][397]LogEpicStorage:Warning: ReadFile request failed. File request already pending for filename=http://cdn.unrealengine.com/newsfeed/blueprint_icon_b.png
[2014.05.21-20.42.13:085][999]LogContentBrowser:Verbose: The majority of assets in the view are of type: AnimSequence
[2014.05.21-20.43.09:408][134]LogParticles: Destroying 0 GPU particle simulations for FXSystem 0x00000000177C47C0
[2014.05.21-20.45.43:762][772]Cmd: TRANSACTION UNDO
[2014.05.21-20.45.43:782][772]LogEditorTransaction: Undo Replace Sample Animation
[2014.05.21-20.47.17:214][591]LogParticles: Destroying 0 GPU particle simulations for FXSystem 0x000000000BBD8360
[2014.05.21-20.47.24:197][898]ImportText (LocalizedDisplayNames): Missing closing parenthesis: (Language="en",Text="Blueprint Side Scroller"
[2014.05.21-20.47.24:197][898]ImportText (LocalizedDisplayNames): Missing closing parenthesis: (Language="ko",Text=" ld"
[2014.05.21-20.47.28:518][219]Cmd: CLOSE_SLATE_MAINFRAME
[2014.05.21-20.47.30:271][220]Cmd: QUIT_EDITOR
[2014.05.21-20.47.30:397][220]LogWindowsTextInputMethodSystem:Error: Terminating failed while unadvising the language notification sink from the TSF source.
[2014.05.21-20.47.30:400][220]LogExit: Preparing to exit.
[2014.05.21-20.47.31:377][220]LogActorComponent: UnregisterComponent: (None.None) Not registered. Aborting.
[2014.05.21-20.47.31:377][220]LogActorComponent: UnregisterComponent: (None.None) Not registered. Aborting.
[2014.05.21-20.47.31:377][220]LogActorComponent: UnregisterComponent: (None.None) Not registered. Aborting.
[2014.05.21-20.47.31:377][220]LogActorComponent: UnregisterComponent: (None.None) Not registered. Aborting.
[2014.05.21-20.47.31:377][220]LogActorComponent: UnregisterComponent: (None.None) Not registered. Aborting.
[2014.05.21-20.47.31:377][220]LogActorComponent: UnregisterComponent: (None.None) Not registered. Aborting.
[2014.05.21-20.47.31:377][220]LogActorComponent: UnregisterComponent: (None.None) Not registered. Aborting.
[2014.05.21-20.47.31:377][220]LogActorComponent: UnregisterComponent: (None.None) Not registered. Aborting.
[2014.05.21-20.47.31:377][220]LogActorComponent: UnregisterComponent: (None.None) Not registered. Aborting.
[2014.05.21-20.47.31:377][220]LogActorComponent: UnregisterComponent: (None.None) Not registered. Aborting.
[2014.05.21-20.47.31:377][220]LogActorComponent: UnregisterComponent: (None.None) Not registered. Aborting.
[2014.05.21-20.47.31:377][220]LogActorComponent: UnregisterComponent: (None.None) Not registered. Aborting.
[2014.05.21-20.47.31:377][220]LogActorComponent: UnregisterComponent: (None.None) Not registered. Aborting.
[2014.05.21-20.47.31:377][220]LogActorComponent: UnregisterComponent: (None.None) Not registered. Aborting.
[2014.05.21-20.47.31:377][220]LogActorComponent: UnregisterComponent: (None.None) Not registered. Aborting.
[2014.05.21-20.47.31:377][220]LogActorComponent: UnregisterComponent: (None.None) Not registered. Aborting.
[2014.05.21-20.47.31:377][220]LogActorComponent: UnregisterComponent: (None.None) Not registered. Aborting.
[2014.05.21-20.47.31:377][220]LogActorComponent: UnregisterComponent: (None.None) Not registered. Aborting.
[2014.05.21-20.47.31:377][220]LogActorComponent: UnregisterComponent: (None.None) Not registered. Aborting.
[2014.05.21-20.47.31:377][220]LogActorComponent: UnregisterComponent: (None.None) Not registered. Aborting.
[2014.05.21-20.47.31:377][220]LogActorComponent: UnregisterComponent: (None.None) Not registered. Aborting.
[2014.05.21-20.47.31:377][220]LogActorComponent: UnregisterComponent: (None.None) Not registered. Aborting.
[2014.05.21-20.47.31:377][220]LogActorComponent: UnregisterComponent: (None.None) Not registered. Aborting.
[2014.05.21-20.47.31:377][220]LogActorComponent: UnregisterComponent: (None.None) Not registered. Aborting.
[2014.05.21-20.47.31:399][220]LogExit: Editor shut down
[2014.05.21-20.47.31:400][220]LogExit: Transaction tracking system shut down
[2014.05.21-20.47.31:454][220]LogParticles: Destroying 0 GPU particle simulations for FXSystem 0x000000000A40B560
[2014.05.21-20.47.31:454][220]LogParticles: Destroying 0 GPU particle simulations for FXSystem 0x000000001B6D84A0
[2014.05.21-20.47.31:454][220]LogParticles: Destroying 0 GPU particle simulations for FXSystem 0x000000000BC3DC60
[2014.05.21-20.47.31:454][220]LogParticles: Destroying 0 GPU particle simulations for FXSystem 0x00000000126C74C0
[2014.05.21-20.47.31:454][220]LogParticles: Destroying 0 GPU particle simulations for FXSystem 0x000000000BC3DDA0
[2014.05.21-20.47.31:454][220]LogParticles: Destroying 0 GPU particle simulations for FXSystem 0x0000000020A5BF60
[2014.05.21-20.47.31:454][220]LogExit: Object subsystem successfully closed.
[2014.05.21-20.47.31:487][220]LogModuleManager: Shutting down and abandoning module MaterialEditor (156)
[2014.05.21-20.47.31:487][220]LogModuleManager: Shutting down and abandoning module AndroidDeviceDetection (155)
[2014.05.21-20.47.31:487][220]LogModuleManager: Shutting down and abandoning module CrashTracker (154)
[2014.05.21-20.47.31:487][220]LogModuleManager: Shutting down and abandoning module HTTP (153)
[2014.05.21-20.47.31:487][220]LogModuleManager: Shutting down and abandoning module NewsFeed (152)
[2014.05.21-20.47.31:487][220]LogModuleManager: Shutting down and abandoning module SceneOutliner (151)
[2014.05.21-20.47.31:487][220]LogModuleManager: Shutting down and abandoning module EditorWidgets (150)
[2014.05.21-20.47.31:487][220]LogModuleManager: Shutting down and abandoning module CollectionManager (149)
[2014.05.21-20.47.31:487][220]LogModuleManager: Shutting down and abandoning module DesktopPlatform (148)
[2014.05.21-20.47.31:487][220]LogModuleManager: Shutting down and abandoning module StatsViewer (147)
[2014.05.21-20.47.31:487][220]LogModuleManager: Shutting down and abandoning module FoliageEdit (146)
[2014.05.21-20.47.31:487][220]LogModuleManager: Shutting down and abandoning module LandscapeEditor (145)
[2014.05.21-20.47.31:493][220]LogModuleManager: Shutting down and abandoning module MeshPaint (144)
[2014.05.21-20.47.31:493][220]LogModuleManager: Shutting down and abandoning module GeometryMode (143)
[2014.05.21-20.47.31:493][220]LogModuleManager: Shutting down and abandoning module TextureAlignMode (142)
[2014.05.21-20.47.31:493][220]LogModuleManager: Shutting down and abandoning module BspMode (141)
[2014.05.21-20.47.31:493][220]LogModuleManager: Shutting down and abandoning module PlacementMode (140)
[2014.05.21-20.47.31:493][220]LogModuleManager: Shutting down and abandoning module AutomationWorker (139)
[2014.05.21-20.47.31:493][220]LogModuleManager: Shutting down and abandoning module ViewportSnapping (138)
[2014.05.21-20.47.31:493][220]LogModuleManager: Shutting down and abandoning module DeviceProfileEditor (137)
[2014.05.21-20.47.31:493][220]LogModuleManager: Shutting down and abandoning module UndoHistory (136)
[2014.05.21-20.47.31:493][220]LogModuleManager: Shutting down and abandoning module GameplayTagsEditor (135)
[2014.05.21-20.47.31:493][220]LogModuleManager: Shutting down and abandoning module UserFeedback (134)
[2014.05.21-20.47.31:493][220]LogModuleManager: Shutting down and abandoning module XmlParser (133)
[2014.05.21-20.47.31:493][220]LogModuleManager: Shutting down and abandoning module OnlineBlueprintSupport (132)
[2014.05.21-20.47.31:493][220]LogModuleManager: Shutting down and abandoning module Blutility (131)
[2014.05.21-20.47.31:493][220]LogModuleManager: Shutting down and abandoning module AndroidPlatformEditor (128)
[2014.05.21-20.47.31:493][220]LogModuleManager: Shutting down and abandoning module AndroidRuntimeSettings (127)
[2014.05.21-20.47.31:493][220]LogModuleManager: Shutting down and abandoning module ProjectSettingsViewer (126)
[2014.05.21-20.47.31:506][220]LogModuleManager: Shutting down and abandoning module InputBindingEditor (125)
[2014.05.21-20.47.31:507][220]LogModuleManager: Shutting down and abandoning module EditorSettingsViewer (124)
[2014.05.21-20.47.31:507][220]LogModuleManager: Shutting down and abandoning module SettingsEditor (123)
[2014.05.21-20.47.31:507][220]LogModuleManager: Shutting down and abandoning module SessionLauncher (122)
[2014.05.21-20.47.31:507][220]LogModuleManager: Shutting down and abandoning module SessionFrontend (121)
[2014.05.21-20.47.31:507][220]LogModuleManager: Shutting down and abandoning module ProfilerClient (120)
[2014.05.21-20.47.31:507][220]LogModuleManager: Shutting down and abandoning module TargetDeviceServices (119)
[2014.05.21-20.47.31:507][220]LogModuleManager: Shutting down and abandoning module DeviceManager (118)
[2014.05.21-20.47.31:507][220]LogModuleManager: Shutting down and abandoning module AutomationController (117)
[2014.05.21-20.47.31:507][220]LogModuleManager: Shutting down and abandoning module AutomationWindow (116)
[2014.05.21-20.47.31:507][220]LogModuleManager: Shutting down and abandoning module Layers (115)
[2014.05.21-20.47.31:507][220]LogModuleManager: Shutting down and abandoning module ComponentVisualizers (114)
[2014.05.21-20.47.31:507][220]LogModuleManager: Shutting down and abandoning module DetailCustomizations (113)
[2014.05.21-20.47.31:507][220]LogModuleManager: Shutting down and abandoning module PackagesDialog (112)
[2014.05.21-20.47.31:507][220]LogModuleManager: Shutting down and abandoning module PropertyEditor (111)
[2014.05.21-20.47.31:507][220]LogModuleManager: Shutting down and abandoning module DirectoryWatcher (110)
[2014.05.21-20.47.31:509][220]LogModuleManager: Shutting down and abandoning module AssetRegistry (109)
[2014.05.21-20.47.31:681][220]LogModuleManager: Shutting down and abandoning module Persona (108)
[2014.05.21-20.47.31:681][220]LogModuleManager: Shutting down and abandoning module GraphEditor (107)
[2014.05.21-20.47.31:681][220]LogModuleManager: Shutting down and abandoning module ContentBrowser (106)
[2014.05.21-20.47.31:681][220]LogModuleManager: Shutting down and abandoning module ClassViewer (105)
[2014.05.21-20.47.31:681][220]LogModuleManager: Shutting down and abandoning module Toolbox (104)
[2014.05.21-20.47.31:681][220]LogModuleManager: Shutting down and abandoning module ModuleUI (103)
[2014.05.21-20.47.31:681][220]LogModuleManager: Shutting down and abandoning module Sequencer (102)
[2014.05.21-20.47.31:681][220]LogModuleManager: Shutting down and abandoning module AssetTools (101)
[2014.05.21-20.47.31:681][220]LogModuleManager: Shutting down and abandoning module MovieSceneTools (100)
[2014.05.21-20.47.31:681][220]LogModuleManager: Shutting down and abandoning module OutputLog (99)
[2014.05.21-20.47.31:681][220]LogModuleManager: Shutting down and abandoning module GammaUI (98)
[2014.05.21-20.47.31:681][220]LogModuleManager: Shutting down and abandoning module Documentation (97)
[2014.05.21-20.47.31:681][220]LogModuleManager: Shutting down and abandoning module AnalyticsET (96)
[2014.05.21-20.47.31:681][220]LogModuleManager: Shutting down and abandoning module Analytics (95)
[2014.05.21-20.47.31:681][220]LogModuleManager: Shutting down and abandoning module ProfilerService (94)
[2014.05.21-20.47.31:922][220]LogModuleManager: Shutting down and abandoning module TaskGraph (93)
[2014.05.21-20.47.31:922][220]LogModuleManager: Shutting down and abandoning module GameProjectGeneration (92)
[2014.05.21-20.47.31:922][220]LogModuleManager: Shutting down and abandoning module Matinee (91)
[2014.05.21-20.47.31:922][220]LogModuleManager: Shutting down and abandoning module Kismet (90)
[2014.05.21-20.47.31:922][220]LogModuleManager: Shutting down and abandoning module LevelEditor (89)
[2014.05.21-20.47.31:922][220]LogModuleManager: Shutting down and abandoning module MainFrame (88)
[2014.05.21-20.47.31:922][220]LogModuleManager: Shutting down and abandoning module SourceControl (87)
[2014.05.21-20.47.31:922][220]LogModuleManager: Shutting down and abandoning module ImageWrapper (86)
[2014.05.21-20.47.31:922][220]LogModuleManager: Shutting down and abandoning module FunctionalTesting (85)
[2014.05.21-20.47.31:922][220]LogModuleManager: Shutting down and abandoning module CollisionAnalyzer (84)
[2014.05.21-20.47.31:923][220]LogModuleManager: Shutting down and abandoning module WorkspaceMenuStructure (83)
[2014.05.21-20.47.31:923][220]LogModuleManager: Shutting down and abandoning module MessageLog (82)
[2014.05.21-20.47.31:923][220]LogModuleManager: Shutting down and abandoning module Slate (81)
[2014.05.21-20.47.31:923][220]LogModuleManager: Shutting down and abandoning module EditorStyle (80)
[2014.05.21-20.47.31:925][220]LogModuleManager: Shutting down and abandoning module SessionServices (79)
[2014.05.21-20.47.31:925][220]LogModuleManager: Shutting down and abandoning module Messaging (78)
[2014.05.21-20.47.31:925][220]LogModuleManager: Shutting down and abandoning module VSAccessor (77)
[2014.05.21-20.47.31:925][220]LogModuleManager: Shutting down and abandoning module HeadMountedDisplay (76)
[2014.05.21-20.47.31:925][220]LogModuleManager: Shutting down and abandoning module XAudio2 (75)
[2014.05.21-20.47.31:925][220]LogModuleManager: Shutting down and abandoning module Networking (74)
[2014.05.21-20.47.31:925][220]LogModuleManager: Shutting down and abandoning module Core (73)
[2014.05.21-20.47.31:925][220]LogModuleManager: Shutting down and abandoning module KismetCompiler (72)
[2014.05.21-20.47.31:925][220]LogModuleManager: Shutting down and abandoning module PhysXFormats (71)
[2014.05.21-20.47.31:925][220]LogModuleManager: Shutting down and abandoning module SimplygonMeshReduction (70)
[2014.05.21-20.47.31:925][220]LogModuleManager: Shutting down and abandoning module MeshUtilities (69)
[2014.05.21-20.47.31:925][220]LogModuleManager: Shutting down and abandoning module DerivedDataCache (68)
[2014.05.21-20.47.31:968][220]LogDerivedDataCache: Shutdown
[2014.05.21-20.47.31:968][220]LogModuleManager: Shutting down and abandoning module ShaderFormatOpenGL (67)
[2014.05.21-20.47.31:968][220]LogModuleManager: Shutting down and abandoning module ShaderFormatD3D (66)
[2014.05.21-20.47.31:968][220]LogModuleManager: Shutting down and abandoning module TextureFormatUncompressed (65)
[2014.05.21-20.47.31:968][220]LogModuleManager: Shutting down and abandoning module TextureFormatPVR (64)
[2014.05.21-20.47.31:968][220]LogModuleManager: Shutting down and abandoning module TextureFormatDXT (63)
[2014.05.21-20.47.31:968][220]LogModuleManager: Shutting down and abandoning module TextureFormatAndroid (62)
[2014.05.21-20.47.31:968][220]LogModuleManager: Shutting down and abandoning module AudioFormatOgg (61)
[2014.05.21-20.47.31:968][220]LogModuleManager: Shutting down and abandoning module AudioFormatADPCM (60)
[2014.05.21-20.47.31:968][220]LogModuleManager: Shutting down and abandoning module Android_PVRTCTargetPlatform (59)
[2014.05.21-20.47.31:968][220]LogModuleManager: Shutting down and abandoning module Android_ETC2TargetPlatform (58)
[2014.05.21-20.47.31:968][220]LogModuleManager: Shutting down and abandoning module Android_ETC1TargetPlatform (57)
[2014.05.21-20.47.31:968][220]LogModuleManager: Shutting down and abandoning module Android_DXTTargetPlatform (56)
[2014.05.21-20.47.31:968][220]LogModuleManager: Shutting down and abandoning module Android_ATCTargetPlatform (55)
[2014.05.21-20.47.31:968][220]LogModuleManager: Shutting down and abandoning module AndroidTargetPlatform (54)
[2014.05.21-20.47.31:968][220]LogModuleManager: Shutting down and abandoning module WindowsTargetPlatform (53)
[2014.05.21-20.47.31:968][220]LogModuleManager: Shutting down and abandoning module WindowsServerTargetPlatform (52)
[2014.05.21-20.47.31:968][220]LogModuleManager: Shutting down and abandoning module WindowsNoEditorTargetPlatform (51)
[2014.05.21-20.47.31:968][220]LogModuleManager: Shutting down and abandoning module WindowsClientTargetPlatform (50)
[2014.05.21-20.47.31:968][220]LogModuleManager: Shutting down and abandoning module TargetPlatform (49)
[2014.05.21-20.47.31:968][220]LogModuleManager: Shutting down and abandoning module InputCore (47)
[2014.05.21-20.47.31:968][220]LogModuleManager: Shutting down and abandoning module Settings (46)
[2014.05.21-20.47.31:968][220]LogModuleManager: Shutting down and abandoning module TextureCompressor (43)
[2014.05.21-20.47.31:968][220]LogModuleManager: Shutting down and abandoning module ShaderCore (42)
[2014.05.21-20.47.31:968][220]LogModuleManager: Shutting down and abandoning module OpenGLDrv (41)
[2014.05.21-20.47.31:968][220]LogModuleManager: Shutting down and abandoning module D3D11RHI (40)
[2014.05.21-20.47.31:968][220]LogModuleManager: Shutting down and abandoning module SlateRHIRenderer (39)
[2014.05.21-20.47.31:968][220]LogModuleManager: Shutting down and abandoning module Renderer (38)
[2014.05.21-20.47.31:968][220]LogModuleManager: Shutting down and abandoning module Engine (37)
[2014.05.21-20.47.31:968][220]LogModuleManager: Shutting down and abandoning module WindowsMoviePlayer (36)
[2014.05.21-20.47.31:973][220]LogModuleManager: Shutting down and abandoning module ExampleDeviceProfileSelector (31)
[2014.05.21-20.47.31:973][220]LogModuleManager: Shutting down and abandoning module CustomMeshComponent (30)
[2014.05.21-20.47.31:973][220]LogModuleManager: Shutting down and abandoning module CableComponent (29)
[2014.05.21-20.47.31:973][220]LogModuleManager: Shutting down and abandoning module OculusRift (26)
[2014.05.21-20.47.31:973][220]LogModuleManager: Shutting down and abandoning module UdpMessaging (25)
[2014.05.21-20.47.32:073][220]LogModuleManager: Shutting down and abandoning module MessagingDebugger (24)
[2014.05.21-20.47.32:073][220]LogModuleManager: Shutting down and abandoning module PluginsEditor (12)
[2014.05.21-20.47.32:073][220]LogModuleManager: Shutting down and abandoning module IntroTutorials (11)
[2014.05.21-20.47.32:073][220]LogModuleManager: Shutting down and abandoning module EpicSurvey (10)
[2014.05.21-20.47.32:073][220]LogModuleManager: Shutting down and abandoning module UObjectPlugin (9)
[2014.05.21-20.47.32:073][220]LogModuleManager: Shutting down and abandoning module SubversionSourceControl (8)
[2014.05.21-20.47.32:073][220]LogModuleManager: Shutting down and abandoning module PerforceSourceControl (7)
[2014.05.21-20.47.32:073][220]LogModuleManager: Shutting down and abandoning module BlankPlugin (6)
[2014.05.21-20.47.32:073][220]LogModuleManager: Shutting down and abandoning module CoreUObject (5)
[2014.05.21-20.47.32:073][220]LogModuleManager: Shutting down and abandoning module NetworkFile (4)
[2014.05.21-20.47.32:073][220]LogModuleManager: Shutting down and abandoning module StreamingFile (3)
[2014.05.21-20.47.32:073][220]LogModuleManager: Shutting down and abandoning module SandboxFile (2)
[2014.05.21-20.47.32:073][220]LogModuleManager: Shutting down and abandoning module PakFile (1)
[2014.05.21-20.47.32:073][220]LogExit: Exiting.
[2014.05.21-20.47.32:092][220]Log file closed, 05/21/14 21:47:32
