Log file open, 06/16/14 17:14:59
LogInit:Display: Running engine for game: Base_Project
LogInit: Version: 4.2.0-2092659+++depot+UE4-Releases+4.2
LogInit: Compiled (64-bit): Jun  3 2014 00:56:21
LogInit: Build Configuration: Development
LogInit: Branch Name: ++depot+UE4-Releases+4.2
LogInit: Command line: 
LogInit: Base directory: C:/Unreal Engine 4/Unreal Engine/4.2/Engine/Binaries/Win64/
LogInit: Rocket: 1
[2014.06.16-16.14.59:414][  0]LogTaskGraph: Started task graph with 3 named threads and 4 total threads.
[2014.06.16-16.14.59:440][  0]LogOnline:Warning: No default platform service specified for OnlineSubsystem
[2014.06.16-16.14.59:447][  0]LogInit: Presizing for 0 objects not considered by GC, pre-allocating 0 bytes.
[2014.06.16-16.14.59:456][  0]LogInit: Object subsystem initialized
[2014.06.16-16.14.59:458][  0]LogInit: Selected Device Profile: [Windows]
[2014.06.16-16.14.59:458][  0]LogInit: Applying CVar settings loaded from the selected device profile: [Windows]
[2014.06.16-16.14.59:464][  0]LogInit: Computer: SHAUN-PC
[2014.06.16-16.14.59:464][  0]LogInit: User: Shaun
[2014.06.16-16.14.59:464][  0]LogInit: CPU Page size=4096, Cores=2
[2014.06.16-16.14.59:464][  0]LogInit: High frequency timer resolution =3.027412 MHz
[2014.06.16-16.14.59:464][  0]LogMemory: Memory total: Physical=3.7GB (4GB approx) Virtual=8192.0GB
[2014.06.16-16.14.59:465][  0]LogMemory: Platform Memory Stats for Windows
[2014.06.16-16.14.59:465][  0]LogMemory: Process Physical Memory: 53.87 MB used, 53.87 MB peak
[2014.06.16-16.14.59:465][  0]LogMemory: Process Virtual Memory: 30.09 MB used, 30.41 MB peak
[2014.06.16-16.14.59:465][  0]LogMemory: Physical Memory: 2413.51 MB used, 3839.18 MB total
[2014.06.16-16.14.59:465][  0]LogMemory: Virtual Memory: 236.60 MB used, 8388608.00 MB total
[2014.06.16-16.14.59:498][  0]LogD3D11RHI: Found D3D11 adapter 0: NVIDIA GeForce GTX 750 Ti (Feature Level 11_0)
[2014.06.16-16.14.59:498][  0]LogD3D11RHI: Adapter has 1974MB of dedicated video memory, 0MB of dedicated system memory, and 1663MB of shared system memory, 1 output[s]
[2014.06.16-16.14.59:498][  0]LogD3D11RHI: Chosen D3D11 Adapter Id = 0
[2014.06.16-16.14.59:506][  0]LogRHI: Texture pool is 1361 MB (70% of 1945 MB)
[2014.06.16-16.14.59:518][  0]LogD3D11RHI: Async texture creation enabled
[2014.06.16-16.14.59:650][  0]LogContentStreaming: Texture pool size is 0.000000MB
[2014.06.16-16.15.00:833][  0]LogTargetPlatformManager:Display: Building Assets For Windows
[2014.06.16-16.15.00:932][  0]LogTargetPlatformManager:Display: Building Assets For Windows
[2014.06.16-16.15.00:970][  0]LogDerivedDataCache:Display: Max Cache Size: 512 MB
[2014.06.16-16.15.01:080][  0]LogDerivedDataCache: Loaded boot cache 0.11s 39MB C:/Users/Shaun/AppData/Local/UnrealEngine/4.2/DerivedDataCache/Boot.ddc.
[2014.06.16-16.15.01:080][  0]LogDerivedDataCache:Display: Loaded Boot cache: C:/Users/Shaun/AppData/Local/UnrealEngine/4.2/DerivedDataCache/Boot.ddc
[2014.06.16-16.15.01:080][  0]LogDerivedDataCache: FDerivedDataBackendGraph:  Pak pak cache file ../../../../../../Users/Shaun/Documents/Unreal Projects/Base_Project/DerivedDataCache/DDC.ddp not found, will not use a pak cache.
[2014.06.16-16.15.01:080][  0]LogDerivedDataCache: Unable to find inner node Pak for hierarchical cache Hierarchy.
[2014.06.16-16.15.01:093][  0]LogDerivedDataCache:Display: Pak cache opened for reading ../../../Engine/DerivedDataCache/DDC.ddp.
[2014.06.16-16.15.01:105][  0]LogDerivedDataCache: Using Local data cache path C:/Users/Shaun/AppData/Local/UnrealEngine/4.2/DerivedDataCache: Writable
[2014.06.16-16.15.01:323][  0]LogMeshUtilities: No automatic mesh reduction module available
[2014.06.16-16.15.01:323][  0]LogMeshUtilities: No automatic mesh merging module available
[2014.06.16-16.15.01:764][  0]LogInit: WinSock: version 1.1 (2.2), MaxSocks=32767, MaxUdp=65467
[2014.06.16-16.15.02:142][  0]LogStreaming:Warning: Failed to read file '../../../Engine/Content/Editor/Slate/Icons/ActorIcons/GroupActor_16x.png' error.
[2014.06.16-16.15.02:142][  0]LogSlate: Could not find file for Slate resource: ../../../Engine/Content/Editor/Slate/Icons/ActorIcons/GroupActor_16x.png
[2014.06.16-16.15.02:147][  0]LogStreaming:Warning: Failed to read file '../../../Engine/Content/Editor/Slate/Icons/ActorIcons/DecalActor_16x.png' error.
[2014.06.16-16.15.02:147][  0]LogSlate: Could not find file for Slate resource: ../../../Engine/Content/Editor/Slate/Icons/ActorIcons/DecalActor_16x.png
[2014.06.16-16.15.02:457][  0]UdpMessaging: Initializing bridge on interface 0.0.0.0:0 to multicast group 230.0.0.1:6666.
[2014.06.16-16.15.02:531][  0]SourceControl: Info Source control is disabled
[2014.06.16-16.15.02:531][  0]SourceControl: Info Source control is disabled
[2014.06.16-16.15.02:537][  0]SourceControl: Info Source control is disabled
[2014.06.16-16.15.02:629][  0]BlueprintLog: New page: Editor Load
[2014.06.16-16.15.02:665][  0]LogObj: 19136 objects as part of root set at end of initial load.
[2014.06.16-16.15.02:665][  0]LogUObjectAllocator: 3804656 out of 0 bytes used by permanent object pool.
[2014.06.16-16.15.03:228][  0]LogEngine: Initializing Engine...
[2014.06.16-16.15.03:396][  0]LogInit: XAudio2 using 'Speakers (2- High Definition Audio Device)' : 2 channels at 44.1 kHz using 16 bits per sample (channel mask 0x3)
[2014.06.16-16.15.03:403][  0]LogInit: FAudioDevice initialized.
[2014.06.16-16.15.03:458][  0]LogDerivedDataCache: Saved boot cache 0.05s 39MB C:/Users/Shaun/AppData/Local/UnrealEngine/4.2/DerivedDataCache/Boot.ddc.
[2014.06.16-16.15.03:480][  0]LogInit: Texture streaming: Enabled
[2014.06.16-16.15.03:507][  0]LogInit: Transaction tracking system initialized
[2014.06.16-16.15.03:606][  0]LogAssetRegistry: FAssetRegistry took 0.0099 seconds to start up
[2014.06.16-16.15.03:809][  0]LogModuleManager:Warning: ModuleManager: Unable to load module '' because the file was not found.
[2014.06.16-16.15.03:814][  0]LogModuleManager:Warning: ModuleManager: Unable to load module '' because the file was not found.
[2014.06.16-16.15.03:862][  0]LogConsoleResponse:Display: 
[2014.06.16-16.15.04:142][  0]SourceControl: Info Source control is disabled
[2014.06.16-16.15.04:142][  0]Cmd: MAP LOAD FILE="../../../Engine/Content/Maps/Templates/Template_Default.umap" TEMPLATE=1 SHOWPROGRESS=1 WORLDCOMPOSITION=0
[2014.06.16-16.15.04:142][  0]LightingResults: New page: Lighting Build
[2014.06.16-16.15.04:149][  0]MapCheck: New page: Map Check
[2014.06.16-16.15.04:149][  0]LightingResults: New page: Lighting Build
[2014.06.16-16.15.04:166][  0]LogParticles: Destroying 0 GPU particle simulations for FXSystem 0x0000000011CE00E0
[2014.06.16-16.15.04:352][  0]LogEditorServer: Finished looking for orphan Actors (0.000 secs)
[2014.06.16-16.15.04:352][  0]Cmd: MAP CHECKDEP
[2014.06.16-16.15.04:352][  0]MapCheck: New page: Untitled_1 - 16 Jun 2014 18:15:04
[2014.06.16-16.15.04:391][  0]MapCheck: Info ========== Map Check: 0 Error(s), 0 Warning(s), [38.383ms] ==========
[2014.06.16-16.15.04:391][  0]LogFileHelpers: Loading map 'Template_Default' took 0.249
[2014.06.16-16.15.04:480][  0]LogCollectionManager: Loaded 0 collections in 0.001038 seconds
[2014.06.16-16.15.04:621][  0]LogCrashTracker: Crashtracker disabled due to settings.
[2014.06.16-16.15.04:621][  0]Cmd: MODE PLACEMENT
[2014.06.16-16.15.04:695][  0]LogLoad: Full Startup: 6.06 seconds (BP compile: 0.07 seconds)
[2014.06.16-16.15.04:710][  0]LogContentBrowser:Verbose: The content browser source was changed by the sources view to '/Game/ExampleContent/AnimationDemo/BluePrints'
[2014.06.16-16.15.04:845][  0]LogRenderer:Warning: Reallocating scene render targets to support 840x720.
[2014.06.16-16.15.04:994][  1]LogEpicStorage:Warning: EnumerateFiles request failed. Invalid response. code=403 error=<?xml version="1.0" encoding="UTF-8"?>
<Error><Code>AccessDenied</Code><Message>Access Denied</Message><RequestId>509D4CDD856A88A7</RequestId><HostId>c+mUcfwadRCBB8iu/VXHfcBjcWOXR8CgDPg38UQVezZAd2tuI/FSoSUvA2asMbQ3</HostId></Error>
[2014.06.16-16.15.05:070][  1]LogEditorViewport: Clicking on Actor (LMB): StaticMeshActor (SM_Template_Map_Floor)
[2014.06.16-16.15.05:336][  1]LogAssetRegistry: Asset discovery search completed in 1.7400 seconds
[2014.06.16-16.15.05:639][  2]LogEpicSurvey:Warning: EnumerateFiles request failed. Invalid response. code=403 error=<?xml version="1.0" encoding="UTF-8"?>
<Error><Code>AccessDenied</Code><Message>Access Denied</Message><RequestId>81C3C886236C8256</RequestId><HostId>eoClwAcXzo05Ox09Dqewi4IumwH2+QDXH6Q0Hn4RKAv5kY4ZLM7SBOLOahQ1arfc</HostId></Error>
[2014.06.16-16.15.05:693][  3]LogEpicStorage:Warning: EnumerateFiles request failed. Invalid response. code=403 error=<?xml version="1.0" encoding="UTF-8"?>
<Error><Code>AccessDenied</Code><Message>Access Denied</Message><RequestId>8AE67B89D2620E02</RequestId><HostId>yKT90tLvealV2nPfPPyMx1Fw7vLEA2TbzHCSmzVrirfvuFBZrDL/ZnAAY2NqYZgqRPKARjWHRpA=</HostId></Error>
[2014.06.16-16.15.05:793][  4]LogEpicSurvey:Warning: EnumerateFiles request failed. Invalid response. code=403 error=<?xml version="1.0" encoding="UTF-8"?>
<Error><Code>AccessDenied</Code><Message>Access Denied</Message><RequestId>3E0DDE1DE08047BB</RequestId><HostId>siO5Ktc/StWNre+IkWCGJ+9iZ8jJ2NDhm3eV7gOKUbOkiZYRTpSGeKLgLVJWoxtK</HostId></Error>
[2014.06.16-16.15.05:865][  6]LogEpicSurvey:Warning: EnumerateFiles request failed. Invalid response. code=403 error=<?xml version="1.0" encoding="UTF-8"?>
<Error><Code>AccessDenied</Code><Message>Access Denied</Message><RequestId>D9991E8CE20E8E7D</RequestId><HostId>4OgZHfHONiYqngWCDYY9itpjuNCHiS5MniD4SbtysYkKsCaY3CDDyv9YwMmKmXxM</HostId></Error>
[2014.06.16-16.15.05:919][  7]LogEpicStorage:Warning: ReadFile request failed. File request already pending for filename=http://cdn.unrealengine.com/newsfeed/blueprint_icon_b.png
[2014.06.16-16.15.24:794][236]ImportText (LocalizedDisplayNames): Missing closing parenthesis: (Language="en",Text="Blueprint Side Scroller"
[2014.06.16-16.15.24:794][236]ImportText (LocalizedDisplayNames): Missing closing parenthesis: (Language="ko",Text="è°¸ ¡¤ld"
[2014.06.16-16.15.24:810][236]LogUProjectInfo: Found 0 directories to search
[2014.06.16-16.15.24:810][236]LogUProjectInfo: FillProjectInfo took 0.0001 seconds
[2014.06.16-16.15.24:813][236]LogJson:Warning: Field EngineAssociation was not found.
[2014.06.16-16.15.24:814][236]LogJson:Error: Json Value of type 'Null' used as a 'String'.
[2014.06.16-16.15.27:701][433]Cmd: CLOSE_SLATE_MAINFRAME
[2014.06.16-16.15.28:259][434]Cmd: QUIT_EDITOR
[2014.06.16-16.15.28:330][434]LogWindowsTextInputMethodSystem:Error: Terminating failed while unadvising the language notification sink from the TSF source.
[2014.06.16-16.15.28:334][434]LogExit: Preparing to exit.
[2014.06.16-16.15.28:565][434]LogExit: Editor shut down
[2014.06.16-16.15.28:565][434]LogExit: Transaction tracking system shut down
[2014.06.16-16.15.28:567][434]LogParticles: Destroying 0 GPU particle simulations for FXSystem 0x0000000009BF0400
[2014.06.16-16.15.28:567][434]LogParticles: Destroying 0 GPU particle simulations for FXSystem 0x000000001C936160
[2014.06.16-16.15.28:567][434]LogParticles: Destroying 0 GPU particle simulations for FXSystem 0x000000001C935940
[2014.06.16-16.15.28:596][434]LogExit: Object subsystem successfully closed.
[2014.06.16-16.15.28:640][434]LogModuleManager: Shutting down and abandoning module DesktopPlatform (164)
[2014.06.16-16.15.28:640][434]LogModuleManager: Shutting down and abandoning module AndroidDeviceDetection (163)
[2014.06.16-16.15.28:640][434]LogModuleManager: Shutting down and abandoning module CrashTracker (162)
[2014.06.16-16.15.28:640][434]LogModuleManager: Shutting down and abandoning module HTTP (161)
[2014.06.16-16.15.28:650][434]LogModuleManager: Shutting down and abandoning module NewsFeed (160)
[2014.06.16-16.15.28:650][434]LogModuleManager: Shutting down and abandoning module SceneOutliner (159)
[2014.06.16-16.15.28:650][434]LogModuleManager: Shutting down and abandoning module EditorWidgets (158)
[2014.06.16-16.15.28:650][434]LogModuleManager: Shutting down and abandoning module CollectionManager (157)
[2014.06.16-16.15.28:650][434]LogModuleManager: Shutting down and abandoning module StatsViewer (156)
[2014.06.16-16.15.28:650][434]LogModuleManager: Shutting down and abandoning module FoliageEdit (155)
[2014.06.16-16.15.28:650][434]LogModuleManager: Shutting down and abandoning module LandscapeEditor (154)
[2014.06.16-16.15.28:656][434]LogModuleManager: Shutting down and abandoning module MeshPaint (153)
[2014.06.16-16.15.28:656][434]LogModuleManager: Shutting down and abandoning module ActorPickerMode (152)
[2014.06.16-16.15.28:656][434]LogModuleManager: Shutting down and abandoning module GeometryMode (151)
[2014.06.16-16.15.28:656][434]LogModuleManager: Shutting down and abandoning module TextureAlignMode (150)
[2014.06.16-16.15.28:656][434]LogModuleManager: Shutting down and abandoning module BspMode (149)
[2014.06.16-16.15.28:656][434]LogModuleManager: Shutting down and abandoning module PlacementMode (148)
[2014.06.16-16.15.28:656][434]LogModuleManager: Shutting down and abandoning module AutomationWorker (147)
[2014.06.16-16.15.28:656][434]LogModuleManager: Shutting down and abandoning module ViewportSnapping (146)
[2014.06.16-16.15.28:656][434]LogModuleManager: Shutting down and abandoning module DeviceProfileEditor (145)
[2014.06.16-16.15.28:656][434]LogModuleManager: Shutting down and abandoning module UndoHistory (144)
[2014.06.16-16.15.28:656][434]LogModuleManager: Shutting down and abandoning module GameplayTagsEditor (143)
[2014.06.16-16.15.28:657][434]LogModuleManager: Shutting down and abandoning module UserFeedback (142)
[2014.06.16-16.15.28:657][434]LogModuleManager: Shutting down and abandoning module XmlParser (141)
[2014.06.16-16.15.28:657][434]LogModuleManager: Shutting down and abandoning module Blutility (140)
[2014.06.16-16.15.28:657][434]LogModuleManager: Shutting down and abandoning module AndroidPlatformEditor (137)
[2014.06.16-16.15.28:657][434]LogModuleManager: Shutting down and abandoning module AndroidRuntimeSettings (136)
[2014.06.16-16.15.28:657][434]LogModuleManager: Shutting down and abandoning module ProjectSettingsViewer (135)
[2014.06.16-16.15.28:657][434]LogModuleManager: Shutting down and abandoning module InputBindingEditor (134)
[2014.06.16-16.15.28:657][434]LogModuleManager: Shutting down and abandoning module EditorSettingsViewer (133)
[2014.06.16-16.15.28:657][434]LogModuleManager: Shutting down and abandoning module SettingsEditor (132)
[2014.06.16-16.15.28:657][434]LogModuleManager: Shutting down and abandoning module SessionLauncher (131)
[2014.06.16-16.15.28:657][434]LogModuleManager: Shutting down and abandoning module SessionFrontend (130)
[2014.06.16-16.15.28:657][434]LogModuleManager: Shutting down and abandoning module ProfilerClient (129)
[2014.06.16-16.15.28:657][434]LogModuleManager: Shutting down and abandoning module TargetDeviceServices (128)
[2014.06.16-16.15.28:657][434]LogModuleManager: Shutting down and abandoning module DeviceManager (127)
[2014.06.16-16.15.28:657][434]LogModuleManager: Shutting down and abandoning module AutomationController (126)
[2014.06.16-16.15.28:657][434]LogModuleManager: Shutting down and abandoning module AutomationWindow (125)
[2014.06.16-16.15.28:657][434]LogModuleManager: Shutting down and abandoning module Layers (124)
[2014.06.16-16.15.28:657][434]LogModuleManager: Shutting down and abandoning module ComponentVisualizers (123)
[2014.06.16-16.15.28:657][434]LogModuleManager: Shutting down and abandoning module DetailCustomizations (122)
[2014.06.16-16.15.28:657][434]LogModuleManager: Shutting down and abandoning module PackagesDialog (121)
[2014.06.16-16.15.28:657][434]LogModuleManager: Shutting down and abandoning module PropertyEditor (120)
[2014.06.16-16.15.28:657][434]LogModuleManager: Shutting down and abandoning module DirectoryWatcher (119)
[2014.06.16-16.15.28:658][434]LogModuleManager: Shutting down and abandoning module AssetRegistry (118)
[2014.06.16-16.15.28:751][434]LogModuleManager: Shutting down and abandoning module Persona (117)
[2014.06.16-16.15.28:751][434]LogModuleManager: Shutting down and abandoning module GraphEditor (116)
[2014.06.16-16.15.28:751][434]LogModuleManager: Shutting down and abandoning module ContentBrowser (115)
[2014.06.16-16.15.28:751][434]LogModuleManager: Shutting down and abandoning module ClassViewer (114)
[2014.06.16-16.15.28:751][434]LogModuleManager: Shutting down and abandoning module Toolbox (113)
[2014.06.16-16.15.28:751][434]LogModuleManager: Shutting down and abandoning module ModuleUI (112)
[2014.06.16-16.15.28:751][434]LogModuleManager: Shutting down and abandoning module Sequencer (111)
[2014.06.16-16.15.28:751][434]LogModuleManager: Shutting down and abandoning module AssetTools (110)
[2014.06.16-16.15.28:751][434]LogModuleManager: Shutting down and abandoning module MovieSceneTools (109)
[2014.06.16-16.15.28:751][434]LogModuleManager: Shutting down and abandoning module OutputLog (108)
[2014.06.16-16.15.28:751][434]LogModuleManager: Shutting down and abandoning module GammaUI (107)
[2014.06.16-16.15.28:751][434]LogModuleManager: Shutting down and abandoning module Documentation (106)
[2014.06.16-16.15.28:751][434]LogModuleManager: Shutting down and abandoning module StreamingPauseRendering (105)
[2014.06.16-16.15.28:751][434]LogModuleManager: Shutting down and abandoning module AnalyticsET (104)
[2014.06.16-16.15.28:751][434]LogModuleManager: Shutting down and abandoning module Analytics (103)
[2014.06.16-16.15.28:751][434]LogModuleManager: Shutting down and abandoning module ProfilerService (102)
[2014.06.16-16.15.28:924][434]LogModuleManager: Shutting down and abandoning module TaskGraph (101)
[2014.06.16-16.15.28:924][434]LogModuleManager: Shutting down and abandoning module GameProjectGeneration (100)
[2014.06.16-16.15.28:924][434]LogModuleManager: Shutting down and abandoning module Matinee (99)
[2014.06.16-16.15.28:924][434]LogModuleManager: Shutting down and abandoning module Kismet (98)
[2014.06.16-16.15.28:924][434]LogModuleManager: Shutting down and abandoning module SlateReflector (97)
[2014.06.16-16.15.28:924][434]LogModuleManager: Shutting down and abandoning module LevelEditor (96)
[2014.06.16-16.15.28:925][434]LogModuleManager: Shutting down and abandoning module MainFrame (95)
[2014.06.16-16.15.28:925][434]LogModuleManager: Shutting down and abandoning module SourceControl (94)
[2014.06.16-16.15.28:925][434]LogModuleManager: Shutting down and abandoning module ImageWrapper (93)
[2014.06.16-16.15.28:925][434]LogModuleManager: Shutting down and abandoning module OnlineBlueprintSupport (92)
[2014.06.16-16.15.28:925][434]LogModuleManager: Shutting down and abandoning module FunctionalTesting (91)
[2014.06.16-16.15.28:925][434]LogModuleManager: Shutting down and abandoning module CollisionAnalyzer (90)
[2014.06.16-16.15.28:925][434]LogModuleManager: Shutting down and abandoning module WorkspaceMenuStructure (89)
[2014.06.16-16.15.28:925][434]LogModuleManager: Shutting down and abandoning module MessageLog (88)
[2014.06.16-16.15.28:925][434]LogModuleManager: Shutting down and abandoning module Slate (87)
[2014.06.16-16.15.28:925][434]LogModuleManager: Shutting down and abandoning module EditorStyle (86)
[2014.06.16-16.15.28:927][434]LogModuleManager: Shutting down and abandoning module SessionServices (85)
[2014.06.16-16.15.28:927][434]LogModuleManager: Shutting down and abandoning module Messaging (84)
[2014.06.16-16.15.28:927][434]LogModuleManager: Shutting down and abandoning module SourceCodeAccess (83)
[2014.06.16-16.15.28:927][434]LogModuleManager: Shutting down and abandoning module HeadMountedDisplay (82)
[2014.06.16-16.15.28:927][434]LogModuleManager: Shutting down and abandoning module XAudio2 (81)
[2014.06.16-16.15.28:927][434]LogModuleManager: Shutting down and abandoning module Networking (79)
[2014.06.16-16.15.28:927][434]LogModuleManager: Shutting down and abandoning module Core (78)
[2014.06.16-16.15.28:927][434]LogModuleManager: Shutting down and abandoning module KismetCompiler (77)
[2014.06.16-16.15.28:927][434]LogModuleManager: Shutting down and abandoning module PhysXFormats (76)
[2014.06.16-16.15.28:927][434]LogModuleManager: Shutting down and abandoning module SimplygonMeshReduction (75)
[2014.06.16-16.15.28:927][434]LogModuleManager: Shutting down and abandoning module MeshUtilities (74)
[2014.06.16-16.15.28:927][434]LogModuleManager: Shutting down and abandoning module DerivedDataCache (73)
[2014.06.16-16.15.29:174][434]LogDerivedDataCache: Shutdown
[2014.06.16-16.15.29:174][434]LogModuleManager: Shutting down and abandoning module ShaderFormatOpenGL (72)
[2014.06.16-16.15.29:174][434]LogModuleManager: Shutting down and abandoning module ShaderFormatD3D (71)
[2014.06.16-16.15.29:174][434]LogModuleManager: Shutting down and abandoning module TextureFormatUncompressed (70)
[2014.06.16-16.15.29:174][434]LogModuleManager: Shutting down and abandoning module TextureFormatPVR (69)
[2014.06.16-16.15.29:174][434]LogModuleManager: Shutting down and abandoning module TextureFormatDXT (68)
[2014.06.16-16.15.29:174][434]LogModuleManager: Shutting down and abandoning module TextureFormatAndroid (67)
[2014.06.16-16.15.29:174][434]LogModuleManager: Shutting down and abandoning module AudioFormatOpus (66)
[2014.06.16-16.15.29:174][434]LogModuleManager: Shutting down and abandoning module AudioFormatOgg (65)
[2014.06.16-16.15.29:174][434]LogModuleManager: Shutting down and abandoning module AudioFormatADPCM (64)
[2014.06.16-16.15.29:174][434]LogModuleManager: Shutting down and abandoning module Android_PVRTCTargetPlatform (63)
[2014.06.16-16.15.29:174][434]LogModuleManager: Shutting down and abandoning module Android_ETC2TargetPlatform (62)
[2014.06.16-16.15.29:174][434]LogModuleManager: Shutting down and abandoning module Android_ETC1TargetPlatform (61)
[2014.06.16-16.15.29:174][434]LogModuleManager: Shutting down and abandoning module Android_DXTTargetPlatform (60)
[2014.06.16-16.15.29:174][434]LogModuleManager: Shutting down and abandoning module Android_ATCTargetPlatform (59)
[2014.06.16-16.15.29:174][434]LogModuleManager: Shutting down and abandoning module AndroidTargetPlatform (58)
[2014.06.16-16.15.29:174][434]LogModuleManager: Shutting down and abandoning module WindowsTargetPlatform (57)
[2014.06.16-16.15.29:174][434]LogModuleManager: Shutting down and abandoning module WindowsServerTargetPlatform (56)
[2014.06.16-16.15.29:174][434]LogModuleManager: Shutting down and abandoning module WindowsNoEditorTargetPlatform (55)
[2014.06.16-16.15.29:174][434]LogModuleManager: Shutting down and abandoning module WindowsClientTargetPlatform (54)
[2014.06.16-16.15.29:174][434]LogModuleManager: Shutting down and abandoning module TargetPlatform (53)
[2014.06.16-16.15.29:174][434]LogModuleManager: Shutting down and abandoning module InputCore (52)
[2014.06.16-16.15.29:174][434]LogModuleManager: Shutting down and abandoning module Settings (51)
[2014.06.16-16.15.29:174][434]LogModuleManager: Shutting down and abandoning module TextureCompressor (48)
[2014.06.16-16.15.29:174][434]LogModuleManager: Shutting down and abandoning module ShaderCore (47)
[2014.06.16-16.15.29:174][434]LogModuleManager: Shutting down and abandoning module OpenGLDrv (46)
[2014.06.16-16.15.29:174][434]LogModuleManager: Shutting down and abandoning module D3D11RHI (45)
[2014.06.16-16.15.29:174][434]LogModuleManager: Shutting down and abandoning module SlateRHIRenderer (44)
[2014.06.16-16.15.29:174][434]LogModuleManager: Shutting down and abandoning module Renderer (43)
[2014.06.16-16.15.29:174][434]LogModuleManager: Shutting down and abandoning module Engine (42)
[2014.06.16-16.15.29:174][434]LogModuleManager: Shutting down and abandoning module SlateRemote (41)
[2014.06.16-16.15.29:174][434]LogModuleManager: Shutting down and abandoning module ScriptPlugin (40)
[2014.06.16-16.15.29:174][434]LogModuleManager: Shutting down and abandoning module ScriptEditorPlugin (38)
[2014.06.16-16.15.29:174][434]LogModuleManager: Shutting down and abandoning module WindowsMoviePlayer (37)
[2014.06.16-16.15.29:178][434]LogModuleManager: Shutting down and abandoning module ExampleDeviceProfileSelector (32)
[2014.06.16-16.15.29:178][434]LogModuleManager: Shutting down and abandoning module CustomMeshComponent (31)
[2014.06.16-16.15.29:178][434]LogModuleManager: Shutting down and abandoning module CableComponent (30)
[2014.06.16-16.15.29:178][434]LogModuleManager: Shutting down and abandoning module OculusRift (26)
[2014.06.16-16.15.29:178][434]LogModuleManager: Shutting down and abandoning module UdpMessaging (25)
[2014.06.16-16.15.29:278][434]LogModuleManager: Shutting down and abandoning module MessagingDebugger (24)
[2014.06.16-16.15.29:278][434]LogModuleManager: Shutting down and abandoning module PluginsEditor (14)
[2014.06.16-16.15.29:278][434]LogModuleManager: Shutting down and abandoning module IntroTutorials (13)
[2014.06.16-16.15.29:278][434]LogModuleManager: Shutting down and abandoning module EpicSurvey (12)
[2014.06.16-16.15.29:278][434]LogModuleManager: Shutting down and abandoning module VisualStudioSourceCodeAccess (10)
[2014.06.16-16.15.29:278][434]LogModuleManager: Shutting down and abandoning module UObjectPlugin (9)
[2014.06.16-16.15.29:278][434]LogModuleManager: Shutting down and abandoning module SubversionSourceControl (8)
[2014.06.16-16.15.29:278][434]LogModuleManager: Shutting down and abandoning module PerforceSourceControl (7)
[2014.06.16-16.15.29:278][434]LogModuleManager: Shutting down and abandoning module BlankPlugin (6)
[2014.06.16-16.15.29:278][434]LogModuleManager: Shutting down and abandoning module CoreUObject (5)
[2014.06.16-16.15.29:278][434]LogModuleManager: Shutting down and abandoning module NetworkFile (4)
[2014.06.16-16.15.29:278][434]LogModuleManager: Shutting down and abandoning module StreamingFile (3)
[2014.06.16-16.15.29:278][434]LogModuleManager: Shutting down and abandoning module SandboxFile (2)
[2014.06.16-16.15.29:278][434]LogModuleManager: Shutting down and abandoning module PakFile (1)
[2014.06.16-16.15.29:278][434]LogExit: Exiting.
[2014.06.16-16.15.29:281][434]Log file closed, 06/16/14 17:15:29
