Log file open, 06/12/14 18:26:55
LogInit:Display: Running engine for game: Base_Project
LogInit: Version: 4.2.0-2092659+++depot+UE4-Releases+4.2
LogInit: Compiled (64-bit): Jun  3 2014 00:56:21
LogInit: Build Configuration: Development
LogInit: Branch Name: ++depot+UE4-Releases+4.2
LogInit: Command line: 
LogInit: Base directory: C:/Unreal Engine 4/Unreal Engine/4.2/Engine/Binaries/Win64/
LogInit: Rocket: 1
[2014.06.12-17.26.55:952][  0]LogTaskGraph: Started task graph with 3 named threads and 4 total threads.
[2014.06.12-17.26.55:978][  0]LogOnline:Warning: No default platform service specified for OnlineSubsystem
[2014.06.12-17.26.55:985][  0]LogInit: Presizing for 0 objects not considered by GC, pre-allocating 0 bytes.
[2014.06.12-17.26.55:995][  0]LogInit: Object subsystem initialized
[2014.06.12-17.26.55:997][  0]LogInit: Selected Device Profile: [Windows]
[2014.06.12-17.26.55:997][  0]LogInit: Applying CVar settings loaded from the selected device profile: [Windows]
[2014.06.12-17.26.56:039][  0]LogInit: Computer: SHAUN-PC
[2014.06.12-17.26.56:048][  0]LogInit: User: Shaun
[2014.06.12-17.26.56:049][  0]LogInit: CPU Page size=4096, Cores=2
[2014.06.12-17.26.56:049][  0]LogInit: High frequency timer resolution =3.027421 MHz
[2014.06.12-17.26.56:049][  0]LogMemory: Memory total: Physical=3.7GB (4GB approx) Virtual=8192.0GB
[2014.06.12-17.26.56:049][  0]LogMemory: Platform Memory Stats for Windows
[2014.06.12-17.26.56:049][  0]LogMemory: Process Physical Memory: 53.86 MB used, 53.86 MB peak
[2014.06.12-17.26.56:049][  0]LogMemory: Process Virtual Memory: 30.11 MB used, 30.43 MB peak
[2014.06.12-17.26.56:049][  0]LogMemory: Physical Memory: 2539.50 MB used, 3839.18 MB total
[2014.06.12-17.26.56:049][  0]LogMemory: Virtual Memory: 236.60 MB used, 8388608.00 MB total
[2014.06.12-17.26.56:114][  0]LogD3D11RHI: Found D3D11 adapter 0: NVIDIA GeForce GTX 750 Ti (Feature Level 11_0)
[2014.06.12-17.26.56:114][  0]LogD3D11RHI: Adapter has 1974MB of dedicated video memory, 0MB of dedicated system memory, and 1663MB of shared system memory, 1 output[s]
[2014.06.12-17.26.56:114][  0]LogD3D11RHI: Chosen D3D11 Adapter Id = 0
[2014.06.12-17.26.56:131][  0]LogRHI: Texture pool is 1361 MB (70% of 1945 MB)
[2014.06.12-17.26.56:149][  0]LogD3D11RHI: Async texture creation enabled
[2014.06.12-17.26.56:288][  0]LogContentStreaming: Texture pool size is 0.000000MB
[2014.06.12-17.26.57:705][  0]LogTargetPlatformManager:Display: Building Assets For Windows
[2014.06.12-17.26.57:806][  0]LogTargetPlatformManager:Display: Building Assets For Windows
[2014.06.12-17.26.57:844][  0]LogDerivedDataCache:Display: Max Cache Size: 512 MB
[2014.06.12-17.26.57:967][  0]LogDerivedDataCache: Loaded boot cache 0.12s 39MB C:/Users/Shaun/AppData/Local/UnrealEngine/4.2/DerivedDataCache/Boot.ddc.
[2014.06.12-17.26.57:967][  0]LogDerivedDataCache:Display: Loaded Boot cache: C:/Users/Shaun/AppData/Local/UnrealEngine/4.2/DerivedDataCache/Boot.ddc
[2014.06.12-17.26.57:985][  0]LogDerivedDataCache: FDerivedDataBackendGraph:  Pak pak cache file ../../../../../../Users/Shaun/Documents/Unreal Projects/Base_Project/DerivedDataCache/DDC.ddp not found, will not use a pak cache.
[2014.06.12-17.26.57:985][  0]LogDerivedDataCache: Unable to find inner node Pak for hierarchical cache Hierarchy.
[2014.06.12-17.26.58:000][  0]LogDerivedDataCache:Display: Pak cache opened for reading ../../../Engine/DerivedDataCache/DDC.ddp.
[2014.06.12-17.26.58:012][  0]LogDerivedDataCache: Using Local data cache path C:/Users/Shaun/AppData/Local/UnrealEngine/4.2/DerivedDataCache: Writable
[2014.06.12-17.26.58:224][  0]LogMeshUtilities: No automatic mesh reduction module available
[2014.06.12-17.26.58:224][  0]LogMeshUtilities: No automatic mesh merging module available
[2014.06.12-17.26.58:733][  0]LogInit: WinSock: version 1.1 (2.2), MaxSocks=32767, MaxUdp=65467
[2014.06.12-17.26.59:164][  0]LogStreaming:Warning: Failed to read file '../../../Engine/Content/Editor/Slate/Icons/ActorIcons/GroupActor_16x.png' error.
[2014.06.12-17.26.59:164][  0]LogSlate: Could not find file for Slate resource: ../../../Engine/Content/Editor/Slate/Icons/ActorIcons/GroupActor_16x.png
[2014.06.12-17.26.59:169][  0]LogStreaming:Warning: Failed to read file '../../../Engine/Content/Editor/Slate/Icons/ActorIcons/DecalActor_16x.png' error.
[2014.06.12-17.26.59:169][  0]LogSlate: Could not find file for Slate resource: ../../../Engine/Content/Editor/Slate/Icons/ActorIcons/DecalActor_16x.png
[2014.06.12-17.26.59:512][  0]UdpMessaging: Initializing bridge on interface 0.0.0.0:0 to multicast group 230.0.0.1:6666.
[2014.06.12-17.26.59:604][  0]SourceControl: Info Source control is disabled
[2014.06.12-17.26.59:604][  0]SourceControl: Info Source control is disabled
[2014.06.12-17.26.59:609][  0]SourceControl: Info Source control is disabled
[2014.06.12-17.26.59:711][  0]BlueprintLog: New page: Editor Load
[2014.06.12-17.26.59:756][  0]LogObj: 19136 objects as part of root set at end of initial load.
[2014.06.12-17.26.59:756][  0]LogUObjectAllocator: 3804648 out of 0 bytes used by permanent object pool.
[2014.06.12-17.27.00:305][  0]LogEngine: Initializing Engine...
[2014.06.12-17.27.00:481][  0]LogInit: XAudio2 using 'Speakers (2- High Definition Audio Device)' : 2 channels at 44.1 kHz using 16 bits per sample (channel mask 0x3)
[2014.06.12-17.27.00:500][  0]LogInit: FAudioDevice initialized.
[2014.06.12-17.27.00:568][  0]LogDerivedDataCache: Saved boot cache 0.07s 39MB C:/Users/Shaun/AppData/Local/UnrealEngine/4.2/DerivedDataCache/Boot.ddc.
[2014.06.12-17.27.00:590][  0]LogInit: Texture streaming: Enabled
[2014.06.12-17.27.00:617][  0]LogInit: Transaction tracking system initialized
[2014.06.12-17.27.00:721][  0]LogAssetRegistry: FAssetRegistry took 0.0096 seconds to start up
[2014.06.12-17.27.00:936][  0]LogModuleManager:Warning: ModuleManager: Unable to load module '' because the file was not found.
[2014.06.12-17.27.00:941][  0]LogModuleManager:Warning: ModuleManager: Unable to load module '' because the file was not found.
[2014.06.12-17.27.00:989][  0]LogConsoleResponse:Display: 
[2014.06.12-17.27.01:287][  0]SourceControl: Info Source control is disabled
[2014.06.12-17.27.01:287][  0]Cmd: MAP LOAD FILE="../../../Engine/Content/Maps/Templates/Template_Default.umap" TEMPLATE=1 SHOWPROGRESS=1 WORLDCOMPOSITION=0
[2014.06.12-17.27.01:287][  0]LightingResults: New page: Lighting Build
[2014.06.12-17.27.01:295][  0]MapCheck: New page: Map Check
[2014.06.12-17.27.01:295][  0]LightingResults: New page: Lighting Build
[2014.06.12-17.27.01:313][  0]LogParticles: Destroying 0 GPU particle simulations for FXSystem 0x000000000CD35580
[2014.06.12-17.27.01:514][  0]LogEditorServer: Finished looking for orphan Actors (0.000 secs)
[2014.06.12-17.27.01:514][  0]Cmd: MAP CHECKDEP
[2014.06.12-17.27.01:515][  0]MapCheck: New page: Untitled_1 - 12 Jun 2014 19:27:01
[2014.06.12-17.27.01:559][  0]MapCheck: Info ========== Map Check: 0 Error(s), 0 Warning(s), [44.533ms] ==========
[2014.06.12-17.27.01:559][  0]LogFileHelpers: Loading map 'Template_Default' took 0.273
[2014.06.12-17.27.04:192][  0]LogCollectionManager: Loaded 0 collections in 0.001203 seconds
[2014.06.12-17.27.09:091][  0]LogCrashTracker: Crashtracker disabled due to settings.
[2014.06.12-17.27.09:162][  0]Cmd: MODE PLACEMENT
[2014.06.12-17.27.09:726][  0]LogLoad: Full Startup: 15.99 seconds (BP compile: 0.07 seconds)
[2014.06.12-17.27.09:745][  0]LogContentBrowser:Verbose: The content browser source was changed by the sources view to '/Game/Blueprints/Weapons'
[2014.06.12-17.27.10:398][  0]LogRenderer:Warning: Reallocating scene render targets to support 832x720.
[2014.06.12-17.27.10:985][  1]LogEpicStorage:Warning: EnumerateFiles request failed. Invalid response. code=403 error=<?xml version="1.0" encoding="UTF-8"?>
<Error><Code>AccessDenied</Code><Message>Access Denied</Message><RequestId>EFCD27293F6126D5</RequestId><HostId>DYGwjQ9Ugtq4+U7Lkq+sj0y2lZw+3XEgsv1ZVog7XjZp3ITRyR3ccz2eOtb7bN5J</HostId></Error>
[2014.06.12-17.27.11:008][  1]LogAssetRegistry: Asset discovery search completed in 10.2969 seconds
[2014.06.12-17.27.11:668][  2]LogEpicSurvey:Warning: EnumerateFiles request failed. Invalid response. code=403 error=<?xml version="1.0" encoding="UTF-8"?>
<Error><Code>AccessDenied</Code><Message>Access Denied</Message><RequestId>B731304CF1C42157</RequestId><HostId>+RdMWksJClYQnST4B5q3p+m1hTe9R35EEYFzoW35cpf/FVwHYGeaXzim702r2NqD</HostId></Error>
[2014.06.12-17.27.11:726][  3]LogEpicStorage:Warning: EnumerateFiles request failed. Invalid response. code=403 error=<?xml version="1.0" encoding="UTF-8"?>
<Error><Code>AccessDenied</Code><Message>Access Denied</Message><RequestId>87B48D96376A9EA9</RequestId><HostId>xVvKza9FK/0VLWmZj8TC1/1YdN756RVoovU5PZBh+yvMsdzR1rwLdzyq5dG0SAfQ</HostId></Error>
[2014.06.12-17.27.11:816][  4]LogEpicSurvey:Warning: EnumerateFiles request failed. Invalid response. code=403 error=<?xml version="1.0" encoding="UTF-8"?>
<Error><Code>AccessDenied</Code><Message>Access Denied</Message><RequestId>3326098BE892B05D</RequestId><HostId>B7izLcphh0fY1BzN/uo/4o7p9SgfvgzSjZy7QduCByhiXWDZvFrZNFJ3xj6d8I15</HostId></Error>
[2014.06.12-17.27.11:966][  6]LogEpicSurvey:Warning: EnumerateFiles request failed. Invalid response. code=403 error=<?xml version="1.0" encoding="UTF-8"?>
<Error><Code>AccessDenied</Code><Message>Access Denied</Message><RequestId>0F46BBF1258CFDCF</RequestId><HostId>dIzp+yp8IVtuI5LM40pRnx4MkyjHXFVi/dlKrJcrJ66wPyUcgOjcuMP7v6FAVYga</HostId></Error>
[2014.06.12-17.27.12:239][  7]LogEpicStorage:Warning: ReadFile request failed. File request already pending for filename=http://cdn.unrealengine.com/newsfeed/blueprint_icon_b.png
[2014.06.12-17.40.42:224][383]LogContentBrowser:Verbose: The content browser source was changed by the sources view to '/Game/Blueprints/Projectiles'
[2014.06.12-17.40.43:233][471]LogContentBrowser:Verbose: The content browser source was changed by the sources view to '/Game/Blueprints/Weapons'
[2014.06.12-17.40.44:198][560]LogContentBrowser:Verbose: The content browser source was changed by the sources view to '/Game/Blueprints/Interfaces'
[2014.06.12-17.40.44:686][607]LogContentBrowser:Verbose: The content browser source was changed by the sources view to '/Game/Blueprints/Game_Modes'
[2014.06.12-17.40.45:985][743]LogContentBrowser:Verbose: The content browser source was changed by the sources view to '/Game/Blueprints/Hud'
[2014.06.12-17.40.46:391][769]LogContentBrowser:Verbose: The content browser source was changed by the sources view to '/Game/Blueprints/Interfaces'
[2014.06.12-17.40.46:933][826]LogContentBrowser:Verbose: The content browser source was changed by the sources view to '/Game/Blueprints/Pickups'
[2014.06.12-17.40.47:294][851]LogContentBrowser:Verbose: The content browser source was changed by the sources view to '/Game/Blueprints/Projectiles'
[2014.06.12-17.40.49:010][ 27]LogContentBrowser:Verbose: The content browser source was changed by the sources view to '/Game/Blueprints/Weapons'
[2014.06.12-17.40.50:209][132]LogLinker:Warning: Can't find file '/Game/Character/SM_Projectile'
[2014.06.12-17.40.50:209][132]LogLinker:Warning: Can't find file for asset '/Game/Character/SM_Projectile' while loading ../../../../../../Users/Shaun/Documents/Unreal Projects/Base_Project/Content/Blueprints/MyProjectile.uasset.
[2014.06.12-17.40.50:210][132]LoadErrors:Error: Error /Game/Blueprints/MyProjectile : Can't find file for asset. /Game/Character/SM_Projectile
[2014.06.12-17.40.50:210][132]LogLinker:Warning: Can't find file '/Game/Character/SM_Projectile'
[2014.06.12-17.40.50:210][132]LogLinker:Warning: Can't find file for asset '/Game/Character/SM_Projectile' while loading ../../../../../../Users/Shaun/Documents/Unreal Projects/Base_Project/Content/Blueprints/MyProjectile.uasset.
[2014.06.12-17.40.50:228][132]LogLinker:Warning: Can't find file '/Game/Character/SM_Projectile'
[2014.06.12-17.40.50:228][132]LoadErrors: Info Failed to load /Game/Character/SM_Projectile.SM_Projectile Referenced by StaticMeshComponent_252 Property /Script/Engine.StaticMeshComponent:StaticMesh
[2014.06.12-17.40.50:228][132]LogLinker:Warning: Can't find file for asset '/Game/Character/SM_Projectile' while loading ../../../../../../Users/Shaun/Documents/Unreal Projects/Base_Project/Content/Blueprints/Weapons/Base_Weapon_BP.uasset.
[2014.06.12-17.40.50:228][132]LoadErrors:Error: Error /Game/Blueprints/Weapons/Base_Weapon_BP : Can't find file for asset. /Game/Character/SM_Projectile
[2014.06.12-17.41.14:821][223]LogFileHelpers: Editor autosave (incl. sublevels) for '/Temp/Untitled_1' took 0.031
[2014.06.12-17.41.14:909][223]OBJ SavePackage: Generating thumbnails for [1] asset(s) in package [/Game/Blueprints/Weapons/Base_Weapon_BP] ([1] browsable assets)...
[2014.06.12-17.41.14:962][223]OBJ SavePackage:     Rendered thumbnail for [Blueprint /Game/Blueprints/Weapons/Base_Weapon_BP.Base_Weapon_BP]
[2014.06.12-17.41.14:962][223]OBJ SavePackage: Finished generating thumbnails for package [/Game/Blueprints/Weapons/Base_Weapon_BP]
[2014.06.12-17.41.17:841][223]LogSavePackage: Save=369.614929ms
[2014.06.12-17.41.17:841][223]LogSavePackage: Moving '../../../../../../Users/Shaun/Documents/Unreal Projects/Base_Project/Saved/Base_Weapon_BP_Auto12B2914B149B614B627B4E6818525DA18.tmp' to '../../../../../../Users/Shaun/Documents/Unreal Projects/Base_Project/Saved/Autosaves/Game/Blueprints/Weapons/Base_Weapon_BP_Auto1.uasset'
[2014.06.12-17.41.17:880][223]LogFileHelpers: Auto-saving content packages took 3.059
[2014.06.12-17.42.09:885][878]LogEpicStorage:Warning: ReadFile request failed. File request already pending for filename=http://cdn.unrealengine.com/newsfeed/blueprint_icon_b.png
[2014.06.12-17.48.13:848][353]BlueprintLog: New page: Compile Base_Weapon_BP
[2014.06.12-17.48.14:289][353]BlueprintEditorCompileResults: Info [1280.08] Compile of Base_Weapon_BP successful! [in 0 ms]
[2014.06.12-17.48.14:312][353]LogPropertyNode:Warning: UI Min (0) >= UI Max () for Ranged Numeric
[2014.06.12-17.48.15:204][378]LogSavePackage: Save=343.804169ms
[2014.06.12-17.48.15:204][378]LogSavePackage: Moving '../../../../../../Users/Shaun/Documents/Unreal Projects/Base_Project/Saved/Base_Weapon_BP24EA06F54BEEFE07A79139B8D66CDE22.tmp' to '../../../../../../Users/Shaun/Documents/Unreal Projects/Base_Project/Content/Blueprints/Weapons/Base_Weapon_BP.uasset'
[2014.06.12-17.49.02:920][742]LogPropertyNode:Warning: UI Min (0) >= UI Max () for Ranged Numeric
[2014.06.12-17.49.03:408][771]LogPropertyNode:Warning: UI Min (0) >= UI Max () for Ranged Numeric
[2014.06.12-17.52.49:730][ 63]LogFileHelpers: Editor autosave (incl. sublevels) for '/Temp/Untitled_1' took 0.024
[2014.06.12-17.52.49:742][ 63]OBJ SavePackage: Generating thumbnails for [1] asset(s) in package [/Game/Blueprints/Weapons/Base_Weapon_BP] ([1] browsable assets)...
[2014.06.12-17.52.49:778][ 63]OBJ SavePackage:     Rendered thumbnail for [Blueprint /Game/Blueprints/Weapons/Base_Weapon_BP.Base_Weapon_BP]
[2014.06.12-17.52.49:779][ 63]OBJ SavePackage: Finished generating thumbnails for package [/Game/Blueprints/Weapons/Base_Weapon_BP]
[2014.06.12-17.52.50:219][ 63]LogSavePackage: Save=350.853088ms
[2014.06.12-17.52.50:219][ 63]LogSavePackage: Moving '../../../../../../Users/Shaun/Documents/Unreal Projects/Base_Project/Saved/Base_Weapon_BP_Auto256DFA1E545E891E55DA332832D855670.tmp' to '../../../../../../Users/Shaun/Documents/Unreal Projects/Base_Project/Saved/Autosaves/Game/Blueprints/Weapons/Base_Weapon_BP_Auto2.uasset'
[2014.06.12-17.52.50:243][ 63]LogFileHelpers: Auto-saving content packages took 0.513
[2014.06.12-17.55.25:650][713]BlueprintLog: New page: Compile Base_Weapon_BP
[2014.06.12-17.55.26:021][713]BlueprintEditorCompileResults: Info [1711.88] Compile of Base_Weapon_BP successful! [in 0 ms]
[2014.06.12-17.55.27:328][761]LogSavePackage: Save=348.848724ms
[2014.06.12-17.55.27:328][761]LogSavePackage: Moving '../../../../../../Users/Shaun/Documents/Unreal Projects/Base_Project/Saved/Base_Weapon_BPA0ADEBAF4181421FB079DB8EEE5B9AB0.tmp' to '../../../../../../Users/Shaun/Documents/Unreal Projects/Base_Project/Content/Blueprints/Weapons/Base_Weapon_BP.uasset'
[2014.06.12-17.57.09:978][928]LogEpicStorage:Warning: ReadFile request failed. File request already pending for filename=http://cdn.unrealengine.com/newsfeed/blueprint_icon_b.png
[2014.06.12-18.02.50:383][824]LogFileHelpers: Editor autosave (incl. sublevels) for '/Temp/Untitled_1' took 0.025
[2014.06.12-18.02.50:393][824]OBJ SavePackage: Generating thumbnails for [1] asset(s) in package [/Game/Blueprints/Weapons/Base_Weapon_BP] ([1] browsable assets)...
[2014.06.12-18.02.50:430][824]OBJ SavePackage:     Rendered thumbnail for [Blueprint /Game/Blueprints/Weapons/Base_Weapon_BP.Base_Weapon_BP]
[2014.06.12-18.02.50:430][824]OBJ SavePackage: Finished generating thumbnails for package [/Game/Blueprints/Weapons/Base_Weapon_BP]
[2014.06.12-18.02.50:920][824]LogSavePackage: Save=344.536804ms
[2014.06.12-18.02.50:920][824]LogSavePackage: Moving '../../../../../../Users/Shaun/Documents/Unreal Projects/Base_Project/Saved/Base_Weapon_BP_Auto3469623F44433ED0167148FAEDDCF0AD7.tmp' to '../../../../../../Users/Shaun/Documents/Unreal Projects/Base_Project/Saved/Autosaves/Game/Blueprints/Weapons/Base_Weapon_BP_Auto3.uasset'
[2014.06.12-18.02.50:928][824]LogFileHelpers: Auto-saving content packages took 0.545
[2014.06.12-18.03.09:284][ 73]BlueprintLog: New page: Compile Base_Weapon_BP
[2014.06.12-18.03.09:637][ 73]BlueprintEditorCompileResults: Info [2175.50] Compile of Base_Weapon_BP successful! [in 0 ms]
[2014.06.12-18.03.09:660][ 73]LogPropertyNode:Warning: UI Min (0) >= UI Max () for Ranged Numeric
[2014.06.12-18.03.11:333][144]LogSavePackage: Save=340.882874ms
[2014.06.12-18.03.11:333][144]LogSavePackage: Moving '../../../../../../Users/Shaun/Documents/Unreal Projects/Base_Project/Saved/Base_Weapon_BP851969184FAB1B8CFD65A883A568E0B8.tmp' to '../../../../../../Users/Shaun/Documents/Unreal Projects/Base_Project/Content/Blueprints/Weapons/Base_Weapon_BP.uasset'
[2014.06.12-18.05.42:771][803]LogPropertyNode:Warning: UI Min (0) >= UI Max () for Ranged Numeric
[2014.06.12-18.05.43:745][863]LogPropertyNode:Warning: UI Min (0) >= UI Max () for Ranged Numeric
[2014.06.12-18.05.44:176][889]LogPropertyNode:Warning: UI Min (0) >= UI Max () for Ranged Numeric
[2014.06.12-18.05.46:120][ 11]LogPropertyNode:Warning: UI Min (0) >= UI Max () for Ranged Numeric
[2014.06.12-18.05.46:452][ 32]LogPropertyNode:Warning: UI Min (0) >= UI Max () for Ranged Numeric
[2014.06.12-18.05.47:999][128]LogPropertyNode:Warning: UI Min (0) >= UI Max () for Ranged Numeric
[2014.06.12-18.05.48:703][172]LogPropertyNode:Warning: UI Min (0) >= UI Max () for Ranged Numeric
[2014.06.12-18.05.49:033][193]LogPropertyNode:Warning: UI Min (0) >= UI Max () for Ranged Numeric
[2014.06.12-18.05.50:548][290]LogPropertyNode:Warning: UI Min (0) >= UI Max () for Ranged Numeric
[2014.06.12-18.05.51:136][326]LogPropertyNode:Warning: UI Min (0) >= UI Max () for Ranged Numeric
[2014.06.12-18.05.56:827][680]LogPropertyNode:Warning: UI Min (0) >= UI Max () for Ranged Numeric
[2014.06.12-18.08.32:187][220]BlueprintLog: New page: Compile Base_Weapon_BP
[2014.06.12-18.08.32:551][220]BlueprintEditorCompileResults: Info [2498.39] Compile of Base_Weapon_BP successful! [in 0 ms]
[2014.06.12-18.08.32:576][220]LogPropertyNode:Warning: UI Min (0) >= UI Max () for Ranged Numeric
[2014.06.12-18.08.35:693][435]LogPropertyNode:Warning: UI Min (0) >= UI Max () for Ranged Numeric
[2014.06.12-18.08.38:950][665]LogPropertyNode:Warning: UI Min (0) >= UI Max () for Ranged Numeric
[2014.06.12-18.08.39:962][727]LogPropertyNode:Warning: UI Min (0) >= UI Max () for Ranged Numeric
[2014.06.12-18.08.41:984][870]LogPropertyNode:Warning: UI Min (0) >= UI Max () for Ranged Numeric
[2014.06.12-18.08.42:892][930]BlueprintLog: New page: Compile Base_Weapon_BP
[2014.06.12-18.08.43:257][930]BlueprintEditorCompileResults: Info [2509.10] Compile of Base_Weapon_BP successful! [in 0 ms]
[2014.06.12-18.08.43:279][930]LogPropertyNode:Warning: UI Min (0) >= UI Max () for Ranged Numeric
[2014.06.12-18.08.44:938][  2]LogSavePackage: Save=340.155518ms
[2014.06.12-18.08.44:938][  2]LogSavePackage: Moving '../../../../../../Users/Shaun/Documents/Unreal Projects/Base_Project/Saved/Base_Weapon_BP60662B804A4217AA83AFE68B37CDA25D.tmp' to '../../../../../../Users/Shaun/Documents/Unreal Projects/Base_Project/Content/Blueprints/Weapons/Base_Weapon_BP.uasset'
[2014.06.12-18.09.30:118][680]LogEditorViewport: Clicking on Actor (LMB): BP_Sky_Sphere_C (BP_Sky_Shere)
[2014.06.12-18.09.36:147][ 65]LogEditorViewport: Clicking on Actor (LMB): BP_Sky_Sphere_C (BP_Sky_Shere)
[2014.06.12-18.09.58:188][670]LogPropertyNode:Warning: UI Min (0) >= UI Max () for Ranged Numeric
[2014.06.12-18.09.59:259][726]LogPropertyNode:Warning: UI Min (0) >= UI Max () for Ranged Numeric
[2014.06.12-18.10.00:481][795]LogPropertyNode:Warning: UI Min (0) >= UI Max () for Ranged Numeric
[2014.06.12-18.10.01:178][832]LogPropertyNode:Warning: UI Min (0) >= UI Max () for Ranged Numeric
[2014.06.12-18.10.10:043][305]LogPropertyNode:Warning: UI Min (0) >= UI Max () for Ranged Numeric
[2014.06.12-18.10.14:545][530]BlueprintLog: New page: Compile Base_Weapon_BP
[2014.06.12-18.10.14:908][530]BlueprintEditorCompileResults: Info [2600.75] Compile of Base_Weapon_BP successful! [in 0 ms]
[2014.06.12-18.10.16:085][562]LogSavePackage: Save=339.447327ms
[2014.06.12-18.10.16:085][562]LogSavePackage: Moving '../../../../../../Users/Shaun/Documents/Unreal Projects/Base_Project/Saved/Base_Weapon_BPD07C8EB443A0DA56D56B71B664A27D60.tmp' to '../../../../../../Users/Shaun/Documents/Unreal Projects/Base_Project/Content/Blueprints/Weapons/Base_Weapon_BP.uasset'
[2014.06.12-18.10.43:557][499]LogPropertyNode:Warning: UI Min (0) >= UI Max () for Ranged Numeric
[2014.06.12-18.10.45:474][597]LogPropertyNode:Warning: UI Min (0) >= UI Max () for Ranged Numeric
[2014.06.12-18.10.46:958][674]BlueprintLog: New page: Compile Base_Weapon_BP
[2014.06.12-18.10.47:036][674]LogParticles: Destroying 0 GPU particle simulations for FXSystem 0x000000001F246E80
[2014.06.12-18.10.47:329][674]BlueprintEditorCompileResults: Info [2633.16] Compile of Base_Weapon_BP successful! [in 0 ms]
[2014.06.12-18.10.47:359][674]LogPropertyNode:Warning: UI Min (0) >= UI Max () for Ranged Numeric
[2014.06.12-18.10.48:301][695]LogSavePackage: Save=341.244232ms
[2014.06.12-18.10.48:301][695]LogSavePackage: Moving '../../../../../../Users/Shaun/Documents/Unreal Projects/Base_Project/Saved/Base_Weapon_BPD7CB5D7E49617BE37729F7B99F8E21AA.tmp' to '../../../../../../Users/Shaun/Documents/Unreal Projects/Base_Project/Content/Blueprints/Weapons/Base_Weapon_BP.uasset'
[2014.06.12-18.11.02:474][633]LogPropertyNode:Warning: UI Min (0) >= UI Max () for Ranged Numeric
[2014.06.12-18.11.02:476][633]LogPropertyNode:Warning: UI Min (0) >= UI Max () for Ranged Numeric
[2014.06.12-18.11.02:476][633]LogPropertyNode:Warning: UI Min (0) >= UI Max () for Ranged Numeric
[2014.06.12-18.11.02:477][633]LogPropertyNode:Warning: UI Min (0) >= UI Max () for Ranged Numeric
[2014.06.12-18.11.02:478][633]LogPropertyNode:Warning: UI Min (0) >= UI Max () for Ranged Numeric
[2014.06.12-18.11.02:478][633]LogPropertyNode:Warning: UI Min (0) >= UI Max () for Ranged Numeric
[2014.06.12-18.11.02:478][633]LogPropertyNode:Warning: UI Min (0) >= UI Max () for Ranged Numeric
[2014.06.12-18.11.02:479][633]LogPropertyNode:Warning: UI Min (0) >= UI Max () for Ranged Numeric
[2014.06.12-18.11.07:843][ 45]LogPropertyNode:Warning: UI Min (0) >= UI Max () for Ranged Numeric
[2014.06.12-18.11.14:741][670]LogPropertyNode:Warning: UI Min (0) >= UI Max () for Ranged Numeric
[2014.06.12-18.11.18:978][ 77]LogPropertyNode:Warning: UI Min (0) >= UI Max () for Ranged Numeric
[2014.06.12-18.11.34:902][159]Cmd: DELETE
[2014.06.12-18.11.34:902][159]Cmd: ACTOR DELETE
[2014.06.12-18.11.34:910][159]LogEditorActor: Deleted Actor: Base_Weapon_BP_C
[2014.06.12-18.11.34:935][159]LogEditorActor: Deleted 1 Actors (0.033 secs)
[2014.06.12-18.11.36:822][290]LogPropertyNode:Warning: UI Min (0) >= UI Max () for Ranged Numeric
[2014.06.12-18.11.38:437][397]LogPropertyNode:Warning: UI Min (0) >= UI Max () for Ranged Numeric
[2014.06.12-18.11.39:966][496]LogPropertyNode:Warning: UI Min (0) >= UI Max () for Ranged Numeric
[2014.06.12-18.11.41:813][618]BlueprintLog: New page: Compile Base_Weapon_BP
[2014.06.12-18.11.42:151][618]BlueprintEditorCompileResults: Info [2688.01] Compile of Base_Weapon_BP successful! [in 0 ms]
[2014.06.12-18.11.43:337][662]LogSavePackage: Save=344.452271ms
[2014.06.12-18.11.43:337][662]LogSavePackage: Moving '../../../../../../Users/Shaun/Documents/Unreal Projects/Base_Project/Saved/Base_Weapon_BPB0E1F52C472F56E4305B43BBA33016AF.tmp' to '../../../../../../Users/Shaun/Documents/Unreal Projects/Base_Project/Content/Blueprints/Weapons/Base_Weapon_BP.uasset'
[2014.06.12-18.12.09:903][555]LogEpicStorage:Warning: ReadFile request failed. File request already pending for filename=http://cdn.unrealengine.com/newsfeed/blueprint_icon_b.png
[2014.06.12-18.12.51:965][603]BlueprintLog: New page: Compile Base_Weapon_BP
[2014.06.12-18.12.52:331][603]BlueprintEditorCompileResults: Info [2758.16] Compile of Base_Weapon_BP successful! [in 0 ms]
[2014.06.12-18.12.55:292][758]LogSavePackage: Save=46.996769ms
[2014.06.12-18.12.55:293][758]LogSavePackage: Moving '../../../../../../Users/Shaun/Documents/Unreal Projects/Base_Project/Saved/Untitled_1_Auto46376B4984D954439B243D8A076998552.tmp' to '../../../../../../Users/Shaun/Documents/Unreal Projects/Base_Project/Saved/Autosaves/Temp/Untitled_1_Auto4.umap'
[2014.06.12-18.12.55:300][758]LogFileHelpers: Editor autosave (incl. sublevels) for '/Temp/Untitled_1' took 0.147
[2014.06.12-18.12.55:300][758]LogFileHelpers: Editor autosave (incl. sublevels) for all levels took 0.147
[2014.06.12-18.12.55:310][758]OBJ SavePackage: Generating thumbnails for [1] asset(s) in package [/Game/Blueprints/Weapons/Base_Weapon_BP] ([1] browsable assets)...
[2014.06.12-18.12.55:349][758]OBJ SavePackage:     Rendered thumbnail for [Blueprint /Game/Blueprints/Weapons/Base_Weapon_BP.Base_Weapon_BP]
[2014.06.12-18.12.55:349][758]OBJ SavePackage: Finished generating thumbnails for package [/Game/Blueprints/Weapons/Base_Weapon_BP]
[2014.06.12-18.12.55:831][758]LogSavePackage: Save=345.412476ms
[2014.06.12-18.12.55:831][758]LogSavePackage: Moving '../../../../../../Users/Shaun/Documents/Unreal Projects/Base_Project/Saved/Base_Weapon_BP_Auto499C9DAA44D0D33DD42DE11A1F716656D.tmp' to '../../../../../../Users/Shaun/Documents/Unreal Projects/Base_Project/Saved/Autosaves/Game/Blueprints/Weapons/Base_Weapon_BP_Auto4.uasset'
[2014.06.12-18.12.55:838][758]LogFileHelpers: Auto-saving content packages took 0.537
[2014.06.12-18.13.09:443][634]BlueprintLog: New page: Compile Base_Weapon_BP
[2014.06.12-18.13.09:803][634]BlueprintEditorCompileResults: Info [2775.64] Compile of Base_Weapon_BP successful! [in 0 ms]
[2014.06.12-18.13.10:701][656]LogSavePackage: Save=339.671631ms
[2014.06.12-18.13.10:701][656]LogSavePackage: Moving '../../../../../../Users/Shaun/Documents/Unreal Projects/Base_Project/Saved/Base_Weapon_BP1EE90F7E4F1E11621D3A56AE609062CA.tmp' to '../../../../../../Users/Shaun/Documents/Unreal Projects/Base_Project/Content/Blueprints/Weapons/Base_Weapon_BP.uasset'
[2014.06.12-18.13.16:520][136]LogParticles: Destroying 0 GPU particle simulations for FXSystem 0x000000000BA2B420
[2014.06.12-18.13.18:447][137]Cmd: QUIT_EDITOR
[2014.06.12-18.13.18:518][137]LogWindowsTextInputMethodSystem:Error: Terminating failed while unadvising the language notification sink from the TSF source.
[2014.06.12-18.13.18:519][137]LogExit: Preparing to exit.
[2014.06.12-18.13.18:949][137]LogExit: Editor shut down
[2014.06.12-18.13.18:950][137]LogExit: Transaction tracking system shut down
[2014.06.12-18.13.18:951][137]LogParticles: Destroying 0 GPU particle simulations for FXSystem 0x0000000014DC6520
[2014.06.12-18.13.18:981][137]LogParticles: Destroying 0 GPU particle simulations for FXSystem 0x00000000099F56C0
[2014.06.12-18.13.18:981][137]LogExit: Object subsystem successfully closed.
[2014.06.12-18.13.19:011][137]LogModuleManager: Shutting down and abandoning module AndroidDeviceDetection (163)
[2014.06.12-18.13.19:011][137]LogModuleManager: Shutting down and abandoning module CrashTracker (162)
[2014.06.12-18.13.19:011][137]LogModuleManager: Shutting down and abandoning module HTTP (161)
[2014.06.12-18.13.19:011][137]LogModuleManager: Shutting down and abandoning module NewsFeed (160)
[2014.06.12-18.13.19:011][137]LogModuleManager: Shutting down and abandoning module SceneOutliner (159)
[2014.06.12-18.13.19:011][137]LogModuleManager: Shutting down and abandoning module EditorWidgets (158)
[2014.06.12-18.13.19:011][137]LogModuleManager: Shutting down and abandoning module CollectionManager (157)
[2014.06.12-18.13.19:012][137]LogModuleManager: Shutting down and abandoning module StatsViewer (156)
[2014.06.12-18.13.19:012][137]LogModuleManager: Shutting down and abandoning module FoliageEdit (155)
[2014.06.12-18.13.19:012][137]LogModuleManager: Shutting down and abandoning module LandscapeEditor (154)
[2014.06.12-18.13.19:017][137]LogModuleManager: Shutting down and abandoning module MeshPaint (153)
[2014.06.12-18.13.19:017][137]LogModuleManager: Shutting down and abandoning module ActorPickerMode (152)
[2014.06.12-18.13.19:017][137]LogModuleManager: Shutting down and abandoning module GeometryMode (151)
[2014.06.12-18.13.19:017][137]LogModuleManager: Shutting down and abandoning module TextureAlignMode (150)
[2014.06.12-18.13.19:017][137]LogModuleManager: Shutting down and abandoning module BspMode (149)
[2014.06.12-18.13.19:017][137]LogModuleManager: Shutting down and abandoning module PlacementMode (148)
[2014.06.12-18.13.19:018][137]LogModuleManager: Shutting down and abandoning module AutomationWorker (147)
[2014.06.12-18.13.19:018][137]LogModuleManager: Shutting down and abandoning module ViewportSnapping (146)
[2014.06.12-18.13.19:018][137]LogModuleManager: Shutting down and abandoning module DeviceProfileEditor (145)
[2014.06.12-18.13.19:018][137]LogModuleManager: Shutting down and abandoning module UndoHistory (144)
[2014.06.12-18.13.19:018][137]LogModuleManager: Shutting down and abandoning module GameplayTagsEditor (143)
[2014.06.12-18.13.19:018][137]LogModuleManager: Shutting down and abandoning module UserFeedback (142)
[2014.06.12-18.13.19:018][137]LogModuleManager: Shutting down and abandoning module XmlParser (141)
[2014.06.12-18.13.19:018][137]LogModuleManager: Shutting down and abandoning module Blutility (140)
[2014.06.12-18.13.19:018][137]LogModuleManager: Shutting down and abandoning module AndroidPlatformEditor (137)
[2014.06.12-18.13.19:018][137]LogModuleManager: Shutting down and abandoning module AndroidRuntimeSettings (136)
[2014.06.12-18.13.19:018][137]LogModuleManager: Shutting down and abandoning module ProjectSettingsViewer (135)
[2014.06.12-18.13.19:018][137]LogModuleManager: Shutting down and abandoning module InputBindingEditor (134)
[2014.06.12-18.13.19:019][137]LogModuleManager: Shutting down and abandoning module EditorSettingsViewer (133)
[2014.06.12-18.13.19:019][137]LogModuleManager: Shutting down and abandoning module SettingsEditor (132)
[2014.06.12-18.13.19:019][137]LogModuleManager: Shutting down and abandoning module SessionLauncher (131)
[2014.06.12-18.13.19:019][137]LogModuleManager: Shutting down and abandoning module SessionFrontend (130)
[2014.06.12-18.13.19:019][137]LogModuleManager: Shutting down and abandoning module ProfilerClient (129)
[2014.06.12-18.13.19:019][137]LogModuleManager: Shutting down and abandoning module TargetDeviceServices (128)
[2014.06.12-18.13.19:019][137]LogModuleManager: Shutting down and abandoning module DeviceManager (127)
[2014.06.12-18.13.19:019][137]LogModuleManager: Shutting down and abandoning module AutomationController (126)
[2014.06.12-18.13.19:019][137]LogModuleManager: Shutting down and abandoning module AutomationWindow (125)
[2014.06.12-18.13.19:019][137]LogModuleManager: Shutting down and abandoning module Layers (124)
[2014.06.12-18.13.19:019][137]LogModuleManager: Shutting down and abandoning module ComponentVisualizers (123)
[2014.06.12-18.13.19:019][137]LogModuleManager: Shutting down and abandoning module DetailCustomizations (122)
[2014.06.12-18.13.19:019][137]LogModuleManager: Shutting down and abandoning module PackagesDialog (121)
[2014.06.12-18.13.19:019][137]LogModuleManager: Shutting down and abandoning module PropertyEditor (120)
[2014.06.12-18.13.19:019][137]LogModuleManager: Shutting down and abandoning module DirectoryWatcher (119)
[2014.06.12-18.13.19:020][137]LogModuleManager: Shutting down and abandoning module AssetRegistry (118)
[2014.06.12-18.13.19:061][137]LogModuleManager: Shutting down and abandoning module Persona (117)
[2014.06.12-18.13.19:061][137]LogModuleManager: Shutting down and abandoning module GraphEditor (116)
[2014.06.12-18.13.19:061][137]LogModuleManager: Shutting down and abandoning module ContentBrowser (115)
[2014.06.12-18.13.19:061][137]LogModuleManager: Shutting down and abandoning module ClassViewer (114)
[2014.06.12-18.13.19:061][137]LogModuleManager: Shutting down and abandoning module Toolbox (113)
[2014.06.12-18.13.19:061][137]LogModuleManager: Shutting down and abandoning module ModuleUI (112)
[2014.06.12-18.13.19:061][137]LogModuleManager: Shutting down and abandoning module Sequencer (111)
[2014.06.12-18.13.19:061][137]LogModuleManager: Shutting down and abandoning module AssetTools (110)
[2014.06.12-18.13.19:061][137]LogModuleManager: Shutting down and abandoning module MovieSceneTools (109)
[2014.06.12-18.13.19:061][137]LogModuleManager: Shutting down and abandoning module OutputLog (108)
[2014.06.12-18.13.19:061][137]LogModuleManager: Shutting down and abandoning module GammaUI (107)
[2014.06.12-18.13.19:061][137]LogModuleManager: Shutting down and abandoning module Documentation (106)
[2014.06.12-18.13.19:061][137]LogModuleManager: Shutting down and abandoning module StreamingPauseRendering (105)
[2014.06.12-18.13.19:061][137]LogModuleManager: Shutting down and abandoning module AnalyticsET (104)
[2014.06.12-18.13.19:061][137]LogModuleManager: Shutting down and abandoning module Analytics (103)
[2014.06.12-18.13.19:061][137]LogModuleManager: Shutting down and abandoning module ProfilerService (102)
[2014.06.12-18.13.19:245][137]LogModuleManager: Shutting down and abandoning module TaskGraph (101)
[2014.06.12-18.13.19:245][137]LogModuleManager: Shutting down and abandoning module GameProjectGeneration (100)
[2014.06.12-18.13.19:245][137]LogModuleManager: Shutting down and abandoning module Matinee (99)
[2014.06.12-18.13.19:245][137]LogModuleManager: Shutting down and abandoning module Kismet (98)
[2014.06.12-18.13.19:245][137]LogModuleManager: Shutting down and abandoning module SlateReflector (97)
[2014.06.12-18.13.19:245][137]LogModuleManager: Shutting down and abandoning module LevelEditor (96)
[2014.06.12-18.13.19:246][137]LogModuleManager: Shutting down and abandoning module MainFrame (95)
[2014.06.12-18.13.19:246][137]LogModuleManager: Shutting down and abandoning module SourceControl (94)
[2014.06.12-18.13.19:246][137]LogModuleManager: Shutting down and abandoning module ImageWrapper (93)
[2014.06.12-18.13.19:246][137]LogModuleManager: Shutting down and abandoning module OnlineBlueprintSupport (92)
[2014.06.12-18.13.19:246][137]LogModuleManager: Shutting down and abandoning module FunctionalTesting (91)
[2014.06.12-18.13.19:246][137]LogModuleManager: Shutting down and abandoning module CollisionAnalyzer (90)
[2014.06.12-18.13.19:246][137]LogModuleManager: Shutting down and abandoning module WorkspaceMenuStructure (89)
[2014.06.12-18.13.19:246][137]LogModuleManager: Shutting down and abandoning module MessageLog (88)
[2014.06.12-18.13.19:246][137]LogModuleManager: Shutting down and abandoning module Slate (87)
[2014.06.12-18.13.19:246][137]LogModuleManager: Shutting down and abandoning module EditorStyle (86)
[2014.06.12-18.13.19:248][137]LogModuleManager: Shutting down and abandoning module SessionServices (85)
[2014.06.12-18.13.19:248][137]LogModuleManager: Shutting down and abandoning module Messaging (84)
[2014.06.12-18.13.19:248][137]LogModuleManager: Shutting down and abandoning module SourceCodeAccess (83)
[2014.06.12-18.13.19:248][137]LogModuleManager: Shutting down and abandoning module HeadMountedDisplay (82)
[2014.06.12-18.13.19:248][137]LogModuleManager: Shutting down and abandoning module XAudio2 (81)
[2014.06.12-18.13.19:248][137]LogModuleManager: Shutting down and abandoning module Networking (79)
[2014.06.12-18.13.19:248][137]LogModuleManager: Shutting down and abandoning module Core (78)
[2014.06.12-18.13.19:248][137]LogModuleManager: Shutting down and abandoning module KismetCompiler (77)
[2014.06.12-18.13.19:248][137]LogModuleManager: Shutting down and abandoning module PhysXFormats (76)
[2014.06.12-18.13.19:248][137]LogModuleManager: Shutting down and abandoning module SimplygonMeshReduction (75)
[2014.06.12-18.13.19:248][137]LogModuleManager: Shutting down and abandoning module MeshUtilities (74)
[2014.06.12-18.13.19:248][137]LogModuleManager: Shutting down and abandoning module DerivedDataCache (73)
[2014.06.12-18.13.19:297][137]LogDerivedDataCache: Shutdown
[2014.06.12-18.13.19:297][137]LogModuleManager: Shutting down and abandoning module ShaderFormatOpenGL (72)
[2014.06.12-18.13.19:297][137]LogModuleManager: Shutting down and abandoning module ShaderFormatD3D (71)
[2014.06.12-18.13.19:297][137]LogModuleManager: Shutting down and abandoning module TextureFormatUncompressed (70)
[2014.06.12-18.13.19:297][137]LogModuleManager: Shutting down and abandoning module TextureFormatPVR (69)
[2014.06.12-18.13.19:297][137]LogModuleManager: Shutting down and abandoning module TextureFormatDXT (68)
[2014.06.12-18.13.19:297][137]LogModuleManager: Shutting down and abandoning module TextureFormatAndroid (67)
[2014.06.12-18.13.19:297][137]LogModuleManager: Shutting down and abandoning module AudioFormatOpus (66)
[2014.06.12-18.13.19:297][137]LogModuleManager: Shutting down and abandoning module AudioFormatOgg (65)
[2014.06.12-18.13.19:297][137]LogModuleManager: Shutting down and abandoning module AudioFormatADPCM (64)
[2014.06.12-18.13.19:297][137]LogModuleManager: Shutting down and abandoning module Android_PVRTCTargetPlatform (63)
[2014.06.12-18.13.19:297][137]LogModuleManager: Shutting down and abandoning module Android_ETC2TargetPlatform (62)
[2014.06.12-18.13.19:297][137]LogModuleManager: Shutting down and abandoning module Android_ETC1TargetPlatform (61)
[2014.06.12-18.13.19:297][137]LogModuleManager: Shutting down and abandoning module Android_DXTTargetPlatform (60)
[2014.06.12-18.13.19:297][137]LogModuleManager: Shutting down and abandoning module Android_ATCTargetPlatform (59)
[2014.06.12-18.13.19:297][137]LogModuleManager: Shutting down and abandoning module AndroidTargetPlatform (58)
[2014.06.12-18.13.19:297][137]LogModuleManager: Shutting down and abandoning module WindowsTargetPlatform (57)
[2014.06.12-18.13.19:297][137]LogModuleManager: Shutting down and abandoning module WindowsServerTargetPlatform (56)
[2014.06.12-18.13.19:297][137]LogModuleManager: Shutting down and abandoning module WindowsNoEditorTargetPlatform (55)
[2014.06.12-18.13.19:297][137]LogModuleManager: Shutting down and abandoning module WindowsClientTargetPlatform (54)
[2014.06.12-18.13.19:297][137]LogModuleManager: Shutting down and abandoning module TargetPlatform (53)
[2014.06.12-18.13.19:297][137]LogModuleManager: Shutting down and abandoning module InputCore (52)
[2014.06.12-18.13.19:297][137]LogModuleManager: Shutting down and abandoning module Settings (51)
[2014.06.12-18.13.19:297][137]LogModuleManager: Shutting down and abandoning module TextureCompressor (48)
[2014.06.12-18.13.19:297][137]LogModuleManager: Shutting down and abandoning module ShaderCore (47)
[2014.06.12-18.13.19:297][137]LogModuleManager: Shutting down and abandoning module OpenGLDrv (46)
[2014.06.12-18.13.19:297][137]LogModuleManager: Shutting down and abandoning module D3D11RHI (45)
[2014.06.12-18.13.19:297][137]LogModuleManager: Shutting down and abandoning module SlateRHIRenderer (44)
[2014.06.12-18.13.19:297][137]LogModuleManager: Shutting down and abandoning module Renderer (43)
[2014.06.12-18.13.19:297][137]LogModuleManager: Shutting down and abandoning module Engine (42)
[2014.06.12-18.13.19:297][137]LogModuleManager: Shutting down and abandoning module SlateRemote (41)
[2014.06.12-18.13.19:297][137]LogModuleManager: Shutting down and abandoning module ScriptPlugin (40)
[2014.06.12-18.13.19:297][137]LogModuleManager: Shutting down and abandoning module ScriptEditorPlugin (38)
[2014.06.12-18.13.19:297][137]LogModuleManager: Shutting down and abandoning module WindowsMoviePlayer (37)
[2014.06.12-18.13.19:301][137]LogModuleManager: Shutting down and abandoning module ExampleDeviceProfileSelector (32)
[2014.06.12-18.13.19:301][137]LogModuleManager: Shutting down and abandoning module CustomMeshComponent (31)
[2014.06.12-18.13.19:301][137]LogModuleManager: Shutting down and abandoning module CableComponent (30)
[2014.06.12-18.13.19:301][137]LogModuleManager: Shutting down and abandoning module OculusRift (26)
[2014.06.12-18.13.19:301][137]LogModuleManager: Shutting down and abandoning module UdpMessaging (25)
[2014.06.12-18.13.19:401][137]LogModuleManager: Shutting down and abandoning module MessagingDebugger (24)
[2014.06.12-18.13.19:401][137]LogModuleManager: Shutting down and abandoning module PluginsEditor (14)
[2014.06.12-18.13.19:401][137]LogModuleManager: Shutting down and abandoning module IntroTutorials (13)
[2014.06.12-18.13.19:401][137]LogModuleManager: Shutting down and abandoning module EpicSurvey (12)
[2014.06.12-18.13.19:401][137]LogModuleManager: Shutting down and abandoning module VisualStudioSourceCodeAccess (10)
[2014.06.12-18.13.19:401][137]LogModuleManager: Shutting down and abandoning module UObjectPlugin (9)
[2014.06.12-18.13.19:401][137]LogModuleManager: Shutting down and abandoning module SubversionSourceControl (8)
[2014.06.12-18.13.19:401][137]LogModuleManager: Shutting down and abandoning module PerforceSourceControl (7)
[2014.06.12-18.13.19:401][137]LogModuleManager: Shutting down and abandoning module BlankPlugin (6)
[2014.06.12-18.13.19:401][137]LogModuleManager: Shutting down and abandoning module CoreUObject (5)
[2014.06.12-18.13.19:401][137]LogModuleManager: Shutting down and abandoning module NetworkFile (4)
[2014.06.12-18.13.19:401][137]LogModuleManager: Shutting down and abandoning module StreamingFile (3)
[2014.06.12-18.13.19:401][137]LogModuleManager: Shutting down and abandoning module SandboxFile (2)
[2014.06.12-18.13.19:401][137]LogModuleManager: Shutting down and abandoning module PakFile (1)
[2014.06.12-18.13.19:401][137]LogExit: Exiting.
[2014.06.12-18.13.19:404][137]Log file closed, 06/12/14 19:13:19
