Log file open, 09/05/17 09:48:48
LogWindows: LoadLibraryWithSearchPaths failed for file aqProf.dll. GetLastError=0
LogWindows: LoadLibraryWithSearchPaths failed for file VSPerf140.dll. GetLastError=0
LogWindows: LoadLibraryWithSearchPaths failed for file VtuneApi.dll. GetLastError=0
LogWindows: LoadLibraryWithSearchPaths failed for file VtuneApi32e.dll. GetLastError=0
LogInit: Display: Running engine for game: MyProject
LogPlatformFile: Not using cached read wrapper
LogInit: Display: RandInit(1490460668) SRandInit(1490460669).
LogTaskGraph: Started task graph with 5 named threads and 8 total threads with 3 sets of task threads.
LogStats: Stats thread started at 0.317394
LogD3D11RHI: Aftermath initialized
LogPluginManager: Mounting plugin Paper2D
LogPluginManager: Mounting plugin LightPropagationVolume
LogPluginManager: Mounting plugin CodeLiteSourceCodeAccess
LogPluginManager: Mounting plugin GitSourceControl
LogPluginManager: Mounting plugin KDevelopSourceCodeAccess
LogPluginManager: Mounting plugin NullSourceCodeAccess
LogPluginManager: Mounting plugin PerforceSourceControl
LogPluginManager: Mounting plugin SubversionSourceControl
LogPluginManager: Mounting plugin UObjectPlugin
LogPluginManager: Mounting plugin VisualStudioSourceCodeAccess
LogPluginManager: Mounting plugin XCodeSourceCodeAccess
LogPluginManager: Mounting plugin AssetManagerEditor
LogPluginManager: Mounting plugin AudioCapture
LogPluginManager: Mounting plugin FacialAnimation
LogPluginManager: Mounting plugin GameplayTagsEditor
LogPluginManager: Mounting plugin MobileLauncherProfileWizard
LogPluginManager: Mounting plugin PluginBrowser
LogPluginManager: Mounting plugin SpeedTreeImporter
LogPluginManager: Mounting plugin AlembicImporter
LogPluginManager: Mounting plugin CharacterAI
LogPluginManager: Mounting plugin HTML5Networking
LogPluginManager: Mounting plugin AndroidMedia
LogPluginManager: Mounting plugin AvfMedia
LogPluginManager: Mounting plugin MediaPlayerEditor
LogPluginManager: Mounting plugin WmfMedia
LogPluginManager: Mounting plugin TcpMessaging
LogPluginManager: Mounting plugin UdpMessaging
LogPluginManager: Mounting plugin LevelSequenceEditor
LogPluginManager: Mounting plugin MatineeToLevelSequence
LogPluginManager: Mounting plugin OnlineSubsystemGooglePlay
LogPluginManager: Mounting plugin OnlineSubsystemIOS
LogPluginManager: Mounting plugin OnlineSubsystem
LogPluginManager: Mounting plugin OnlineSubsystemNull
LogPluginManager: Mounting plugin OnlineSubsystemUtils
LogPluginManager: Mounting plugin AndroidDeviceProfileSelector
LogPluginManager: Mounting plugin AndroidMoviePlayer
LogPluginManager: Mounting plugin AndroidPermission
LogPluginManager: Mounting plugin AppleMoviePlayer
LogPluginManager: Mounting plugin ArchVisCharacter
LogPluginManager: Mounting plugin CableComponent
LogPluginManager: Mounting plugin CustomMeshComponent
LogPluginManager: Mounting plugin ExampleDeviceProfileSelector
LogPluginManager: Mounting plugin GoogleCloudMessaging
LogPluginManager: Mounting plugin ImmediatePhysics
LogPluginManager: Mounting plugin IOSDeviceProfileSelector
LogPluginManager: Mounting plugin LinuxDeviceProfileSelector
LogPluginManager: Mounting plugin LocationServicesBPLibrary
LogPluginManager: Mounting plugin MobilePatchingUtils
LogPluginManager: Mounting plugin OculusVR
LogPluginManager: Mounting plugin PhysXVehicles
LogPluginManager: Mounting plugin ProceduralMeshComponent
LogPluginManager: Mounting plugin RuntimePhysXCooking
LogPluginManager: Mounting plugin SteamVR
LogPluginManager: Mounting plugin WindowsMoviePlayer
LogInit: Using libcurl 7.47.1
LogInit:  - built for x86_64-pc-win32
LogInit:  - supports SSL with OpenSSL/1.0.2g
LogInit:  - supports HTTP deflate (compression) using libz 1.2.8
LogInit:  - other features:
LogInit:      CURL_VERSION_SSL
LogInit:      CURL_VERSION_LIBZ
LogInit:      CURL_VERSION_IPV6
LogInit:      CURL_VERSION_ASYNCHDNS
LogInit:      CURL_VERSION_LARGEFILE
LogInit:      CURL_VERSION_IDN
LogInit:  CurlRequestOptions (configurable via config and command line):
LogInit:  - bVerifyPeer = false  - Libcurl will NOT verify peer certificate
LogInit:  - bUseHttpProxy = false  - Libcurl will NOT use HTTP proxy
LogInit:  - bDontReuseConnections = false  - Libcurl will reuse connections
LogInit:  - CertBundlePath = nullptr  - Libcurl will use whatever was configured at build time.
LogInit: Build: ++UE4+Release-4.17-CL-3586342
LogInit: Engine Version: 4.17.1-3586342+++UE4+Release-4.17
LogInit: Compatible Engine Version: 4.17.0-3573198+++UE4+Release-4.17
LogInit: Net CL: 3573198
LogDevObjectVersion: Number of dev versions registered: 16
LogDevObjectVersion:   Dev-Blueprints (B0D832E4-1F89-4F0D-ACCF-7EB736FD4AA2): 10
LogDevObjectVersion:   Dev-Build (E1C64328-A22C-4D53-A36C-8E866417BD8C): 0
LogDevObjectVersion:   Dev-Core (375EC13C-06E4-48FB-B500-84F0262A717E): 2
LogDevObjectVersion:   Dev-Editor (E4B068ED-F494-42E9-A231-DA0B2E46BB41): 20
LogDevObjectVersion:   Dev-Framework (CFFC743F-43B0-4480-9391-14DF171D2073): 28
LogDevObjectVersion:   Dev-Mobile (B02B49B5-BB20-44E9-A304-32B752E40360): 0
LogDevObjectVersion:   Dev-Networking (A4E4105C-59A1-49B5-A7C5-40C4547EDFEE): 0
LogDevObjectVersion:   Dev-Online (39C831C9-5AE6-47DC-9A44-9C173E1C8E7C): 0
LogDevObjectVersion:   Dev-Physics (78F01B33-EBEA-4F98-B9B4-84EACCB95AA2): 0
LogDevObjectVersion:   Dev-Platform (6631380F-2D4D-43E0-8009-CF276956A95A): 0
LogDevObjectVersion:   Dev-Rendering (12F88B9F-8875-4AFC-A67C-D90C383ABD29): 19
LogDevObjectVersion:   Dev-Sequencer (7B5AE74C-D270-4C10-A958-57980B212A5A): 4
LogDevObjectVersion:   Dev-VR (D7296918-1DD6-4BDD-9DE2-64A83CC13884): 0
LogDevObjectVersion:   Dev-LoadTimes (C2A15278-BFE7-4AFE-6C17-90FF531DF755): 1
LogDevObjectVersion:   Private-Geometry (6EACA3D4-40EC-4CC1-B786-8BED09428FC5): 1
LogDevObjectVersion:   Dev-AnimPhys (29E575DD-E0A3-4627-9D10-D276232CDCEA): 7
LogInit: Compiled (64-bit): Aug 15 2017 02:05:26
LogInit: Compiled with Visual C++: 19.00.24215.01
LogInit: Build Configuration: Development
LogInit: Branch Name: ++UE4+Release-4.17
LogInit: Command line: -EpicPortal 
LogInit: Base directory: C:/Program Files/Epic Games/UE_4.17/Engine/Binaries/Win64/
LogInit: Installed Engine Build: 1
LogInit: Presizing for max 8388607 objects, including 0 objects not considered by GC, pre-allocating 0 bytes for permanent pool.
LogInit: Object subsystem initialized
[2017.09.05-07.48.50:258][  0]LogInit: Selected Device Profile: [Windows]
[2017.09.05-07.48.50:258][  0]LogInit: Applying CVar settings loaded from the selected device profile: [Windows]
[2017.09.05-07.48.50:322][  0]LogInit: Computer: HP-HP
[2017.09.05-07.48.50:323][  0]LogInit: User: hp
[2017.09.05-07.48.50:323][  0]LogInit: CPU Page size=4096, Cores=2
[2017.09.05-07.48.50:323][  0]LogInit: High frequency timer resolution =2.435777 MHz
[2017.09.05-07.48.50:324][  0]LogMemory: Memory total: Physical=3.9GB (4GB approx)
[2017.09.05-07.48.50:324][  0]LogMemory: Platform Memory Stats for Windows
[2017.09.05-07.48.50:324][  0]LogMemory: Process Physical Memory: 277.86 MB used, 277.86 MB peak
[2017.09.05-07.48.50:324][  0]LogMemory: Process Virtual Memory: 275.98 MB used, 275.98 MB peak
[2017.09.05-07.48.50:324][  0]LogMemory: Physical Memory: 3280.76 MB used,  696.34 MB free, 3977.11 MB total
[2017.09.05-07.48.50:324][  0]LogMemory: Virtual Memory: 667.01 MB used,  696.34 MB free, 134217728.00 MB total
[2017.09.05-07.48.51:050][  0]LogInit: Using OS detected language (de-DE).
[2017.09.05-07.48.51:050][  0]LogInit: Using OS detected locale (de-DE).
[2017.09.05-07.48.51:067][  0]LogTextLocalizationManager: No localization for 'de-DE' exists, so 'en' will be used for the language.
[2017.09.05-07.48.51:069][  0]LogTextLocalizationManager: No localization for 'de-DE' exists, so 'en' will be used for the locale.
[2017.09.05-07.48.54:199][  0]LogD3D11RHI: D3D11 adapters:
[2017.09.05-07.48.55:048][  0]LogD3D11RHI:    0. 'AMD Radeon HD 8750M' (Feature Level 11_0)
[2017.09.05-07.48.55:048][  0]LogD3D11RHI:       2031/0/1988 MB DedicatedVideo/DedicatedSystem/SharedSystem, Outputs:1, VendorId:0x1002
[2017.09.05-07.48.55:070][  0]LogD3D11RHI:    1. 'Intel(R) HD Graphics 4600' (Feature Level 11_0)
[2017.09.05-07.48.55:070][  0]LogD3D11RHI:       112/0/1988 MB DedicatedVideo/DedicatedSystem/SharedSystem, Outputs:0, VendorId:0x8086
[2017.09.05-07.48.55:075][  0]LogD3D11RHI:    2. 'Microsoft Basic Render Driver' (Feature Level 11_0)
[2017.09.05-07.48.55:075][  0]LogD3D11RHI:       0/0/1988 MB DedicatedVideo/DedicatedSystem/SharedSystem, Outputs:0, VendorId:0x1414
[2017.09.05-07.48.55:076][  0]LogD3D11RHI: Chosen D3D11 Adapter: 0
[2017.09.05-07.48.55:096][  0]LogD3D11RHI: Creating new Direct3DDevice
[2017.09.05-07.48.55:096][  0]LogD3D11RHI:     GPU DeviceId: 0x6600 (for the marketing name, search the web for "GPU Device Id")
[2017.09.05-07.48.55:096][  0]LogWindows: EnumDisplayDevices:
[2017.09.05-07.48.55:097][  0]LogWindows:    0. 'Intel(R) HD Graphics 4600' (P:1 D:1)
[2017.09.05-07.48.55:098][  0]LogWindows:    1. 'Intel(R) HD Graphics 4600' (P:0 D:0)
[2017.09.05-07.48.55:099][  0]LogWindows:    2. 'Intel(R) HD Graphics 4600' (P:0 D:0)
[2017.09.05-07.48.55:100][  0]LogWindows: DebugString: PrimaryIsNotTheChoosenAdapter PrimaryIsNotTheChoosenAdapter PrimaryIsNotTheChoosenAdapter FoundDriverCount:0 
[2017.09.05-07.48.55:100][  0]LogD3D11RHI:     Adapter Name: AMD Radeon HD 8750M
[2017.09.05-07.48.55:100][  0]LogD3D11RHI:   Driver Version: Unknown (internal:Unknown, unified:Unknown)
[2017.09.05-07.48.55:100][  0]LogD3D11RHI:      Driver Date: Unknown
[2017.09.05-07.48.55:101][  0]LogRHI: Texture pool is 1361 MB (70% of 1945 MB)
[2017.09.05-07.48.56:070][  0]LogD3D11RHI: Async texture creation enabled
[2017.09.05-07.48.56:112][  0]LogD3D11RHI: GPU Timing Frequency: 27.000000 (Debug: 2 1)
[2017.09.05-07.48.56:120][  0]LogShaderCompilers: Guid format shader working directory is -20 characters bigger than the processId version (../../../../../../Users/hp/Documents/Unreal Projects/MyProject/Intermediate/Shaders/WorkingDirectory/10296/).
[2017.09.05-07.48.56:121][  0]LogShaderCompilers: Cleaned the shader compiler working directory 'C:/Users/hp/AppData/Local/Temp/UnrealShaderWorkingDir/9E9D87D04DE8549AF590A7A3FDE22124/'.
[2017.09.05-07.48.56:121][  0]LogShaderCompilers: Display: Using Local Shader Compiler.
[2017.09.05-07.49.05:267][  0]LogTemp: Display: Loaded TP AllDesktopTargetPlatform
[2017.09.05-07.49.05:492][  0]LogTemp: Display: Loaded TP MacClientTargetPlatform
[2017.09.05-07.49.05:717][  0]LogTemp: Display: Loaded TP MacNoEditorTargetPlatform
[2017.09.05-07.49.05:942][  0]LogTemp: Display: Loaded TP MacServerTargetPlatform
[2017.09.05-07.49.06:172][  0]LogTemp: Display: Loaded TP MacTargetPlatform
[2017.09.05-07.49.06:423][  0]LogTemp: Display: Loaded TP WindowsClientTargetPlatform
[2017.09.05-07.49.06:670][  0]LogTemp: Display: Loaded TP WindowsNoEditorTargetPlatform
[2017.09.05-07.49.06:894][  0]LogTemp: Display: Loaded TP WindowsServerTargetPlatform
[2017.09.05-07.49.07:097][  0]LogTemp: Display: Loaded TP WindowsTargetPlatform
[2017.09.05-07.49.07:326][  0]LogTemp: Display: Loaded TP AndroidTargetPlatform
[2017.09.05-07.49.07:560][  0]LogTemp: Display: Loaded TP Android_ASTCTargetPlatform
[2017.09.05-07.49.07:804][  0]LogTemp: Display: Loaded TP Android_ATCTargetPlatform
[2017.09.05-07.49.08:030][  0]LogTemp: Display: Loaded TP Android_DXTTargetPlatform
[2017.09.05-07.49.08:255][  0]LogTemp: Display: Loaded TP Android_ETC1TargetPlatform
[2017.09.05-07.49.08:478][  0]LogTemp: Display: Loaded TP Android_ETC2TargetPlatform
[2017.09.05-07.49.08:944][  0]LogTemp: Display: Loaded TP Android_MultiTargetPlatform
[2017.09.05-07.49.08:944][  0]LogTemp: Display: Loaded TP Android_PVRTCTargetPlatform
[2017.09.05-07.49.09:115][  0]LogTemp: Display: Loaded TP HTML5TargetPlatform
[2017.09.05-07.49.09:445][  0]LogTemp: Display: Loaded TP IOSTargetPlatform
[2017.09.05-07.49.09:583][  0]LogTemp: Display: Loaded TP TVOSTargetPlatform
[2017.09.05-07.49.09:846][  0]LogTemp: Display: Loaded TP LinuxClientTargetPlatform
[2017.09.05-07.49.10:100][  0]LogTemp: Display: Loaded TP LinuxNoEditorTargetPlatform
[2017.09.05-07.49.10:353][  0]LogTemp: Display: Loaded TP LinuxServerTargetPlatform
[2017.09.05-07.49.10:605][  0]LogTemp: Display: Loaded TP LinuxTargetPlatform
[2017.09.05-07.49.10:605][  0]LogTargetPlatformManager: Display: Building Assets For Windows
[2017.09.05-07.49.12:794][  0]LogDerivedDataCache: Display: Max Cache Size: 512 MB
[2017.09.05-07.49.13:237][  0]LogDerivedDataCache: Loaded boot cache 0.44s 93MB C:/Users/hp/AppData/Local/UnrealEngine/4.17/DerivedDataCache/Boot.ddc.
[2017.09.05-07.49.13:237][  0]LogDerivedDataCache: Display: Loaded Boot cache: C:/Users/hp/AppData/Local/UnrealEngine/4.17/DerivedDataCache/Boot.ddc
[2017.09.05-07.49.13:238][  0]LogDerivedDataCache: FDerivedDataBackendGraph:  Pak pak cache file ../../../../../../Users/hp/Documents/Unreal Projects/MyProject/DerivedDataCache/DDC.ddp not found, will not use a pak cache.
[2017.09.05-07.49.13:238][  0]LogDerivedDataCache: Unable to find inner node Pak for hierarchical cache Hierarchy.
[2017.09.05-07.49.13:238][  0]LogDerivedDataCache: FDerivedDataBackendGraph:  CompressedPak pak cache file ../../../../../../Users/hp/Documents/Unreal Projects/MyProject/DerivedDataCache/Compressed.ddp not found, will not use a pak cache.
[2017.09.05-07.49.13:238][  0]LogDerivedDataCache: Unable to find inner node CompressedPak for hierarchical cache Hierarchy.
[2017.09.05-07.49.13:339][  0]LogDerivedDataCache: Display: Pak cache opened for reading ../../../Engine/DerivedDataCache/Compressed.ddp.
[2017.09.05-07.49.13:356][  0]LogDerivedDataCache: Using Local data cache path C:/Users/hp/AppData/Local/UnrealEngine/Common/DerivedDataCache: Writable
[2017.09.05-07.49.13:414][  0]LogMaterial: Verifying Global Shaders for PCD3D_SM5
[2017.09.05-07.49.13:415][  0]LogSlate: Using Freetype 2.6.0
[2017.09.05-07.49.13:419][  0]LogSlate: SlateFontCache - WITH_FREETYPE: 1, WITH_HARFBUZZ: 1
[2017.09.05-07.49.13:419][  0]LogSlate: SlateFontCache - WITH_FREETYPE: 1, WITH_HARFBUZZ: 1
[2017.09.05-07.49.14:913][  0]LogAssetRegistry: FAssetRegistry took 0.0514 seconds to start up
[2017.09.05-07.49.15:702][  0]LogInit: Selected Device Profile: [Windows]
[2017.09.05-07.49.17:234][  0]LogContentStreaming: Texture pool size is 0.00 MB
[2017.09.05-07.49.18:783][  0]LogSimplygon: Simplygon DLL not present - disabling.
[2017.09.05-07.49.18:978][  0]LogMeshReduction: Using SimplygonSwarm for distributed automatic mesh merging
[2017.09.05-07.49.18:978][  0]LogMeshReduction: Using QuadricMeshReduction for automatic static mesh reduction
[2017.09.05-07.49.18:978][  0]LogMeshReduction: No automatic skeletal mesh reduction module available
[2017.09.05-07.49.18:978][  0]LogMeshReduction: No automatic mesh merging module available
[2017.09.05-07.49.18:978][  0]LogMeshMerging: No automatic mesh merging module available
[2017.09.05-07.49.21:676][  0]LogNetVersion: MyProject , NetCL: 3573198, EngineNetVer: 2, GameNetVer: 0 (Checksum: 3113362612)
[2017.09.05-07.49.23:369][  0]LogPackageLocalizationCache: Processed 5 localized package path(s) for 1 prioritized culture(s) in 0.139787 seconds
[2017.09.05-07.49.23:396][  0]LogUObjectArray: 35825 objects as part of root set at end of initial load.
[2017.09.05-07.49.23:396][  0]LogUObjectAllocator: 7529104 out of 0 bytes used by permanent object pool.
[2017.09.05-07.49.23:396][  0]LogUObjectArray: CloseDisregardForGC: 0/0 objects in disregard for GC pool
[2017.09.05-07.49.23:904][  0]LogInit: WinSock: version 1.1 (2.2), MaxSocks=32767, MaxUdp=65467
[2017.09.05-07.49.45:785][  0]LogTcpMessaging: Initializing TcpMessaging bridge
[2017.09.05-07.49.45:981][  0]LogUdpMessaging: Initializing bridge on interface 0.0.0.0:0 to multicast group 230.0.0.1:6666.
[2017.09.05-07.49.49:534][  0]LogMaterial: Uniform references updated for custom material expression Custom.
[2017.09.05-07.49.51:954][  0]SourceControl: Source control is disabled
[2017.09.05-07.49.51:955][  0]SourceControl: Source control is disabled
[2017.09.05-07.49.52:224][  0]SourceControl: Source control is disabled
[2017.09.05-07.49.52:467][  0]SourceControl: Source control is disabled
[2017.09.05-07.49.55:557][  0]LogAndroidPermission: UAndroidPermissionCallbackProxy::GetInstance
[2017.09.05-07.49.56:742][  0]LogOcInput: OculusInput pre-init called
[2017.09.05-07.49.58:083][  0]LogEngine: Initializing Engine...
[2017.09.05-07.49.58:089][  0]LogHMD: Failed to initialize OpenVR with code 110
[2017.09.05-07.49.59:649][  0]LogStats: UGameplayTagsManager::ConstructGameplayTagTree: Construct from data asset -  0.000 s
[2017.09.05-07.49.59:650][  0]LogStats: UGameplayTagsManager::ConstructGameplayTagTree: GameplayTagTreeChangedEvent.Broadcast -  0.000 s
[2017.09.05-07.50.00:279][  0]LogAIModule: Creating AISystem for world Untitled
[2017.09.05-07.50.00:306][  0]LogInit: XAudio2 using 'Speakers / HP (IDT High Definition Audio CODEC)' : 2 channels at 48 kHz using 16 bits per sample (channel mask 0x3)
[2017.09.05-07.50.00:436][  0]LogInit: FAudioDevice initialized.
[2017.09.05-07.50.00:676][  0]LogDerivedDataCache: Saved boot cache 0.24s 93MB C:/Users/hp/AppData/Local/UnrealEngine/4.17/DerivedDataCache/Boot.ddc.
[2017.09.05-07.50.00:749][  0]LogInit: Texture streaming: Enabled
[2017.09.05-07.50.01:461][  0]LogEngineSessionManager: EngineSessionManager initialized
[2017.09.05-07.50.02:648][  0]LogInit: Transaction tracking system initialized
[2017.09.05-07.50.04:331][  0]BlueprintLog: New page: Editor Load
[2017.09.05-07.50.09:354][  0]LocalizationService: Localization service is disabled
[2017.09.05-07.50.13:619][  0]LogConsoleResponse: Display: 
[2017.09.05-07.50.15:355][  0]LogCook: Display: Max memory allowance for cook 16384mb min free memory 0mb
[2017.09.05-07.50.15:355][  0]LogCook: Display: Mobile HDR setting 1
[2017.09.05-07.50.15:355][  0]LogGameplayTags: Display: UGameplayTagsManager::DoneAddingNativeTags. DelegateIsBound: 0
[2017.09.05-07.50.15:837][  0]LogFileCache: Scanning file cache for directory 'C:/Users/hp/Documents/Unreal Projects/MyProject/Content/' took 0.10s
[2017.09.05-07.50.20:902][  0]SourceControl: Source control is disabled
[2017.09.05-07.50.20:903][  0]Cmd: MAP LOAD FILE="../../../../../../Users/hp/Documents/Unreal Projects/MyProject/Content/TwinStickBP/Maps/TwinStickExampleMap.umap" TEMPLATE=0 SHOWPROGRESS=1 FEATURELEVEL=3
[2017.09.05-07.50.20:921][  0]LightingResults: New page: Lighting Build
[2017.09.05-07.50.21:120][  0]MapCheck: New page: Map Check
[2017.09.05-07.50.21:120][  0]LightingResults: New page: Lighting Build
[2017.09.05-07.50.28:657][  0]LogAIModule: Creating AISystem for world TwinStickExampleMap
[2017.09.05-07.50.28:758][  0]LogEditorServer: Finished looking for orphan Actors (0.000 secs)
[2017.09.05-07.50.29:021][  0]Cmd: MAP CHECKDEP NOCLEARLOG
[2017.09.05-07.50.29:392][  0]MapCheck: Map check complete: 0 Error(s), 0 Warning(s), took 370.897ms to complete.
[2017.09.05-07.50.29:393][  0]LogFileHelpers: Loading map 'TwinStickExampleMap' took 8.490
[2017.09.05-07.50.29:492][  0]LogWindowsTextInputMethodSystem: Display: IME system now deactivated.
[2017.09.05-07.50.30:068][  0]LogCollectionManager: Loaded 0 collections in 0.009183 seconds
[2017.09.05-07.50.30:350][  0]LogFileCache: Scanning file cache for directory 'C:/Users/hp/Documents/Unreal Projects/MyProject/Saved/Collections/' took 0.01s
[2017.09.05-07.50.30:350][  0]LogFileCache: Scanning file cache for directory 'C:/Users/hp/Documents/Unreal Projects/MyProject/Content/Developers/hp/Collections/' took 0.01s
[2017.09.05-07.50.30:350][  0]LogFileCache: Scanning file cache for directory 'C:/Users/hp/Documents/Unreal Projects/MyProject/Content/Collections/' took 0.01s
[2017.09.05-07.50.30:351][  0]LogCollectionManager: Rebuilt the GUID cache for 0 collections in 0.000001 seconds
[2017.09.05-07.50.30:400][  0]LogContentBrowser: Native class hierarchy populated in 0.0468 seconds. Added 2386 classes and 500 folders.
[2017.09.05-07.50.30:825][  0]LogContentBrowser: Native class hierarchy updated for 'WidgetCarousel' in 0.0043 seconds. Added 0 classes and 0 folders.
[2017.09.05-07.50.33:125][  0]LogContentBrowser: Native class hierarchy updated for 'AddContentDialog' in 0.0037 seconds. Added 0 classes and 0 folders.
[2017.09.05-07.50.33:668][  0]LogContentBrowser: Native class hierarchy updated for 'SceneOutliner' in 0.0061 seconds. Added 1 classes and 2 folders.
[2017.09.05-07.50.34:210][  0]LogSlate: Took 0.081781 seconds to synchronously load lazily loaded font '../../../Engine/Content/Slate/Fonts/Roboto-Regular.ttf' (155K)
[2017.09.05-07.50.34:325][  0]LogSlate: Took 0.103822 seconds to synchronously load lazily loaded font '../../../Engine/Content/Slate/Fonts/Roboto-Bold.ttf' (160K)
[2017.09.05-07.50.34:430][  0]LogSlate: Took 0.082779 seconds to synchronously load lazily loaded font '../../../Engine/Content/Editor/Slate/Fonts/FontAwesome.ttf' (139K)
[2017.09.05-07.50.35:328][  0]LogRenderer: Reallocating scene render targets to support 856x396 Format 10 NumSamples 1 (Frame:1).
[2017.09.05-07.50.37:791][  0]LogContentBrowser: Native class hierarchy updated for 'HierarchicalLODOutliner' in 0.0026 seconds. Added 1 classes and 2 folders.
[2017.09.05-07.50.37:791][  0]LogLoad: (Engine Initialization) Total time: 113.75 seconds
[2017.09.05-07.50.37:791][  0]LogLoad: (Engine Initialization) Total Blueprint compile time: 0.00 seconds
[2017.09.05-07.50.37:793][  0]LogExternalProfiler: No external profilers were discovered.  External profiling features will not be available.
[2017.09.05-07.50.38:709][  0]LogContentStreaming: Texture pool size now 1000 MB
[2017.09.05-07.50.38:967][  1]LogFileCache: Retrieving MD5 hashes for directory 'C:/Users/hp/Documents/Unreal Projects/MyProject/Content/' took 0.77s
[2017.09.05-07.50.40:997][  3]LogSlate: Took 0.020023 seconds to synchronously load lazily loaded font '../../../Engine/Content/Slate/Fonts/Roboto-Light.ttf' (159K)
[2017.09.05-07.50.45:897][ 18]LogAssetRegistry: Asset discovery search completed in 91.0088 seconds
[2017.09.05-07.50.45:948][ 18]LogCollectionManager: Rebuilt the object cache for 0 collections in 0.000002 seconds (found 0 objects)
[2017.09.05-07.50.45:949][ 18]LogCollectionManager: Fixed up redirectors for 0 collections in 0.000201 seconds (updated 0 objects)
[2017.09.05-07.51.29:278][220]LogTemp: Repeating last play command: Selected Viewport
[2017.09.05-07.51.30:050][220]LogBlueprintUserMessages: Early PlayInEditor Detection: Level '/Game/TwinStickBP/Maps/TwinStickExampleMap.TwinStickExampleMap:PersistentLevel' has LevelScriptBlueprint '/Game/TwinStickBP/Maps/TwinStickExampleMap.TwinStickExampleMap:PersistentLevel.TwinStickExampleMap' with GeneratedClass '/Game/TwinStickBP/Maps/TwinStickExampleMap.TwinStickExampleMap_C' with ClassGeneratedBy '/Game/TwinStickBP/Maps/TwinStickExampleMap.TwinStickExampleMap:PersistentLevel.TwinStickExampleMap'
[2017.09.05-07.51.30:051][220]LogPlayLevel: PlayLevel: No blueprints needed recompiling
[2017.09.05-07.51.30:066][220]PIE: New page: PIE session: TwinStickExampleMap (Sep 5, 2017, 11:51:30 AM)
[2017.09.05-07.51.30:067][220]LogPlayLevel: Creating play world package: /Game/TwinStickBP/Maps/UEDPIE_0_TwinStickExampleMap
[2017.09.05-07.51.30:111][220]LogPlayLevel: PIE: StaticDuplicateObject took: (0.044098s)
[2017.09.05-07.51.30:114][220]LogAIModule: Creating AISystem for world TwinStickExampleMap
[2017.09.05-07.51.30:116][220]LogPlayLevel: PIE: World Init took: (0.003952s)
[2017.09.05-07.51.30:118][220]LogPlayLevel: PIE: Created PIE world by copying editor world from /Game/TwinStickBP/Maps/TwinStickExampleMap.TwinStickExampleMap to /Game/TwinStickBP/Maps/UEDPIE_0_TwinStickExampleMap.TwinStickExampleMap (0.050617s)
[2017.09.05-07.51.30:202][220]LogInit: XAudio2 using 'Speakers / HP (IDT High Definition Audio CODEC)' : 2 channels at 48 kHz using 16 bits per sample (channel mask 0x3)
[2017.09.05-07.51.30:280][220]LogInit: FAudioDevice initialized.
[2017.09.05-07.51.30:354][220]LogLoad: Game class is 'TwinStickGameMode_C'
[2017.09.05-07.51.30:381][220]LogWorld: Bringing World /Game/TwinStickBP/Maps/UEDPIE_0_TwinStickExampleMap.TwinStickExampleMap up for play (max tick rate 60) at 2017.09.05-09.51.30
[2017.09.05-07.51.30:386][220]LogWorld: Bringing up level for play took: 0.012934
[2017.09.05-07.51.30:681][220]LogContentBrowser: Native class hierarchy updated for 'MovieSceneCapture' in 0.0028 seconds. Added 11 classes and 0 folders.
[2017.09.05-07.51.30:704][220]LogBlueprintUserMessages: [TwinStickPawn_317] why u no work
[2017.09.05-07.51.30:777][220]PIE: Play in editor start time for /Game/TwinStickBP/Maps/UEDPIE_0_TwinStickExampleMap 1.652
[2017.09.05-07.51.30:779][220]LogBlueprintUserMessages: Late PlayInEditor Detection: Level '/Game/TwinStickBP/Maps/TwinStickExampleMap.TwinStickExampleMap:PersistentLevel' has LevelScriptBlueprint '/Game/TwinStickBP/Maps/TwinStickExampleMap.TwinStickExampleMap:PersistentLevel.TwinStickExampleMap' with GeneratedClass '/Game/TwinStickBP/Maps/TwinStickExampleMap.TwinStickExampleMap_C' with ClassGeneratedBy '/Game/TwinStickBP/Maps/TwinStickExampleMap.TwinStickExampleMap:PersistentLevel.TwinStickExampleMap'
[2017.09.05-07.51.30:794][220]Cmd: RebuildNavigation
[2017.09.05-07.51.31:189][221]Cmd: RebuildNavigation
[2017.09.05-07.51.31:982][222]Cmd: RebuildNavigation
[2017.09.05-07.51.32:308][223]Cmd: RebuildNavigation
[2017.09.05-07.51.32:634][224]Cmd: RebuildNavigation
[2017.09.05-07.51.32:954][225]Cmd: RebuildNavigation
[2017.09.05-07.51.33:287][226]Cmd: RebuildNavigation
[2017.09.05-07.51.33:612][227]Cmd: RebuildNavigation
[2017.09.05-07.51.33:920][228]Cmd: RebuildNavigation
[2017.09.05-07.51.34:234][229]Cmd: RebuildNavigation
[2017.09.05-07.51.34:544][230]Cmd: RebuildNavigation
[2017.09.05-07.51.34:844][231]Cmd: RebuildNavigation
[2017.09.05-07.51.35:161][232]Cmd: RebuildNavigation
[2017.09.05-07.51.35:520][233]Cmd: RebuildNavigation
[2017.09.05-07.51.35:853][234]Cmd: RebuildNavigation
[2017.09.05-07.51.36:170][235]Cmd: RebuildNavigation
[2017.09.05-07.51.36:542][236]Cmd: RebuildNavigation
[2017.09.05-07.51.36:850][237]Cmd: RebuildNavigation
[2017.09.05-07.51.37:174][238]Cmd: RebuildNavigation
[2017.09.05-07.51.37:491][239]Cmd: RebuildNavigation
[2017.09.05-07.51.37:803][240]Cmd: RebuildNavigation
[2017.09.05-07.51.38:123][241]Cmd: RebuildNavigation
[2017.09.05-07.51.38:466][242]Cmd: RebuildNavigation
[2017.09.05-07.51.38:778][243]LogBlueprintUserMessages: [TwinStickPawn_317] 80.0
[2017.09.05-07.51.38:780][243]Cmd: RebuildNavigation
[2017.09.05-07.51.39:155][244]Cmd: RebuildNavigation
[2017.09.05-07.51.40:074][245]Cmd: RebuildNavigation
[2017.09.05-07.51.40:335][245]LogBlueprintUserMessages: [TwinStickPawn_317] 60.0
[2017.09.05-07.51.40:366][246]Cmd: RebuildNavigation
[2017.09.05-07.51.40:668][247]Cmd: RebuildNavigation
[2017.09.05-07.51.40:944][247]LogBlueprintUserMessages: [TwinStickPawn_317] 40.0
[2017.09.05-07.51.40:980][248]Cmd: RebuildNavigation
[2017.09.05-07.51.41:252][249]Cmd: RebuildNavigation
[2017.09.05-07.51.41:440][249]LogBlueprintUserMessages: [TwinStickPawn_317] 20.0
[2017.09.05-07.51.41:479][250]Cmd: RebuildNavigation
[2017.09.05-07.51.41:844][251]Cmd: RebuildNavigation
[2017.09.05-07.51.42:036][251]LogBlueprintUserMessages: [TwinStickPawn_317] 0.0
[2017.09.05-07.51.42:036][251]LogScript: Warning: Attempted to access TwinStickPawn_317 via property None, but TwinStickPawn_317 is pending kill
	TwinStickPawn_C /Game/TwinStickBP/Maps/UEDPIE_0_TwinStickExampleMap.TwinStickExampleMap:PersistentLevel.TwinStickPawn_317
	Function /Game/TwinStickBP/Blueprints/TwinStickPawn.TwinStickPawn_C:ExecuteUbergraph_TwinStickPawn:02B3
[2017.09.05-07.51.42:037][251]PIE: Error: Blueprint Runtime Error: Attempted to access TwinStickPawn_317 via property None, but TwinStickPawn_317 is pending kill from function: 'ExecuteUbergraph_TwinStickPawn' from node: Spawn Emitter at Location in graph: EventGraph in object: TwinStickPawn with description: Attempted to access TwinStickPawn_317 via property None, but TwinStickPawn_317 is pending kill
[2017.09.05-07.51.42:037][251]LogScript: Warning: Attempted to access TwinStickPawn_317 via property None, but TwinStickPawn_317 is pending kill
	TwinStickPawn_C /Game/TwinStickBP/Maps/UEDPIE_0_TwinStickExampleMap.TwinStickExampleMap:PersistentLevel.TwinStickPawn_317
	Function /Game/TwinStickBP/Blueprints/TwinStickPawn.TwinStickPawn_C:ExecuteUbergraph_TwinStickPawn:032A
[2017.09.05-07.51.42:037][251]PIE: Error: Blueprint Runtime Error: Attempted to access TwinStickPawn_317 via property None, but TwinStickPawn_317 is pending kill from function: 'ExecuteUbergraph_TwinStickPawn' from node: Play Sound at Location in graph: EventGraph in object: TwinStickPawn with description: Attempted to access TwinStickPawn_317 via property None, but TwinStickPawn_317 is pending kill
[2017.09.05-07.51.42:079][252]Cmd: RebuildNavigation
[2017.09.05-07.51.42:256][252]LogScript: Warning: Attempted to access TwinStickPawn_317 via property TwinStickPawn_317_ExecuteUbergraph_TwinStickExampleMap_RefProperty, but TwinStickPawn_317 is pending kill
	TwinStickExampleMap_C /Game/TwinStickBP/Maps/UEDPIE_0_TwinStickExampleMap.TwinStickExampleMap:PersistentLevel.TwinStickExampleMap_C_0
	Function /Game/TwinStickBP/Maps/TwinStickExampleMap.TwinStickExampleMap_C:ExecuteUbergraph_TwinStickExampleMap:01AB
[2017.09.05-07.51.42:256][252]PIE: Error: Blueprint Runtime Error: Attempted to access TwinStickPawn_317 via property TwinStickPawn_317_ExecuteUbergraph_TwinStickExampleMap_RefProperty, but TwinStickPawn_317 is pending kill from function: 'ExecuteUbergraph_TwinStickExampleMap' from node: Branch in graph: EventGraph in object: TwinStickExampleMap with description: Attempted to access TwinStickPawn_317 via property TwinStickPawn_317_ExecuteUbergraph_TwinStickExampleMap_RefProperty, but TwinStickPawn_317 is pending kill
[2017.09.05-07.51.42:281][253]Cmd: RebuildNavigation
[2017.09.05-07.51.42:461][253]LogScript: Warning: Attempted to access TwinStickPawn_317 via property TwinStickPawn_317_ExecuteUbergraph_TwinStickExampleMap_RefProperty, but TwinStickPawn_317 is pending kill
	TwinStickExampleMap_C /Game/TwinStickBP/Maps/UEDPIE_0_TwinStickExampleMap.TwinStickExampleMap:PersistentLevel.TwinStickExampleMap_C_0
	Function /Game/TwinStickBP/Maps/TwinStickExampleMap.TwinStickExampleMap_C:ExecuteUbergraph_TwinStickExampleMap:01AB
[2017.09.05-07.51.42:462][253]PIE: Error: Blueprint Runtime Error: Attempted to access TwinStickPawn_317 via property TwinStickPawn_317_ExecuteUbergraph_TwinStickExampleMap_RefProperty, but TwinStickPawn_317 is pending kill from function: 'ExecuteUbergraph_TwinStickExampleMap' from node: Branch in graph: EventGraph in object: TwinStickExampleMap with description: Attempted to access TwinStickPawn_317 via property TwinStickPawn_317_ExecuteUbergraph_TwinStickExampleMap_RefProperty, but TwinStickPawn_317 is pending kill
[2017.09.05-07.51.42:484][254]Cmd: RebuildNavigation
[2017.09.05-07.51.42:666][254]LogScript: Warning: Attempted to access TwinStickPawn_317 via property TwinStickPawn_317_ExecuteUbergraph_TwinStickExampleMap_RefProperty, but TwinStickPawn_317 is pending kill
	TwinStickExampleMap_C /Game/TwinStickBP/Maps/UEDPIE_0_TwinStickExampleMap.TwinStickExampleMap:PersistentLevel.TwinStickExampleMap_C_0
	Function /Game/TwinStickBP/Maps/TwinStickExampleMap.TwinStickExampleMap_C:ExecuteUbergraph_TwinStickExampleMap:01AB
[2017.09.05-07.51.42:666][254]PIE: Error: Blueprint Runtime Error: Attempted to access TwinStickPawn_317 via property TwinStickPawn_317_ExecuteUbergraph_TwinStickExampleMap_RefProperty, but TwinStickPawn_317 is pending kill from function: 'ExecuteUbergraph_TwinStickExampleMap' from node: Branch in graph: EventGraph in object: TwinStickExampleMap with description: Attempted to access TwinStickPawn_317 via property TwinStickPawn_317_ExecuteUbergraph_TwinStickExampleMap_RefProperty, but TwinStickPawn_317 is pending kill
[2017.09.05-07.51.42:667][254]LogScript: Warning: Attempted to access TwinStickPawn_317 via property EnemyToFight, but TwinStickPawn_317 is pending kill
	AIChar_2_C /Game/TwinStickBP/Maps/UEDPIE_0_TwinStickExampleMap.TwinStickExampleMap:PersistentLevel.AIChar_2_C_0
	Function /Game/AI/AIChar_2.AIChar_2_C:ExecuteUbergraph_AIChar_2:0DB5
[2017.09.05-07.51.42:667][254]PIE: Error: Blueprint Runtime Error: Attempted to access TwinStickPawn_317 via property EnemyToFight, but TwinStickPawn_317 is pending kill from function: 'ExecuteUbergraph_AIChar_2' from node: SetActorRotation in graph: EventGraph in object: AIChar_2 with description: Attempted to access TwinStickPawn_317 via property EnemyToFight, but TwinStickPawn_317 is pending kill
[2017.09.05-07.51.42:685][255]Cmd: RebuildNavigation
[2017.09.05-07.51.42:869][255]LogScript: Warning: Attempted to access TwinStickPawn_317 via property TwinStickPawn_317_ExecuteUbergraph_TwinStickExampleMap_RefProperty, but TwinStickPawn_317 is pending kill
	TwinStickExampleMap_C /Game/TwinStickBP/Maps/UEDPIE_0_TwinStickExampleMap.TwinStickExampleMap:PersistentLevel.TwinStickExampleMap_C_0
	Function /Game/TwinStickBP/Maps/TwinStickExampleMap.TwinStickExampleMap_C:ExecuteUbergraph_TwinStickExampleMap:01AB
[2017.09.05-07.51.42:869][255]PIE: Error: Blueprint Runtime Error: Attempted to access TwinStickPawn_317 via property TwinStickPawn_317_ExecuteUbergraph_TwinStickExampleMap_RefProperty, but TwinStickPawn_317 is pending kill from function: 'ExecuteUbergraph_TwinStickExampleMap' from node: Branch in graph: EventGraph in object: TwinStickExampleMap with description: Attempted to access TwinStickPawn_317 via property TwinStickPawn_317_ExecuteUbergraph_TwinStickExampleMap_RefProperty, but TwinStickPawn_317 is pending kill
[2017.09.05-07.51.42:889][256]Cmd: RebuildNavigation
[2017.09.05-07.51.43:075][256]LogScript: Warning: Attempted to access TwinStickPawn_317 via property TwinStickPawn_317_ExecuteUbergraph_TwinStickExampleMap_RefProperty, but TwinStickPawn_317 is pending kill
	TwinStickExampleMap_C /Game/TwinStickBP/Maps/UEDPIE_0_TwinStickExampleMap.TwinStickExampleMap:PersistentLevel.TwinStickExampleMap_C_0
	Function /Game/TwinStickBP/Maps/TwinStickExampleMap.TwinStickExampleMap_C:ExecuteUbergraph_TwinStickExampleMap:01AB
[2017.09.05-07.51.43:076][256]PIE: Error: Blueprint Runtime Error: Attempted to access TwinStickPawn_317 via property TwinStickPawn_317_ExecuteUbergraph_TwinStickExampleMap_RefProperty, but TwinStickPawn_317 is pending kill from function: 'ExecuteUbergraph_TwinStickExampleMap' from node: Branch in graph: EventGraph in object: TwinStickExampleMap with description: Attempted to access TwinStickPawn_317 via property TwinStickPawn_317_ExecuteUbergraph_TwinStickExampleMap_RefProperty, but TwinStickPawn_317 is pending kill
[2017.09.05-07.51.43:095][257]Cmd: RebuildNavigation
[2017.09.05-07.51.43:271][257]LogScript: Warning: Attempted to access TwinStickPawn_317 via property TwinStickPawn_317_ExecuteUbergraph_TwinStickExampleMap_RefProperty, but TwinStickPawn_317 is pending kill
	TwinStickExampleMap_C /Game/TwinStickBP/Maps/UEDPIE_0_TwinStickExampleMap.TwinStickExampleMap:PersistentLevel.TwinStickExampleMap_C_0
	Function /Game/TwinStickBP/Maps/TwinStickExampleMap.TwinStickExampleMap_C:ExecuteUbergraph_TwinStickExampleMap:01AB
[2017.09.05-07.51.43:271][257]PIE: Error: Blueprint Runtime Error: Attempted to access TwinStickPawn_317 via property TwinStickPawn_317_ExecuteUbergraph_TwinStickExampleMap_RefProperty, but TwinStickPawn_317 is pending kill from function: 'ExecuteUbergraph_TwinStickExampleMap' from node: Branch in graph: EventGraph in object: TwinStickExampleMap with description: Attempted to access TwinStickPawn_317 via property TwinStickPawn_317_ExecuteUbergraph_TwinStickExampleMap_RefProperty, but TwinStickPawn_317 is pending kill
[2017.09.05-07.51.43:293][258]Cmd: RebuildNavigation
[2017.09.05-07.51.43:474][258]LogScript: Warning: Attempted to access TwinStickPawn_317 via property TwinStickPawn_317_ExecuteUbergraph_TwinStickExampleMap_RefProperty, but TwinStickPawn_317 is pending kill
	TwinStickExampleMap_C /Game/TwinStickBP/Maps/UEDPIE_0_TwinStickExampleMap.TwinStickExampleMap:PersistentLevel.TwinStickExampleMap_C_0
	Function /Game/TwinStickBP/Maps/TwinStickExampleMap.TwinStickExampleMap_C:ExecuteUbergraph_TwinStickExampleMap:01AB
[2017.09.05-07.51.43:475][258]PIE: Error: Blueprint Runtime Error: Attempted to access TwinStickPawn_317 via property TwinStickPawn_317_ExecuteUbergraph_TwinStickExampleMap_RefProperty, but TwinStickPawn_317 is pending kill from function: 'ExecuteUbergraph_TwinStickExampleMap' from node: Branch in graph: EventGraph in object: TwinStickExampleMap with description: Attempted to access TwinStickPawn_317 via property TwinStickPawn_317_ExecuteUbergraph_TwinStickExampleMap_RefProperty, but TwinStickPawn_317 is pending kill
[2017.09.05-07.51.43:479][258]LogBlueprintUserMessages: Early EndPlayMap Detection: Level '/Game/TwinStickBP/Maps/TwinStickExampleMap.TwinStickExampleMap:PersistentLevel' has LevelScriptBlueprint '/Game/TwinStickBP/Maps/TwinStickExampleMap.TwinStickExampleMap:PersistentLevel.TwinStickExampleMap' with GeneratedClass '/Game/TwinStickBP/Maps/TwinStickExampleMap.TwinStickExampleMap_C' with ClassGeneratedBy '/Game/TwinStickBP/Maps/TwinStickExampleMap.TwinStickExampleMap:PersistentLevel.TwinStickExampleMap'
[2017.09.05-07.51.43:584][258]LogBlueprintUserMessages: Late EndPlayMap Detection: Level '/Game/TwinStickBP/Maps/TwinStickExampleMap.TwinStickExampleMap:PersistentLevel' has LevelScriptBlueprint '/Game/TwinStickBP/Maps/TwinStickExampleMap.TwinStickExampleMap:PersistentLevel.TwinStickExampleMap' with GeneratedClass '/Game/TwinStickBP/Maps/TwinStickExampleMap.TwinStickExampleMap_C' with ClassGeneratedBy '/Game/TwinStickBP/Maps/TwinStickExampleMap.TwinStickExampleMap:PersistentLevel.TwinStickExampleMap'
[2017.09.05-07.54.13:573][203]LogTemp: Executing iPhonePackager certificates Engine -bundlename com.YourCompany.MyProject
[2017.09.05-07.54.13:574][203]LogTemp: CWD: C:\Program Files\Epic Games\UE_4.17\Engine\Binaries\DotNET\IOS
[2017.09.05-07.54.13:574][203]LogTemp: Initial Dir: C:\Program Files\Epic Games\UE_4.17
[2017.09.05-07.54.13:574][203]LogTemp: Env CWD: C:\Program Files\Epic Games\UE_4.17\Engine\Binaries\DotNET\IOS
[2017.09.05-07.54.13:684][207]LogTemp: BranchPath = HP-HP/C/Program Files/Epic Games/UE_4.17/Engine/Binaries --- GameBranchPath = HP-HP/C/Program Files/Epic Games/UE_4.17/Engine/Binaries
[2017.09.05-07.54.13:921][216]LogTemp: IPP ERROR: Could not find provision directory 'C:\Users\hp\AppData\Local/Apple Computer/MobileDevice/Provisioning Profiles/'.
[2017.09.05-07.54.52:108][475]LogBlueprintUserMessages: Early PlayInEditor Detection: Level '/Game/TwinStickBP/Maps/TwinStickExampleMap.TwinStickExampleMap:PersistentLevel' has LevelScriptBlueprint '/Game/TwinStickBP/Maps/TwinStickExampleMap.TwinStickExampleMap:PersistentLevel.TwinStickExampleMap' with GeneratedClass '/Game/TwinStickBP/Maps/TwinStickExampleMap.TwinStickExampleMap_C' with ClassGeneratedBy '/Game/TwinStickBP/Maps/TwinStickExampleMap.TwinStickExampleMap:PersistentLevel.TwinStickExampleMap'
[2017.09.05-07.54.52:108][475]LogPlayLevel: PlayLevel: No blueprints needed recompiling
[2017.09.05-07.54.52:109][475]PIE: New page: PIE session: TwinStickExampleMap (Sep 5, 2017, 11:54:52 AM)
[2017.09.05-07.54.52:110][475]LogPlayLevel: Creating play world package: /Game/TwinStickBP/Maps/UEDPIE_0_TwinStickExampleMap
[2017.09.05-07.54.52:157][475]LogPlayLevel: PIE: StaticDuplicateObject took: (0.047248s)
[2017.09.05-07.54.52:161][475]LogAIModule: Creating AISystem for world TwinStickExampleMap
[2017.09.05-07.54.52:162][475]LogPlayLevel: PIE: World Init took: (0.004648s)
[2017.09.05-07.54.52:163][475]LogPlayLevel: PIE: Created PIE world by copying editor world from /Game/TwinStickBP/Maps/TwinStickExampleMap.TwinStickExampleMap to /Game/TwinStickBP/Maps/UEDPIE_0_TwinStickExampleMap.TwinStickExampleMap (0.053261s)
[2017.09.05-07.54.52:232][475]LogInit: XAudio2 using 'Speakers / HP (IDT High Definition Audio CODEC)' : 2 channels at 48 kHz using 16 bits per sample (channel mask 0x3)
[2017.09.05-07.54.52:290][475]LogInit: FAudioDevice initialized.
[2017.09.05-07.54.52:370][475]LogLoad: Game class is 'TwinStickGameMode_C'
[2017.09.05-07.54.52:381][475]LogWorld: Bringing World /Game/TwinStickBP/Maps/UEDPIE_0_TwinStickExampleMap.TwinStickExampleMap up for play (max tick rate 60) at 2017.09.05-09.54.52
[2017.09.05-07.54.52:384][475]LogWorld: Bringing up level for play took: 0.010935
[2017.09.05-07.54.52:391][475]LogBlueprintUserMessages: [TwinStickPawn_317] why u no work
[2017.09.05-07.54.52:401][475]LogBlueprintUserMessages: [TwinStickExampleMap_C_0] room already exisats
[2017.09.05-07.54.52:402][475]LogBlueprintUserMessages: [TwinStickExampleMap_C_0] room already exisats
[2017.09.05-07.54.52:402][475]LogBlueprintUserMessages: [TwinStickExampleMap_C_0] room already exisats
[2017.09.05-07.54.52:403][475]LogBlueprintUserMessages: [TwinStickExampleMap_C_0] room already exisats
[2017.09.05-07.54.52:416][475]LogBlueprintUserMessages: [TwinStickExampleMap_C_0] room already exisats
[2017.09.05-07.54.52:416][475]LogBlueprintUserMessages: [TwinStickExampleMap_C_0] room already exisats
[2017.09.05-07.54.52:417][475]LogBlueprintUserMessages: [TwinStickExampleMap_C_0] room already exisats
[2017.09.05-07.54.52:417][475]LogBlueprintUserMessages: [TwinStickExampleMap_C_0] room already exisats
[2017.09.05-07.54.52:449][475]PIE: Play in editor start time for /Game/TwinStickBP/Maps/UEDPIE_0_TwinStickExampleMap 1.324
[2017.09.05-07.54.52:453][475]LogBlueprintUserMessages: Late PlayInEditor Detection: Level '/Game/TwinStickBP/Maps/TwinStickExampleMap.TwinStickExampleMap:PersistentLevel' has LevelScriptBlueprint '/Game/TwinStickBP/Maps/TwinStickExampleMap.TwinStickExampleMap:PersistentLevel.TwinStickExampleMap' with GeneratedClass '/Game/TwinStickBP/Maps/TwinStickExampleMap.TwinStickExampleMap_C' with ClassGeneratedBy '/Game/TwinStickBP/Maps/TwinStickExampleMap.TwinStickExampleMap:PersistentLevel.TwinStickExampleMap'
[2017.09.05-07.54.52:465][475]Cmd: RebuildNavigation
[2017.09.05-07.54.52:989][475]LogRenderer: Reallocating scene render targets to support 1292x756 Format 10 NumSamples 1 (Frame:1).
[2017.09.05-07.54.53:169][476]Cmd: RebuildNavigation
[2017.09.05-07.54.53:639][477]Cmd: RebuildNavigation
[2017.09.05-07.54.54:045][478]Cmd: RebuildNavigation
[2017.09.05-07.54.54:395][479]Cmd: RebuildNavigation
[2017.09.05-07.54.54:739][480]Cmd: RebuildNavigation
[2017.09.05-07.54.55:077][481]Cmd: RebuildNavigation
[2017.09.05-07.54.55:408][482]Cmd: RebuildNavigation
[2017.09.05-07.54.55:743][483]Cmd: RebuildNavigation
[2017.09.05-07.54.56:085][484]Cmd: RebuildNavigation
[2017.09.05-07.54.56:415][485]Cmd: RebuildNavigation
[2017.09.05-07.54.56:753][486]Cmd: RebuildNavigation
[2017.09.05-07.54.57:093][487]Cmd: RebuildNavigation
[2017.09.05-07.54.57:418][488]Cmd: RebuildNavigation
[2017.09.05-07.54.57:754][489]Cmd: RebuildNavigation
[2017.09.05-07.54.58:090][490]Cmd: RebuildNavigation
[2017.09.05-07.54.58:426][491]Cmd: RebuildNavigation
[2017.09.05-07.54.58:766][492]Cmd: RebuildNavigation
[2017.09.05-07.54.59:102][493]Cmd: RebuildNavigation
[2017.09.05-07.54.59:437][494]Cmd: RebuildNavigation
[2017.09.05-07.54.59:770][495]Cmd: RebuildNavigation
[2017.09.05-07.55.00:108][496]Cmd: RebuildNavigation
[2017.09.05-07.55.00:433][497]Cmd: RebuildNavigation
[2017.09.05-07.55.00:775][498]Cmd: RebuildNavigation
[2017.09.05-07.55.01:125][499]Cmd: RebuildNavigation
[2017.09.05-07.55.01:456][500]Cmd: RebuildNavigation
[2017.09.05-07.55.01:789][501]Cmd: RebuildNavigation
[2017.09.05-07.55.02:120][502]Cmd: RebuildNavigation
[2017.09.05-07.55.02:463][503]Cmd: RebuildNavigation
[2017.09.05-07.55.02:795][504]Cmd: RebuildNavigation
[2017.09.05-07.55.03:130][505]Cmd: RebuildNavigation
[2017.09.05-07.55.03:467][506]Cmd: RebuildNavigation
[2017.09.05-07.55.03:808][507]Cmd: RebuildNavigation
[2017.09.05-07.55.04:146][508]Cmd: RebuildNavigation
[2017.09.05-07.55.04:477][509]Cmd: RebuildNavigation
[2017.09.05-07.55.04:817][510]Cmd: RebuildNavigation
[2017.09.05-07.55.05:158][511]Cmd: RebuildNavigation
[2017.09.05-07.55.05:492][512]LogBlueprintUserMessages: [TwinStickPawn_317] 80.0
[2017.09.05-07.55.05:493][512]Cmd: RebuildNavigation
[2017.09.05-07.55.05:833][513]Cmd: RebuildNavigation
[2017.09.05-07.55.06:144][513]LogBlueprintUserMessages: Early EndPlayMap Detection: Level '/Game/TwinStickBP/Maps/TwinStickExampleMap.TwinStickExampleMap:PersistentLevel' has LevelScriptBlueprint '/Game/TwinStickBP/Maps/TwinStickExampleMap.TwinStickExampleMap:PersistentLevel.TwinStickExampleMap' with GeneratedClass '/Game/TwinStickBP/Maps/TwinStickExampleMap.TwinStickExampleMap_C' with ClassGeneratedBy '/Game/TwinStickBP/Maps/TwinStickExampleMap.TwinStickExampleMap:PersistentLevel.TwinStickExampleMap'
[2017.09.05-07.55.06:349][513]LogBlueprintUserMessages: Late EndPlayMap Detection: Level '/Game/TwinStickBP/Maps/TwinStickExampleMap.TwinStickExampleMap:PersistentLevel' has LevelScriptBlueprint '/Game/TwinStickBP/Maps/TwinStickExampleMap.TwinStickExampleMap:PersistentLevel.TwinStickExampleMap' with GeneratedClass '/Game/TwinStickBP/Maps/TwinStickExampleMap.TwinStickExampleMap_C' with ClassGeneratedBy '/Game/TwinStickBP/Maps/TwinStickExampleMap.TwinStickExampleMap:PersistentLevel.TwinStickExampleMap'
[2017.09.05-07.57.19:608][120]LogSlate: Took 0.025379 seconds to synchronously load lazily loaded font '../../../Engine/Content/Slate/Fonts/Roboto-Light.ttf' (159K)
[2017.09.05-07.57.21:265][120]LogSavePackage: Save=1453.07ms
[2017.09.05-07.57.21:265][120]LogSavePackage: Moving '../../../../../../Users/hp/Documents/Unreal Projects/MyProject/Saved/TwinStickExampleMap9ACDA41647F0B4948FA1A2B3A2578B64.tmp' to '../../../../../../Users/hp/Documents/Unreal Projects/MyProject/Content/TwinStickBP/Maps/TwinStickExampleMap.umap'
[2017.09.05-07.57.21:270][120]LogSavePackage: Display: Finished SavePackage ../../../../../../Users/hp/Documents/Unreal Projects/MyProject/Content/TwinStickBP/Maps/TwinStickExampleMap.umap
[2017.09.05-07.57.22:653][120]LogSlate: Took 0.018174 seconds to synchronously load lazily loaded font '../../../Engine/Content/Slate/Fonts/Roboto-Regular.ttf' (155K)
[2017.09.05-07.57.23:040][120]LogSavePackage: Save=1375.21ms
[2017.09.05-07.57.23:040][120]LogSavePackage: Moving '../../../../../../Users/hp/Documents/Unreal Projects/MyProject/Saved/TwinStickExampleMap_BuiltData3D429758485733D9A98567AFBECD51B6.tmp' to '../../../../../../Users/hp/Documents/Unreal Projects/MyProject/Content/TwinStickBP/Maps/TwinStickExampleMap_BuiltData.uasset'
[2017.09.05-07.57.23:048][120]LogSavePackage: Display: Finished SavePackage ../../../../../../Users/hp/Documents/Unreal Projects/MyProject/Content/TwinStickBP/Maps/TwinStickExampleMap_BuiltData.uasset
[2017.09.05-07.57.48:389][945]LogTemp: Executing iPhonePackager certificates Engine -bundlename com.YourCompany.MyProject
[2017.09.05-07.57.48:389][945]LogTemp: CWD: C:\Program Files\Epic Games\UE_4.17\Engine\Binaries\DotNET\IOS
[2017.09.05-07.57.48:389][945]LogTemp: Initial Dir: C:\Program Files\Epic Games\UE_4.17
[2017.09.05-07.57.48:389][945]LogTemp: Env CWD: C:\Program Files\Epic Games\UE_4.17\Engine\Binaries\DotNET\IOS
[2017.09.05-07.57.48:465][948]LogTemp: BranchPath = HP-HP/C/Program Files/Epic Games/UE_4.17/Engine/Binaries --- GameBranchPath = HP-HP/C/Program Files/Epic Games/UE_4.17/Engine/Binaries
[2017.09.05-07.57.48:636][954]LogTemp: IPP ERROR: Could not find provision directory 'C:\Users\hp\AppData\Local/Apple Computer/MobileDevice/Provisioning Profiles/'.
[2017.09.05-07.58.23:050][179]MapCheck: New page: Map Check
[2017.09.05-07.58.23:080][179]Cmd: MAP REBUILD ALLVISIBLE
[2017.09.05-07.58.23:080][179]LogEditorServer: Rebuildmap Clear paths rebuilt
[2017.09.05-07.58.23:629][179]LogMaterial: Missing cached shader map for material FDebugViewModeMaterialProxy WorldGridMaterial, compiling. Is special engine material.
[2017.09.05-07.58.23:660][179]LogMaterial: Missing cached shader map for material FDebugViewModeMaterialProxy MaterialInstanceDynamic_3, compiling. 
[2017.09.05-07.58.23:682][179]LogMaterial: Missing cached shader map for material FDebugViewModeMaterialProxy AntiAliasedTextMaterialTranslucent, compiling. 
[2017.09.05-07.58.23:703][179]LogMaterial: Missing cached shader map for material FDebugViewModeMaterialProxy CubeMaterial, compiling. 
[2017.09.05-07.58.23:719][179]LogMaterial: Missing cached shader map for material FDebugViewModeMaterialProxy OrangeMaterial, compiling. 
[2017.09.05-07.58.23:736][179]LogMaterial: Missing cached shader map for material FDebugViewModeMaterialProxy MatineeCam_mat, compiling. 
[2017.09.05-07.58.25:756][179]TextureStreamingBuild: Display: Compiling optional shaders took 2.162 seconds.
[2017.09.05-07.58.25:815][179]LogLevel: Display: Export Material TexCoord Scales took 0.059 seconds.
[2017.09.05-07.58.25:834][179]TextureStreamingBuild: Display: Build Texture Streaming took 0.018 seconds.
[2017.09.05-07.58.25:860][179]LightingResults: New page: Lighting Build - Sep 5, 2017, 11:58:25 AM
[2017.09.05-07.58.26:042][179]LogSwarmInterface: [OpenConnection] Registering TCP channel ...
[2017.09.05-07.58.26:473][179]LogSwarmInterface: [OpenConnection] Connecting to agent ...
[2017.09.05-07.58.28:605][179]LogSwarmInterface: [TryOpenConnection] Testing the Agent
[2017.09.05-07.58.31:843][179]LogSwarmInterface: Error: [TryOpenConnection] Waiting for the agent to start up ...
[2017.09.05-07.58.31:859][179]LogSwarmInterface: Error: System.Net.Sockets.SocketException (0x80004005): Es konnte keine Verbindung hergestellt werden, da der Zielcomputer die Verbindung verweigerte 127.0.0.1:8008

Server stack trace: 
   bei System.Net.Sockets.Socket.DoConnect(EndPoint endPointSnapshot, SocketAddress socketAddress)
   bei System.Net.Sockets.Socket.Connect(EndPoint remoteEP)
   bei System.Runtime.Remoting.Channels.RemoteConnection.CreateNewSocket(EndPoint ipEndPoint)
   bei System.Runtime.Remoting.Channels.SocketCache.GetSocket(String machinePortAndSid, Boolean openNew)
   bei System.Runtime.Remoting.Channels.Tcp.TcpClientTransportSink.SendRequestWithRetry(IMessage msg, ITransportHeaders requestHeaders, Stream requestStream)
   bei System.Runtime.Remoting.Channels.Tcp.TcpClientTransportSink.AsyncProcessRequest(IClientChannelSinkStack sinkStack, IMessage msg, ITransportHeaders headers, Stream stream)
   bei System.Runtime.Remoting.Channels.BinaryClientFormatterSink.AsyncProcessMessage(IMessage msg, IMessageSink replySink)

Exception rethrown at [0]: 
   bei System.Runtime.Remoting.Proxies.RealProxy.HandleReturnMessage(IMessage reqMsg, IMessage retMsg)
   bei System.Runtime.Remoting.Proxies.RealProxy.PrivateInvoke(MessageData& msgData, Int32 type)
   bei NSwarm.IAgentInterfaceWrapper.MethodDelegate.EndInvoke(Hashtable& OutParameters, IAsyncResult result)
   bei NSwarm.FSwarmInterface.TryOpenConnection(FConnectionCallback CallbackFunc, IntPtr CallbackData, ELogFlags LoggingFlags)
[2017.09.05-07.58.37:503][179]LogSwarmInterface: [TryOpenConnection] Opening Connection to Agent
[2017.09.05-07.58.37:507][179]LogSwarmInterface: [TryOpenConnection] Local Process ID is 10296
[2017.09.05-07.58.39:185][179]LogStaticLightingSystem: Running Lightmass w/ ImmediateImport mode ENABLED
[2017.09.05-07.58.39:185][179]LogStaticLightingSystem: Running Lightmass w/ ImmediateProcess mode ENABLED
[2017.09.05-07.58.39:185][179]LogStaticLightingSystem: Running Lightmass w/ Sorting mode ENABLED
[2017.09.05-07.58.39:185][179]LogStaticLightingSystem: Running Lightmass w/ Mapping paddings ENABLED
[2017.09.05-07.58.39:185][179]LogStaticLightingSystem: Running Lightmass w/ Mapping debug paddings DISABLED
[2017.09.05-07.58.40:007][179]Cmd: MAP CHECK DONTDISPLAYDIALOG
[2017.09.05-07.58.40:007][179]MapCheck: New page: TwinStickExampleMap - Sep 5, 2017, 11:58:40 AM
[2017.09.05-07.58.40:011][179]MapCheck: Error: WorldSettings_1 Maps need lighting rebuilt 
[2017.09.05-07.58.40:274][179]MapCheck: Map check complete: 1 Error(s), 0 Warning(s), took 267.473ms to complete.
[2017.09.05-07.58.40:298][179]LogEditorBuildUtils: Build time 0:17
[2017.09.05-07.58.40:355][179]LogMaterial: Missing cached shader map for material FLightmassMaterialRenderer MaterialInstanceDynamic_3, compiling. 
[2017.09.05-07.58.40:383][179]LogMaterial: Missing cached shader map for material FLightmassMaterialRenderer MaterialInstanceDynamic_3, compiling. 
[2017.09.05-07.58.40:654][180]LogMaterial: Missing cached shader map for material FLightmassMaterialRenderer CubeMaterial, compiling. 
[2017.09.05-07.58.40:682][180]LogMaterial: Missing cached shader map for material FLightmassMaterialRenderer CubeMaterial, compiling. 
[2017.09.05-07.58.41:033][183]LogMaterial: Missing cached shader map for material FLightmassMaterialRenderer WorldGridMaterial, compiling. Is special engine material.
[2017.09.05-07.58.41:056][183]LogMaterial: Missing cached shader map for material FLightmassMaterialRenderer WorldGridMaterial, compiling. Is special engine material.
[2017.09.05-07.59.07:225][911]Job is a success!
[2017.09.05-07.59.08:381][912]LogTexture: Display: Building textures: SkyOcclusion1_1 (AutoDXT, 1024X512)
[2017.09.05-07.59.08:381][912]LogTexture: Display: Building textures: HQ_Lightmap1_1 (AutoDXT, 1024X1024)
[2017.09.05-07.59.08:381][912]LogTexture: Display: Building textures: LQ_Lightmap_1_1 (DXT1, 1024X1024)
[2017.09.05-07.59.08:381][912]LogTexture: Display: Building textures: SkyOcclusion1_2 (AutoDXT, 128X64)
[2017.09.05-07.59.08:381][912]LogTexture: Display: Building textures: HQ_Lightmap1_2 (AutoDXT, 128X128)
[2017.09.05-07.59.08:381][912]LogTexture: Display: Building textures: LQ_Lightmap_1_2 (DXT1, 128X128)
[2017.09.05-07.59.08:381][912]LogTexture: Display: Building textures: SkyOcclusion1_3 (AutoDXT, 128X64)
[2017.09.05-07.59.08:381][912]LogTexture: Display: Building textures: HQ_Lightmap1_3 (AutoDXT, 128X128)
[2017.09.05-07.59.08:381][912]LogTexture: Display: Building textures: LQ_Lightmap_1_3 (DXT1, 128X128)
[2017.09.05-07.59.08:931][912]LogTexture: Display: Building textures: ShadowMapTexture2D_2 (G8, 1024X1024)
[2017.09.05-07.59.08:931][912]LogTexture: Display: Building textures: ShadowMapTexture2D_3 (G8, 128X32)
[2017.09.05-07.59.08:982][912]Lightmass on HP-HP: 19.2 sec total, 4.36 sec importing, 66 ms setup, 2.87 sec photons, 11.8 sec processing, 0 ms extra exporting [10/10 mappings]. Threads: 47.4 sec total, 26.0 sec processing.
[2017.09.05-07.59.09:018][912]LogStaticLightingSystem: Illumination: 43.1 sec (1.00 sec encoding lightmaps, 539 ms encoding shadowmaps)
[2017.09.05-07.59.09:018][912]LogStaticLightingSystem: Lightmap texture memory:  2.8 MB (2.8 MB streaming, 0.0 MB non-streaming), 6 textures
[2017.09.05-07.59.09:018][912]LogStaticLightingSystem: Shadowmap texture memory: 1.3 MB (1.3 MB streaming, 0.0 MB non-streaming), 2 textures
[2017.09.05-07.59.09:218][912]DumpUnbuiltLightIteractions
[2017.09.05-07.59.09:218][912]Lights with unbuilt interactions: 0
[2017.09.05-07.59.09:218][912]
[2017.09.05-07.59.09:219][912]Primitives with unbuilt interactions: 0
[2017.09.05-07.59.09:252][913]Cmd: MAP CHECK NOTIFYRESULTS
[2017.09.05-07.59.09:253][913]MapCheck: New page: TwinStickExampleMap - Sep 5, 2017, 11:59:09 AM
[2017.09.05-07.59.09:726][913]MapCheck: Map check complete: 0 Error(s), 0 Warning(s), took 472.594ms to complete.
[2017.09.05-08.15.11:926][897]LogSavePackage: Save=1903.74ms
[2017.09.05-08.15.11:927][897]LogSavePackage: Moving '../../../../../../Users/hp/Documents/Unreal Projects/MyProject/Saved/TwinStickExampleMap06C266B94F6BF3D14C7B62964347CDB3.tmp' to '../../../../../../Users/hp/Documents/Unreal Projects/MyProject/Content/TwinStickBP/Maps/TwinStickExampleMap.umap'
[2017.09.05-08.15.11:943][897]LogSavePackage: Display: Finished SavePackage ../../../../../../Users/hp/Documents/Unreal Projects/MyProject/Content/TwinStickBP/Maps/TwinStickExampleMap.umap
[2017.09.05-08.15.12:200][897]LogFileHelpers: Saving map 'TwinStickExampleMap' took 2.737
[2017.09.05-08.15.13:610][897]LogSavePackage: Save=1266.68ms
[2017.09.05-08.15.13:610][897]LogSavePackage: Moving '../../../../../../Users/hp/Documents/Unreal Projects/MyProject/Saved/TwinStickExampleMap_BuiltDataE190F21A4E969CD67DE52FA5A9E91D29.tmp' to '../../../../../../Users/hp/Documents/Unreal Projects/MyProject/Content/TwinStickBP/Maps/TwinStickExampleMap_BuiltData.uasset'
[2017.09.05-08.15.13:624][897]LogSavePackage: Display: Finished SavePackage ../../../../../../Users/hp/Documents/Unreal Projects/MyProject/Content/TwinStickBP/Maps/TwinStickExampleMap_BuiltData.uasset
[2017.09.05-08.15.14:250][897]LogWindowsTextInputMethodSystem: Display: IME system now deactivated.
[2017.09.05-08.15.15:321][898]Cmd: QUIT_EDITOR
[2017.09.05-08.15.15:649][898]LogExit: Preparing to exit.
[2017.09.05-09.03.44:520][898]LogDirectoryWatcher: A directory notification for 'C:/Users/hp/Documents/Unreal Projects/MyProject/Content/' was aborted.
[2017.09.05-09.03.45:364][898]LogExit: Editor shut down
[2017.09.05-09.03.45:472][898]LogExit: Transaction tracking system shut down
[2017.09.05-09.03.45:984][898]LogDirectoryWatcher: A directory notification for '../../../Engine/Content/' was aborted.
[2017.09.05-09.03.45:984][898]LogDirectoryWatcher: A directory notification for '../../../../../../Users/hp/Documents/Unreal Projects/MyProject/Content/' was aborted.
[2017.09.05-09.03.45:984][898]LogDirectoryWatcher: A directory notification for '../../../Engine/Plugins/2D/Paper2D/Content/' was aborted.
[2017.09.05-09.03.45:984][898]LogDirectoryWatcher: A directory notification for '../../../Engine/Plugins/Runtime/Oculus/OculusVR/Content/' was aborted.
[2017.09.05-09.03.45:984][898]LogDirectoryWatcher: A directory notification for '../../../Engine/Plugins/Runtime/Steam/SteamVR/Content/' was aborted.
[2017.09.05-09.03.46:581][898]LogExit: Object subsystem successfully closed.
[2017.09.05-09.03.46:687][898]LogD3D11RHI: Shutdown
[2017.09.05-09.03.46:688][898]LogD3D11RHI: CleanupD3DDevice
[2017.09.05-09.03.46:724][898]LogD3D11RHI: ~FD3D11DynamicRHI
[2017.09.05-09.03.46:865][898]LogModuleManager: Shutting down and abandoning module HierarchicalLODUtilities (536)
[2017.09.05-09.03.46:865][898]LogModuleManager: Shutting down and abandoning module ExternalImagePicker (534)
[2017.09.05-09.03.46:865][898]LogModuleManager: Shutting down and abandoning module MovieSceneCapture (532)
[2017.09.05-09.03.46:866][898]LogModuleManager: Shutting down and abandoning module HierarchicalLODOutliner (530)
[2017.09.05-09.03.46:866][898]LogModuleManager: Shutting down and abandoning module SceneOutliner (528)
[2017.09.05-09.03.46:868][898]LogModuleManager: Shutting down and abandoning module AddContentDialog (526)
[2017.09.05-09.03.46:874][898]LogDirectoryWatcher: A directory notification for 'C:/Program Files/Epic Games/UE_4.17/FeaturePacks/' was aborted.
[2017.09.05-09.03.46:909][898]LogModuleManager: Shutting down and abandoning module WidgetCarousel (525)
[2017.09.05-09.03.46:909][898]LogModuleManager: Shutting down and abandoning module EditorWidgets (522)
[2017.09.05-09.03.46:909][898]LogModuleManager: Shutting down and abandoning module CollectionManager (520)
[2017.09.05-09.03.46:910][898]LogDirectoryWatcher: A directory notification for 'C:/Users/hp/Documents/Unreal Projects/MyProject/Content/Collections/' was aborted.
[2017.09.05-09.03.46:910][898]LogDirectoryWatcher: A directory notification for 'C:/Users/hp/Documents/Unreal Projects/MyProject/Content/Developers/hp/Collections/' was aborted.
[2017.09.05-09.03.46:911][898]LogDirectoryWatcher: A directory notification for 'C:/Users/hp/Documents/Unreal Projects/MyProject/Saved/Collections/' was aborted.
[2017.09.05-09.03.46:911][898]LogModuleManager: Shutting down and abandoning module StatsViewer (518)
[2017.09.05-09.03.46:912][898]LogModuleManager: Shutting down and abandoning module FoliageEdit (516)
[2017.09.05-09.03.46:912][898]LogModuleManager: Shutting down and abandoning module LandscapeEditor (514)
[2017.09.05-09.03.46:917][898]LogModuleManager: Shutting down and abandoning module MeshPaintMode (512)
[2017.09.05-09.03.46:918][898]LogModuleManager: Shutting down and abandoning module SceneDepthPickerMode (510)
[2017.09.05-09.03.46:918][898]LogModuleManager: Shutting down and abandoning module ActorPickerMode (508)
[2017.09.05-09.03.46:918][898]LogModuleManager: Shutting down and abandoning module GeometryMode (506)
[2017.09.05-09.03.46:918][898]LogModuleManager: Shutting down and abandoning module TextureAlignMode (504)
[2017.09.05-09.03.46:918][898]LogModuleManager: Shutting down and abandoning module BspMode (502)
[2017.09.05-09.03.46:919][898]LogModuleManager: Shutting down and abandoning module PIEPreviewDeviceProfileSelector (500)
[2017.09.05-09.03.46:919][898]LogModuleManager: Shutting down and abandoning module HardwareSurvey (498)
[2017.09.05-09.03.46:920][898]LogModuleManager: Shutting down and abandoning module SequenceRecorderSections (496)
[2017.09.05-09.03.46:921][898]LogModuleManager: Shutting down and abandoning module AutomationWorker (494)
[2017.09.05-09.03.46:921][898]LogModuleManager: Shutting down and abandoning module MatineeToLevelSequence (492)
[2017.09.05-09.03.46:923][898]LogModuleManager: Shutting down and abandoning module LevelSequenceEditor (490)
[2017.09.05-09.03.46:927][898]LogModuleManager: Shutting down and abandoning module PlacementMode (489)
[2017.09.05-09.03.46:928][898]LogModuleManager: Shutting down and abandoning module WmfMediaFactory (486)
[2017.09.05-09.03.46:928][898]LogModuleManager: Shutting down and abandoning module WmfMediaEditor (484)
[2017.09.05-09.03.46:928][898]LogModuleManager: Shutting down and abandoning module AvfMediaFactory (482)
[2017.09.05-09.03.46:928][898]LogModuleManager: Shutting down and abandoning module AvfMediaEditor (480)
[2017.09.05-09.03.46:928][898]LogModuleManager: Shutting down and abandoning module AndroidMediaFactory (478)
[2017.09.05-09.03.46:928][898]LogModuleManager: Shutting down and abandoning module Media (477)
[2017.09.05-09.03.46:928][898]LogModuleManager: Shutting down and abandoning module AndroidMediaEditor (474)
[2017.09.05-09.03.46:928][898]LogModuleManager: Shutting down and abandoning module CharacterAI (472)
[2017.09.05-09.03.46:928][898]LogModuleManager: Shutting down and abandoning module AudioCapture (470)
[2017.09.05-09.03.46:929][898]LogModuleManager: Shutting down and abandoning module SequenceRecorder (469)
[2017.09.05-09.03.46:929][898]LogModuleManager: Shutting down and abandoning module SmartSnapping (466)
[2017.09.05-09.03.46:930][898]LogModuleManager: Shutting down and abandoning module SessionServices (464)
[2017.09.05-09.03.46:930][898]LogModuleManager: Shutting down and abandoning module ViewportSnapping (462)
[2017.09.05-09.03.46:930][898]LogModuleManager: Shutting down and abandoning module ViewportInteraction (460)
[2017.09.05-09.03.46:930][898]LogModuleManager: Shutting down and abandoning module ClothPainter (458)
[2017.09.05-09.03.46:932][898]LogModuleManager: Shutting down and abandoning module LogVisualizer (456)
[2017.09.05-09.03.46:935][898]LogModuleManager: Shutting down and abandoning module IntroTutorials (454)
[2017.09.05-09.03.46:938][898]LogModuleManager: Shutting down and abandoning module GameProjectGeneration (453)
[2017.09.05-09.03.46:939][898]LogModuleManager: Shutting down and abandoning module IOSPlatformEditor (450)
[2017.09.05-09.03.46:940][898]LogModuleManager: Shutting down and abandoning module HTML5PlatformEditor (448)
[2017.09.05-09.03.46:940][898]LogModuleManager: Shutting down and abandoning module AndroidPlatformEditor (446)
[2017.09.05-09.03.46:941][898]LogModuleManager: Shutting down and abandoning module AndroidDeviceDetection (445)
[2017.09.05-09.03.47:187][898]LogModuleManager: Shutting down and abandoning module WindowsPlatformEditor (442)
[2017.09.05-09.03.47:188][898]LogModuleManager: Shutting down and abandoning module IOSRuntimeSettings (440)
[2017.09.05-09.03.47:188][898]LogModuleManager: Shutting down and abandoning module AndroidRuntimeSettings (438)
[2017.09.05-09.03.47:188][898]LogModuleManager: Shutting down and abandoning module InputBindingEditor (436)
[2017.09.05-09.03.47:188][898]LogModuleManager: Shutting down and abandoning module MergeActors (434)
[2017.09.05-09.03.47:189][898]LogModuleManager: Shutting down and abandoning module SizeMap (432)
[2017.09.05-09.03.47:190][898]LogModuleManager: Shutting down and abandoning module TreeMap (430)
[2017.09.05-09.03.47:191][898]LogModuleManager: Shutting down and abandoning module ReferenceViewer (428)
[2017.09.05-09.03.47:193][898]LogModuleManager: Shutting down and abandoning module LocalizationDashboard (426)
[2017.09.05-09.03.47:195][898]LogModuleManager: Shutting down and abandoning module LocalizationService (425)
[2017.09.05-09.03.47:196][898]LogModuleManager: Shutting down and abandoning module HardwareTargeting (422)
[2017.09.05-09.03.47:196][898]LogModuleManager: Shutting down and abandoning module DeviceProfileEditor (420)
[2017.09.05-09.03.47:196][898]LogModuleManager: Shutting down and abandoning module UndoHistory (418)
[2017.09.05-09.03.47:197][898]LogModuleManager: Shutting down and abandoning module XmlParser (416)
[2017.09.05-09.03.47:197][898]LogModuleManager: Shutting down and abandoning module Blutility (414)
[2017.09.05-09.03.47:198][898]LogModuleManager: Shutting down and abandoning module ProjectSettingsViewer (412)
[2017.09.05-09.03.47:200][898]LogModuleManager: Shutting down and abandoning module ProjectTargetPlatformEditor (411)
[2017.09.05-09.03.47:201][898]LogModuleManager: Shutting down and abandoning module EditorSettingsViewer (408)
[2017.09.05-09.03.47:203][898]LogModuleManager: Shutting down and abandoning module SettingsEditor (406)
[2017.09.05-09.03.47:204][898]LogModuleManager: Shutting down and abandoning module ProjectLauncher (404)
[2017.09.05-09.03.47:205][898]LogModuleManager: Shutting down and abandoning module SessionFrontend (402)
[2017.09.05-09.03.47:206][898]LogModuleManager: Shutting down and abandoning module ProfilerClient (400)
[2017.09.05-09.03.47:206][898]LogModuleManager: Shutting down and abandoning module DeviceManager (398)
[2017.09.05-09.03.47:207][898]LogModuleManager: Shutting down and abandoning module TargetDeviceServices (397)
[2017.09.05-09.03.47:263][898]LogModuleManager: Shutting down and abandoning module AutomationController (394)
[2017.09.05-09.03.47:265][898]LogModuleManager: Shutting down and abandoning module AutomationWindow (392)
[2017.09.05-09.03.47:266][898]LogModuleManager: Shutting down and abandoning module Layers (390)
[2017.09.05-09.03.47:269][898]LogModuleManager: Shutting down and abandoning module ComponentVisualizers (388)
[2017.09.05-09.03.47:269][898]LogModuleManager: Shutting down and abandoning module DetailCustomizations (386)
[2017.09.05-09.03.47:272][898]LogModuleManager: Shutting down and abandoning module PackagesDialog (384)
[2017.09.05-09.03.47:272][898]LogModuleManager: Shutting down and abandoning module Persona (382)
[2017.09.05-09.03.47:274][898]LogModuleManager: Shutting down and abandoning module AdvancedPreviewScene (381)
[2017.09.05-09.03.47:274][898]LogModuleManager: Shutting down and abandoning module AnimGraph (379)
[2017.09.05-09.03.47:275][898]LogModuleManager: Shutting down and abandoning module Kismet (376)
[2017.09.05-09.03.47:279][898]LogModuleManager: Shutting down and abandoning module ClassViewer (374)
[2017.09.05-09.03.47:280][898]LogModuleManager: Shutting down and abandoning module Toolbox (372)
[2017.09.05-09.03.47:280][898]LogModuleManager: Shutting down and abandoning module ModuleUI (370)
[2017.09.05-09.03.47:281][898]LogModuleManager: Shutting down and abandoning module MovieSceneTools (368)
[2017.09.05-09.03.47:284][898]LogModuleManager: Shutting down and abandoning module OutputLog (366)
[2017.09.05-09.03.47:285][898]LogModuleManager: Shutting down and abandoning module GammaUI (364)
[2017.09.05-09.03.47:285][898]LogModuleManager: Shutting down and abandoning module Documentation (362)
[2017.09.05-09.03.47:293][898]LogModuleManager: Shutting down and abandoning module MovieSceneTracks (360)
[2017.09.05-09.03.47:298][898]LogModuleManager: Shutting down and abandoning module MovieScene (358)
[2017.09.05-09.03.47:298][898]LogModuleManager: Shutting down and abandoning module Niagara (356)
[2017.09.05-09.03.47:298][898]LogModuleManager: Shutting down and abandoning module NiagaraEditor (355)
[2017.09.05-09.03.47:313][898]LogModuleManager: Shutting down and abandoning module StreamingPauseRendering (352)
[2017.09.05-09.03.47:315][898]LogModuleManager: Shutting down and abandoning module LauncherPlatform (350)
[2017.09.05-09.03.47:315][898]LogModuleManager: Shutting down and abandoning module AnalyticsET (348)
[2017.09.05-09.03.47:315][898]LogModuleManager: Shutting down and abandoning module PortalServices (346)
[2017.09.05-09.03.47:315][898]LogModuleManager: Shutting down and abandoning module PortalRpc (344)
[2017.09.05-09.03.47:315][898]LogModuleManager: Shutting down and abandoning module MessagingRpc (342)
[2017.09.05-09.03.47:315][898]LogModuleManager: Shutting down and abandoning module AIModule (340)
[2017.09.05-09.03.47:320][898]LogModuleManager: Shutting down and abandoning module GameplayDebugger (339)
[2017.09.05-09.03.47:321][898]LogModuleManager: Shutting down and abandoning module AITestSuite (337)
[2017.09.05-09.03.47:321][898]LogModuleManager: Shutting down and abandoning module ProfilerService (334)
[2017.09.05-09.03.47:455][898]LogModuleManager: Shutting down and abandoning module TaskGraph (332)
[2017.09.05-09.03.47:467][898]LogModuleManager: Shutting down and abandoning module SteamVRController (330)
[2017.09.05-09.03.47:467][898]LogModuleManager: Shutting down and abandoning module ProceduralMeshComponentEditor (328)
[2017.09.05-09.03.47:467][898]LogModuleManager: Shutting down and abandoning module ProceduralMeshComponent (326)
[2017.09.05-09.03.47:468][898]LogModuleManager: Shutting down and abandoning module OculusInput (324)
[2017.09.05-09.03.47:468][898]LogModuleManager: Shutting down and abandoning module MobilePatchingUtils (322)
[2017.09.05-09.03.47:468][898]LogModuleManager: Shutting down and abandoning module CustomMeshComponent (320)
[2017.09.05-09.03.47:468][898]LogModuleManager: Shutting down and abandoning module CableComponent (318)
[2017.09.05-09.03.47:468][898]LogModuleManager: Shutting down and abandoning module ArchVisCharacter (316)
[2017.09.05-09.03.47:468][898]LogModuleManager: Shutting down and abandoning module AndroidPermission (314)
[2017.09.05-09.03.47:468][898]LogModuleManager: Shutting down and abandoning module MediaPlayerEditor (310)
[2017.09.05-09.03.47:471][898]LogModuleManager: Shutting down and abandoning module HTML5Networking (308)
[2017.09.05-09.03.47:471][898]LogModuleManager: Shutting down and abandoning module AlembicImporter (306)
[2017.09.05-09.03.47:472][898]LogModuleManager: Shutting down and abandoning module AlembicLibrary (305)
[2017.09.05-09.03.47:472][898]LogModuleManager: Shutting down and abandoning module GeometryCache (304)
[2017.09.05-09.03.47:472][898]LogModuleManager: Shutting down and abandoning module GeometryCacheEd (303)
[2017.09.05-09.03.47:472][898]LogModuleManager: Shutting down and abandoning module SpeedTreeImporter (298)
[2017.09.05-09.03.47:472][898]LogModuleManager: Shutting down and abandoning module PluginBrowser (296)
[2017.09.05-09.03.47:474][898]LogModuleManager: Shutting down and abandoning module MobileLauncherProfileWizard (294)
[2017.09.05-09.03.47:475][898]LogModuleManager: Shutting down and abandoning module VisualStudioSourceCodeAccess (292)
[2017.09.05-09.03.47:476][898]LogModuleManager: Shutting down and abandoning module DesktopPlatform (291)
[2017.09.05-09.03.47:477][898]LogModuleManager: Shutting down and abandoning module UObjectPlugin (288)
[2017.09.05-09.03.47:477][898]LogModuleManager: Shutting down and abandoning module SubversionSourceControl (286)
[2017.09.05-09.03.47:478][898]LogModuleManager: Shutting down and abandoning module PerforceSourceControl (284)
[2017.09.05-09.03.47:481][898]LogModuleManager: Shutting down and abandoning module GitSourceControl (282)
[2017.09.05-09.03.47:483][898]LogModuleManager: Shutting down and abandoning module SourceControl (281)
[2017.09.05-09.03.47:485][898]LogModuleManager: Shutting down and abandoning module LightPropagationVolumeEditor (278)
[2017.09.05-09.03.47:485][898]LogModuleManager: Shutting down and abandoning module PaperTiledImporter (276)
[2017.09.05-09.03.47:485][898]LogModuleManager: Shutting down and abandoning module PaperSpriteSheetImporter (274)
[2017.09.05-09.03.47:485][898]LogModuleManager: Shutting down and abandoning module Paper2DEditor (272)
[2017.09.05-09.03.47:488][898]LogModuleManager: Shutting down and abandoning module MeshPaint (271)
[2017.09.05-09.03.47:489][898]LogModuleManager: Shutting down and abandoning module LevelEditor (269)
[2017.09.05-09.03.47:617][898]LogModuleManager: Shutting down and abandoning module PixelInspectorModule (268)
[2017.09.05-09.03.47:627][898]LogModuleManager: Shutting down and abandoning module MainFrame (266)
[2017.09.05-09.03.47:639][898]LogModuleManager: Shutting down and abandoning module HotReload (265)
[2017.09.05-09.03.47:654][898]LogModuleManager: Shutting down and abandoning module RuntimePhysXCooking (260)
[2017.09.05-09.03.47:655][898]LogModuleManager: Shutting down and abandoning module PhysXVehiclesEditor (258)
[2017.09.05-09.03.47:661][898]LogModuleManager: Shutting down and abandoning module PhysXVehicles (256)
[2017.09.05-09.03.47:661][898]LogModuleManager: Shutting down and abandoning module OculusEditor (254)
[2017.09.05-09.03.47:661][898]LogModuleManager: Shutting down and abandoning module LocationServicesBPLibrary (252)
[2017.09.05-09.03.47:661][898]LogModuleManager: Shutting down and abandoning module ImmediatePhysicsEditor (250)
[2017.09.05-09.03.47:661][898]LogModuleManager: Shutting down and abandoning module ImmediatePhysics (248)
[2017.09.05-09.03.47:669][898]LogModuleManager: Shutting down and abandoning module UdpMessaging (246)
[2017.09.05-09.03.47:770][898]LogModuleManager: Shutting down and abandoning module TcpMessaging (244)
[2017.09.05-09.03.47:872][898]LogModuleManager: Shutting down and abandoning module GameplayTagsEditor (242)
[2017.09.05-09.03.47:873][898]LogModuleManager: Shutting down and abandoning module FacialAnimationEditor (240)
[2017.09.05-09.03.47:873][898]LogModuleManager: Shutting down and abandoning module FacialAnimation (238)
[2017.09.05-09.03.47:874][898]LogModuleManager: Shutting down and abandoning module AssetManagerEditor (236)
[2017.09.05-09.03.47:875][898]LogModuleManager: Shutting down and abandoning module GraphEditor (235)
[2017.09.05-09.03.47:877][898]LogModuleManager: Shutting down and abandoning module ContentBrowser (233)
[2017.09.05-09.03.47:884][898]LogModuleManager: Shutting down and abandoning module LightPropagationVolumeRuntime (230)
[2017.09.05-09.03.47:884][898]LogModuleManager: Shutting down and abandoning module Paper2D (228)
[2017.09.05-09.03.47:885][898]LogModuleManager: Shutting down and abandoning module WindowsMoviePlayer (226)
[2017.09.05-09.03.47:886][898]LogModuleManager: Shutting down and abandoning module WmfMedia (224)
[2017.09.05-09.03.47:887][898]LogModuleManager: Shutting down and abandoning module PacketHandler (222)
[2017.09.05-09.03.47:887][898]LogModuleManager: Shutting down and abandoning module ClothingSystemEditor (220)
[2017.09.05-09.03.47:887][898]LogModuleManager: Shutting down and abandoning module ClothingSystemRuntime (218)
[2017.09.05-09.03.47:888][898]LogModuleManager: Shutting down and abandoning module Overlay (216)
[2017.09.05-09.03.47:888][898]LogModuleManager: Shutting down and abandoning module OverlayEditor (215)
[2017.09.05-09.03.47:889][898]LogModuleManager: Shutting down and abandoning module MediaAssets (212)
[2017.09.05-09.03.47:889][898]LogModuleManager: Shutting down and abandoning module VREditor (210)
[2017.09.05-09.03.47:889][898]LogModuleManager: Shutting down and abandoning module StringTableEditor (208)
[2017.09.05-09.03.47:890][898]LogModuleManager: Shutting down and abandoning module GameplayTasksEditor (206)
[2017.09.05-09.03.47:890][898]LogModuleManager: Shutting down and abandoning module BehaviorTreeEditor (204)
[2017.09.05-09.03.47:892][898]LogModuleManager: Shutting down and abandoning module FunctionalTesting (202)
[2017.09.05-09.03.47:893][898]LogModuleManager: Shutting down and abandoning module CollisionAnalyzer (200)
[2017.09.05-09.03.47:895][898]LogModuleManager: Shutting down and abandoning module WorkspaceMenuStructure (199)
[2017.09.05-09.03.47:896][898]LogModuleManager: Shutting down and abandoning module UMG (196)
[2017.09.05-09.03.47:896][898]LogModuleManager: Shutting down and abandoning module UMGEditor (195)
[2017.09.05-09.03.47:898][898]LogModuleManager: Shutting down and abandoning module Sequencer (194)
[2017.09.05-09.03.47:901][898]LogModuleManager: Shutting down and abandoning module MessageLog (191)
[2017.09.05-09.03.47:903][898]LogModuleManager: Shutting down and abandoning module SlateReflector (186)
[2017.09.05-09.03.47:906][898]LogModuleManager: Shutting down and abandoning module Slate (184)
[2017.09.05-09.03.47:906][898]LogModuleManager: Shutting down and abandoning module EditorStyle (182)
[2017.09.05-09.03.47:921][898]LogModuleManager: Shutting down and abandoning module MRMesh (180)
[2017.09.05-09.03.47:921][898]LogModuleManager: Shutting down and abandoning module SourceCodeAccess (178)
[2017.09.05-09.03.47:922][898]LogModuleManager: Shutting down and abandoning module HeadMountedDisplay (176)
[2017.09.05-09.03.47:922][898]LogModuleManager: Shutting down and abandoning module XAudio2 (174)
[2017.09.05-09.03.47:922][898]LogModuleManager: Shutting down and abandoning module Networking (172)
[2017.09.05-09.03.47:922][898]LogModuleManager: Shutting down and abandoning module Core (168)
[2017.09.05-09.03.47:922][898]LogModuleManager: Shutting down and abandoning module KismetCompiler (164)
[2017.09.05-09.03.47:922][898]LogModuleManager: Shutting down and abandoning module LevelSequence (162)
[2017.09.05-09.03.47:922][898]LogModuleManager: Shutting down and abandoning module MeshUtilities (160)
[2017.09.05-09.03.47:924][898]LogModuleManager: Shutting down and abandoning module MeshMergeUtilities (159)
[2017.09.05-09.03.47:925][898]LogModuleManager: Shutting down and abandoning module MeshReductionInterface (158)
[2017.09.05-09.03.47:926][898]LogModuleManager: Shutting down and abandoning module SimplygonSwarm (157)
[2017.09.05-09.03.47:926][898]LogModuleManager: Shutting down and abandoning module SimplygonMeshReduction (155)
[2017.09.05-09.03.47:927][898]LogModuleManager: Shutting down and abandoning module QuadricMeshReduction (153)
[2017.09.05-09.03.47:927][898]LogModuleManager: Shutting down and abandoning module MaterialBaking (149)
[2017.09.05-09.03.47:929][898]LogModuleManager: Shutting down and abandoning module DirectoryWatcher (146)
[2017.09.05-09.03.47:939][898]LogModuleManager: Shutting down and abandoning module DerivedDataCache (144)
[2017.09.05-09.03.48:019][898]LogDerivedDataCache: Shutdown
[2017.09.05-09.03.48:020][898]LogModuleManager: Shutting down and abandoning module TargetPlatform (142)
[2017.09.05-09.03.48:020][898]LogModuleManager: Shutting down and abandoning module VulkanShaderFormat (141)
[2017.09.05-09.03.48:021][898]LogModuleManager: Shutting down and abandoning module ShaderFormatVectorVM (139)
[2017.09.05-09.03.48:022][898]LogModuleManager: Shutting down and abandoning module ShaderFormatOpenGL (137)
[2017.09.05-09.03.48:022][898]LogModuleManager: Shutting down and abandoning module ShaderFormatD3D (135)
[2017.09.05-09.03.48:023][898]LogModuleManager: Shutting down and abandoning module MetalShaderFormat (133)
[2017.09.05-09.03.48:023][898]LogModuleManager: Shutting down and abandoning module TextureFormatUncompressed (131)
[2017.09.05-09.03.48:023][898]LogModuleManager: Shutting down and abandoning module TextureFormatPVR (129)
[2017.09.05-09.03.48:024][898]LogModuleManager: Shutting down and abandoning module TextureFormatDXT (127)
[2017.09.05-09.03.48:024][898]LogModuleManager: Shutting down and abandoning module TextureFormatIntelISPCTexComp (125)
[2017.09.05-09.03.48:026][898]LogModuleManager: Shutting down and abandoning module TextureFormatASTC (123)
[2017.09.05-09.03.48:026][898]LogModuleManager: Shutting down and abandoning module ImageWrapper (122)
[2017.09.05-09.03.48:026][898]LogModuleManager: Shutting down and abandoning module TextureFormatAndroid (119)
[2017.09.05-09.03.48:026][898]LogModuleManager: Shutting down and abandoning module AudioFormatOpus (117)
[2017.09.05-09.03.48:026][898]LogModuleManager: Shutting down and abandoning module AudioFormatOgg (115)
[2017.09.05-09.03.48:027][898]LogModuleManager: Shutting down and abandoning module AudioFormatADPCM (113)
[2017.09.05-09.03.48:027][898]LogModuleManager: Shutting down and abandoning module LinuxTargetPlatform (111)
[2017.09.05-09.03.48:027][898]LogModuleManager: Shutting down and abandoning module LinuxServerTargetPlatform (109)
[2017.09.05-09.03.48:028][898]LogModuleManager: Shutting down and abandoning module LinuxNoEditorTargetPlatform (107)
[2017.09.05-09.03.48:028][898]LogModuleManager: Shutting down and abandoning module LinuxClientTargetPlatform (105)
[2017.09.05-09.03.48:029][898]LogModuleManager: Shutting down and abandoning module TVOSTargetPlatform (103)
[2017.09.05-09.03.48:029][898]LogModuleManager: Shutting down and abandoning module Messaging (101)
[2017.09.05-09.03.48:029][898]LogModuleManager: Shutting down and abandoning module IOSTargetPlatform (99)
[2017.09.05-09.03.48:029][898]LogModuleManager: Shutting down and abandoning module HTML5TargetPlatform (97)
[2017.09.05-09.03.48:029][898]LogModuleManager: Shutting down and abandoning module Android_PVRTCTargetPlatform (95)
[2017.09.05-09.03.48:029][898]LogModuleManager: Shutting down and abandoning module Android_MultiTargetPlatform (93)
[2017.09.05-09.03.48:029][898]LogModuleManager: Shutting down and abandoning module Android_ETC2TargetPlatform (91)
[2017.09.05-09.03.48:029][898]LogModuleManager: Shutting down and abandoning module Android_ETC1TargetPlatform (89)
[2017.09.05-09.03.48:029][898]LogModuleManager: Shutting down and abandoning module Android_DXTTargetPlatform (87)
[2017.09.05-09.03.48:030][898]LogModuleManager: Shutting down and abandoning module Android_ATCTargetPlatform (85)
[2017.09.05-09.03.48:030][898]LogModuleManager: Shutting down and abandoning module Android_ASTCTargetPlatform (83)
[2017.09.05-09.03.48:030][898]LogModuleManager: Shutting down and abandoning module AndroidTargetPlatform (81)
[2017.09.05-09.03.48:030][898]LogModuleManager: Shutting down and abandoning module WindowsTargetPlatform (79)
[2017.09.05-09.03.48:030][898]LogModuleManager: Shutting down and abandoning module WindowsServerTargetPlatform (77)
[2017.09.05-09.03.48:030][898]LogModuleManager: Shutting down and abandoning module WindowsNoEditorTargetPlatform (75)
[2017.09.05-09.03.48:031][898]LogModuleManager: Shutting down and abandoning module WindowsClientTargetPlatform (73)
[2017.09.05-09.03.48:032][898]LogModuleManager: Shutting down and abandoning module MacTargetPlatform (71)
[2017.09.05-09.03.48:033][898]LogModuleManager: Shutting down and abandoning module MacServerTargetPlatform (69)
[2017.09.05-09.03.48:033][898]LogModuleManager: Shutting down and abandoning module MacNoEditorTargetPlatform (67)
[2017.09.05-09.03.48:034][898]LogModuleManager: Shutting down and abandoning module MacClientTargetPlatform (65)
[2017.09.05-09.03.48:034][898]LogModuleManager: Shutting down and abandoning module AllDesktopTargetPlatform (63)
[2017.09.05-09.03.48:034][898]LogModuleManager: Shutting down and abandoning module InputCore (60)
[2017.09.05-09.03.48:034][898]LogModuleManager: Shutting down and abandoning module Settings (58)
[2017.09.05-09.03.48:034][898]LogModuleManager: Shutting down and abandoning module PhysXCooking (56)
[2017.09.05-09.03.48:034][898]LogModuleManager: Shutting down and abandoning module SteamVR (54)
[2017.09.05-09.03.48:035][898]LogModuleManager: Shutting down and abandoning module OculusHMD (52)
[2017.09.05-09.03.48:035][898]LogModuleManager: Shutting down and abandoning module ExampleDeviceProfileSelector (50)
[2017.09.05-09.03.48:035][898]LogModuleManager: Shutting down and abandoning module OnlineBlueprintSupport (48)
[2017.09.05-09.03.48:035][898]LogModuleManager: Shutting down and abandoning module OnlineSubsystem (44)
[2017.09.05-09.03.48:036][898]LogOnline: Display: Unloading online subsystem: NULL
[2017.09.05-09.03.48:038][898]LogModuleManager: Shutting down and abandoning module XMPP (43)
[2017.09.05-09.03.48:039][898]LogModuleManager: Shutting down and abandoning module HTTP (41)
[2017.09.05-09.03.48:039][898]LogHttp: Display: Http module shutting down, but needs to wait on 1 outstanding Http requests:
[2017.09.05-09.03.48:039][898]LogHttp: Display: 	verb=[POST] url=[https://datarouter.ol.epicgames.com/datarouter/api/v1/public/data?SessionID=%7B5ECFDA0A-44C5-0B61-BEB1-1CA6B7EFCCEC%7D&AppID=UEEditor.Rocket.Release&AppVersion=4.17.1-3586342%2B%2B%2BUE4%2BRelease-4.17&UserID=592cb4b446cfe1ab5d87efa92ab8da98%7C5279ea16eca044f787034c64236ec678%7C4e4f5d37-79e1-4ec9-809a-3ecd9352c359&AppEnvironment=datacollector-binary&UploadType=eteventstream] status=Processing
[2017.09.05-09.03.48:065][898]LogModuleManager: Shutting down and abandoning module SSL (40)
[2017.09.05-09.03.48:073][898]LogModuleManager: Shutting down and abandoning module AnimationModifiers (36)
[2017.09.05-09.03.48:075][898]LogModuleManager: Shutting down and abandoning module PropertyEditor (35)
[2017.09.05-09.03.48:078][898]LogModuleManager: Shutting down and abandoning module AudioEditor (32)
[2017.09.05-09.03.48:079][898]LogModuleManager: Shutting down and abandoning module TextureCompressor (30)
[2017.09.05-09.03.48:079][898]LogModuleManager: Shutting down and abandoning module ShaderCore (28)
[2017.09.05-09.03.48:080][898]LogModuleManager: Shutting down and abandoning module Landscape (26)
[2017.09.05-09.03.48:080][898]LogModuleManager: Shutting down and abandoning module SlateRHIRenderer (24)
[2017.09.05-09.03.48:102][898]LogModuleManager: Shutting down and abandoning module OpenGLDrv (22)
[2017.09.05-09.03.48:102][898]LogModuleManager: Shutting down and abandoning module D3D11RHI (20)
[2017.09.05-09.03.48:103][898]LogModuleManager: Shutting down and abandoning module AnimGraphRuntime (18)
[2017.09.05-09.03.48:103][898]LogModuleManager: Shutting down and abandoning module Renderer (16)
[2017.09.05-09.03.48:103][898]LogModuleManager: Shutting down and abandoning module Engine (14)
[2017.09.05-09.03.48:104][898]LogModuleManager: Shutting down and abandoning module CoreUObject (12)
[2017.09.05-09.03.48:104][898]LogModuleManager: Shutting down and abandoning module NetworkFile (10)
[2017.09.05-09.03.48:105][898]LogModuleManager: Shutting down and abandoning module CookedIterativeFile (8)
[2017.09.05-09.03.48:105][898]LogModuleManager: Shutting down and abandoning module StreamingFile (6)
[2017.09.05-09.03.48:105][898]LogModuleManager: Shutting down and abandoning module SandboxFile (4)
[2017.09.05-09.03.48:105][898]LogModuleManager: Shutting down and abandoning module PakFile (2)
[2017.09.05-09.03.48:112][898]LogExit: Exiting.
[2017.09.05-09.03.48:171][898]Log file closed, 09/05/17 11:03:48
