Log file open, 09/05/17 09:39:56
LogWindows: LoadLibraryWithSearchPaths failed for file aqProf.dll. GetLastError=0
LogWindows: LoadLibraryWithSearchPaths failed for file VSPerf140.dll. GetLastError=0
LogWindows: LoadLibraryWithSearchPaths failed for file VtuneApi.dll. GetLastError=0
LogWindows: LoadLibraryWithSearchPaths failed for file VtuneApi32e.dll. GetLastError=0
LogInit: Display: Running engine for game: MyProject
LogPlatformFile: Not using cached read wrapper
LogInit: Display: RandInit(195437268) SRandInit(195437268).
LogTaskGraph: Started task graph with 5 named threads and 8 total threads with 3 sets of task threads.
LogStats: Stats thread started at 0.537049
LogD3D11RHI: Aftermath initialized
LogPluginManager: Mounting plugin Paper2D
LogPluginManager: Mounting plugin LightPropagationVolume
LogPluginManager: Mounting plugin CodeLiteSourceCodeAccess
LogPluginManager: Mounting plugin GitSourceControl
LogPluginManager: Mounting plugin KDevelopSourceCodeAccess
LogPluginManager: Mounting plugin NullSourceCodeAccess
LogPluginManager: Mounting plugin PerforceSourceControl
LogPluginManager: Mounting plugin SubversionSourceControl
LogPluginManager: Mounting plugin UObjectPlugin
LogPluginManager: Mounting plugin VisualStudioSourceCodeAccess
LogPluginManager: Mounting plugin XCodeSourceCodeAccess
LogPluginManager: Mounting plugin AssetManagerEditor
LogPluginManager: Mounting plugin AudioCapture
LogPluginManager: Mounting plugin FacialAnimation
LogPluginManager: Mounting plugin GameplayTagsEditor
LogPluginManager: Mounting plugin MobileLauncherProfileWizard
LogPluginManager: Mounting plugin PluginBrowser
LogPluginManager: Mounting plugin SpeedTreeImporter
LogPluginManager: Mounting plugin AlembicImporter
LogPluginManager: Mounting plugin CharacterAI
LogPluginManager: Mounting plugin HTML5Networking
LogPluginManager: Mounting plugin AndroidMedia
LogPluginManager: Mounting plugin AvfMedia
LogPluginManager: Mounting plugin MediaPlayerEditor
LogPluginManager: Mounting plugin WmfMedia
LogPluginManager: Mounting plugin TcpMessaging
LogPluginManager: Mounting plugin UdpMessaging
LogPluginManager: Mounting plugin LevelSequenceEditor
LogPluginManager: Mounting plugin MatineeToLevelSequence
LogPluginManager: Mounting plugin OnlineSubsystemGooglePlay
LogPluginManager: Mounting plugin OnlineSubsystemIOS
LogPluginManager: Mounting plugin OnlineSubsystem
LogPluginManager: Mounting plugin OnlineSubsystemNull
LogPluginManager: Mounting plugin OnlineSubsystemUtils
LogPluginManager: Mounting plugin AndroidDeviceProfileSelector
LogPluginManager: Mounting plugin AndroidMoviePlayer
LogPluginManager: Mounting plugin AndroidPermission
LogPluginManager: Mounting plugin AppleMoviePlayer
LogPluginManager: Mounting plugin ArchVisCharacter
LogPluginManager: Mounting plugin CableComponent
LogPluginManager: Mounting plugin CustomMeshComponent
LogPluginManager: Mounting plugin ExampleDeviceProfileSelector
LogPluginManager: Mounting plugin GoogleCloudMessaging
LogPluginManager: Mounting plugin ImmediatePhysics
LogPluginManager: Mounting plugin IOSDeviceProfileSelector
LogPluginManager: Mounting plugin LinuxDeviceProfileSelector
LogPluginManager: Mounting plugin LocationServicesBPLibrary
LogPluginManager: Mounting plugin MobilePatchingUtils
LogPluginManager: Mounting plugin OculusVR
LogPluginManager: Mounting plugin PhysXVehicles
LogPluginManager: Mounting plugin ProceduralMeshComponent
LogPluginManager: Mounting plugin RuntimePhysXCooking
LogPluginManager: Mounting plugin SteamVR
LogPluginManager: Mounting plugin WindowsMoviePlayer
LogInit: Using libcurl 7.47.1
LogInit:  - built for x86_64-pc-win32
LogInit:  - supports SSL with OpenSSL/1.0.2g
LogInit:  - supports HTTP deflate (compression) using libz 1.2.8
LogInit:  - other features:
LogInit:      CURL_VERSION_SSL
LogInit:      CURL_VERSION_LIBZ
LogInit:      CURL_VERSION_IPV6
LogInit:      CURL_VERSION_ASYNCHDNS
LogInit:      CURL_VERSION_LARGEFILE
LogInit:      CURL_VERSION_IDN
LogInit:  CurlRequestOptions (configurable via config and command line):
LogInit:  - bVerifyPeer = false  - Libcurl will NOT verify peer certificate
LogInit:  - bUseHttpProxy = false  - Libcurl will NOT use HTTP proxy
LogInit:  - bDontReuseConnections = false  - Libcurl will reuse connections
LogInit:  - CertBundlePath = nullptr  - Libcurl will use whatever was configured at build time.
LogInit: Build: ++UE4+Release-4.17-CL-3586342
LogInit: Engine Version: 4.17.1-3586342+++UE4+Release-4.17
LogInit: Compatible Engine Version: 4.17.0-3573198+++UE4+Release-4.17
LogInit: Net CL: 3573198
LogDevObjectVersion: Number of dev versions registered: 16
LogDevObjectVersion:   Dev-Blueprints (B0D832E4-1F89-4F0D-ACCF-7EB736FD4AA2): 10
LogDevObjectVersion:   Dev-Build (E1C64328-A22C-4D53-A36C-8E866417BD8C): 0
LogDevObjectVersion:   Dev-Core (375EC13C-06E4-48FB-B500-84F0262A717E): 2
LogDevObjectVersion:   Dev-Editor (E4B068ED-F494-42E9-A231-DA0B2E46BB41): 20
LogDevObjectVersion:   Dev-Framework (CFFC743F-43B0-4480-9391-14DF171D2073): 28
LogDevObjectVersion:   Dev-Mobile (B02B49B5-BB20-44E9-A304-32B752E40360): 0
LogDevObjectVersion:   Dev-Networking (A4E4105C-59A1-49B5-A7C5-40C4547EDFEE): 0
LogDevObjectVersion:   Dev-Online (39C831C9-5AE6-47DC-9A44-9C173E1C8E7C): 0
LogDevObjectVersion:   Dev-Physics (78F01B33-EBEA-4F98-B9B4-84EACCB95AA2): 0
LogDevObjectVersion:   Dev-Platform (6631380F-2D4D-43E0-8009-CF276956A95A): 0
LogDevObjectVersion:   Dev-Rendering (12F88B9F-8875-4AFC-A67C-D90C383ABD29): 19
LogDevObjectVersion:   Dev-Sequencer (7B5AE74C-D270-4C10-A958-57980B212A5A): 4
LogDevObjectVersion:   Dev-VR (D7296918-1DD6-4BDD-9DE2-64A83CC13884): 0
LogDevObjectVersion:   Dev-LoadTimes (C2A15278-BFE7-4AFE-6C17-90FF531DF755): 1
LogDevObjectVersion:   Private-Geometry (6EACA3D4-40EC-4CC1-B786-8BED09428FC5): 1
LogDevObjectVersion:   Dev-AnimPhys (29E575DD-E0A3-4627-9D10-D276232CDCEA): 7
LogInit: Compiled (64-bit): Aug 15 2017 02:05:26
LogInit: Compiled with Visual C++: 19.00.24215.01
LogInit: Build Configuration: Development
LogInit: Branch Name: ++UE4+Release-4.17
LogInit: Command line:  
LogInit: Base directory: C:/Program Files/Epic Games/UE_4.17/Engine/Binaries/Win64/
LogInit: Installed Engine Build: 1
LogInit: Presizing for max 8388607 objects, including 0 objects not considered by GC, pre-allocating 0 bytes for permanent pool.
LogInit: Object subsystem initialized
[2017.09.05-07.39.58:617][  0]LogInit: Selected Device Profile: [Windows]
[2017.09.05-07.39.58:617][  0]LogInit: Applying CVar settings loaded from the selected device profile: [Windows]
[2017.09.05-07.39.58:697][  0]LogInit: Computer: HP-HP
[2017.09.05-07.39.58:697][  0]LogInit: User: hp
[2017.09.05-07.39.58:697][  0]LogInit: CPU Page size=4096, Cores=2
[2017.09.05-07.39.58:697][  0]LogInit: High frequency timer resolution =2.435777 MHz
[2017.09.05-07.39.58:697][  0]LogMemory: Memory total: Physical=3.9GB (4GB approx)
[2017.09.05-07.39.58:697][  0]LogMemory: Platform Memory Stats for Windows
[2017.09.05-07.39.58:697][  0]LogMemory: Process Physical Memory: 277.92 MB used, 277.92 MB peak
[2017.09.05-07.39.58:697][  0]LogMemory: Process Virtual Memory: 276.04 MB used, 276.04 MB peak
[2017.09.05-07.39.58:697][  0]LogMemory: Physical Memory: 3443.03 MB used,  534.08 MB free, 3977.11 MB total
[2017.09.05-07.39.58:697][  0]LogMemory: Virtual Memory: 667.01 MB used,  534.08 MB free, 134217728.00 MB total
[2017.09.05-07.40.00:065][  0]LogInit: Using OS detected language (de-DE).
[2017.09.05-07.40.00:065][  0]LogInit: Using OS detected locale (de-DE).
[2017.09.05-07.40.00:166][  0]LogTextLocalizationManager: No localization for 'de-DE' exists, so 'en' will be used for the language.
[2017.09.05-07.40.00:166][  0]LogTextLocalizationManager: No localization for 'de-DE' exists, so 'en' will be used for the locale.
[2017.09.05-07.40.10:596][  0]LogD3D11RHI: D3D11 adapters:
[2017.09.05-07.40.11:805][  0]LogD3D11RHI:    0. 'AMD Radeon HD 8750M' (Feature Level 11_0)
[2017.09.05-07.40.11:805][  0]LogD3D11RHI:       2031/0/1988 MB DedicatedVideo/DedicatedSystem/SharedSystem, Outputs:1, VendorId:0x1002
[2017.09.05-07.40.12:217][  0]LogD3D11RHI:    1. 'Intel(R) HD Graphics 4600' (Feature Level 11_0)
[2017.09.05-07.40.12:217][  0]LogD3D11RHI:       112/0/1988 MB DedicatedVideo/DedicatedSystem/SharedSystem, Outputs:0, VendorId:0x8086
[2017.09.05-07.40.12:237][  0]LogD3D11RHI:    2. 'Microsoft Basic Render Driver' (Feature Level 11_0)
[2017.09.05-07.40.12:238][  0]LogD3D11RHI:       0/0/1988 MB DedicatedVideo/DedicatedSystem/SharedSystem, Outputs:0, VendorId:0x1414
[2017.09.05-07.40.12:238][  0]LogD3D11RHI: Chosen D3D11 Adapter: 0
[2017.09.05-07.40.12:255][  0]LogD3D11RHI: Creating new Direct3DDevice
[2017.09.05-07.40.12:255][  0]LogD3D11RHI:     GPU DeviceId: 0x6600 (for the marketing name, search the web for "GPU Device Id")
[2017.09.05-07.40.12:256][  0]LogWindows: EnumDisplayDevices:
[2017.09.05-07.40.12:256][  0]LogWindows:    0. 'Intel(R) HD Graphics 4600' (P:1 D:1)
[2017.09.05-07.40.12:259][  0]LogWindows:    1. 'Intel(R) HD Graphics 4600' (P:0 D:0)
[2017.09.05-07.40.12:261][  0]LogWindows:    2. 'Intel(R) HD Graphics 4600' (P:0 D:0)
[2017.09.05-07.40.12:262][  0]LogWindows: DebugString: PrimaryIsNotTheChoosenAdapter PrimaryIsNotTheChoosenAdapter PrimaryIsNotTheChoosenAdapter FoundDriverCount:0 
[2017.09.05-07.40.12:262][  0]LogD3D11RHI:     Adapter Name: AMD Radeon HD 8750M
[2017.09.05-07.40.12:262][  0]LogD3D11RHI:   Driver Version: Unknown (internal:Unknown, unified:Unknown)
[2017.09.05-07.40.12:262][  0]LogD3D11RHI:      Driver Date: Unknown
[2017.09.05-07.40.12:262][  0]LogRHI: Texture pool is 1361 MB (70% of 1945 MB)
[2017.09.05-07.40.13:306][  0]LogD3D11RHI: Async texture creation enabled
[2017.09.05-07.40.13:370][  0]LogD3D11RHI: GPU Timing Frequency: 27.000000 (Debug: 2 1)
[2017.09.05-07.40.13:385][  0]LogShaderCompilers: Guid format shader working directory is -19 characters bigger than the processId version (../../../../../../Users/hp/Documents/Unreal Projects/MyProject/Intermediate/Shaders/WorkingDirectory/9340/).
[2017.09.05-07.40.13:386][  0]LogShaderCompilers: Cleaned the shader compiler working directory 'C:/Users/hp/AppData/Local/Temp/UnrealShaderWorkingDir/7D262B964D0E908D2A9EEBA1CDA8C255/'.
[2017.09.05-07.40.13:387][  0]LogShaderCompilers: Display: Using Local Shader Compiler.
[2017.09.05-07.40.22:871][  0]LogTemp: Display: Loaded TP AllDesktopTargetPlatform
[2017.09.05-07.40.22:987][  0]LogTemp: Display: Loaded TP MacClientTargetPlatform
[2017.09.05-07.40.23:102][  0]LogTemp: Display: Loaded TP MacNoEditorTargetPlatform
[2017.09.05-07.40.23:209][  0]LogTemp: Display: Loaded TP MacServerTargetPlatform
[2017.09.05-07.40.23:346][  0]LogTemp: Display: Loaded TP MacTargetPlatform
[2017.09.05-07.40.23:474][  0]LogTemp: Display: Loaded TP WindowsClientTargetPlatform
[2017.09.05-07.40.23:612][  0]LogTemp: Display: Loaded TP WindowsNoEditorTargetPlatform
[2017.09.05-07.40.23:754][  0]LogTemp: Display: Loaded TP WindowsServerTargetPlatform
[2017.09.05-07.40.23:882][  0]LogTemp: Display: Loaded TP WindowsTargetPlatform
[2017.09.05-07.40.24:026][  0]LogTemp: Display: Loaded TP AndroidTargetPlatform
[2017.09.05-07.40.24:170][  0]LogTemp: Display: Loaded TP Android_ASTCTargetPlatform
[2017.09.05-07.40.24:322][  0]LogTemp: Display: Loaded TP Android_ATCTargetPlatform
[2017.09.05-07.40.24:484][  0]LogTemp: Display: Loaded TP Android_DXTTargetPlatform
[2017.09.05-07.40.24:654][  0]LogTemp: Display: Loaded TP Android_ETC1TargetPlatform
[2017.09.05-07.40.24:826][  0]LogTemp: Display: Loaded TP Android_ETC2TargetPlatform
[2017.09.05-07.40.25:123][  0]LogTemp: Display: Loaded TP Android_MultiTargetPlatform
[2017.09.05-07.40.25:123][  0]LogTemp: Display: Loaded TP Android_PVRTCTargetPlatform
[2017.09.05-07.40.25:238][  0]LogTemp: Display: Loaded TP HTML5TargetPlatform
[2017.09.05-07.40.25:498][  0]LogTemp: Display: Loaded TP IOSTargetPlatform
[2017.09.05-07.40.25:594][  0]LogTemp: Display: Loaded TP TVOSTargetPlatform
[2017.09.05-07.40.25:732][  0]LogTemp: Display: Loaded TP LinuxClientTargetPlatform
[2017.09.05-07.40.25:855][  0]LogTemp: Display: Loaded TP LinuxNoEditorTargetPlatform
[2017.09.05-07.40.26:000][  0]LogTemp: Display: Loaded TP LinuxServerTargetPlatform
[2017.09.05-07.40.26:156][  0]LogTemp: Display: Loaded TP LinuxTargetPlatform
[2017.09.05-07.40.26:156][  0]LogTargetPlatformManager: Display: Building Assets For Windows
[2017.09.05-07.40.28:088][  0]LogDerivedDataCache: Display: Max Cache Size: 512 MB
[2017.09.05-07.40.28:968][  0]LogDerivedDataCache: Loaded boot cache 0.88s 93MB C:/Users/hp/AppData/Local/UnrealEngine/4.17/DerivedDataCache/Boot.ddc.
[2017.09.05-07.40.28:968][  0]LogDerivedDataCache: Display: Loaded Boot cache: C:/Users/hp/AppData/Local/UnrealEngine/4.17/DerivedDataCache/Boot.ddc
[2017.09.05-07.40.28:969][  0]LogDerivedDataCache: FDerivedDataBackendGraph:  Pak pak cache file ../../../../../../Users/hp/Documents/Unreal Projects/MyProject/DerivedDataCache/DDC.ddp not found, will not use a pak cache.
[2017.09.05-07.40.28:969][  0]LogDerivedDataCache: Unable to find inner node Pak for hierarchical cache Hierarchy.
[2017.09.05-07.40.28:969][  0]LogDerivedDataCache: FDerivedDataBackendGraph:  CompressedPak pak cache file ../../../../../../Users/hp/Documents/Unreal Projects/MyProject/DerivedDataCache/Compressed.ddp not found, will not use a pak cache.
[2017.09.05-07.40.28:969][  0]LogDerivedDataCache: Unable to find inner node CompressedPak for hierarchical cache Hierarchy.
[2017.09.05-07.40.29:137][  0]LogDerivedDataCache: Display: Pak cache opened for reading ../../../Engine/DerivedDataCache/Compressed.ddp.
[2017.09.05-07.40.29:159][  0]LogDerivedDataCache: Using Local data cache path C:/Users/hp/AppData/Local/UnrealEngine/Common/DerivedDataCache: Writable
[2017.09.05-07.40.29:230][  0]LogMaterial: Verifying Global Shaders for PCD3D_SM5
[2017.09.05-07.40.29:240][  0]LogSlate: Using Freetype 2.6.0
[2017.09.05-07.40.29:307][  0]LogSlate: SlateFontCache - WITH_FREETYPE: 1, WITH_HARFBUZZ: 1
[2017.09.05-07.40.29:307][  0]LogSlate: SlateFontCache - WITH_FREETYPE: 1, WITH_HARFBUZZ: 1
[2017.09.05-07.40.32:187][  0]LogAssetRegistry: FAssetRegistry took 0.0503 seconds to start up
[2017.09.05-07.40.33:027][  0]LogInit: Selected Device Profile: [Windows]
[2017.09.05-07.40.35:863][  0]LogSimplygon: Simplygon DLL not present - disabling.
[2017.09.05-07.40.36:077][  0]LogMeshReduction: Using SimplygonSwarm for distributed automatic mesh merging
[2017.09.05-07.40.36:077][  0]LogMeshReduction: Using QuadricMeshReduction for automatic static mesh reduction
[2017.09.05-07.40.36:077][  0]LogMeshReduction: No automatic skeletal mesh reduction module available
[2017.09.05-07.40.36:077][  0]LogMeshReduction: No automatic mesh merging module available
[2017.09.05-07.40.36:077][  0]LogMeshMerging: No automatic mesh merging module available
[2017.09.05-07.40.36:097][  0]LogContentStreaming: Texture pool size is 0.00 MB
[2017.09.05-07.40.37:823][  0]LogNetVersion: MyProject , NetCL: 3573198, EngineNetVer: 2, GameNetVer: 0 (Checksum: 3113362612)
[2017.09.05-07.40.38:838][  0]LogPackageLocalizationCache: Processed 5 localized package path(s) for 1 prioritized culture(s) in 0.126836 seconds
[2017.09.05-07.40.38:856][  0]LogUObjectArray: 35825 objects as part of root set at end of initial load.
[2017.09.05-07.40.38:856][  0]LogUObjectAllocator: 7529104 out of 0 bytes used by permanent object pool.
[2017.09.05-07.40.38:856][  0]LogUObjectArray: CloseDisregardForGC: 0/0 objects in disregard for GC pool
[2017.09.05-07.40.39:114][  0]LogInit: WinSock: version 1.1 (2.2), MaxSocks=32767, MaxUdp=65467
[2017.09.05-07.40.58:835][  0]LogTcpMessaging: Initializing TcpMessaging bridge
[2017.09.05-07.40.58:999][  0]LogUdpMessaging: Initializing bridge on interface 0.0.0.0:0 to multicast group 230.0.0.1:6666.
[2017.09.05-07.41.01:673][  0]LogMaterial: Uniform references updated for custom material expression Custom.
[2017.09.05-07.41.03:470][  0]SourceControl: Source control is disabled
[2017.09.05-07.41.03:471][  0]SourceControl: Source control is disabled
[2017.09.05-07.41.03:682][  0]SourceControl: Source control is disabled
[2017.09.05-07.41.03:859][  0]SourceControl: Source control is disabled
[2017.09.05-07.41.06:053][  0]LogAndroidPermission: UAndroidPermissionCallbackProxy::GetInstance
[2017.09.05-07.41.06:772][  0]LogOcInput: OculusInput pre-init called
[2017.09.05-07.41.07:547][  0]LogEngine: Initializing Engine...
[2017.09.05-07.41.07:556][  0]LogHMD: Failed to initialize OpenVR with code 110
[2017.09.05-07.41.08:275][  0]LogStats: UGameplayTagsManager::ConstructGameplayTagTree: Construct from data asset -  0.000 s
[2017.09.05-07.41.08:276][  0]LogStats: UGameplayTagsManager::ConstructGameplayTagTree: GameplayTagTreeChangedEvent.Broadcast -  0.000 s
[2017.09.05-07.41.10:217][  0]LogAIModule: Creating AISystem for world Untitled
[2017.09.05-07.41.10:456][  0]LogInit: XAudio2 using 'Speakers / HP (IDT High Definition Audio CODEC)' : 2 channels at 48 kHz using 16 bits per sample (channel mask 0x3)
[2017.09.05-07.41.10:620][  0]LogInit: FAudioDevice initialized.
[2017.09.05-07.41.10:817][  0]LogDerivedDataCache: Saved boot cache 0.19s 93MB C:/Users/hp/AppData/Local/UnrealEngine/4.17/DerivedDataCache/Boot.ddc.
[2017.09.05-07.41.10:876][  0]LogInit: Texture streaming: Enabled
[2017.09.05-07.41.11:770][  0]LogEngineSessionManager: EngineSessionManager initialized
[2017.09.05-07.41.13:096][  0]LogInit: Transaction tracking system initialized
[2017.09.05-07.41.14:516][  0]BlueprintLog: New page: Editor Load
[2017.09.05-07.41.17:698][  0]LocalizationService: Localization service is disabled
[2017.09.05-07.41.19:448][  0]LogConsoleResponse: Display: 
[2017.09.05-07.41.20:182][  0]LogCook: Display: Max memory allowance for cook 16384mb min free memory 0mb
[2017.09.05-07.41.20:183][  0]LogCook: Display: Mobile HDR setting 1
[2017.09.05-07.41.20:186][  0]LogGameplayTags: Display: UGameplayTagsManager::DoneAddingNativeTags. DelegateIsBound: 0
[2017.09.05-07.41.21:135][  0]LogFileCache: Scanning file cache for directory 'C:/Users/hp/Documents/Unreal Projects/MyProject/Content/' took 0.10s
[2017.09.05-07.41.22:711][  0]SourceControl: Source control is disabled
[2017.09.05-07.41.22:714][  0]Cmd: MAP LOAD FILE="../../../../../../Users/hp/Documents/Unreal Projects/MyProject/Content/TwinStickBP/Maps/TwinStickExampleMap.umap" TEMPLATE=0 SHOWPROGRESS=1 FEATURELEVEL=3
[2017.09.05-07.41.22:723][  0]LightingResults: New page: Lighting Build
[2017.09.05-07.41.22:802][  0]MapCheck: New page: Map Check
[2017.09.05-07.41.22:802][  0]LightingResults: New page: Lighting Build
[2017.09.05-07.41.30:416][  0]LogAIModule: Creating AISystem for world TwinStickExampleMap
[2017.09.05-07.41.30:518][  0]LogEditorServer: Finished looking for orphan Actors (0.000 secs)
[2017.09.05-07.41.30:779][  0]Cmd: MAP CHECKDEP NOCLEARLOG
[2017.09.05-07.41.31:198][  0]MapCheck: Map check complete: 0 Error(s), 0 Warning(s), took 416.763ms to complete.
[2017.09.05-07.41.31:199][  0]LogFileHelpers: Loading map 'TwinStickExampleMap' took 8.487
[2017.09.05-07.41.31:809][  0]LogCollectionManager: Loaded 0 collections in 0.004474 seconds
[2017.09.05-07.41.32:043][  0]LogFileCache: Scanning file cache for directory 'C:/Users/hp/Documents/Unreal Projects/MyProject/Saved/Collections/' took 0.01s
[2017.09.05-07.41.32:043][  0]LogFileCache: Scanning file cache for directory 'C:/Users/hp/Documents/Unreal Projects/MyProject/Content/Developers/hp/Collections/' took 0.01s
[2017.09.05-07.41.32:043][  0]LogFileCache: Scanning file cache for directory 'C:/Users/hp/Documents/Unreal Projects/MyProject/Content/Collections/' took 0.01s
[2017.09.05-07.41.32:044][  0]LogCollectionManager: Rebuilt the GUID cache for 0 collections in 0.000001 seconds
[2017.09.05-07.41.32:085][  0]LogContentBrowser: Native class hierarchy populated in 0.0396 seconds. Added 2386 classes and 500 folders.
[2017.09.05-07.41.32:357][  0]LogContentBrowser: Native class hierarchy updated for 'WidgetCarousel' in 0.0014 seconds. Added 0 classes and 0 folders.
[2017.09.05-07.41.33:419][  0]LogContentBrowser: Native class hierarchy updated for 'AddContentDialog' in 0.0015 seconds. Added 0 classes and 0 folders.
[2017.09.05-07.41.33:688][  0]LogContentBrowser: Native class hierarchy updated for 'SceneOutliner' in 0.0022 seconds. Added 1 classes and 2 folders.
[2017.09.05-07.41.33:863][  0]LogSlate: Took 0.023965 seconds to synchronously load lazily loaded font '../../../Engine/Content/Slate/Fonts/Roboto-Regular.ttf' (155K)
[2017.09.05-07.41.33:881][  0]LogSlate: Took 0.010699 seconds to synchronously load lazily loaded font '../../../Engine/Content/Slate/Fonts/Roboto-Bold.ttf' (160K)
[2017.09.05-07.41.33:918][  0]LogSlate: Took 0.014748 seconds to synchronously load lazily loaded font '../../../Engine/Content/Editor/Slate/Fonts/FontAwesome.ttf' (139K)
[2017.09.05-07.41.34:418][  0]LogRenderer: Reallocating scene render targets to support 856x396 Format 10 NumSamples 1 (Frame:1).
[2017.09.05-07.41.36:149][  0]LogContentBrowser: Native class hierarchy updated for 'HierarchicalLODOutliner' in 0.0014 seconds. Added 1 classes and 2 folders.
[2017.09.05-07.41.36:149][  0]LogLoad: (Engine Initialization) Total time: 103.99 seconds
[2017.09.05-07.41.36:149][  0]LogLoad: (Engine Initialization) Total Blueprint compile time: 0.00 seconds
[2017.09.05-07.41.36:151][  0]LogExternalProfiler: No external profilers were discovered.  External profiling features will not be available.
[2017.09.05-07.41.36:182][  0]LogEditorViewport: Clicking on Actor (LMB): BP_Sky_Sphere_C (SkyShereBlueprint3)
[2017.09.05-07.41.36:328][  0]LogEditorViewport: Clicking on Actor (LMB): LightmassImportanceVolume (LightmassImportanceVolume)
[2017.09.05-07.41.36:414][  0]LogEditorViewport: Clicking on Actor (LMB): BP_Sky_Sphere_C (SkyShereBlueprint3)
[2017.09.05-07.41.36:557][  0]LogContentStreaming: Texture pool size now 1000 MB
[2017.09.05-07.41.36:691][  0]LogSlate: Took 0.012192 seconds to synchronously load lazily loaded font '../../../Engine/Content/Slate/Fonts/Roboto-Light.ttf' (159K)
[2017.09.05-07.41.36:857][  1]LogFileCache: Retrieving MD5 hashes for directory 'C:/Users/hp/Documents/Unreal Projects/MyProject/Content/' took 0.34s
[2017.09.05-07.41.38:114][  7]LogAssetRegistry: Asset discovery search completed in 65.9534 seconds
[2017.09.05-07.41.38:123][  7]LogCollectionManager: Rebuilt the object cache for 0 collections in 0.000003 seconds (found 0 objects)
[2017.09.05-07.41.38:123][  7]LogCollectionManager: Fixed up redirectors for 0 collections in 0.000656 seconds (updated 0 objects)
[2017.09.05-07.44.49:523][660]LogTemp: Repeating last play command: Selected Viewport
[2017.09.05-07.44.49:921][660]LogBlueprintUserMessages: Early PlayInEditor Detection: Level '/Game/TwinStickBP/Maps/TwinStickExampleMap.TwinStickExampleMap:PersistentLevel' has LevelScriptBlueprint '/Game/TwinStickBP/Maps/TwinStickExampleMap.TwinStickExampleMap:PersistentLevel.TwinStickExampleMap' with GeneratedClass '/Game/TwinStickBP/Maps/TwinStickExampleMap.TwinStickExampleMap_C' with ClassGeneratedBy '/Game/TwinStickBP/Maps/TwinStickExampleMap.TwinStickExampleMap:PersistentLevel.TwinStickExampleMap'
[2017.09.05-07.44.49:922][660]LogPlayLevel: PlayLevel: No blueprints needed recompiling
[2017.09.05-07.44.49:987][660]PIE: New page: PIE session: TwinStickExampleMap (Sep 5, 2017, 11:44:49 AM)
[2017.09.05-07.44.49:989][660]LogPlayLevel: Creating play world package: /Game/TwinStickBP/Maps/UEDPIE_0_TwinStickExampleMap
[2017.09.05-07.44.50:253][660]LogPlayLevel: PIE: StaticDuplicateObject took: (0.263484s)
[2017.09.05-07.44.50:258][660]LogAIModule: Creating AISystem for world TwinStickExampleMap
[2017.09.05-07.44.50:262][660]LogPlayLevel: PIE: World Init took: (0.009230s)
[2017.09.05-07.44.50:294][660]LogPlayLevel: PIE: Created PIE world by copying editor world from /Game/TwinStickBP/Maps/TwinStickExampleMap.TwinStickExampleMap to /Game/TwinStickBP/Maps/UEDPIE_0_TwinStickExampleMap.TwinStickExampleMap (0.304280s)
[2017.09.05-07.44.50:467][660]LogInit: XAudio2 using 'Speakers / HP (IDT High Definition Audio CODEC)' : 2 channels at 48 kHz using 16 bits per sample (channel mask 0x3)
[2017.09.05-07.44.50:545][660]LogInit: FAudioDevice initialized.
[2017.09.05-07.44.50:641][660]LogLoad: Game class is 'TwinStickGameMode_C'
[2017.09.05-07.44.50:672][660]LogWorld: Bringing World /Game/TwinStickBP/Maps/UEDPIE_0_TwinStickExampleMap.TwinStickExampleMap up for play (max tick rate 60) at 2017.09.05-09.44.50
[2017.09.05-07.44.50:677][660]LogWorld: Bringing up level for play took: 0.016805
[2017.09.05-07.44.51:232][660]LogContentBrowser: Native class hierarchy updated for 'MovieSceneCapture' in 0.0036 seconds. Added 11 classes and 0 folders.
[2017.09.05-07.44.51:259][660]LogBlueprintUserMessages: [TwinStickPawn_317] why u no work
[2017.09.05-07.44.51:311][660]LogBlueprintUserMessages: [TwinStickExampleMap_C_0] room already exisats
[2017.09.05-07.44.51:333][660]LogBlueprintUserMessages: [TwinStickExampleMap_C_0] room already exisats
[2017.09.05-07.44.51:335][660]LogBlueprintUserMessages: [TwinStickExampleMap_C_0] room already exisats
[2017.09.05-07.44.51:335][660]LogBlueprintUserMessages: [TwinStickExampleMap_C_0] room already exisats
[2017.09.05-07.44.51:358][660]LogBlueprintUserMessages: [TwinStickExampleMap_C_0] room already exisats
[2017.09.05-07.44.51:358][660]LogBlueprintUserMessages: [TwinStickExampleMap_C_0] room already exisats
[2017.09.05-07.44.51:395][660]LogBlueprintUserMessages: [TwinStickExampleMap_C_0] room already exisats
[2017.09.05-07.44.51:396][660]LogBlueprintUserMessages: [TwinStickExampleMap_C_0] room already exisats
[2017.09.05-07.44.51:446][660]PIE: Play in editor start time for /Game/TwinStickBP/Maps/UEDPIE_0_TwinStickExampleMap 2.321
[2017.09.05-07.44.51:447][660]LogBlueprintUserMessages: Late PlayInEditor Detection: Level '/Game/TwinStickBP/Maps/TwinStickExampleMap.TwinStickExampleMap:PersistentLevel' has LevelScriptBlueprint '/Game/TwinStickBP/Maps/TwinStickExampleMap.TwinStickExampleMap:PersistentLevel.TwinStickExampleMap' with GeneratedClass '/Game/TwinStickBP/Maps/TwinStickExampleMap.TwinStickExampleMap_C' with ClassGeneratedBy '/Game/TwinStickBP/Maps/TwinStickExampleMap.TwinStickExampleMap:PersistentLevel.TwinStickExampleMap'
[2017.09.05-07.44.51:495][660]Cmd: RebuildNavigation
[2017.09.05-07.44.52:120][661]Cmd: RebuildNavigation
[2017.09.05-07.44.52:825][662]LogBlueprintUserMessages: [TwinStickPawn_317] 80.0
[2017.09.05-07.44.52:827][662]Cmd: RebuildNavigation
[2017.09.05-07.44.53:112][663]Cmd: RebuildNavigation
[2017.09.05-07.44.53:775][664]LogBlueprintUserMessages: [TwinStickPawn_317] 60.0
[2017.09.05-07.44.53:775][664]Cmd: RebuildNavigation
[2017.09.05-07.44.53:970][665]Cmd: RebuildNavigation
[2017.09.05-07.44.54:159][666]LogBlueprintUserMessages: [TwinStickPawn_317] 40.0
[2017.09.05-07.44.54:159][666]Cmd: RebuildNavigation
[2017.09.05-07.44.54:330][667]Cmd: RebuildNavigation
[2017.09.05-07.44.54:622][668]Cmd: RebuildNavigation
[2017.09.05-07.44.54:783][669]LogBlueprintUserMessages: [TwinStickPawn_317] 20.0
[2017.09.05-07.44.54:783][669]Cmd: RebuildNavigation
[2017.09.05-07.44.54:939][670]Cmd: RebuildNavigation
[2017.09.05-07.44.55:100][671]Cmd: RebuildNavigation
[2017.09.05-07.44.55:260][672]Cmd: RebuildNavigation
[2017.09.05-07.44.55:410][673]Cmd: RebuildNavigation
[2017.09.05-07.44.55:541][674]Cmd: RebuildNavigation
[2017.09.05-07.44.55:673][675]Cmd: RebuildNavigation
[2017.09.05-07.44.55:796][676]Cmd: RebuildNavigation
[2017.09.05-07.44.55:925][677]Cmd: RebuildNavigation
[2017.09.05-07.44.56:052][678]Cmd: RebuildNavigation
[2017.09.05-07.44.56:184][679]Cmd: RebuildNavigation
[2017.09.05-07.44.56:300][679]LogBlueprintUserMessages: [TwinStickPawn_317] 0.0
[2017.09.05-07.44.56:302][679]LogScript: Warning: Attempted to access TwinStickPawn_317 via property None, but TwinStickPawn_317 is pending kill
	TwinStickPawn_C /Game/TwinStickBP/Maps/UEDPIE_0_TwinStickExampleMap.TwinStickExampleMap:PersistentLevel.TwinStickPawn_317
	Function /Game/TwinStickBP/Blueprints/TwinStickPawn.TwinStickPawn_C:ExecuteUbergraph_TwinStickPawn:02B3
[2017.09.05-07.44.56:304][679]PIE: Error: Blueprint Runtime Error: Attempted to access TwinStickPawn_317 via property None, but TwinStickPawn_317 is pending kill from function: 'ExecuteUbergraph_TwinStickPawn' from node: Spawn Emitter at Location in graph: EventGraph in object: TwinStickPawn with description: Attempted to access TwinStickPawn_317 via property None, but TwinStickPawn_317 is pending kill
[2017.09.05-07.44.56:304][679]LogScript: Warning: Attempted to access TwinStickPawn_317 via property None, but TwinStickPawn_317 is pending kill
	TwinStickPawn_C /Game/TwinStickBP/Maps/UEDPIE_0_TwinStickExampleMap.TwinStickExampleMap:PersistentLevel.TwinStickPawn_317
	Function /Game/TwinStickBP/Blueprints/TwinStickPawn.TwinStickPawn_C:ExecuteUbergraph_TwinStickPawn:032A
[2017.09.05-07.44.56:304][679]PIE: Error: Blueprint Runtime Error: Attempted to access TwinStickPawn_317 via property None, but TwinStickPawn_317 is pending kill from function: 'ExecuteUbergraph_TwinStickPawn' from node: Play Sound at Location in graph: EventGraph in object: TwinStickPawn with description: Attempted to access TwinStickPawn_317 via property None, but TwinStickPawn_317 is pending kill
[2017.09.05-07.44.56:334][680]Cmd: RebuildNavigation
[2017.09.05-07.44.56:449][680]LogScript: Warning: Attempted to access TwinStickPawn_317 via property TwinStickPawn_317_ExecuteUbergraph_TwinStickExampleMap_RefProperty, but TwinStickPawn_317 is pending kill
	TwinStickExampleMap_C /Game/TwinStickBP/Maps/UEDPIE_0_TwinStickExampleMap.TwinStickExampleMap:PersistentLevel.TwinStickExampleMap_C_0
	Function /Game/TwinStickBP/Maps/TwinStickExampleMap.TwinStickExampleMap_C:ExecuteUbergraph_TwinStickExampleMap:01AB
[2017.09.05-07.44.56:449][680]PIE: Error: Blueprint Runtime Error: Attempted to access TwinStickPawn_317 via property TwinStickPawn_317_ExecuteUbergraph_TwinStickExampleMap_RefProperty, but TwinStickPawn_317 is pending kill from function: 'ExecuteUbergraph_TwinStickExampleMap' from node: Branch in graph: EventGraph in object: TwinStickExampleMap with description: Attempted to access TwinStickPawn_317 via property TwinStickPawn_317_ExecuteUbergraph_TwinStickExampleMap_RefProperty, but TwinStickPawn_317 is pending kill
[2017.09.05-07.44.56:449][680]LogScript: Warning: Attempted to access TwinStickPawn_317 via property EnemyToFight, but TwinStickPawn_317 is pending kill
	AIChar_2_C /Game/TwinStickBP/Maps/UEDPIE_0_TwinStickExampleMap.TwinStickExampleMap:PersistentLevel.AIChar_2_C_0
	Function /Game/AI/AIChar_2.AIChar_2_C:ExecuteUbergraph_AIChar_2:0DB5
[2017.09.05-07.44.56:449][680]PIE: Error: Blueprint Runtime Error: Attempted to access TwinStickPawn_317 via property EnemyToFight, but TwinStickPawn_317 is pending kill from function: 'ExecuteUbergraph_AIChar_2' from node: SetActorRotation in graph: EventGraph in object: AIChar_2 with description: Attempted to access TwinStickPawn_317 via property EnemyToFight, but TwinStickPawn_317 is pending kill
[2017.09.05-07.44.56:464][681]Cmd: RebuildNavigation
[2017.09.05-07.44.56:576][681]LogScript: Warning: Attempted to access TwinStickPawn_317 via property TwinStickPawn_317_ExecuteUbergraph_TwinStickExampleMap_RefProperty, but TwinStickPawn_317 is pending kill
	TwinStickExampleMap_C /Game/TwinStickBP/Maps/UEDPIE_0_TwinStickExampleMap.TwinStickExampleMap:PersistentLevel.TwinStickExampleMap_C_0
	Function /Game/TwinStickBP/Maps/TwinStickExampleMap.TwinStickExampleMap_C:ExecuteUbergraph_TwinStickExampleMap:01AB
[2017.09.05-07.44.56:576][681]PIE: Error: Blueprint Runtime Error: Attempted to access TwinStickPawn_317 via property TwinStickPawn_317_ExecuteUbergraph_TwinStickExampleMap_RefProperty, but TwinStickPawn_317 is pending kill from function: 'ExecuteUbergraph_TwinStickExampleMap' from node: Branch in graph: EventGraph in object: TwinStickExampleMap with description: Attempted to access TwinStickPawn_317 via property TwinStickPawn_317_ExecuteUbergraph_TwinStickExampleMap_RefProperty, but TwinStickPawn_317 is pending kill
[2017.09.05-07.44.56:588][682]Cmd: RebuildNavigation
[2017.09.05-07.44.56:700][682]LogScript: Warning: Attempted to access TwinStickPawn_317 via property TwinStickPawn_317_ExecuteUbergraph_TwinStickExampleMap_RefProperty, but TwinStickPawn_317 is pending kill
	TwinStickExampleMap_C /Game/TwinStickBP/Maps/UEDPIE_0_TwinStickExampleMap.TwinStickExampleMap:PersistentLevel.TwinStickExampleMap_C_0
	Function /Game/TwinStickBP/Maps/TwinStickExampleMap.TwinStickExampleMap_C:ExecuteUbergraph_TwinStickExampleMap:01AB
[2017.09.05-07.44.56:700][682]PIE: Error: Blueprint Runtime Error: Attempted to access TwinStickPawn_317 via property TwinStickPawn_317_ExecuteUbergraph_TwinStickExampleMap_RefProperty, but TwinStickPawn_317 is pending kill from function: 'ExecuteUbergraph_TwinStickExampleMap' from node: Branch in graph: EventGraph in object: TwinStickExampleMap with description: Attempted to access TwinStickPawn_317 via property TwinStickPawn_317_ExecuteUbergraph_TwinStickExampleMap_RefProperty, but TwinStickPawn_317 is pending kill
[2017.09.05-07.44.56:713][683]Cmd: RebuildNavigation
[2017.09.05-07.44.56:825][683]LogScript: Warning: Attempted to access TwinStickPawn_317 via property TwinStickPawn_317_ExecuteUbergraph_TwinStickExampleMap_RefProperty, but TwinStickPawn_317 is pending kill
	TwinStickExampleMap_C /Game/TwinStickBP/Maps/UEDPIE_0_TwinStickExampleMap.TwinStickExampleMap:PersistentLevel.TwinStickExampleMap_C_0
	Function /Game/TwinStickBP/Maps/TwinStickExampleMap.TwinStickExampleMap_C:ExecuteUbergraph_TwinStickExampleMap:01AB
[2017.09.05-07.44.56:825][683]PIE: Error: Blueprint Runtime Error: Attempted to access TwinStickPawn_317 via property TwinStickPawn_317_ExecuteUbergraph_TwinStickExampleMap_RefProperty, but TwinStickPawn_317 is pending kill from function: 'ExecuteUbergraph_TwinStickExampleMap' from node: Branch in graph: EventGraph in object: TwinStickExampleMap with description: Attempted to access TwinStickPawn_317 via property TwinStickPawn_317_ExecuteUbergraph_TwinStickExampleMap_RefProperty, but TwinStickPawn_317 is pending kill
[2017.09.05-07.44.56:844][684]Cmd: RebuildNavigation
[2017.09.05-07.44.56:944][684]LogScript: Warning: Attempted to access TwinStickPawn_317 via property TwinStickPawn_317_ExecuteUbergraph_TwinStickExampleMap_RefProperty, but TwinStickPawn_317 is pending kill
	TwinStickExampleMap_C /Game/TwinStickBP/Maps/UEDPIE_0_TwinStickExampleMap.TwinStickExampleMap:PersistentLevel.TwinStickExampleMap_C_0
	Function /Game/TwinStickBP/Maps/TwinStickExampleMap.TwinStickExampleMap_C:ExecuteUbergraph_TwinStickExampleMap:01AB
[2017.09.05-07.44.56:944][684]PIE: Error: Blueprint Runtime Error: Attempted to access TwinStickPawn_317 via property TwinStickPawn_317_ExecuteUbergraph_TwinStickExampleMap_RefProperty, but TwinStickPawn_317 is pending kill from function: 'ExecuteUbergraph_TwinStickExampleMap' from node: Branch in graph: EventGraph in object: TwinStickExampleMap with description: Attempted to access TwinStickPawn_317 via property TwinStickPawn_317_ExecuteUbergraph_TwinStickExampleMap_RefProperty, but TwinStickPawn_317 is pending kill
[2017.09.05-07.44.56:958][685]Cmd: RebuildNavigation
[2017.09.05-07.44.57:053][685]LogScript: Warning: Attempted to access TwinStickPawn_317 via property TwinStickPawn_317_ExecuteUbergraph_TwinStickExampleMap_RefProperty, but TwinStickPawn_317 is pending kill
	TwinStickExampleMap_C /Game/TwinStickBP/Maps/UEDPIE_0_TwinStickExampleMap.TwinStickExampleMap:PersistentLevel.TwinStickExampleMap_C_0
	Function /Game/TwinStickBP/Maps/TwinStickExampleMap.TwinStickExampleMap_C:ExecuteUbergraph_TwinStickExampleMap:01AB
[2017.09.05-07.44.57:053][685]PIE: Error: Blueprint Runtime Error: Attempted to access TwinStickPawn_317 via property TwinStickPawn_317_ExecuteUbergraph_TwinStickExampleMap_RefProperty, but TwinStickPawn_317 is pending kill from function: 'ExecuteUbergraph_TwinStickExampleMap' from node: Branch in graph: EventGraph in object: TwinStickExampleMap with description: Attempted to access TwinStickPawn_317 via property TwinStickPawn_317_ExecuteUbergraph_TwinStickExampleMap_RefProperty, but TwinStickPawn_317 is pending kill
[2017.09.05-07.44.57:070][686]Cmd: RebuildNavigation
[2017.09.05-07.44.57:154][686]LogScript: Warning: Attempted to access TwinStickPawn_317 via property TwinStickPawn_317_ExecuteUbergraph_TwinStickExampleMap_RefProperty, but TwinStickPawn_317 is pending kill
	TwinStickExampleMap_C /Game/TwinStickBP/Maps/UEDPIE_0_TwinStickExampleMap.TwinStickExampleMap:PersistentLevel.TwinStickExampleMap_C_0
	Function /Game/TwinStickBP/Maps/TwinStickExampleMap.TwinStickExampleMap_C:ExecuteUbergraph_TwinStickExampleMap:01AB
[2017.09.05-07.44.57:154][686]PIE: Error: Blueprint Runtime Error: Attempted to access TwinStickPawn_317 via property TwinStickPawn_317_ExecuteUbergraph_TwinStickExampleMap_RefProperty, but TwinStickPawn_317 is pending kill from function: 'ExecuteUbergraph_TwinStickExampleMap' from node: Branch in graph: EventGraph in object: TwinStickExampleMap with description: Attempted to access TwinStickPawn_317 via property TwinStickPawn_317_ExecuteUbergraph_TwinStickExampleMap_RefProperty, but TwinStickPawn_317 is pending kill
[2017.09.05-07.44.57:170][687]Cmd: RebuildNavigation
[2017.09.05-07.44.57:274][687]LogScript: Warning: Attempted to access TwinStickPawn_317 via property TwinStickPawn_317_ExecuteUbergraph_TwinStickExampleMap_RefProperty, but TwinStickPawn_317 is pending kill
	TwinStickExampleMap_C /Game/TwinStickBP/Maps/UEDPIE_0_TwinStickExampleMap.TwinStickExampleMap:PersistentLevel.TwinStickExampleMap_C_0
	Function /Game/TwinStickBP/Maps/TwinStickExampleMap.TwinStickExampleMap_C:ExecuteUbergraph_TwinStickExampleMap:01AB
[2017.09.05-07.44.57:274][687]PIE: Error: Blueprint Runtime Error: Attempted to access TwinStickPawn_317 via property TwinStickPawn_317_ExecuteUbergraph_TwinStickExampleMap_RefProperty, but TwinStickPawn_317 is pending kill from function: 'ExecuteUbergraph_TwinStickExampleMap' from node: Branch in graph: EventGraph in object: TwinStickExampleMap with description: Attempted to access TwinStickPawn_317 via property TwinStickPawn_317_ExecuteUbergraph_TwinStickExampleMap_RefProperty, but TwinStickPawn_317 is pending kill
[2017.09.05-07.44.57:286][688]Cmd: RebuildNavigation
[2017.09.05-07.44.57:389][688]LogScript: Warning: Attempted to access TwinStickPawn_317 via property TwinStickPawn_317_ExecuteUbergraph_TwinStickExampleMap_RefProperty, but TwinStickPawn_317 is pending kill
	TwinStickExampleMap_C /Game/TwinStickBP/Maps/UEDPIE_0_TwinStickExampleMap.TwinStickExampleMap:PersistentLevel.TwinStickExampleMap_C_0
	Function /Game/TwinStickBP/Maps/TwinStickExampleMap.TwinStickExampleMap_C:ExecuteUbergraph_TwinStickExampleMap:01AB
[2017.09.05-07.44.57:389][688]PIE: Error: Blueprint Runtime Error: Attempted to access TwinStickPawn_317 via property TwinStickPawn_317_ExecuteUbergraph_TwinStickExampleMap_RefProperty, but TwinStickPawn_317 is pending kill from function: 'ExecuteUbergraph_TwinStickExampleMap' from node: Branch in graph: EventGraph in object: TwinStickExampleMap with description: Attempted to access TwinStickPawn_317 via property TwinStickPawn_317_ExecuteUbergraph_TwinStickExampleMap_RefProperty, but TwinStickPawn_317 is pending kill
[2017.09.05-07.44.57:405][689]Cmd: RebuildNavigation
[2017.09.05-07.44.57:506][689]LogScript: Warning: Attempted to access TwinStickPawn_317 via property TwinStickPawn_317_ExecuteUbergraph_TwinStickExampleMap_RefProperty, but TwinStickPawn_317 is pending kill
	TwinStickExampleMap_C /Game/TwinStickBP/Maps/UEDPIE_0_TwinStickExampleMap.TwinStickExampleMap:PersistentLevel.TwinStickExampleMap_C_0
	Function /Game/TwinStickBP/Maps/TwinStickExampleMap.TwinStickExampleMap_C:ExecuteUbergraph_TwinStickExampleMap:01AB
[2017.09.05-07.44.57:506][689]PIE: Error: Blueprint Runtime Error: Attempted to access TwinStickPawn_317 via property TwinStickPawn_317_ExecuteUbergraph_TwinStickExampleMap_RefProperty, but TwinStickPawn_317 is pending kill from function: 'ExecuteUbergraph_TwinStickExampleMap' from node: Branch in graph: EventGraph in object: TwinStickExampleMap with description: Attempted to access TwinStickPawn_317 via property TwinStickPawn_317_ExecuteUbergraph_TwinStickExampleMap_RefProperty, but TwinStickPawn_317 is pending kill
[2017.09.05-07.44.57:508][689]LogBlueprintUserMessages: Early EndPlayMap Detection: Level '/Game/TwinStickBP/Maps/TwinStickExampleMap.TwinStickExampleMap:PersistentLevel' has LevelScriptBlueprint '/Game/TwinStickBP/Maps/TwinStickExampleMap.TwinStickExampleMap:PersistentLevel.TwinStickExampleMap' with GeneratedClass '/Game/TwinStickBP/Maps/TwinStickExampleMap.TwinStickExampleMap_C' with ClassGeneratedBy '/Game/TwinStickBP/Maps/TwinStickExampleMap.TwinStickExampleMap:PersistentLevel.TwinStickExampleMap'
[2017.09.05-07.44.57:574][689]LogBlueprintUserMessages: Late EndPlayMap Detection: Level '/Game/TwinStickBP/Maps/TwinStickExampleMap.TwinStickExampleMap:PersistentLevel' has LevelScriptBlueprint '/Game/TwinStickBP/Maps/TwinStickExampleMap.TwinStickExampleMap:PersistentLevel.TwinStickExampleMap' with GeneratedClass '/Game/TwinStickBP/Maps/TwinStickExampleMap.TwinStickExampleMap_C' with ClassGeneratedBy '/Game/TwinStickBP/Maps/TwinStickExampleMap.TwinStickExampleMap:PersistentLevel.TwinStickExampleMap'
[2017.09.05-07.45.00:219][781]LogWindowsTextInputMethodSystem: Display: IME system now deactivated.
[2017.09.05-07.45.01:263][782]Cmd: QUIT_EDITOR
[2017.09.05-07.45.01:691][782]LogExit: Preparing to exit.
[2017.09.05-07.45.02:989][782]LogDirectoryWatcher: A directory notification for 'C:/Users/hp/Documents/Unreal Projects/MyProject/Content/' was aborted.
[2017.09.05-07.45.03:428][782]LogExit: Editor shut down
[2017.09.05-07.45.03:579][782]LogExit: Transaction tracking system shut down
[2017.09.05-07.45.04:297][782]LogDirectoryWatcher: A directory notification for '../../../Engine/Content/' was aborted.
[2017.09.05-07.45.04:297][782]LogDirectoryWatcher: A directory notification for '../../../../../../Users/hp/Documents/Unreal Projects/MyProject/Content/' was aborted.
[2017.09.05-07.45.04:298][782]LogDirectoryWatcher: A directory notification for '../../../Engine/Plugins/2D/Paper2D/Content/' was aborted.
[2017.09.05-07.45.04:298][782]LogDirectoryWatcher: A directory notification for '../../../Engine/Plugins/Runtime/Oculus/OculusVR/Content/' was aborted.
[2017.09.05-07.45.04:298][782]LogDirectoryWatcher: A directory notification for '../../../Engine/Plugins/Runtime/Steam/SteamVR/Content/' was aborted.
[2017.09.05-07.45.04:766][782]LogExit: Object subsystem successfully closed.
[2017.09.05-07.45.04:853][782]LogD3D11RHI: Shutdown
[2017.09.05-07.45.04:853][782]LogD3D11RHI: CleanupD3DDevice
[2017.09.05-07.45.05:256][782]LogD3D11RHI: ~FD3D11DynamicRHI
[2017.09.05-07.45.05:395][782]LogModuleManager: Shutting down and abandoning module MovieSceneCapture (532)
[2017.09.05-07.45.05:395][782]LogModuleManager: Shutting down and abandoning module HierarchicalLODOutliner (530)
[2017.09.05-07.45.05:395][782]LogModuleManager: Shutting down and abandoning module SceneOutliner (528)
[2017.09.05-07.45.05:396][782]LogModuleManager: Shutting down and abandoning module AddContentDialog (526)
[2017.09.05-07.45.05:396][782]LogDirectoryWatcher: A directory notification for 'C:/Program Files/Epic Games/UE_4.17/FeaturePacks/' was aborted.
[2017.09.05-07.45.05:399][782]LogModuleManager: Shutting down and abandoning module WidgetCarousel (525)
[2017.09.05-07.45.05:399][782]LogModuleManager: Shutting down and abandoning module EditorWidgets (522)
[2017.09.05-07.45.05:399][782]LogModuleManager: Shutting down and abandoning module CollectionManager (520)
[2017.09.05-07.45.05:399][782]LogDirectoryWatcher: A directory notification for 'C:/Users/hp/Documents/Unreal Projects/MyProject/Content/Collections/' was aborted.
[2017.09.05-07.45.05:400][782]LogDirectoryWatcher: A directory notification for 'C:/Users/hp/Documents/Unreal Projects/MyProject/Content/Developers/hp/Collections/' was aborted.
[2017.09.05-07.45.05:400][782]LogDirectoryWatcher: A directory notification for 'C:/Users/hp/Documents/Unreal Projects/MyProject/Saved/Collections/' was aborted.
[2017.09.05-07.45.05:400][782]LogModuleManager: Shutting down and abandoning module StatsViewer (518)
[2017.09.05-07.45.05:403][782]LogModuleManager: Shutting down and abandoning module FoliageEdit (516)
[2017.09.05-07.45.05:403][782]LogModuleManager: Shutting down and abandoning module LandscapeEditor (514)
[2017.09.05-07.45.05:404][782]LogModuleManager: Shutting down and abandoning module MeshPaintMode (512)
[2017.09.05-07.45.05:404][782]LogModuleManager: Shutting down and abandoning module SceneDepthPickerMode (510)
[2017.09.05-07.45.05:404][782]LogModuleManager: Shutting down and abandoning module ActorPickerMode (508)
[2017.09.05-07.45.05:404][782]LogModuleManager: Shutting down and abandoning module GeometryMode (506)
[2017.09.05-07.45.05:404][782]LogModuleManager: Shutting down and abandoning module TextureAlignMode (504)
[2017.09.05-07.45.05:404][782]LogModuleManager: Shutting down and abandoning module BspMode (502)
[2017.09.05-07.45.05:405][782]LogModuleManager: Shutting down and abandoning module PIEPreviewDeviceProfileSelector (500)
[2017.09.05-07.45.05:405][782]LogModuleManager: Shutting down and abandoning module HardwareSurvey (498)
[2017.09.05-07.45.05:405][782]LogModuleManager: Shutting down and abandoning module SequenceRecorderSections (496)
[2017.09.05-07.45.05:406][782]LogModuleManager: Shutting down and abandoning module AutomationWorker (494)
[2017.09.05-07.45.05:406][782]LogModuleManager: Shutting down and abandoning module MatineeToLevelSequence (492)
[2017.09.05-07.45.05:408][782]LogModuleManager: Shutting down and abandoning module LevelSequenceEditor (490)
[2017.09.05-07.45.05:411][782]LogModuleManager: Shutting down and abandoning module PlacementMode (489)
[2017.09.05-07.45.05:411][782]LogModuleManager: Shutting down and abandoning module WmfMediaFactory (486)
[2017.09.05-07.45.05:411][782]LogModuleManager: Shutting down and abandoning module WmfMediaEditor (484)
[2017.09.05-07.45.05:411][782]LogModuleManager: Shutting down and abandoning module AvfMediaFactory (482)
[2017.09.05-07.45.05:411][782]LogModuleManager: Shutting down and abandoning module AvfMediaEditor (480)
[2017.09.05-07.45.05:411][782]LogModuleManager: Shutting down and abandoning module AndroidMediaFactory (478)
[2017.09.05-07.45.05:411][782]LogModuleManager: Shutting down and abandoning module Media (477)
[2017.09.05-07.45.05:412][782]LogModuleManager: Shutting down and abandoning module AndroidMediaEditor (474)
[2017.09.05-07.45.05:412][782]LogModuleManager: Shutting down and abandoning module CharacterAI (472)
[2017.09.05-07.45.05:412][782]LogModuleManager: Shutting down and abandoning module AudioCapture (470)
[2017.09.05-07.45.05:412][782]LogModuleManager: Shutting down and abandoning module SequenceRecorder (469)
[2017.09.05-07.45.05:412][782]LogModuleManager: Shutting down and abandoning module SmartSnapping (466)
[2017.09.05-07.45.05:413][782]LogModuleManager: Shutting down and abandoning module SessionServices (464)
[2017.09.05-07.45.05:413][782]LogModuleManager: Shutting down and abandoning module ViewportSnapping (462)
[2017.09.05-07.45.05:413][782]LogModuleManager: Shutting down and abandoning module ViewportInteraction (460)
[2017.09.05-07.45.05:413][782]LogModuleManager: Shutting down and abandoning module ClothPainter (458)
[2017.09.05-07.45.05:418][782]LogModuleManager: Shutting down and abandoning module LogVisualizer (456)
[2017.09.05-07.45.05:420][782]LogModuleManager: Shutting down and abandoning module IntroTutorials (454)
[2017.09.05-07.45.05:421][782]LogModuleManager: Shutting down and abandoning module GameProjectGeneration (453)
[2017.09.05-07.45.05:423][782]LogModuleManager: Shutting down and abandoning module IOSPlatformEditor (450)
[2017.09.05-07.45.05:423][782]LogModuleManager: Shutting down and abandoning module HTML5PlatformEditor (448)
[2017.09.05-07.45.05:423][782]LogModuleManager: Shutting down and abandoning module AndroidPlatformEditor (446)
[2017.09.05-07.45.05:423][782]LogModuleManager: Shutting down and abandoning module AndroidDeviceDetection (445)
[2017.09.05-07.45.05:481][782]LogModuleManager: Shutting down and abandoning module WindowsPlatformEditor (442)
[2017.09.05-07.45.05:482][782]LogModuleManager: Shutting down and abandoning module IOSRuntimeSettings (440)
[2017.09.05-07.45.05:482][782]LogModuleManager: Shutting down and abandoning module AndroidRuntimeSettings (438)
[2017.09.05-07.45.05:482][782]LogModuleManager: Shutting down and abandoning module InputBindingEditor (436)
[2017.09.05-07.45.05:484][782]LogModuleManager: Shutting down and abandoning module MergeActors (434)
[2017.09.05-07.45.05:485][782]LogModuleManager: Shutting down and abandoning module SizeMap (432)
[2017.09.05-07.45.05:486][782]LogModuleManager: Shutting down and abandoning module TreeMap (430)
[2017.09.05-07.45.05:486][782]LogModuleManager: Shutting down and abandoning module ReferenceViewer (428)
[2017.09.05-07.45.05:487][782]LogModuleManager: Shutting down and abandoning module LocalizationDashboard (426)
[2017.09.05-07.45.05:487][782]LogModuleManager: Shutting down and abandoning module LocalizationService (425)
[2017.09.05-07.45.05:488][782]LogModuleManager: Shutting down and abandoning module HardwareTargeting (422)
[2017.09.05-07.45.05:488][782]LogModuleManager: Shutting down and abandoning module DeviceProfileEditor (420)
[2017.09.05-07.45.05:488][782]LogModuleManager: Shutting down and abandoning module UndoHistory (418)
[2017.09.05-07.45.05:488][782]LogModuleManager: Shutting down and abandoning module XmlParser (416)
[2017.09.05-07.45.05:489][782]LogModuleManager: Shutting down and abandoning module Blutility (414)
[2017.09.05-07.45.05:489][782]LogModuleManager: Shutting down and abandoning module ProjectSettingsViewer (412)
[2017.09.05-07.45.05:489][782]LogModuleManager: Shutting down and abandoning module ProjectTargetPlatformEditor (411)
[2017.09.05-07.45.05:490][782]LogModuleManager: Shutting down and abandoning module EditorSettingsViewer (408)
[2017.09.05-07.45.05:490][782]LogModuleManager: Shutting down and abandoning module SettingsEditor (406)
[2017.09.05-07.45.05:491][782]LogModuleManager: Shutting down and abandoning module ProjectLauncher (404)
[2017.09.05-07.45.05:492][782]LogModuleManager: Shutting down and abandoning module SessionFrontend (402)
[2017.09.05-07.45.05:492][782]LogModuleManager: Shutting down and abandoning module ProfilerClient (400)
[2017.09.05-07.45.05:493][782]LogModuleManager: Shutting down and abandoning module DeviceManager (398)
[2017.09.05-07.45.05:494][782]LogModuleManager: Shutting down and abandoning module TargetDeviceServices (397)
[2017.09.05-07.45.05:552][782]LogModuleManager: Shutting down and abandoning module AutomationController (394)
[2017.09.05-07.45.05:553][782]LogModuleManager: Shutting down and abandoning module AutomationWindow (392)
[2017.09.05-07.45.05:554][782]LogModuleManager: Shutting down and abandoning module Layers (390)
[2017.09.05-07.45.05:555][782]LogModuleManager: Shutting down and abandoning module ComponentVisualizers (388)
[2017.09.05-07.45.05:555][782]LogModuleManager: Shutting down and abandoning module DetailCustomizations (386)
[2017.09.05-07.45.05:556][782]LogModuleManager: Shutting down and abandoning module PackagesDialog (384)
[2017.09.05-07.45.05:556][782]LogModuleManager: Shutting down and abandoning module Persona (382)
[2017.09.05-07.45.05:557][782]LogModuleManager: Shutting down and abandoning module AdvancedPreviewScene (381)
[2017.09.05-07.45.05:557][782]LogModuleManager: Shutting down and abandoning module AnimGraph (379)
[2017.09.05-07.45.05:558][782]LogModuleManager: Shutting down and abandoning module Kismet (376)
[2017.09.05-07.45.05:561][782]LogModuleManager: Shutting down and abandoning module ClassViewer (374)
[2017.09.05-07.45.05:561][782]LogModuleManager: Shutting down and abandoning module Toolbox (372)
[2017.09.05-07.45.05:561][782]LogModuleManager: Shutting down and abandoning module ModuleUI (370)
[2017.09.05-07.45.05:562][782]LogModuleManager: Shutting down and abandoning module MovieSceneTools (368)
[2017.09.05-07.45.05:564][782]LogModuleManager: Shutting down and abandoning module OutputLog (366)
[2017.09.05-07.45.05:564][782]LogModuleManager: Shutting down and abandoning module GammaUI (364)
[2017.09.05-07.45.05:564][782]LogModuleManager: Shutting down and abandoning module Documentation (362)
[2017.09.05-07.45.05:564][782]LogModuleManager: Shutting down and abandoning module MovieSceneTracks (360)
[2017.09.05-07.45.05:565][782]LogModuleManager: Shutting down and abandoning module MovieScene (358)
[2017.09.05-07.45.05:565][782]LogModuleManager: Shutting down and abandoning module Niagara (356)
[2017.09.05-07.45.05:565][782]LogModuleManager: Shutting down and abandoning module NiagaraEditor (355)
[2017.09.05-07.45.05:567][782]LogModuleManager: Shutting down and abandoning module StreamingPauseRendering (352)
[2017.09.05-07.45.05:567][782]LogModuleManager: Shutting down and abandoning module LauncherPlatform (350)
[2017.09.05-07.45.05:567][782]LogModuleManager: Shutting down and abandoning module AnalyticsET (348)
[2017.09.05-07.45.05:567][782]LogModuleManager: Shutting down and abandoning module PortalServices (346)
[2017.09.05-07.45.05:567][782]LogModuleManager: Shutting down and abandoning module PortalRpc (344)
[2017.09.05-07.45.05:567][782]LogModuleManager: Shutting down and abandoning module MessagingRpc (342)
[2017.09.05-07.45.05:567][782]LogModuleManager: Shutting down and abandoning module AIModule (340)
[2017.09.05-07.45.05:567][782]LogModuleManager: Shutting down and abandoning module GameplayDebugger (339)
[2017.09.05-07.45.05:567][782]LogModuleManager: Shutting down and abandoning module AITestSuite (337)
[2017.09.05-07.45.05:568][782]LogModuleManager: Shutting down and abandoning module ProfilerService (334)
[2017.09.05-07.45.05:586][782]LogModuleManager: Shutting down and abandoning module TaskGraph (332)
[2017.09.05-07.45.05:587][782]LogModuleManager: Shutting down and abandoning module SteamVRController (330)
[2017.09.05-07.45.05:587][782]LogModuleManager: Shutting down and abandoning module ProceduralMeshComponentEditor (328)
[2017.09.05-07.45.05:588][782]LogModuleManager: Shutting down and abandoning module ProceduralMeshComponent (326)
[2017.09.05-07.45.05:588][782]LogModuleManager: Shutting down and abandoning module OculusInput (324)
[2017.09.05-07.45.05:588][782]LogModuleManager: Shutting down and abandoning module MobilePatchingUtils (322)
[2017.09.05-07.45.05:588][782]LogModuleManager: Shutting down and abandoning module CustomMeshComponent (320)
[2017.09.05-07.45.05:588][782]LogModuleManager: Shutting down and abandoning module CableComponent (318)
[2017.09.05-07.45.05:588][782]LogModuleManager: Shutting down and abandoning module ArchVisCharacter (316)
[2017.09.05-07.45.05:588][782]LogModuleManager: Shutting down and abandoning module AndroidPermission (314)
[2017.09.05-07.45.05:588][782]LogModuleManager: Shutting down and abandoning module MediaPlayerEditor (310)
[2017.09.05-07.45.05:590][782]LogModuleManager: Shutting down and abandoning module HTML5Networking (308)
[2017.09.05-07.45.05:590][782]LogModuleManager: Shutting down and abandoning module AlembicImporter (306)
[2017.09.05-07.45.05:590][782]LogModuleManager: Shutting down and abandoning module AlembicLibrary (305)
[2017.09.05-07.45.05:590][782]LogModuleManager: Shutting down and abandoning module GeometryCache (304)
[2017.09.05-07.45.05:590][782]LogModuleManager: Shutting down and abandoning module GeometryCacheEd (303)
[2017.09.05-07.45.05:590][782]LogModuleManager: Shutting down and abandoning module SpeedTreeImporter (298)
[2017.09.05-07.45.05:590][782]LogModuleManager: Shutting down and abandoning module PluginBrowser (296)
[2017.09.05-07.45.05:593][782]LogModuleManager: Shutting down and abandoning module MobileLauncherProfileWizard (294)
[2017.09.05-07.45.05:593][782]LogModuleManager: Shutting down and abandoning module VisualStudioSourceCodeAccess (292)
[2017.09.05-07.45.05:594][782]LogModuleManager: Shutting down and abandoning module DesktopPlatform (291)
[2017.09.05-07.45.05:594][782]LogModuleManager: Shutting down and abandoning module UObjectPlugin (288)
[2017.09.05-07.45.05:594][782]LogModuleManager: Shutting down and abandoning module SubversionSourceControl (286)
[2017.09.05-07.45.05:595][782]LogModuleManager: Shutting down and abandoning module PerforceSourceControl (284)
[2017.09.05-07.45.05:598][782]LogModuleManager: Shutting down and abandoning module GitSourceControl (282)
[2017.09.05-07.45.05:599][782]LogModuleManager: Shutting down and abandoning module SourceControl (281)
[2017.09.05-07.45.05:600][782]LogModuleManager: Shutting down and abandoning module LightPropagationVolumeEditor (278)
[2017.09.05-07.45.05:600][782]LogModuleManager: Shutting down and abandoning module PaperTiledImporter (276)
[2017.09.05-07.45.05:600][782]LogModuleManager: Shutting down and abandoning module PaperSpriteSheetImporter (274)
[2017.09.05-07.45.05:600][782]LogModuleManager: Shutting down and abandoning module Paper2DEditor (272)
[2017.09.05-07.45.05:601][782]LogModuleManager: Shutting down and abandoning module MeshPaint (271)
[2017.09.05-07.45.05:602][782]LogModuleManager: Shutting down and abandoning module LevelEditor (269)
[2017.09.05-07.45.05:607][782]LogModuleManager: Shutting down and abandoning module PixelInspectorModule (268)
[2017.09.05-07.45.05:608][782]LogModuleManager: Shutting down and abandoning module MainFrame (266)
[2017.09.05-07.45.05:609][782]LogModuleManager: Shutting down and abandoning module HotReload (265)
[2017.09.05-07.45.05:611][782]LogModuleManager: Shutting down and abandoning module RuntimePhysXCooking (260)
[2017.09.05-07.45.05:611][782]LogModuleManager: Shutting down and abandoning module PhysXVehiclesEditor (258)
[2017.09.05-07.45.05:612][782]LogModuleManager: Shutting down and abandoning module PhysXVehicles (256)
[2017.09.05-07.45.05:612][782]LogModuleManager: Shutting down and abandoning module OculusEditor (254)
[2017.09.05-07.45.05:612][782]LogModuleManager: Shutting down and abandoning module LocationServicesBPLibrary (252)
[2017.09.05-07.45.05:612][782]LogModuleManager: Shutting down and abandoning module ImmediatePhysicsEditor (250)
[2017.09.05-07.45.05:612][782]LogModuleManager: Shutting down and abandoning module ImmediatePhysics (248)
[2017.09.05-07.45.05:612][782]LogModuleManager: Shutting down and abandoning module UdpMessaging (246)
[2017.09.05-07.45.05:719][782]LogModuleManager: Shutting down and abandoning module TcpMessaging (244)
[2017.09.05-07.45.05:822][782]LogModuleManager: Shutting down and abandoning module GameplayTagsEditor (242)
[2017.09.05-07.45.05:824][782]LogModuleManager: Shutting down and abandoning module FacialAnimationEditor (240)
[2017.09.05-07.45.05:824][782]LogModuleManager: Shutting down and abandoning module FacialAnimation (238)
[2017.09.05-07.45.05:824][782]LogModuleManager: Shutting down and abandoning module AssetManagerEditor (236)
[2017.09.05-07.45.05:825][782]LogModuleManager: Shutting down and abandoning module GraphEditor (235)
[2017.09.05-07.45.05:828][782]LogModuleManager: Shutting down and abandoning module ContentBrowser (233)
[2017.09.05-07.45.05:830][782]LogModuleManager: Shutting down and abandoning module LightPropagationVolumeRuntime (230)
[2017.09.05-07.45.05:830][782]LogModuleManager: Shutting down and abandoning module Paper2D (228)
[2017.09.05-07.45.05:830][782]LogModuleManager: Shutting down and abandoning module WindowsMoviePlayer (226)
[2017.09.05-07.45.05:830][782]LogModuleManager: Shutting down and abandoning module WmfMedia (224)
[2017.09.05-07.45.05:845][782]LogModuleManager: Shutting down and abandoning module PacketHandler (222)
[2017.09.05-07.45.05:845][782]LogModuleManager: Shutting down and abandoning module ClothingSystemEditor (220)
[2017.09.05-07.45.05:846][782]LogModuleManager: Shutting down and abandoning module ClothingSystemRuntime (218)
[2017.09.05-07.45.05:854][782]LogModuleManager: Shutting down and abandoning module Overlay (216)
[2017.09.05-07.45.05:854][782]LogModuleManager: Shutting down and abandoning module OverlayEditor (215)
[2017.09.05-07.45.05:854][782]LogModuleManager: Shutting down and abandoning module MediaAssets (212)
[2017.09.05-07.45.05:855][782]LogModuleManager: Shutting down and abandoning module VREditor (210)
[2017.09.05-07.45.05:856][782]LogModuleManager: Shutting down and abandoning module StringTableEditor (208)
[2017.09.05-07.45.05:859][782]LogModuleManager: Shutting down and abandoning module GameplayTasksEditor (206)
[2017.09.05-07.45.05:859][782]LogModuleManager: Shutting down and abandoning module BehaviorTreeEditor (204)
[2017.09.05-07.45.05:888][782]LogModuleManager: Shutting down and abandoning module FunctionalTesting (202)
[2017.09.05-07.45.05:889][782]LogModuleManager: Shutting down and abandoning module CollisionAnalyzer (200)
[2017.09.05-07.45.05:930][782]LogModuleManager: Shutting down and abandoning module WorkspaceMenuStructure (199)
[2017.09.05-07.45.05:930][782]LogModuleManager: Shutting down and abandoning module UMG (196)
[2017.09.05-07.45.05:930][782]LogModuleManager: Shutting down and abandoning module UMGEditor (195)
[2017.09.05-07.45.05:941][782]LogModuleManager: Shutting down and abandoning module Sequencer (194)
[2017.09.05-07.45.05:946][782]LogModuleManager: Shutting down and abandoning module MessageLog (191)
[2017.09.05-07.45.05:948][782]LogModuleManager: Shutting down and abandoning module SlateReflector (186)
[2017.09.05-07.45.05:974][782]LogModuleManager: Shutting down and abandoning module Slate (184)
[2017.09.05-07.45.05:974][782]LogModuleManager: Shutting down and abandoning module EditorStyle (182)
[2017.09.05-07.45.05:993][782]LogModuleManager: Shutting down and abandoning module MRMesh (180)
[2017.09.05-07.45.05:993][782]LogModuleManager: Shutting down and abandoning module SourceCodeAccess (178)
[2017.09.05-07.45.05:994][782]LogModuleManager: Shutting down and abandoning module HeadMountedDisplay (176)
[2017.09.05-07.45.05:994][782]LogModuleManager: Shutting down and abandoning module XAudio2 (174)
[2017.09.05-07.45.05:994][782]LogModuleManager: Shutting down and abandoning module Networking (172)
[2017.09.05-07.45.05:994][782]LogModuleManager: Shutting down and abandoning module Core (168)
[2017.09.05-07.45.05:994][782]LogModuleManager: Shutting down and abandoning module KismetCompiler (164)
[2017.09.05-07.45.05:994][782]LogModuleManager: Shutting down and abandoning module LevelSequence (162)
[2017.09.05-07.45.05:994][782]LogModuleManager: Shutting down and abandoning module MeshUtilities (160)
[2017.09.05-07.45.05:995][782]LogModuleManager: Shutting down and abandoning module MeshMergeUtilities (159)
[2017.09.05-07.45.05:996][782]LogModuleManager: Shutting down and abandoning module MeshReductionInterface (158)
[2017.09.05-07.45.05:996][782]LogModuleManager: Shutting down and abandoning module SimplygonSwarm (157)
[2017.09.05-07.45.05:996][782]LogModuleManager: Shutting down and abandoning module SimplygonMeshReduction (155)
[2017.09.05-07.45.05:996][782]LogModuleManager: Shutting down and abandoning module QuadricMeshReduction (153)
[2017.09.05-07.45.05:997][782]LogModuleManager: Shutting down and abandoning module MaterialBaking (149)
[2017.09.05-07.45.05:998][782]LogModuleManager: Shutting down and abandoning module DirectoryWatcher (146)
[2017.09.05-07.45.06:009][782]LogModuleManager: Shutting down and abandoning module DerivedDataCache (144)
[2017.09.05-07.45.06:024][782]LogDerivedDataCache: Shutdown
[2017.09.05-07.45.06:024][782]LogModuleManager: Shutting down and abandoning module TargetPlatform (142)
[2017.09.05-07.45.06:027][782]LogModuleManager: Shutting down and abandoning module VulkanShaderFormat (141)
[2017.09.05-07.45.06:032][782]LogModuleManager: Shutting down and abandoning module ShaderFormatVectorVM (139)
[2017.09.05-07.45.06:033][782]LogModuleManager: Shutting down and abandoning module ShaderFormatOpenGL (137)
[2017.09.05-07.45.06:033][782]LogModuleManager: Shutting down and abandoning module ShaderFormatD3D (135)
[2017.09.05-07.45.06:034][782]LogModuleManager: Shutting down and abandoning module MetalShaderFormat (133)
[2017.09.05-07.45.06:035][782]LogModuleManager: Shutting down and abandoning module TextureFormatUncompressed (131)
[2017.09.05-07.45.06:035][782]LogModuleManager: Shutting down and abandoning module TextureFormatPVR (129)
[2017.09.05-07.45.06:035][782]LogModuleManager: Shutting down and abandoning module TextureFormatDXT (127)
[2017.09.05-07.45.06:035][782]LogModuleManager: Shutting down and abandoning module TextureFormatIntelISPCTexComp (125)
[2017.09.05-07.45.06:036][782]LogModuleManager: Shutting down and abandoning module TextureFormatASTC (123)
[2017.09.05-07.45.06:036][782]LogModuleManager: Shutting down and abandoning module ImageWrapper (122)
[2017.09.05-07.45.06:036][782]LogModuleManager: Shutting down and abandoning module TextureFormatAndroid (119)
[2017.09.05-07.45.06:036][782]LogModuleManager: Shutting down and abandoning module AudioFormatOpus (117)
[2017.09.05-07.45.06:037][782]LogModuleManager: Shutting down and abandoning module AudioFormatOgg (115)
[2017.09.05-07.45.06:037][782]LogModuleManager: Shutting down and abandoning module AudioFormatADPCM (113)
[2017.09.05-07.45.06:037][782]LogModuleManager: Shutting down and abandoning module LinuxTargetPlatform (111)
[2017.09.05-07.45.06:037][782]LogModuleManager: Shutting down and abandoning module LinuxServerTargetPlatform (109)
[2017.09.05-07.45.06:037][782]LogModuleManager: Shutting down and abandoning module LinuxNoEditorTargetPlatform (107)
[2017.09.05-07.45.06:037][782]LogModuleManager: Shutting down and abandoning module LinuxClientTargetPlatform (105)
[2017.09.05-07.45.06:037][782]LogModuleManager: Shutting down and abandoning module TVOSTargetPlatform (103)
[2017.09.05-07.45.06:038][782]LogModuleManager: Shutting down and abandoning module Messaging (101)
[2017.09.05-07.45.06:038][782]LogModuleManager: Shutting down and abandoning module IOSTargetPlatform (99)
[2017.09.05-07.45.06:038][782]LogModuleManager: Shutting down and abandoning module HTML5TargetPlatform (97)
[2017.09.05-07.45.06:039][782]LogModuleManager: Shutting down and abandoning module Android_PVRTCTargetPlatform (95)
[2017.09.05-07.45.06:039][782]LogModuleManager: Shutting down and abandoning module Android_MultiTargetPlatform (93)
[2017.09.05-07.45.06:040][782]LogModuleManager: Shutting down and abandoning module Android_ETC2TargetPlatform (91)
[2017.09.05-07.45.06:040][782]LogModuleManager: Shutting down and abandoning module Android_ETC1TargetPlatform (89)
[2017.09.05-07.45.06:041][782]LogModuleManager: Shutting down and abandoning module Android_DXTTargetPlatform (87)
[2017.09.05-07.45.06:041][782]LogModuleManager: Shutting down and abandoning module Android_ATCTargetPlatform (85)
[2017.09.05-07.45.06:041][782]LogModuleManager: Shutting down and abandoning module Android_ASTCTargetPlatform (83)
[2017.09.05-07.45.06:041][782]LogModuleManager: Shutting down and abandoning module AndroidTargetPlatform (81)
[2017.09.05-07.45.06:041][782]LogModuleManager: Shutting down and abandoning module WindowsTargetPlatform (79)
[2017.09.05-07.45.06:041][782]LogModuleManager: Shutting down and abandoning module WindowsServerTargetPlatform (77)
[2017.09.05-07.45.06:042][782]LogModuleManager: Shutting down and abandoning module WindowsNoEditorTargetPlatform (75)
[2017.09.05-07.45.06:042][782]LogModuleManager: Shutting down and abandoning module WindowsClientTargetPlatform (73)
[2017.09.05-07.45.06:044][782]LogModuleManager: Shutting down and abandoning module MacTargetPlatform (71)
[2017.09.05-07.45.06:044][782]LogModuleManager: Shutting down and abandoning module MacServerTargetPlatform (69)
[2017.09.05-07.45.06:044][782]LogModuleManager: Shutting down and abandoning module MacNoEditorTargetPlatform (67)
[2017.09.05-07.45.06:044][782]LogModuleManager: Shutting down and abandoning module MacClientTargetPlatform (65)
[2017.09.05-07.45.06:044][782]LogModuleManager: Shutting down and abandoning module AllDesktopTargetPlatform (63)
[2017.09.05-07.45.06:044][782]LogModuleManager: Shutting down and abandoning module InputCore (60)
[2017.09.05-07.45.06:044][782]LogModuleManager: Shutting down and abandoning module Settings (58)
[2017.09.05-07.45.06:045][782]LogModuleManager: Shutting down and abandoning module PhysXCooking (56)
[2017.09.05-07.45.06:045][782]LogModuleManager: Shutting down and abandoning module SteamVR (54)
[2017.09.05-07.45.06:045][782]LogModuleManager: Shutting down and abandoning module OculusHMD (52)
[2017.09.05-07.45.06:045][782]LogModuleManager: Shutting down and abandoning module ExampleDeviceProfileSelector (50)
[2017.09.05-07.45.06:045][782]LogModuleManager: Shutting down and abandoning module OnlineBlueprintSupport (48)
[2017.09.05-07.45.06:045][782]LogModuleManager: Shutting down and abandoning module OnlineSubsystem (44)
[2017.09.05-07.45.06:045][782]LogOnline: Display: Unloading online subsystem: NULL
[2017.09.05-07.45.06:046][782]LogModuleManager: Shutting down and abandoning module XMPP (43)
[2017.09.05-07.45.06:048][782]LogModuleManager: Shutting down and abandoning module HTTP (41)
[2017.09.05-07.45.06:049][782]LogHttp: Display: Http module shutting down, but needs to wait on 1 outstanding Http requests:
[2017.09.05-07.45.06:049][782]LogHttp: Display: 	verb=[POST] url=[https://datarouter.ol.epicgames.com/datarouter/api/v1/public/data?SessionID=%7BDA3424D4-4D12-31D3-87D0-5D834FED3789%7D&AppID=UEEditor.Rocket.Release&AppVersion=4.17.1-3586342%2B%2B%2BUE4%2BRelease-4.17&UserID=592cb4b446cfe1ab5d87efa92ab8da98%7C5279ea16eca044f787034c64236ec678%7C4e4f5d37-79e1-4ec9-809a-3ecd9352c359&AppEnvironment=datacollector-binary&UploadType=eteventstream] status=Processing
[2017.09.05-07.45.06:076][782]LogModuleManager: Shutting down and abandoning module SSL (40)
[2017.09.05-07.45.06:081][782]LogModuleManager: Shutting down and abandoning module AnimationModifiers (36)
[2017.09.05-07.45.06:082][782]LogModuleManager: Shutting down and abandoning module PropertyEditor (35)
[2017.09.05-07.45.06:084][782]LogModuleManager: Shutting down and abandoning module AudioEditor (32)
[2017.09.05-07.45.06:088][782]LogModuleManager: Shutting down and abandoning module TextureCompressor (30)
[2017.09.05-07.45.06:089][782]LogModuleManager: Shutting down and abandoning module ShaderCore (28)
[2017.09.05-07.45.06:089][782]LogModuleManager: Shutting down and abandoning module Landscape (26)
[2017.09.05-07.45.06:089][782]LogModuleManager: Shutting down and abandoning module SlateRHIRenderer (24)
[2017.09.05-07.45.06:092][782]LogModuleManager: Shutting down and abandoning module OpenGLDrv (22)
[2017.09.05-07.45.06:092][782]LogModuleManager: Shutting down and abandoning module D3D11RHI (20)
[2017.09.05-07.45.06:092][782]LogModuleManager: Shutting down and abandoning module AnimGraphRuntime (18)
[2017.09.05-07.45.06:092][782]LogModuleManager: Shutting down and abandoning module Renderer (16)
[2017.09.05-07.45.06:092][782]LogModuleManager: Shutting down and abandoning module Engine (14)
[2017.09.05-07.45.06:093][782]LogModuleManager: Shutting down and abandoning module CoreUObject (12)
[2017.09.05-07.45.06:093][782]LogModuleManager: Shutting down and abandoning module NetworkFile (10)
[2017.09.05-07.45.06:093][782]LogModuleManager: Shutting down and abandoning module CookedIterativeFile (8)
[2017.09.05-07.45.06:093][782]LogModuleManager: Shutting down and abandoning module StreamingFile (6)
[2017.09.05-07.45.06:094][782]LogModuleManager: Shutting down and abandoning module SandboxFile (4)
[2017.09.05-07.45.06:094][782]LogModuleManager: Shutting down and abandoning module PakFile (2)
[2017.09.05-07.45.06:097][782]LogExit: Exiting.
[2017.09.05-07.45.06:209][782]Log file closed, 09/05/17 09:45:06
