Log file open, 09/05/17 00:05:35
LogWindows: LoadLibraryWithSearchPaths failed for file aqProf.dll. GetLastError=0
LogWindows: LoadLibraryWithSearchPaths failed for file VSPerf140.dll. GetLastError=0
LogWindows: LoadLibraryWithSearchPaths failed for file VtuneApi.dll. GetLastError=0
LogWindows: LoadLibraryWithSearchPaths failed for file VtuneApi32e.dll. GetLastError=0
LogInit: Display: Running engine for game: MyProject
LogPlatformFile: Not using cached read wrapper
LogInit: Display: RandInit(916944196) SRandInit(916944196).
LogTaskGraph: Started task graph with 5 named threads and 8 total threads with 3 sets of task threads.
LogStats: Stats thread started at 0.369699
LogD3D11RHI: Aftermath initialized
LogPluginManager: Mounting plugin Paper2D
LogPluginManager: Mounting plugin LightPropagationVolume
LogPluginManager: Mounting plugin CodeLiteSourceCodeAccess
LogPluginManager: Mounting plugin GitSourceControl
LogPluginManager: Mounting plugin KDevelopSourceCodeAccess
LogPluginManager: Mounting plugin NullSourceCodeAccess
LogPluginManager: Mounting plugin PerforceSourceControl
LogPluginManager: Mounting plugin SubversionSourceControl
LogPluginManager: Mounting plugin UObjectPlugin
LogPluginManager: Mounting plugin VisualStudioSourceCodeAccess
LogPluginManager: Mounting plugin XCodeSourceCodeAccess
LogPluginManager: Mounting plugin AssetManagerEditor
LogPluginManager: Mounting plugin AudioCapture
LogPluginManager: Mounting plugin FacialAnimation
LogPluginManager: Mounting plugin GameplayTagsEditor
LogPluginManager: Mounting plugin MobileLauncherProfileWizard
LogPluginManager: Mounting plugin PluginBrowser
LogPluginManager: Mounting plugin SpeedTreeImporter
LogPluginManager: Mounting plugin AlembicImporter
LogPluginManager: Mounting plugin CharacterAI
LogPluginManager: Mounting plugin HTML5Networking
LogPluginManager: Mounting plugin AndroidMedia
LogPluginManager: Mounting plugin AvfMedia
LogPluginManager: Mounting plugin MediaPlayerEditor
LogPluginManager: Mounting plugin WmfMedia
LogPluginManager: Mounting plugin TcpMessaging
LogPluginManager: Mounting plugin UdpMessaging
LogPluginManager: Mounting plugin LevelSequenceEditor
LogPluginManager: Mounting plugin MatineeToLevelSequence
LogPluginManager: Mounting plugin OnlineSubsystemGooglePlay
LogPluginManager: Mounting plugin OnlineSubsystemIOS
LogPluginManager: Mounting plugin OnlineSubsystem
LogPluginManager: Mounting plugin OnlineSubsystemNull
LogPluginManager: Mounting plugin OnlineSubsystemUtils
LogPluginManager: Mounting plugin AndroidDeviceProfileSelector
LogPluginManager: Mounting plugin AndroidMoviePlayer
LogPluginManager: Mounting plugin AndroidPermission
LogPluginManager: Mounting plugin AppleMoviePlayer
LogPluginManager: Mounting plugin ArchVisCharacter
LogPluginManager: Mounting plugin CableComponent
LogPluginManager: Mounting plugin CustomMeshComponent
LogPluginManager: Mounting plugin ExampleDeviceProfileSelector
LogPluginManager: Mounting plugin GoogleCloudMessaging
LogPluginManager: Mounting plugin ImmediatePhysics
LogPluginManager: Mounting plugin IOSDeviceProfileSelector
LogPluginManager: Mounting plugin LinuxDeviceProfileSelector
LogPluginManager: Mounting plugin LocationServicesBPLibrary
LogPluginManager: Mounting plugin MobilePatchingUtils
LogPluginManager: Mounting plugin OculusVR
LogPluginManager: Mounting plugin PhysXVehicles
LogPluginManager: Mounting plugin ProceduralMeshComponent
LogPluginManager: Mounting plugin RuntimePhysXCooking
LogPluginManager: Mounting plugin SteamVR
LogPluginManager: Mounting plugin WindowsMoviePlayer
LogInit: Using libcurl 7.47.1
LogInit:  - built for x86_64-pc-win32
LogInit:  - supports SSL with OpenSSL/1.0.2g
LogInit:  - supports HTTP deflate (compression) using libz 1.2.8
LogInit:  - other features:
LogInit:      CURL_VERSION_SSL
LogInit:      CURL_VERSION_LIBZ
LogInit:      CURL_VERSION_IPV6
LogInit:      CURL_VERSION_ASYNCHDNS
LogInit:      CURL_VERSION_LARGEFILE
LogInit:      CURL_VERSION_IDN
LogInit:  CurlRequestOptions (configurable via config and command line):
LogInit:  - bVerifyPeer = false  - Libcurl will NOT verify peer certificate
LogInit:  - bUseHttpProxy = false  - Libcurl will NOT use HTTP proxy
LogInit:  - bDontReuseConnections = false  - Libcurl will reuse connections
LogInit:  - CertBundlePath = nullptr  - Libcurl will use whatever was configured at build time.
LogInit: Build: ++UE4+Release-4.17-CL-3586342
LogInit: Engine Version: 4.17.1-3586342+++UE4+Release-4.17
LogInit: Compatible Engine Version: 4.17.0-3573198+++UE4+Release-4.17
LogInit: Net CL: 3573198
LogDevObjectVersion: Number of dev versions registered: 16
LogDevObjectVersion:   Dev-Blueprints (B0D832E4-1F89-4F0D-ACCF-7EB736FD4AA2): 10
LogDevObjectVersion:   Dev-Build (E1C64328-A22C-4D53-A36C-8E866417BD8C): 0
LogDevObjectVersion:   Dev-Core (375EC13C-06E4-48FB-B500-84F0262A717E): 2
LogDevObjectVersion:   Dev-Editor (E4B068ED-F494-42E9-A231-DA0B2E46BB41): 20
LogDevObjectVersion:   Dev-Framework (CFFC743F-43B0-4480-9391-14DF171D2073): 28
LogDevObjectVersion:   Dev-Mobile (B02B49B5-BB20-44E9-A304-32B752E40360): 0
LogDevObjectVersion:   Dev-Networking (A4E4105C-59A1-49B5-A7C5-40C4547EDFEE): 0
LogDevObjectVersion:   Dev-Online (39C831C9-5AE6-47DC-9A44-9C173E1C8E7C): 0
LogDevObjectVersion:   Dev-Physics (78F01B33-EBEA-4F98-B9B4-84EACCB95AA2): 0
LogDevObjectVersion:   Dev-Platform (6631380F-2D4D-43E0-8009-CF276956A95A): 0
LogDevObjectVersion:   Dev-Rendering (12F88B9F-8875-4AFC-A67C-D90C383ABD29): 19
LogDevObjectVersion:   Dev-Sequencer (7B5AE74C-D270-4C10-A958-57980B212A5A): 4
LogDevObjectVersion:   Dev-VR (D7296918-1DD6-4BDD-9DE2-64A83CC13884): 0
LogDevObjectVersion:   Dev-LoadTimes (C2A15278-BFE7-4AFE-6C17-90FF531DF755): 1
LogDevObjectVersion:   Private-Geometry (6EACA3D4-40EC-4CC1-B786-8BED09428FC5): 1
LogDevObjectVersion:   Dev-AnimPhys (29E575DD-E0A3-4627-9D10-D276232CDCEA): 7
LogInit: Compiled (64-bit): Aug 15 2017 02:05:26
LogInit: Compiled with Visual C++: 19.00.24215.01
LogInit: Build Configuration: Development
LogInit: Branch Name: ++UE4+Release-4.17
LogInit: Command line:  
LogInit: Base directory: C:/Program Files/Epic Games/UE_4.17/Engine/Binaries/Win64/
LogInit: Installed Engine Build: 1
LogInit: Presizing for max 8388607 objects, including 0 objects not considered by GC, pre-allocating 0 bytes for permanent pool.
LogInit: Object subsystem initialized
[2017.09.04-22.05.38:476][  0]LogInit: Selected Device Profile: [Windows]
[2017.09.04-22.05.38:476][  0]LogInit: Applying CVar settings loaded from the selected device profile: [Windows]
[2017.09.04-22.05.38:561][  0]LogInit: Computer: HP-HP
[2017.09.04-22.05.38:562][  0]LogInit: User: hp
[2017.09.04-22.05.38:562][  0]LogInit: CPU Page size=4096, Cores=2
[2017.09.04-22.05.38:562][  0]LogInit: High frequency timer resolution =2.435779 MHz
[2017.09.04-22.05.38:563][  0]LogMemory: Memory total: Physical=3.9GB (4GB approx)
[2017.09.04-22.05.38:563][  0]LogMemory: Platform Memory Stats for Windows
[2017.09.04-22.05.38:563][  0]LogMemory: Process Physical Memory: 278.95 MB used, 278.95 MB peak
[2017.09.04-22.05.38:563][  0]LogMemory: Process Virtual Memory: 276.11 MB used, 276.11 MB peak
[2017.09.04-22.05.38:563][  0]LogMemory: Physical Memory: 3078.16 MB used,  898.94 MB free, 3977.11 MB total
[2017.09.04-22.05.38:563][  0]LogMemory: Virtual Memory: 667.01 MB used,  898.94 MB free, 134217728.00 MB total
[2017.09.04-22.05.39:319][  0]LogInit: Using OS detected language (de-DE).
[2017.09.04-22.05.39:319][  0]LogInit: Using OS detected locale (de-DE).
[2017.09.04-22.05.39:527][  0]LogTextLocalizationManager: No localization for 'de-DE' exists, so 'en' will be used for the language.
[2017.09.04-22.05.39:529][  0]LogTextLocalizationManager: No localization for 'de-DE' exists, so 'en' will be used for the locale.
[2017.09.04-22.05.50:625][  0]LogD3D11RHI: D3D11 adapters:
[2017.09.04-22.05.51:537][  0]LogD3D11RHI:    0. 'AMD Radeon HD 8750M' (Feature Level 11_0)
[2017.09.04-22.05.51:537][  0]LogD3D11RHI:       2031/0/1988 MB DedicatedVideo/DedicatedSystem/SharedSystem, Outputs:1, VendorId:0x1002
[2017.09.04-22.05.51:561][  0]LogD3D11RHI:    1. 'Intel(R) HD Graphics 4600' (Feature Level 11_0)
[2017.09.04-22.05.51:561][  0]LogD3D11RHI:       112/0/1988 MB DedicatedVideo/DedicatedSystem/SharedSystem, Outputs:0, VendorId:0x8086
[2017.09.04-22.05.51:581][  0]LogD3D11RHI:    2. 'Microsoft Basic Render Driver' (Feature Level 11_0)
[2017.09.04-22.05.51:581][  0]LogD3D11RHI:       0/0/1988 MB DedicatedVideo/DedicatedSystem/SharedSystem, Outputs:0, VendorId:0x1414
[2017.09.04-22.05.51:581][  0]LogD3D11RHI: Chosen D3D11 Adapter: 0
[2017.09.04-22.05.51:611][  0]LogD3D11RHI: Creating new Direct3DDevice
[2017.09.04-22.05.51:611][  0]LogD3D11RHI:     GPU DeviceId: 0x6600 (for the marketing name, search the web for "GPU Device Id")
[2017.09.04-22.05.51:611][  0]LogWindows: EnumDisplayDevices:
[2017.09.04-22.05.51:612][  0]LogWindows:    0. 'Intel(R) HD Graphics 4600' (P:1 D:1)
[2017.09.04-22.05.51:613][  0]LogWindows:    1. 'Intel(R) HD Graphics 4600' (P:0 D:0)
[2017.09.04-22.05.51:615][  0]LogWindows:    2. 'Intel(R) HD Graphics 4600' (P:0 D:0)
[2017.09.04-22.05.51:616][  0]LogWindows: DebugString: PrimaryIsNotTheChoosenAdapter PrimaryIsNotTheChoosenAdapter PrimaryIsNotTheChoosenAdapter FoundDriverCount:0 
[2017.09.04-22.05.51:616][  0]LogD3D11RHI:     Adapter Name: AMD Radeon HD 8750M
[2017.09.04-22.05.51:616][  0]LogD3D11RHI:   Driver Version: Unknown (internal:Unknown, unified:Unknown)
[2017.09.04-22.05.51:616][  0]LogD3D11RHI:      Driver Date: Unknown
[2017.09.04-22.05.51:617][  0]LogRHI: Texture pool is 1361 MB (70% of 1945 MB)
[2017.09.04-22.05.52:721][  0]LogD3D11RHI: Async texture creation enabled
[2017.09.04-22.05.52:762][  0]LogD3D11RHI: GPU Timing Frequency: 27.000000 (Debug: 2 1)
[2017.09.04-22.05.52:767][  0]LogShaderCompilers: Guid format shader working directory is -19 characters bigger than the processId version (../../../../../../Users/hp/Documents/Unreal Projects/MyProject/Intermediate/Shaders/WorkingDirectory/2764/).
[2017.09.04-22.05.52:768][  0]LogShaderCompilers: Cleaned the shader compiler working directory 'C:/Users/hp/AppData/Local/Temp/UnrealShaderWorkingDir/CF0FC9404ABDF4ED51BCA387E9CA9EC7/'.
[2017.09.04-22.05.52:768][  0]LogShaderCompilers: Display: Using Local Shader Compiler.
[2017.09.04-22.06.01:780][  0]LogTemp: Display: Loaded TP AllDesktopTargetPlatform
[2017.09.04-22.06.02:022][  0]LogTemp: Display: Loaded TP MacClientTargetPlatform
[2017.09.04-22.06.02:259][  0]LogTemp: Display: Loaded TP MacNoEditorTargetPlatform
[2017.09.04-22.06.02:510][  0]LogTemp: Display: Loaded TP MacServerTargetPlatform
[2017.09.04-22.06.02:748][  0]LogTemp: Display: Loaded TP MacTargetPlatform
[2017.09.04-22.06.02:976][  0]LogTemp: Display: Loaded TP WindowsClientTargetPlatform
[2017.09.04-22.06.03:213][  0]LogTemp: Display: Loaded TP WindowsNoEditorTargetPlatform
[2017.09.04-22.06.03:436][  0]LogTemp: Display: Loaded TP WindowsServerTargetPlatform
[2017.09.04-22.06.03:637][  0]LogTemp: Display: Loaded TP WindowsTargetPlatform
[2017.09.04-22.06.03:961][  0]LogTemp: Display: Loaded TP AndroidTargetPlatform
[2017.09.04-22.06.04:267][  0]LogTemp: Display: Loaded TP Android_ASTCTargetPlatform
[2017.09.04-22.06.04:536][  0]LogTemp: Display: Loaded TP Android_ATCTargetPlatform
[2017.09.04-22.06.04:761][  0]LogTemp: Display: Loaded TP Android_DXTTargetPlatform
[2017.09.04-22.06.05:025][  0]LogTemp: Display: Loaded TP Android_ETC1TargetPlatform
[2017.09.04-22.06.05:255][  0]LogTemp: Display: Loaded TP Android_ETC2TargetPlatform
[2017.09.04-22.06.05:726][  0]LogTemp: Display: Loaded TP Android_MultiTargetPlatform
[2017.09.04-22.06.05:726][  0]LogTemp: Display: Loaded TP Android_PVRTCTargetPlatform
[2017.09.04-22.06.05:906][  0]LogTemp: Display: Loaded TP HTML5TargetPlatform
[2017.09.04-22.06.06:375][  0]LogTemp: Display: Loaded TP IOSTargetPlatform
[2017.09.04-22.06.06:621][  0]LogTemp: Display: Loaded TP TVOSTargetPlatform
[2017.09.04-22.06.06:880][  0]LogTemp: Display: Loaded TP LinuxClientTargetPlatform
[2017.09.04-22.06.07:123][  0]LogTemp: Display: Loaded TP LinuxNoEditorTargetPlatform
[2017.09.04-22.06.07:344][  0]LogTemp: Display: Loaded TP LinuxServerTargetPlatform
[2017.09.04-22.06.07:610][  0]LogTemp: Display: Loaded TP LinuxTargetPlatform
[2017.09.04-22.06.07:610][  0]LogTargetPlatformManager: Display: Building Assets For Windows
[2017.09.04-22.06.09:930][  0]LogDerivedDataCache: Display: Max Cache Size: 512 MB
[2017.09.04-22.06.10:975][  0]LogDerivedDataCache: Loaded boot cache 1.04s 93MB C:/Users/hp/AppData/Local/UnrealEngine/4.17/DerivedDataCache/Boot.ddc.
[2017.09.04-22.06.10:975][  0]LogDerivedDataCache: Display: Loaded Boot cache: C:/Users/hp/AppData/Local/UnrealEngine/4.17/DerivedDataCache/Boot.ddc
[2017.09.04-22.06.10:975][  0]LogDerivedDataCache: FDerivedDataBackendGraph:  Pak pak cache file ../../../../../../Users/hp/Documents/Unreal Projects/MyProject/DerivedDataCache/DDC.ddp not found, will not use a pak cache.
[2017.09.04-22.06.10:975][  0]LogDerivedDataCache: Unable to find inner node Pak for hierarchical cache Hierarchy.
[2017.09.04-22.06.10:976][  0]LogDerivedDataCache: FDerivedDataBackendGraph:  CompressedPak pak cache file ../../../../../../Users/hp/Documents/Unreal Projects/MyProject/DerivedDataCache/Compressed.ddp not found, will not use a pak cache.
[2017.09.04-22.06.10:976][  0]LogDerivedDataCache: Unable to find inner node CompressedPak for hierarchical cache Hierarchy.
[2017.09.04-22.06.11:114][  0]LogDerivedDataCache: Display: Pak cache opened for reading ../../../Engine/DerivedDataCache/Compressed.ddp.
[2017.09.04-22.06.11:137][  0]LogDerivedDataCache: Using Local data cache path C:/Users/hp/AppData/Local/UnrealEngine/Common/DerivedDataCache: Writable
[2017.09.04-22.06.11:211][  0]LogMaterial: Verifying Global Shaders for PCD3D_SM5
[2017.09.04-22.06.11:214][  0]LogSlate: Using Freetype 2.6.0
[2017.09.04-22.06.11:270][  0]LogSlate: SlateFontCache - WITH_FREETYPE: 1, WITH_HARFBUZZ: 1
[2017.09.04-22.06.11:271][  0]LogSlate: SlateFontCache - WITH_FREETYPE: 1, WITH_HARFBUZZ: 1
[2017.09.04-22.06.13:818][  0]LogAssetRegistry: FAssetRegistry took 0.0453 seconds to start up
[2017.09.04-22.06.14:752][  0]LogInit: Selected Device Profile: [Windows]
[2017.09.04-22.06.17:657][  0]LogSimplygon: Simplygon DLL not present - disabling.
[2017.09.04-22.06.17:821][  0]LogMeshReduction: Using SimplygonSwarm for distributed automatic mesh merging
[2017.09.04-22.06.17:822][  0]LogMeshReduction: Using QuadricMeshReduction for automatic static mesh reduction
[2017.09.04-22.06.17:822][  0]LogMeshReduction: No automatic skeletal mesh reduction module available
[2017.09.04-22.06.17:822][  0]LogMeshReduction: No automatic mesh merging module available
[2017.09.04-22.06.17:822][  0]LogMeshMerging: No automatic mesh merging module available
[2017.09.04-22.06.17:845][  0]LogContentStreaming: Texture pool size is 0.00 MB
[2017.09.04-22.06.19:976][  0]LogNetVersion: MyProject , NetCL: 3573198, EngineNetVer: 2, GameNetVer: 0 (Checksum: 3113362612)
[2017.09.04-22.06.20:984][  0]LogPackageLocalizationCache: Processed 5 localized package path(s) for 1 prioritized culture(s) in 0.084807 seconds
[2017.09.04-22.06.21:022][  0]LogUObjectArray: 35825 objects as part of root set at end of initial load.
[2017.09.04-22.06.21:022][  0]LogUObjectAllocator: 7529104 out of 0 bytes used by permanent object pool.
[2017.09.04-22.06.21:022][  0]LogUObjectArray: CloseDisregardForGC: 0/0 objects in disregard for GC pool
[2017.09.04-22.06.21:463][  0]LogInit: WinSock: version 1.1 (2.2), MaxSocks=32767, MaxUdp=65467
[2017.09.04-22.06.42:034][  0]LogTcpMessaging: Initializing TcpMessaging bridge
[2017.09.04-22.06.42:151][  0]LogUdpMessaging: Initializing bridge on interface 0.0.0.0:0 to multicast group 230.0.0.1:6666.
[2017.09.04-22.06.45:622][  0]LogMaterial: Uniform references updated for custom material expression Custom.
[2017.09.04-22.06.47:609][  0]SourceControl: Source control is disabled
[2017.09.04-22.06.47:610][  0]SourceControl: Source control is disabled
[2017.09.04-22.06.47:801][  0]SourceControl: Source control is disabled
[2017.09.04-22.06.47:992][  0]SourceControl: Source control is disabled
[2017.09.04-22.06.50:240][  0]LogAndroidPermission: UAndroidPermissionCallbackProxy::GetInstance
[2017.09.04-22.06.51:062][  0]LogOcInput: OculusInput pre-init called
[2017.09.04-22.06.52:171][  0]LogEngine: Initializing Engine...
[2017.09.04-22.06.52:180][  0]LogHMD: Failed to initialize OpenVR with code 110
[2017.09.04-22.06.53:229][  0]LogStats: UGameplayTagsManager::ConstructGameplayTagTree: Construct from data asset -  0.000 s
[2017.09.04-22.06.53:230][  0]LogStats: UGameplayTagsManager::ConstructGameplayTagTree: GameplayTagTreeChangedEvent.Broadcast -  0.000 s
[2017.09.04-22.06.53:742][  0]LogAIModule: Creating AISystem for world Untitled
[2017.09.04-22.06.53:784][  0]LogInit: XAudio2 using 'Speakers / HP (IDT High Definition Audio CODEC)' : 2 channels at 48 kHz using 16 bits per sample (channel mask 0x3)
[2017.09.04-22.06.53:887][  0]LogInit: FAudioDevice initialized.
[2017.09.04-22.06.54:059][  0]LogDerivedDataCache: Saved boot cache 0.17s 93MB C:/Users/hp/AppData/Local/UnrealEngine/4.17/DerivedDataCache/Boot.ddc.
[2017.09.04-22.06.54:109][  0]LogInit: Texture streaming: Enabled
[2017.09.04-22.06.54:629][  0]LogEngineSessionManager: EngineSessionManager initialized
[2017.09.04-22.06.55:390][  0]LogInit: Transaction tracking system initialized
[2017.09.04-22.06.56:814][  0]BlueprintLog: New page: Editor Load
[2017.09.04-22.07.00:342][  0]LocalizationService: Localization service is disabled
[2017.09.04-22.07.02:795][  0]LogConsoleResponse: Display: 
[2017.09.04-22.07.03:722][  0]LogCook: Display: Max memory allowance for cook 16384mb min free memory 0mb
[2017.09.04-22.07.03:723][  0]LogCook: Display: Mobile HDR setting 1
[2017.09.04-22.07.03:725][  0]LogGameplayTags: Display: UGameplayTagsManager::DoneAddingNativeTags. DelegateIsBound: 0
[2017.09.04-22.07.04:708][  0]LogFileCache: Scanning file cache for directory 'C:/Users/hp/Documents/Unreal Projects/MyProject/Content/' took 0.05s
[2017.09.04-22.07.09:404][  0]SourceControl: Source control is disabled
[2017.09.04-22.07.09:408][  0]Cmd: MAP LOAD FILE="../../../../../../Users/hp/Documents/Unreal Projects/MyProject/Content/TwinStickBP/Maps/TwinStickExampleMap.umap" TEMPLATE=0 SHOWPROGRESS=1 FEATURELEVEL=3
[2017.09.04-22.07.09:412][  0]LightingResults: New page: Lighting Build
[2017.09.04-22.07.09:645][  0]MapCheck: New page: Map Check
[2017.09.04-22.07.09:645][  0]LightingResults: New page: Lighting Build
[2017.09.04-22.07.14:002][  0]LogMaterial: Missing cached shader map for material Base_Projectile_Mat, compiling. 
[2017.09.04-22.07.14:230][  0]LogStaticMesh: Building static mesh UFO_ENEMY...
[2017.09.04-22.07.14:669][  0]LogStaticMesh: Built static mesh [0.44s] /Game/TwinStick/Meshes/UFO_ENEMY.UFO_ENEMY
[2017.09.04-22.07.16:921][  0]LogAIModule: Creating AISystem for world TwinStickExampleMap
[2017.09.04-22.07.17:024][  0]LogEditorServer: Finished looking for orphan Actors (0.000 secs)
[2017.09.04-22.07.17:217][  0]Cmd: MAP CHECKDEP NOCLEARLOG
[2017.09.04-22.07.17:430][  0]MapCheck: Map check complete: 0 Error(s), 0 Warning(s), took 211.656ms to complete.
[2017.09.04-22.07.17:430][  0]LogFileHelpers: Loading map 'TwinStickExampleMap' took 8.024
[2017.09.04-22.07.17:960][  0]LogCollectionManager: Loaded 0 collections in 0.004233 seconds
[2017.09.04-22.07.18:182][  0]LogFileCache: Scanning file cache for directory 'C:/Users/hp/Documents/Unreal Projects/MyProject/Saved/Collections/' took 0.01s
[2017.09.04-22.07.18:182][  0]LogFileCache: Scanning file cache for directory 'C:/Users/hp/Documents/Unreal Projects/MyProject/Content/Developers/hp/Collections/' took 0.01s
[2017.09.04-22.07.18:182][  0]LogFileCache: Scanning file cache for directory 'C:/Users/hp/Documents/Unreal Projects/MyProject/Content/Collections/' took 0.01s
[2017.09.04-22.07.18:182][  0]LogCollectionManager: Rebuilt the GUID cache for 0 collections in 0.000000 seconds
[2017.09.04-22.07.18:212][  0]LogContentBrowser: Native class hierarchy populated in 0.0275 seconds. Added 2386 classes and 500 folders.
[2017.09.04-22.07.18:461][  0]LogContentBrowser: Native class hierarchy updated for 'WidgetCarousel' in 0.0017 seconds. Added 0 classes and 0 folders.
[2017.09.04-22.07.19:332][  0]LogContentBrowser: Native class hierarchy updated for 'AddContentDialog' in 0.0015 seconds. Added 0 classes and 0 folders.
[2017.09.04-22.07.19:471][  0]LogContentBrowser: Native class hierarchy updated for 'SceneOutliner' in 0.0014 seconds. Added 1 classes and 2 folders.
[2017.09.04-22.07.19:593][  0]LogSlate: Took 0.011569 seconds to synchronously load lazily loaded font '../../../Engine/Content/Slate/Fonts/Roboto-Regular.ttf' (155K)
[2017.09.04-22.07.19:609][  0]LogSlate: Took 0.011629 seconds to synchronously load lazily loaded font '../../../Engine/Content/Slate/Fonts/Roboto-Bold.ttf' (160K)
[2017.09.04-22.07.19:637][  0]LogSlate: Took 0.014792 seconds to synchronously load lazily loaded font '../../../Engine/Content/Editor/Slate/Fonts/FontAwesome.ttf' (139K)
[2017.09.04-22.07.20:002][  0]LogRenderer: Reallocating scene render targets to support 856x396 Format 10 NumSamples 1 (Frame:1).
[2017.09.04-22.07.21:469][  0]LogContentBrowser: Native class hierarchy updated for 'HierarchicalLODOutliner' in 0.0012 seconds. Added 1 classes and 2 folders.
[2017.09.04-22.07.21:469][  0]LogLoad: (Engine Initialization) Total time: 109.79 seconds
[2017.09.04-22.07.21:469][  0]LogLoad: (Engine Initialization) Total Blueprint compile time: 0.00 seconds
[2017.09.04-22.07.21:470][  0]LogExternalProfiler: No external profilers were discovered.  External profiling features will not be available.
[2017.09.04-22.07.21:553][  0]LogContentStreaming: Texture pool size now 1000 MB
[2017.09.04-22.07.21:677][  0]LogSlate: Took 0.011185 seconds to synchronously load lazily loaded font '../../../Engine/Content/Slate/Fonts/Roboto-Light.ttf' (159K)
[2017.09.04-22.07.21:723][  1]LogFileCache: Retrieving MD5 hashes for directory 'C:/Users/hp/Documents/Unreal Projects/MyProject/Content/' took 0.21s
[2017.09.04-22.07.22:387][  5]LogAssetRegistry: Asset discovery search completed in 68.5937 seconds
[2017.09.04-22.07.22:396][  5]LogCollectionManager: Rebuilt the object cache for 0 collections in 0.000002 seconds (found 0 objects)
[2017.09.04-22.07.22:396][  5]LogCollectionManager: Fixed up redirectors for 0 collections in 0.000099 seconds (updated 0 objects)
[2017.09.04-22.07.22:583][  8]LogSlate: Took 0.000402 seconds to synchronously load lazily loaded font '../../../Engine/Content/Slate/Fonts/Roboto-Light.ttf' (159K)
[2017.09.04-22.08.29:861][684]LogTemp: Repeating last play command: Selected Viewport
[2017.09.04-22.08.59:446][684]LogBlueprintUserMessages: Early PlayInEditor Detection: Level '/Game/TwinStickBP/Maps/TwinStickExampleMap.TwinStickExampleMap:PersistentLevel' has LevelScriptBlueprint '/Game/TwinStickBP/Maps/TwinStickExampleMap.TwinStickExampleMap:PersistentLevel.TwinStickExampleMap' with GeneratedClass '/Game/TwinStickBP/Maps/TwinStickExampleMap.TwinStickExampleMap_C' with ClassGeneratedBy '/Game/TwinStickBP/Maps/TwinStickExampleMap.TwinStickExampleMap:PersistentLevel.TwinStickExampleMap'
[2017.09.04-22.08.59:448][684]LogPlayLevel: PlayLevel: No blueprints needed recompiling
[2017.09.04-22.08.59:461][684]PIE: New page: PIE session: TwinStickExampleMap (Sep 5, 2017, 2:08:59 AM)
[2017.09.04-22.08.59:463][684]LogPlayLevel: Creating play world package: /Game/TwinStickBP/Maps/UEDPIE_0_TwinStickExampleMap
[2017.09.04-22.08.59:514][684]LogPlayLevel: PIE: StaticDuplicateObject took: (0.051007s)
[2017.09.04-22.08.59:517][684]LogAIModule: Creating AISystem for world TwinStickExampleMap
[2017.09.04-22.08.59:518][684]LogPlayLevel: PIE: World Init took: (0.003265s)
[2017.09.04-22.08.59:520][684]LogPlayLevel: PIE: Created PIE world by copying editor world from /Game/TwinStickBP/Maps/TwinStickExampleMap.TwinStickExampleMap to /Game/TwinStickBP/Maps/UEDPIE_0_TwinStickExampleMap.TwinStickExampleMap (0.057088s)
[2017.09.04-22.08.59:588][684]LogInit: XAudio2 using 'Speakers / HP (IDT High Definition Audio CODEC)' : 2 channels at 48 kHz using 16 bits per sample (channel mask 0x3)
[2017.09.04-22.08.59:666][684]LogInit: FAudioDevice initialized.
[2017.09.04-22.08.59:743][684]LogLoad: Game class is 'TwinStickGameMode_C'
[2017.09.04-22.08.59:769][684]LogWorld: Bringing World /Game/TwinStickBP/Maps/UEDPIE_0_TwinStickExampleMap.TwinStickExampleMap up for play (max tick rate 60) at 2017.09.05-00.08.59
[2017.09.04-22.08.59:774][684]LogWorld: Bringing up level for play took: 0.014390
[2017.09.04-22.09.00:112][684]LogContentBrowser: Native class hierarchy updated for 'MovieSceneCapture' in 0.0032 seconds. Added 11 classes and 0 folders.
[2017.09.04-22.09.00:132][684]LogBlueprintUserMessages: [TwinStickPawn_317] why u no work
[2017.09.04-22.09.00:225][684]LogBlueprintUserMessages: [TwinStickExampleMap_C_0] room already exisats
[2017.09.04-22.09.00:225][684]LogBlueprintUserMessages: [TwinStickExampleMap_C_0] room already exisats
[2017.09.04-22.09.00:256][684]PIE: Play in editor start time for /Game/TwinStickBP/Maps/UEDPIE_0_TwinStickExampleMap 0.476
[2017.09.04-22.09.00:257][684]LogBlueprintUserMessages: Late PlayInEditor Detection: Level '/Game/TwinStickBP/Maps/TwinStickExampleMap.TwinStickExampleMap:PersistentLevel' has LevelScriptBlueprint '/Game/TwinStickBP/Maps/TwinStickExampleMap.TwinStickExampleMap:PersistentLevel.TwinStickExampleMap' with GeneratedClass '/Game/TwinStickBP/Maps/TwinStickExampleMap.TwinStickExampleMap_C' with ClassGeneratedBy '/Game/TwinStickBP/Maps/TwinStickExampleMap.TwinStickExampleMap:PersistentLevel.TwinStickExampleMap'
[2017.09.04-22.09.00:274][684]Cmd: RebuildNavigation
[2017.09.04-22.09.00:618][685]Cmd: RebuildNavigation
[2017.09.04-22.09.01:095][686]Cmd: RebuildNavigation
[2017.09.04-22.09.01:478][687]Cmd: RebuildNavigation
[2017.09.04-22.09.01:832][688]Cmd: RebuildNavigation
[2017.09.04-22.09.02:115][689]Cmd: RebuildNavigation
[2017.09.04-22.09.02:393][690]Cmd: RebuildNavigation
[2017.09.04-22.09.02:657][691]Cmd: RebuildNavigation
[2017.09.04-22.09.02:935][692]Cmd: RebuildNavigation
[2017.09.04-22.09.03:212][693]Cmd: RebuildNavigation
[2017.09.04-22.09.03:475][694]Cmd: RebuildNavigation
[2017.09.04-22.09.03:736][695]Cmd: RebuildNavigation
[2017.09.04-22.09.04:028][696]Cmd: RebuildNavigation
[2017.09.04-22.09.04:296][697]Cmd: RebuildNavigation
[2017.09.04-22.09.04:567][698]Cmd: RebuildNavigation
[2017.09.04-22.09.04:840][699]Cmd: RebuildNavigation
[2017.09.04-22.09.05:105][700]Cmd: RebuildNavigation
[2017.09.04-22.09.05:380][701]Cmd: RebuildNavigation
[2017.09.04-22.09.05:643][702]Cmd: RebuildNavigation
[2017.09.04-22.09.05:912][703]Cmd: RebuildNavigation
[2017.09.04-22.09.06:199][704]Cmd: RebuildNavigation
[2017.09.04-22.09.06:530][705]Cmd: RebuildNavigation
[2017.09.04-22.09.06:833][706]Cmd: RebuildNavigation
[2017.09.04-22.09.07:101][707]Cmd: RebuildNavigation
[2017.09.04-22.09.07:372][708]Cmd: RebuildNavigation
[2017.09.04-22.09.07:644][709]Cmd: RebuildNavigation
[2017.09.04-22.09.07:937][710]Cmd: RebuildNavigation
[2017.09.04-22.09.08:231][711]Cmd: RebuildNavigation
[2017.09.04-22.09.08:506][712]Cmd: RebuildNavigation
[2017.09.04-22.09.08:814][713]Cmd: RebuildNavigation
[2017.09.04-22.09.09:084][714]Cmd: RebuildNavigation
[2017.09.04-22.09.09:358][715]Cmd: RebuildNavigation
[2017.09.04-22.09.09:624][716]Cmd: RebuildNavigation
[2017.09.04-22.09.09:894][717]Cmd: RebuildNavigation
[2017.09.04-22.09.10:173][718]Cmd: RebuildNavigation
[2017.09.04-22.09.10:437][719]Cmd: RebuildNavigation
[2017.09.04-22.09.10:711][720]Cmd: RebuildNavigation
[2017.09.04-22.09.10:964][721]Cmd: RebuildNavigation
[2017.09.04-22.09.11:328][722]Cmd: RebuildNavigation
[2017.09.04-22.09.11:757][723]LogBlueprintUserMessages: [TwinStickPawn_317] 80.0
[2017.09.04-22.09.11:759][723]Cmd: RebuildNavigation
[2017.09.04-22.09.12:087][724]Cmd: RebuildNavigation
[2017.09.04-22.09.12:384][724]LogBlueprintUserMessages: [TwinStickPawn_317] 60.0
[2017.09.04-22.09.12:797][725]Cmd: RebuildNavigation
[2017.09.04-22.09.13:087][726]Cmd: RebuildNavigation
[2017.09.04-22.09.13:367][727]Cmd: RebuildNavigation
[2017.09.04-22.09.13:637][728]Cmd: RebuildNavigation
[2017.09.04-22.09.13:907][729]Cmd: RebuildNavigation
[2017.09.04-22.09.14:194][730]Cmd: RebuildNavigation
[2017.09.04-22.09.14:461][731]Cmd: RebuildNavigation
[2017.09.04-22.09.14:732][732]Cmd: RebuildNavigation
[2017.09.04-22.09.15:014][733]Cmd: RebuildNavigation
[2017.09.04-22.09.15:301][734]Cmd: RebuildNavigation
[2017.09.04-22.09.15:572][735]Cmd: RebuildNavigation
[2017.09.04-22.09.15:863][736]Cmd: RebuildNavigation
[2017.09.04-22.09.16:174][737]Cmd: RebuildNavigation
[2017.09.04-22.09.16:604][738]LogBlueprintUserMessages: [TwinStickPawn_317] 40.0
[2017.09.04-22.09.16:605][738]Cmd: RebuildNavigation
[2017.09.04-22.09.16:945][739]Cmd: RebuildNavigation
[2017.09.04-22.09.17:231][740]Cmd: RebuildNavigation
[2017.09.04-22.09.17:471][740]LogBlueprintUserMessages: [TwinStickPawn_317] 20.0
[2017.09.04-22.09.17:517][741]Cmd: RebuildNavigation
[2017.09.04-22.09.18:017][742]Cmd: RebuildNavigation
[2017.09.04-22.09.18:295][743]Cmd: RebuildNavigation
[2017.09.04-22.09.18:550][744]Cmd: RebuildNavigation
[2017.09.04-22.09.18:791][745]Cmd: RebuildNavigation
[2017.09.04-22.09.19:048][746]Cmd: RebuildNavigation
[2017.09.04-22.09.19:293][746]LogBlueprintUserMessages: Early EndPlayMap Detection: Level '/Game/TwinStickBP/Maps/TwinStickExampleMap.TwinStickExampleMap:PersistentLevel' has LevelScriptBlueprint '/Game/TwinStickBP/Maps/TwinStickExampleMap.TwinStickExampleMap:PersistentLevel.TwinStickExampleMap' with GeneratedClass '/Game/TwinStickBP/Maps/TwinStickExampleMap.TwinStickExampleMap_C' with ClassGeneratedBy '/Game/TwinStickBP/Maps/TwinStickExampleMap.TwinStickExampleMap:PersistentLevel.TwinStickExampleMap'
[2017.09.04-22.09.19:375][746]LogBlueprintUserMessages: Late EndPlayMap Detection: Level '/Game/TwinStickBP/Maps/TwinStickExampleMap.TwinStickExampleMap:PersistentLevel' has LevelScriptBlueprint '/Game/TwinStickBP/Maps/TwinStickExampleMap.TwinStickExampleMap:PersistentLevel.TwinStickExampleMap' with GeneratedClass '/Game/TwinStickBP/Maps/TwinStickExampleMap.TwinStickExampleMap_C' with ClassGeneratedBy '/Game/TwinStickBP/Maps/TwinStickExampleMap.TwinStickExampleMap:PersistentLevel.TwinStickExampleMap'
[2017.09.04-22.09.39:962][880]LogTemp: Repeating last play command: Selected Viewport
[2017.09.04-22.09.40:155][880]LogBlueprintUserMessages: Early PlayInEditor Detection: Level '/Game/TwinStickBP/Maps/TwinStickExampleMap.TwinStickExampleMap:PersistentLevel' has LevelScriptBlueprint '/Game/TwinStickBP/Maps/TwinStickExampleMap.TwinStickExampleMap:PersistentLevel.TwinStickExampleMap' with GeneratedClass '/Game/TwinStickBP/Maps/TwinStickExampleMap.TwinStickExampleMap_C' with ClassGeneratedBy '/Game/TwinStickBP/Maps/TwinStickExampleMap.TwinStickExampleMap:PersistentLevel.TwinStickExampleMap'
[2017.09.04-22.09.40:156][880]LogPlayLevel: PlayLevel: No blueprints needed recompiling
[2017.09.04-22.09.40:157][880]PIE: New page: PIE session: TwinStickExampleMap (Sep 5, 2017, 2:09:40 AM)
[2017.09.04-22.09.40:157][880]LogPlayLevel: Creating play world package: /Game/TwinStickBP/Maps/UEDPIE_0_TwinStickExampleMap
[2017.09.04-22.09.40:227][880]LogPlayLevel: PIE: StaticDuplicateObject took: (0.069932s)
[2017.09.04-22.09.40:235][880]LogAIModule: Creating AISystem for world TwinStickExampleMap
[2017.09.04-22.09.40:241][880]LogPlayLevel: PIE: World Init took: (0.013007s)
[2017.09.04-22.09.40:241][880]LogPlayLevel: PIE: Created PIE world by copying editor world from /Game/TwinStickBP/Maps/TwinStickExampleMap.TwinStickExampleMap to /Game/TwinStickBP/Maps/UEDPIE_0_TwinStickExampleMap.TwinStickExampleMap (0.084508s)
[2017.09.04-22.09.40:332][880]LogInit: XAudio2 using 'Speakers / HP (IDT High Definition Audio CODEC)' : 2 channels at 48 kHz using 16 bits per sample (channel mask 0x3)
[2017.09.04-22.09.40:410][880]LogInit: FAudioDevice initialized.
[2017.09.04-22.09.40:483][880]LogLoad: Game class is 'TwinStickGameMode_C'
[2017.09.04-22.09.40:497][880]LogWorld: Bringing World /Game/TwinStickBP/Maps/UEDPIE_0_TwinStickExampleMap.TwinStickExampleMap up for play (max tick rate 60) at 2017.09.05-00.09.40
[2017.09.04-22.09.40:498][880]LogWorld: Bringing up level for play took: 0.013110
[2017.09.04-22.09.40:505][880]LogBlueprintUserMessages: [TwinStickPawn_317] why u no work
[2017.09.04-22.09.40:535][880]LogBlueprintUserMessages: [TwinStickExampleMap_C_0] room already exisats
[2017.09.04-22.09.40:536][880]LogBlueprintUserMessages: [TwinStickExampleMap_C_0] room already exisats
[2017.09.04-22.09.40:556][880]LogBlueprintUserMessages: [TwinStickExampleMap_C_0] room already exisats
[2017.09.04-22.09.40:570][880]PIE: Play in editor start time for /Game/TwinStickBP/Maps/UEDPIE_0_TwinStickExampleMap 0.79
[2017.09.04-22.09.40:571][880]LogBlueprintUserMessages: Late PlayInEditor Detection: Level '/Game/TwinStickBP/Maps/TwinStickExampleMap.TwinStickExampleMap:PersistentLevel' has LevelScriptBlueprint '/Game/TwinStickBP/Maps/TwinStickExampleMap.TwinStickExampleMap:PersistentLevel.TwinStickExampleMap' with GeneratedClass '/Game/TwinStickBP/Maps/TwinStickExampleMap.TwinStickExampleMap_C' with ClassGeneratedBy '/Game/TwinStickBP/Maps/TwinStickExampleMap.TwinStickExampleMap:PersistentLevel.TwinStickExampleMap'
[2017.09.04-22.09.40:578][880]Cmd: RebuildNavigation
[2017.09.04-22.09.40:933][881]Cmd: RebuildNavigation
[2017.09.04-22.09.41:334][882]Cmd: RebuildNavigation
[2017.09.04-22.09.41:796][882]LogBlueprintUserMessages: [TwinStickPawn_317] 80.0
[2017.09.04-22.09.41:833][883]Cmd: RebuildNavigation
[2017.09.04-22.09.42:221][884]Cmd: RebuildNavigation
[2017.09.04-22.09.42:557][884]LogBlueprintUserMessages: [TwinStickPawn_317] 60.0
[2017.09.04-22.09.42:583][885]Cmd: RebuildNavigation
[2017.09.04-22.09.42:915][886]Cmd: RebuildNavigation
[2017.09.04-22.09.43:250][886]LogBlueprintUserMessages: [TwinStickPawn_317] 40.0
[2017.09.04-22.09.43:276][887]Cmd: RebuildNavigation
[2017.09.04-22.09.43:635][888]Cmd: RebuildNavigation
[2017.09.04-22.09.43:954][888]LogBlueprintUserMessages: [TwinStickPawn_317] 20.0
[2017.09.04-22.09.43:984][889]Cmd: RebuildNavigation
[2017.09.04-22.09.44:337][890]Cmd: RebuildNavigation
[2017.09.04-22.09.44:656][890]LogBlueprintUserMessages: [TwinStickPawn_317] 0.0
[2017.09.04-22.09.44:656][890]LogScript: Warning: Attempted to access TwinStickPawn_317 via property None, but TwinStickPawn_317 is pending kill
	TwinStickPawn_C /Game/TwinStickBP/Maps/UEDPIE_0_TwinStickExampleMap.TwinStickExampleMap:PersistentLevel.TwinStickPawn_317
	Function /Game/TwinStickBP/Blueprints/TwinStickPawn.TwinStickPawn_C:ExecuteUbergraph_TwinStickPawn:02B3
[2017.09.04-22.09.44:660][890]PIE: Error: Blueprint Runtime Error: Attempted to access TwinStickPawn_317 via property None, but TwinStickPawn_317 is pending kill from function: 'ExecuteUbergraph_TwinStickPawn' from node: Spawn Emitter at Location in graph: EventGraph in object: TwinStickPawn with description: Attempted to access TwinStickPawn_317 via property None, but TwinStickPawn_317 is pending kill
[2017.09.04-22.09.44:661][890]LogScript: Warning: Attempted to access TwinStickPawn_317 via property None, but TwinStickPawn_317 is pending kill
	TwinStickPawn_C /Game/TwinStickBP/Maps/UEDPIE_0_TwinStickExampleMap.TwinStickExampleMap:PersistentLevel.TwinStickPawn_317
	Function /Game/TwinStickBP/Blueprints/TwinStickPawn.TwinStickPawn_C:ExecuteUbergraph_TwinStickPawn:032A
[2017.09.04-22.09.44:661][890]PIE: Error: Blueprint Runtime Error: Attempted to access TwinStickPawn_317 via property None, but TwinStickPawn_317 is pending kill from function: 'ExecuteUbergraph_TwinStickPawn' from node: Play Sound at Location in graph: EventGraph in object: TwinStickPawn with description: Attempted to access TwinStickPawn_317 via property None, but TwinStickPawn_317 is pending kill
[2017.09.04-22.09.44:713][891]Cmd: RebuildNavigation
[2017.09.04-22.09.45:025][891]LogScript: Warning: Attempted to access TwinStickPawn_317 via property TwinStickPawn_317_ExecuteUbergraph_TwinStickExampleMap_RefProperty, but TwinStickPawn_317 is pending kill
	TwinStickExampleMap_C /Game/TwinStickBP/Maps/UEDPIE_0_TwinStickExampleMap.TwinStickExampleMap:PersistentLevel.TwinStickExampleMap_C_0
	Function /Game/TwinStickBP/Maps/TwinStickExampleMap.TwinStickExampleMap_C:ExecuteUbergraph_TwinStickExampleMap:01AB
[2017.09.04-22.09.45:026][891]PIE: Error: Blueprint Runtime Error: Attempted to access TwinStickPawn_317 via property TwinStickPawn_317_ExecuteUbergraph_TwinStickExampleMap_RefProperty, but TwinStickPawn_317 is pending kill from function: 'ExecuteUbergraph_TwinStickExampleMap' from node: Branch in graph: EventGraph in object: TwinStickExampleMap with description: Attempted to access TwinStickPawn_317 via property TwinStickPawn_317_ExecuteUbergraph_TwinStickExampleMap_RefProperty, but TwinStickPawn_317 is pending kill
[2017.09.04-22.09.45:063][892]Cmd: RebuildNavigation
[2017.09.04-22.09.45:386][892]LogScript: Warning: Attempted to access TwinStickPawn_317 via property TwinStickPawn_317_ExecuteUbergraph_TwinStickExampleMap_RefProperty, but TwinStickPawn_317 is pending kill
	TwinStickExampleMap_C /Game/TwinStickBP/Maps/UEDPIE_0_TwinStickExampleMap.TwinStickExampleMap:PersistentLevel.TwinStickExampleMap_C_0
	Function /Game/TwinStickBP/Maps/TwinStickExampleMap.TwinStickExampleMap_C:ExecuteUbergraph_TwinStickExampleMap:01AB
[2017.09.04-22.09.45:386][892]PIE: Error: Blueprint Runtime Error: Attempted to access TwinStickPawn_317 via property TwinStickPawn_317_ExecuteUbergraph_TwinStickExampleMap_RefProperty, but TwinStickPawn_317 is pending kill from function: 'ExecuteUbergraph_TwinStickExampleMap' from node: Branch in graph: EventGraph in object: TwinStickExampleMap with description: Attempted to access TwinStickPawn_317 via property TwinStickPawn_317_ExecuteUbergraph_TwinStickExampleMap_RefProperty, but TwinStickPawn_317 is pending kill
[2017.09.04-22.09.45:387][892]LogScript: Warning: Attempted to access TwinStickPawn_317 via property EnemyToFight, but TwinStickPawn_317 is pending kill
	AIChar_2_C /Game/TwinStickBP/Maps/UEDPIE_0_TwinStickExampleMap.TwinStickExampleMap:PersistentLevel.AIChar_2_C_0
	Function /Game/AI/AIChar_2.AIChar_2_C:ExecuteUbergraph_AIChar_2:0DB5
[2017.09.04-22.09.45:388][892]PIE: Error: Blueprint Runtime Error: Attempted to access TwinStickPawn_317 via property EnemyToFight, but TwinStickPawn_317 is pending kill from function: 'ExecuteUbergraph_AIChar_2' from node: SetActorRotation in graph: EventGraph in object: AIChar_2 with description: Attempted to access TwinStickPawn_317 via property EnemyToFight, but TwinStickPawn_317 is pending kill
[2017.09.04-22.09.45:413][893]Cmd: RebuildNavigation
[2017.09.04-22.09.45:720][893]LogScript: Warning: Attempted to access TwinStickPawn_317 via property TwinStickPawn_317_ExecuteUbergraph_TwinStickExampleMap_RefProperty, but TwinStickPawn_317 is pending kill
	TwinStickExampleMap_C /Game/TwinStickBP/Maps/UEDPIE_0_TwinStickExampleMap.TwinStickExampleMap:PersistentLevel.TwinStickExampleMap_C_0
	Function /Game/TwinStickBP/Maps/TwinStickExampleMap.TwinStickExampleMap_C:ExecuteUbergraph_TwinStickExampleMap:01AB
[2017.09.04-22.09.45:721][893]PIE: Error: Blueprint Runtime Error: Attempted to access TwinStickPawn_317 via property TwinStickPawn_317_ExecuteUbergraph_TwinStickExampleMap_RefProperty, but TwinStickPawn_317 is pending kill from function: 'ExecuteUbergraph_TwinStickExampleMap' from node: Branch in graph: EventGraph in object: TwinStickExampleMap with description: Attempted to access TwinStickPawn_317 via property TwinStickPawn_317_ExecuteUbergraph_TwinStickExampleMap_RefProperty, but TwinStickPawn_317 is pending kill
[2017.09.04-22.09.45:748][894]Cmd: RebuildNavigation
[2017.09.04-22.09.46:060][894]LogScript: Warning: Attempted to access TwinStickPawn_317 via property TwinStickPawn_317_ExecuteUbergraph_TwinStickExampleMap_RefProperty, but TwinStickPawn_317 is pending kill
	TwinStickExampleMap_C /Game/TwinStickBP/Maps/UEDPIE_0_TwinStickExampleMap.TwinStickExampleMap:PersistentLevel.TwinStickExampleMap_C_0
	Function /Game/TwinStickBP/Maps/TwinStickExampleMap.TwinStickExampleMap_C:ExecuteUbergraph_TwinStickExampleMap:01AB
[2017.09.04-22.09.46:060][894]PIE: Error: Blueprint Runtime Error: Attempted to access TwinStickPawn_317 via property TwinStickPawn_317_ExecuteUbergraph_TwinStickExampleMap_RefProperty, but TwinStickPawn_317 is pending kill from function: 'ExecuteUbergraph_TwinStickExampleMap' from node: Branch in graph: EventGraph in object: TwinStickExampleMap with description: Attempted to access TwinStickPawn_317 via property TwinStickPawn_317_ExecuteUbergraph_TwinStickExampleMap_RefProperty, but TwinStickPawn_317 is pending kill
[2017.09.04-22.09.46:088][895]Cmd: RebuildNavigation
[2017.09.04-22.09.46:447][895]LogScript: Warning: Attempted to access TwinStickPawn_317 via property TwinStickPawn_317_ExecuteUbergraph_TwinStickExampleMap_RefProperty, but TwinStickPawn_317 is pending kill
	TwinStickExampleMap_C /Game/TwinStickBP/Maps/UEDPIE_0_TwinStickExampleMap.TwinStickExampleMap:PersistentLevel.TwinStickExampleMap_C_0
	Function /Game/TwinStickBP/Maps/TwinStickExampleMap.TwinStickExampleMap_C:ExecuteUbergraph_TwinStickExampleMap:01AB
[2017.09.04-22.09.46:448][895]PIE: Error: Blueprint Runtime Error: Attempted to access TwinStickPawn_317 via property TwinStickPawn_317_ExecuteUbergraph_TwinStickExampleMap_RefProperty, but TwinStickPawn_317 is pending kill from function: 'ExecuteUbergraph_TwinStickExampleMap' from node: Branch in graph: EventGraph in object: TwinStickExampleMap with description: Attempted to access TwinStickPawn_317 via property TwinStickPawn_317_ExecuteUbergraph_TwinStickExampleMap_RefProperty, but TwinStickPawn_317 is pending kill
[2017.09.04-22.09.46:454][895]LogBlueprintUserMessages: Early EndPlayMap Detection: Level '/Game/TwinStickBP/Maps/TwinStickExampleMap.TwinStickExampleMap:PersistentLevel' has LevelScriptBlueprint '/Game/TwinStickBP/Maps/TwinStickExampleMap.TwinStickExampleMap:PersistentLevel.TwinStickExampleMap' with GeneratedClass '/Game/TwinStickBP/Maps/TwinStickExampleMap.TwinStickExampleMap_C' with ClassGeneratedBy '/Game/TwinStickBP/Maps/TwinStickExampleMap.TwinStickExampleMap:PersistentLevel.TwinStickExampleMap'
[2017.09.04-22.09.46:538][895]LogBlueprintUserMessages: Late EndPlayMap Detection: Level '/Game/TwinStickBP/Maps/TwinStickExampleMap.TwinStickExampleMap:PersistentLevel' has LevelScriptBlueprint '/Game/TwinStickBP/Maps/TwinStickExampleMap.TwinStickExampleMap:PersistentLevel.TwinStickExampleMap' with GeneratedClass '/Game/TwinStickBP/Maps/TwinStickExampleMap.TwinStickExampleMap_C' with ClassGeneratedBy '/Game/TwinStickBP/Maps/TwinStickExampleMap.TwinStickExampleMap:PersistentLevel.TwinStickExampleMap'
[2017.09.04-22.10.00:716][475]LogWindowsTextInputMethodSystem: Display: IME system now deactivated.
[2017.09.04-22.10.01:474][476]Cmd: QUIT_EDITOR
[2017.09.04-22.10.02:218][476]LogExit: Preparing to exit.
[2017.09.04-22.10.04:083][476]LogDirectoryWatcher: A directory notification for 'C:/Users/hp/Documents/Unreal Projects/MyProject/Content/' was aborted.
[2017.09.04-22.10.04:746][476]LogExit: Editor shut down
[2017.09.04-22.10.04:886][476]LogExit: Transaction tracking system shut down
[2017.09.04-22.10.05:910][476]LogDirectoryWatcher: A directory notification for '../../../Engine/Content/' was aborted.
[2017.09.04-22.10.05:911][476]LogDirectoryWatcher: A directory notification for '../../../../../../Users/hp/Documents/Unreal Projects/MyProject/Content/' was aborted.
[2017.09.04-22.10.05:911][476]LogDirectoryWatcher: A directory notification for '../../../Engine/Plugins/2D/Paper2D/Content/' was aborted.
[2017.09.04-22.10.05:912][476]LogDirectoryWatcher: A directory notification for '../../../Engine/Plugins/Runtime/Oculus/OculusVR/Content/' was aborted.
[2017.09.04-22.10.05:912][476]LogDirectoryWatcher: A directory notification for '../../../Engine/Plugins/Runtime/Steam/SteamVR/Content/' was aborted.
[2017.09.04-22.10.06:841][476]LogExit: Object subsystem successfully closed.
[2017.09.04-22.10.06:940][476]LogD3D11RHI: Shutdown
[2017.09.04-22.10.06:941][476]LogD3D11RHI: CleanupD3DDevice
[2017.09.04-22.10.07:358][476]LogD3D11RHI: ~FD3D11DynamicRHI
[2017.09.04-22.10.07:532][476]LogModuleManager: Shutting down and abandoning module MovieSceneCapture (532)
[2017.09.04-22.10.07:532][476]LogModuleManager: Shutting down and abandoning module HierarchicalLODOutliner (530)
[2017.09.04-22.10.07:532][476]LogModuleManager: Shutting down and abandoning module SceneOutliner (528)
[2017.09.04-22.10.07:532][476]LogModuleManager: Shutting down and abandoning module AddContentDialog (526)
[2017.09.04-22.10.07:534][476]LogDirectoryWatcher: A directory notification for 'C:/Program Files/Epic Games/UE_4.17/FeaturePacks/' was aborted.
[2017.09.04-22.10.07:560][476]LogModuleManager: Shutting down and abandoning module WidgetCarousel (525)
[2017.09.04-22.10.07:560][476]LogModuleManager: Shutting down and abandoning module EditorWidgets (522)
[2017.09.04-22.10.07:560][476]LogModuleManager: Shutting down and abandoning module CollectionManager (520)
[2017.09.04-22.10.07:561][476]LogDirectoryWatcher: A directory notification for 'C:/Users/hp/Documents/Unreal Projects/MyProject/Content/Collections/' was aborted.
[2017.09.04-22.10.07:561][476]LogDirectoryWatcher: A directory notification for 'C:/Users/hp/Documents/Unreal Projects/MyProject/Content/Developers/hp/Collections/' was aborted.
[2017.09.04-22.10.07:561][476]LogDirectoryWatcher: A directory notification for 'C:/Users/hp/Documents/Unreal Projects/MyProject/Saved/Collections/' was aborted.
[2017.09.04-22.10.07:561][476]LogModuleManager: Shutting down and abandoning module StatsViewer (518)
[2017.09.04-22.10.07:563][476]LogModuleManager: Shutting down and abandoning module FoliageEdit (516)
[2017.09.04-22.10.07:563][476]LogModuleManager: Shutting down and abandoning module LandscapeEditor (514)
[2017.09.04-22.10.07:565][476]LogModuleManager: Shutting down and abandoning module MeshPaintMode (512)
[2017.09.04-22.10.07:565][476]LogModuleManager: Shutting down and abandoning module SceneDepthPickerMode (510)
[2017.09.04-22.10.07:565][476]LogModuleManager: Shutting down and abandoning module ActorPickerMode (508)
[2017.09.04-22.10.07:565][476]LogModuleManager: Shutting down and abandoning module GeometryMode (506)
[2017.09.04-22.10.07:565][476]LogModuleManager: Shutting down and abandoning module TextureAlignMode (504)
[2017.09.04-22.10.07:566][476]LogModuleManager: Shutting down and abandoning module BspMode (502)
[2017.09.04-22.10.07:566][476]LogModuleManager: Shutting down and abandoning module PIEPreviewDeviceProfileSelector (500)
[2017.09.04-22.10.07:566][476]LogModuleManager: Shutting down and abandoning module HardwareSurvey (498)
[2017.09.04-22.10.07:566][476]LogModuleManager: Shutting down and abandoning module SequenceRecorderSections (496)
[2017.09.04-22.10.07:567][476]LogModuleManager: Shutting down and abandoning module AutomationWorker (494)
[2017.09.04-22.10.07:567][476]LogModuleManager: Shutting down and abandoning module MatineeToLevelSequence (492)
[2017.09.04-22.10.07:568][476]LogModuleManager: Shutting down and abandoning module LevelSequenceEditor (490)
[2017.09.04-22.10.07:571][476]LogModuleManager: Shutting down and abandoning module PlacementMode (489)
[2017.09.04-22.10.07:571][476]LogModuleManager: Shutting down and abandoning module WmfMediaFactory (486)
[2017.09.04-22.10.07:572][476]LogModuleManager: Shutting down and abandoning module WmfMediaEditor (484)
[2017.09.04-22.10.07:572][476]LogModuleManager: Shutting down and abandoning module AvfMediaFactory (482)
[2017.09.04-22.10.07:572][476]LogModuleManager: Shutting down and abandoning module AvfMediaEditor (480)
[2017.09.04-22.10.07:572][476]LogModuleManager: Shutting down and abandoning module AndroidMediaFactory (478)
[2017.09.04-22.10.07:572][476]LogModuleManager: Shutting down and abandoning module Media (477)
[2017.09.04-22.10.07:572][476]LogModuleManager: Shutting down and abandoning module AndroidMediaEditor (474)
[2017.09.04-22.10.07:572][476]LogModuleManager: Shutting down and abandoning module CharacterAI (472)
[2017.09.04-22.10.07:572][476]LogModuleManager: Shutting down and abandoning module AudioCapture (470)
[2017.09.04-22.10.07:572][476]LogModuleManager: Shutting down and abandoning module SequenceRecorder (469)
[2017.09.04-22.10.07:573][476]LogModuleManager: Shutting down and abandoning module SmartSnapping (466)
[2017.09.04-22.10.07:573][476]LogModuleManager: Shutting down and abandoning module SessionServices (464)
[2017.09.04-22.10.07:573][476]LogModuleManager: Shutting down and abandoning module ViewportSnapping (462)
[2017.09.04-22.10.07:573][476]LogModuleManager: Shutting down and abandoning module ViewportInteraction (460)
[2017.09.04-22.10.07:573][476]LogModuleManager: Shutting down and abandoning module ClothPainter (458)
[2017.09.04-22.10.07:575][476]LogModuleManager: Shutting down and abandoning module LogVisualizer (456)
[2017.09.04-22.10.07:576][476]LogModuleManager: Shutting down and abandoning module IntroTutorials (454)
[2017.09.04-22.10.07:577][476]LogModuleManager: Shutting down and abandoning module GameProjectGeneration (453)
[2017.09.04-22.10.07:579][476]LogModuleManager: Shutting down and abandoning module IOSPlatformEditor (450)
[2017.09.04-22.10.07:579][476]LogModuleManager: Shutting down and abandoning module HTML5PlatformEditor (448)
[2017.09.04-22.10.07:579][476]LogModuleManager: Shutting down and abandoning module AndroidPlatformEditor (446)
[2017.09.04-22.10.07:579][476]LogModuleManager: Shutting down and abandoning module AndroidDeviceDetection (445)
[2017.09.04-22.10.07:971][476]LogModuleManager: Shutting down and abandoning module WindowsPlatformEditor (442)
[2017.09.04-22.10.07:971][476]LogModuleManager: Shutting down and abandoning module IOSRuntimeSettings (440)
[2017.09.04-22.10.07:971][476]LogModuleManager: Shutting down and abandoning module AndroidRuntimeSettings (438)
[2017.09.04-22.10.07:972][476]LogModuleManager: Shutting down and abandoning module InputBindingEditor (436)
[2017.09.04-22.10.07:972][476]LogModuleManager: Shutting down and abandoning module MergeActors (434)
[2017.09.04-22.10.07:973][476]LogModuleManager: Shutting down and abandoning module SizeMap (432)
[2017.09.04-22.10.07:973][476]LogModuleManager: Shutting down and abandoning module TreeMap (430)
[2017.09.04-22.10.07:974][476]LogModuleManager: Shutting down and abandoning module ReferenceViewer (428)
[2017.09.04-22.10.07:975][476]LogModuleManager: Shutting down and abandoning module LocalizationDashboard (426)
[2017.09.04-22.10.07:976][476]LogModuleManager: Shutting down and abandoning module LocalizationService (425)
[2017.09.04-22.10.07:976][476]LogModuleManager: Shutting down and abandoning module HardwareTargeting (422)
[2017.09.04-22.10.07:976][476]LogModuleManager: Shutting down and abandoning module DeviceProfileEditor (420)
[2017.09.04-22.10.07:977][476]LogModuleManager: Shutting down and abandoning module UndoHistory (418)
[2017.09.04-22.10.07:977][476]LogModuleManager: Shutting down and abandoning module XmlParser (416)
[2017.09.04-22.10.07:978][476]LogModuleManager: Shutting down and abandoning module Blutility (414)
[2017.09.04-22.10.07:978][476]LogModuleManager: Shutting down and abandoning module ProjectSettingsViewer (412)
[2017.09.04-22.10.07:979][476]LogModuleManager: Shutting down and abandoning module ProjectTargetPlatformEditor (411)
[2017.09.04-22.10.07:981][476]LogModuleManager: Shutting down and abandoning module EditorSettingsViewer (408)
[2017.09.04-22.10.07:982][476]LogModuleManager: Shutting down and abandoning module SettingsEditor (406)
[2017.09.04-22.10.07:983][476]LogModuleManager: Shutting down and abandoning module ProjectLauncher (404)
[2017.09.04-22.10.07:997][476]LogModuleManager: Shutting down and abandoning module SessionFrontend (402)
[2017.09.04-22.10.07:997][476]LogModuleManager: Shutting down and abandoning module ProfilerClient (400)
[2017.09.04-22.10.07:998][476]LogModuleManager: Shutting down and abandoning module DeviceManager (398)
[2017.09.04-22.10.08:000][476]LogModuleManager: Shutting down and abandoning module TargetDeviceServices (397)
[2017.09.04-22.10.08:055][476]LogModuleManager: Shutting down and abandoning module AutomationController (394)
[2017.09.04-22.10.08:057][476]LogModuleManager: Shutting down and abandoning module AutomationWindow (392)
[2017.09.04-22.10.08:058][476]LogModuleManager: Shutting down and abandoning module Layers (390)
[2017.09.04-22.10.08:061][476]LogModuleManager: Shutting down and abandoning module ComponentVisualizers (388)
[2017.09.04-22.10.08:061][476]LogModuleManager: Shutting down and abandoning module DetailCustomizations (386)
[2017.09.04-22.10.08:063][476]LogModuleManager: Shutting down and abandoning module PackagesDialog (384)
[2017.09.04-22.10.08:067][476]LogModuleManager: Shutting down and abandoning module Persona (382)
[2017.09.04-22.10.08:073][476]LogModuleManager: Shutting down and abandoning module AdvancedPreviewScene (381)
[2017.09.04-22.10.08:073][476]LogModuleManager: Shutting down and abandoning module AnimGraph (379)
[2017.09.04-22.10.08:074][476]LogModuleManager: Shutting down and abandoning module Kismet (376)
[2017.09.04-22.10.08:101][476]LogModuleManager: Shutting down and abandoning module ClassViewer (374)
[2017.09.04-22.10.08:102][476]LogModuleManager: Shutting down and abandoning module Toolbox (372)
[2017.09.04-22.10.08:102][476]LogModuleManager: Shutting down and abandoning module ModuleUI (370)
[2017.09.04-22.10.08:103][476]LogModuleManager: Shutting down and abandoning module MovieSceneTools (368)
[2017.09.04-22.10.08:105][476]LogModuleManager: Shutting down and abandoning module OutputLog (366)
[2017.09.04-22.10.08:106][476]LogModuleManager: Shutting down and abandoning module GammaUI (364)
[2017.09.04-22.10.08:106][476]LogModuleManager: Shutting down and abandoning module Documentation (362)
[2017.09.04-22.10.08:106][476]LogModuleManager: Shutting down and abandoning module MovieSceneTracks (360)
[2017.09.04-22.10.08:107][476]LogModuleManager: Shutting down and abandoning module MovieScene (358)
[2017.09.04-22.10.08:107][476]LogModuleManager: Shutting down and abandoning module Niagara (356)
[2017.09.04-22.10.08:107][476]LogModuleManager: Shutting down and abandoning module NiagaraEditor (355)
[2017.09.04-22.10.08:111][476]LogModuleManager: Shutting down and abandoning module StreamingPauseRendering (352)
[2017.09.04-22.10.08:111][476]LogModuleManager: Shutting down and abandoning module LauncherPlatform (350)
[2017.09.04-22.10.08:111][476]LogModuleManager: Shutting down and abandoning module AnalyticsET (348)
[2017.09.04-22.10.08:111][476]LogModuleManager: Shutting down and abandoning module PortalServices (346)
[2017.09.04-22.10.08:111][476]LogModuleManager: Shutting down and abandoning module PortalRpc (344)
[2017.09.04-22.10.08:111][476]LogModuleManager: Shutting down and abandoning module MessagingRpc (342)
[2017.09.04-22.10.08:111][476]LogModuleManager: Shutting down and abandoning module AIModule (340)
[2017.09.04-22.10.08:112][476]LogModuleManager: Shutting down and abandoning module GameplayDebugger (339)
[2017.09.04-22.10.08:112][476]LogModuleManager: Shutting down and abandoning module AITestSuite (337)
[2017.09.04-22.10.08:113][476]LogModuleManager: Shutting down and abandoning module ProfilerService (334)
[2017.09.04-22.10.08:359][476]LogModuleManager: Shutting down and abandoning module TaskGraph (332)
[2017.09.04-22.10.08:370][476]LogModuleManager: Shutting down and abandoning module SteamVRController (330)
[2017.09.04-22.10.08:373][476]LogModuleManager: Shutting down and abandoning module ProceduralMeshComponentEditor (328)
[2017.09.04-22.10.08:374][476]LogModuleManager: Shutting down and abandoning module ProceduralMeshComponent (326)
[2017.09.04-22.10.08:374][476]LogModuleManager: Shutting down and abandoning module OculusInput (324)
[2017.09.04-22.10.08:377][476]LogModuleManager: Shutting down and abandoning module MobilePatchingUtils (322)
[2017.09.04-22.10.08:377][476]LogModuleManager: Shutting down and abandoning module CustomMeshComponent (320)
[2017.09.04-22.10.08:377][476]LogModuleManager: Shutting down and abandoning module CableComponent (318)
[2017.09.04-22.10.08:378][476]LogModuleManager: Shutting down and abandoning module ArchVisCharacter (316)
[2017.09.04-22.10.08:378][476]LogModuleManager: Shutting down and abandoning module AndroidPermission (314)
[2017.09.04-22.10.08:379][476]LogModuleManager: Shutting down and abandoning module MediaPlayerEditor (310)
[2017.09.04-22.10.08:383][476]LogModuleManager: Shutting down and abandoning module HTML5Networking (308)
[2017.09.04-22.10.08:383][476]LogModuleManager: Shutting down and abandoning module AlembicImporter (306)
[2017.09.04-22.10.08:384][476]LogModuleManager: Shutting down and abandoning module AlembicLibrary (305)
[2017.09.04-22.10.08:384][476]LogModuleManager: Shutting down and abandoning module GeometryCache (304)
[2017.09.04-22.10.08:385][476]LogModuleManager: Shutting down and abandoning module GeometryCacheEd (303)
[2017.09.04-22.10.08:385][476]LogModuleManager: Shutting down and abandoning module SpeedTreeImporter (298)
[2017.09.04-22.10.08:385][476]LogModuleManager: Shutting down and abandoning module PluginBrowser (296)
[2017.09.04-22.10.08:390][476]LogModuleManager: Shutting down and abandoning module MobileLauncherProfileWizard (294)
[2017.09.04-22.10.08:391][476]LogModuleManager: Shutting down and abandoning module VisualStudioSourceCodeAccess (292)
[2017.09.04-22.10.08:393][476]LogModuleManager: Shutting down and abandoning module DesktopPlatform (291)
[2017.09.04-22.10.08:393][476]LogModuleManager: Shutting down and abandoning module UObjectPlugin (288)
[2017.09.04-22.10.08:394][476]LogModuleManager: Shutting down and abandoning module SubversionSourceControl (286)
[2017.09.04-22.10.08:394][476]LogModuleManager: Shutting down and abandoning module PerforceSourceControl (284)
[2017.09.04-22.10.08:397][476]LogModuleManager: Shutting down and abandoning module GitSourceControl (282)
[2017.09.04-22.10.08:399][476]LogModuleManager: Shutting down and abandoning module SourceControl (281)
[2017.09.04-22.10.08:401][476]LogModuleManager: Shutting down and abandoning module LightPropagationVolumeEditor (278)
[2017.09.04-22.10.08:401][476]LogModuleManager: Shutting down and abandoning module PaperTiledImporter (276)
[2017.09.04-22.10.08:401][476]LogModuleManager: Shutting down and abandoning module PaperSpriteSheetImporter (274)
[2017.09.04-22.10.08:401][476]LogModuleManager: Shutting down and abandoning module Paper2DEditor (272)
[2017.09.04-22.10.08:403][476]LogModuleManager: Shutting down and abandoning module MeshPaint (271)
[2017.09.04-22.10.08:403][476]LogModuleManager: Shutting down and abandoning module LevelEditor (269)
[2017.09.04-22.10.08:414][476]LogModuleManager: Shutting down and abandoning module PixelInspectorModule (268)
[2017.09.04-22.10.08:415][476]LogModuleManager: Shutting down and abandoning module MainFrame (266)
[2017.09.04-22.10.08:417][476]LogModuleManager: Shutting down and abandoning module HotReload (265)
[2017.09.04-22.10.08:421][476]LogModuleManager: Shutting down and abandoning module RuntimePhysXCooking (260)
[2017.09.04-22.10.08:421][476]LogModuleManager: Shutting down and abandoning module PhysXVehiclesEditor (258)
[2017.09.04-22.10.08:421][476]LogModuleManager: Shutting down and abandoning module PhysXVehicles (256)
[2017.09.04-22.10.08:421][476]LogModuleManager: Shutting down and abandoning module OculusEditor (254)
[2017.09.04-22.10.08:422][476]LogModuleManager: Shutting down and abandoning module LocationServicesBPLibrary (252)
[2017.09.04-22.10.08:422][476]LogModuleManager: Shutting down and abandoning module ImmediatePhysicsEditor (250)
[2017.09.04-22.10.08:422][476]LogModuleManager: Shutting down and abandoning module ImmediatePhysics (248)
[2017.09.04-22.10.08:422][476]LogModuleManager: Shutting down and abandoning module UdpMessaging (246)
[2017.09.04-22.10.08:523][476]LogModuleManager: Shutting down and abandoning module TcpMessaging (244)
[2017.09.04-22.10.08:624][476]LogModuleManager: Shutting down and abandoning module GameplayTagsEditor (242)
[2017.09.04-22.10.08:625][476]LogModuleManager: Shutting down and abandoning module FacialAnimationEditor (240)
[2017.09.04-22.10.08:626][476]LogModuleManager: Shutting down and abandoning module FacialAnimation (238)
[2017.09.04-22.10.08:626][476]LogModuleManager: Shutting down and abandoning module AssetManagerEditor (236)
[2017.09.04-22.10.08:628][476]LogModuleManager: Shutting down and abandoning module GraphEditor (235)
[2017.09.04-22.10.08:630][476]LogModuleManager: Shutting down and abandoning module ContentBrowser (233)
[2017.09.04-22.10.08:644][476]LogModuleManager: Shutting down and abandoning module LightPropagationVolumeRuntime (230)
[2017.09.04-22.10.08:644][476]LogModuleManager: Shutting down and abandoning module Paper2D (228)
[2017.09.04-22.10.08:645][476]LogModuleManager: Shutting down and abandoning module WindowsMoviePlayer (226)
[2017.09.04-22.10.08:646][476]LogModuleManager: Shutting down and abandoning module WmfMedia (224)
[2017.09.04-22.10.08:647][476]LogModuleManager: Shutting down and abandoning module PacketHandler (222)
[2017.09.04-22.10.08:648][476]LogModuleManager: Shutting down and abandoning module ClothingSystemEditor (220)
[2017.09.04-22.10.08:648][476]LogModuleManager: Shutting down and abandoning module ClothingSystemRuntime (218)
[2017.09.04-22.10.08:649][476]LogModuleManager: Shutting down and abandoning module Overlay (216)
[2017.09.04-22.10.08:649][476]LogModuleManager: Shutting down and abandoning module OverlayEditor (215)
[2017.09.04-22.10.08:649][476]LogModuleManager: Shutting down and abandoning module MediaAssets (212)
[2017.09.04-22.10.08:649][476]LogModuleManager: Shutting down and abandoning module VREditor (210)
[2017.09.04-22.10.08:650][476]LogModuleManager: Shutting down and abandoning module StringTableEditor (208)
[2017.09.04-22.10.08:651][476]LogModuleManager: Shutting down and abandoning module GameplayTasksEditor (206)
[2017.09.04-22.10.08:651][476]LogModuleManager: Shutting down and abandoning module BehaviorTreeEditor (204)
[2017.09.04-22.10.08:653][476]LogModuleManager: Shutting down and abandoning module FunctionalTesting (202)
[2017.09.04-22.10.08:653][476]LogModuleManager: Shutting down and abandoning module CollisionAnalyzer (200)
[2017.09.04-22.10.08:654][476]LogModuleManager: Shutting down and abandoning module WorkspaceMenuStructure (199)
[2017.09.04-22.10.08:655][476]LogModuleManager: Shutting down and abandoning module UMG (196)
[2017.09.04-22.10.08:655][476]LogModuleManager: Shutting down and abandoning module UMGEditor (195)
[2017.09.04-22.10.08:656][476]LogModuleManager: Shutting down and abandoning module Sequencer (194)
[2017.09.04-22.10.08:658][476]LogModuleManager: Shutting down and abandoning module MessageLog (191)
[2017.09.04-22.10.08:658][476]LogModuleManager: Shutting down and abandoning module SlateReflector (186)
[2017.09.04-22.10.08:661][476]LogModuleManager: Shutting down and abandoning module Slate (184)
[2017.09.04-22.10.08:662][476]LogModuleManager: Shutting down and abandoning module EditorStyle (182)
[2017.09.04-22.10.08:682][476]LogModuleManager: Shutting down and abandoning module MRMesh (180)
[2017.09.04-22.10.08:682][476]LogModuleManager: Shutting down and abandoning module SourceCodeAccess (178)
[2017.09.04-22.10.08:682][476]LogModuleManager: Shutting down and abandoning module HeadMountedDisplay (176)
[2017.09.04-22.10.08:683][476]LogModuleManager: Shutting down and abandoning module XAudio2 (174)
[2017.09.04-22.10.08:683][476]LogModuleManager: Shutting down and abandoning module Networking (172)
[2017.09.04-22.10.08:683][476]LogModuleManager: Shutting down and abandoning module Core (168)
[2017.09.04-22.10.08:683][476]LogModuleManager: Shutting down and abandoning module KismetCompiler (164)
[2017.09.04-22.10.08:683][476]LogModuleManager: Shutting down and abandoning module LevelSequence (162)
[2017.09.04-22.10.08:683][476]LogModuleManager: Shutting down and abandoning module MeshUtilities (160)
[2017.09.04-22.10.08:685][476]LogModuleManager: Shutting down and abandoning module MeshMergeUtilities (159)
[2017.09.04-22.10.08:685][476]LogModuleManager: Shutting down and abandoning module MeshReductionInterface (158)
[2017.09.04-22.10.08:686][476]LogModuleManager: Shutting down and abandoning module SimplygonSwarm (157)
[2017.09.04-22.10.08:687][476]LogModuleManager: Shutting down and abandoning module SimplygonMeshReduction (155)
[2017.09.04-22.10.08:687][476]LogModuleManager: Shutting down and abandoning module QuadricMeshReduction (153)
[2017.09.04-22.10.08:688][476]LogModuleManager: Shutting down and abandoning module MaterialBaking (149)
[2017.09.04-22.10.08:688][476]LogModuleManager: Shutting down and abandoning module DirectoryWatcher (146)
[2017.09.04-22.10.08:721][476]LogModuleManager: Shutting down and abandoning module DerivedDataCache (144)
[2017.09.04-22.10.08:809][476]LogDerivedDataCache: Shutdown
[2017.09.04-22.10.08:815][476]LogModuleManager: Shutting down and abandoning module TargetPlatform (142)
[2017.09.04-22.10.08:815][476]LogModuleManager: Shutting down and abandoning module VulkanShaderFormat (141)
[2017.09.04-22.10.08:816][476]LogModuleManager: Shutting down and abandoning module ShaderFormatVectorVM (139)
[2017.09.04-22.10.08:817][476]LogModuleManager: Shutting down and abandoning module ShaderFormatOpenGL (137)
[2017.09.04-22.10.08:817][476]LogModuleManager: Shutting down and abandoning module ShaderFormatD3D (135)
[2017.09.04-22.10.08:818][476]LogModuleManager: Shutting down and abandoning module MetalShaderFormat (133)
[2017.09.04-22.10.08:819][476]LogModuleManager: Shutting down and abandoning module TextureFormatUncompressed (131)
[2017.09.04-22.10.08:819][476]LogModuleManager: Shutting down and abandoning module TextureFormatPVR (129)
[2017.09.04-22.10.08:819][476]LogModuleManager: Shutting down and abandoning module TextureFormatDXT (127)
[2017.09.04-22.10.08:820][476]LogModuleManager: Shutting down and abandoning module TextureFormatIntelISPCTexComp (125)
[2017.09.04-22.10.08:821][476]LogModuleManager: Shutting down and abandoning module TextureFormatASTC (123)
[2017.09.04-22.10.08:821][476]LogModuleManager: Shutting down and abandoning module ImageWrapper (122)
[2017.09.04-22.10.08:822][476]LogModuleManager: Shutting down and abandoning module TextureFormatAndroid (119)
[2017.09.04-22.10.08:822][476]LogModuleManager: Shutting down and abandoning module AudioFormatOpus (117)
[2017.09.04-22.10.08:822][476]LogModuleManager: Shutting down and abandoning module AudioFormatOgg (115)
[2017.09.04-22.10.08:823][476]LogModuleManager: Shutting down and abandoning module AudioFormatADPCM (113)
[2017.09.04-22.10.08:823][476]LogModuleManager: Shutting down and abandoning module LinuxTargetPlatform (111)
[2017.09.04-22.10.08:823][476]LogModuleManager: Shutting down and abandoning module LinuxServerTargetPlatform (109)
[2017.09.04-22.10.08:823][476]LogModuleManager: Shutting down and abandoning module LinuxNoEditorTargetPlatform (107)
[2017.09.04-22.10.08:823][476]LogModuleManager: Shutting down and abandoning module LinuxClientTargetPlatform (105)
[2017.09.04-22.10.08:824][476]LogModuleManager: Shutting down and abandoning module TVOSTargetPlatform (103)
[2017.09.04-22.10.08:824][476]LogModuleManager: Shutting down and abandoning module Messaging (101)
[2017.09.04-22.10.08:824][476]LogModuleManager: Shutting down and abandoning module IOSTargetPlatform (99)
[2017.09.04-22.10.08:824][476]LogModuleManager: Shutting down and abandoning module HTML5TargetPlatform (97)
[2017.09.04-22.10.08:825][476]LogModuleManager: Shutting down and abandoning module Android_PVRTCTargetPlatform (95)
[2017.09.04-22.10.08:825][476]LogModuleManager: Shutting down and abandoning module Android_MultiTargetPlatform (93)
[2017.09.04-22.10.08:825][476]LogModuleManager: Shutting down and abandoning module Android_ETC2TargetPlatform (91)
[2017.09.04-22.10.08:825][476]LogModuleManager: Shutting down and abandoning module Android_ETC1TargetPlatform (89)
[2017.09.04-22.10.08:825][476]LogModuleManager: Shutting down and abandoning module Android_DXTTargetPlatform (87)
[2017.09.04-22.10.08:825][476]LogModuleManager: Shutting down and abandoning module Android_ATCTargetPlatform (85)
[2017.09.04-22.10.08:826][476]LogModuleManager: Shutting down and abandoning module Android_ASTCTargetPlatform (83)
[2017.09.04-22.10.08:826][476]LogModuleManager: Shutting down and abandoning module AndroidTargetPlatform (81)
[2017.09.04-22.10.08:826][476]LogModuleManager: Shutting down and abandoning module WindowsTargetPlatform (79)
[2017.09.04-22.10.08:826][476]LogModuleManager: Shutting down and abandoning module WindowsServerTargetPlatform (77)
[2017.09.04-22.10.08:826][476]LogModuleManager: Shutting down and abandoning module WindowsNoEditorTargetPlatform (75)
[2017.09.04-22.10.08:827][476]LogModuleManager: Shutting down and abandoning module WindowsClientTargetPlatform (73)
[2017.09.04-22.10.08:827][476]LogModuleManager: Shutting down and abandoning module MacTargetPlatform (71)
[2017.09.04-22.10.08:827][476]LogModuleManager: Shutting down and abandoning module MacServerTargetPlatform (69)
[2017.09.04-22.10.08:827][476]LogModuleManager: Shutting down and abandoning module MacNoEditorTargetPlatform (67)
[2017.09.04-22.10.08:827][476]LogModuleManager: Shutting down and abandoning module MacClientTargetPlatform (65)
[2017.09.04-22.10.08:828][476]LogModuleManager: Shutting down and abandoning module AllDesktopTargetPlatform (63)
[2017.09.04-22.10.08:828][476]LogModuleManager: Shutting down and abandoning module InputCore (60)
[2017.09.04-22.10.08:828][476]LogModuleManager: Shutting down and abandoning module Settings (58)
[2017.09.04-22.10.08:828][476]LogModuleManager: Shutting down and abandoning module PhysXCooking (56)
[2017.09.04-22.10.08:828][476]LogModuleManager: Shutting down and abandoning module SteamVR (54)
[2017.09.04-22.10.08:828][476]LogModuleManager: Shutting down and abandoning module OculusHMD (52)
[2017.09.04-22.10.08:828][476]LogModuleManager: Shutting down and abandoning module ExampleDeviceProfileSelector (50)
[2017.09.04-22.10.08:829][476]LogModuleManager: Shutting down and abandoning module OnlineBlueprintSupport (48)
[2017.09.04-22.10.08:829][476]LogModuleManager: Shutting down and abandoning module OnlineSubsystem (44)
[2017.09.04-22.10.08:829][476]LogOnline: Display: Unloading online subsystem: NULL
[2017.09.04-22.10.08:830][476]LogModuleManager: Shutting down and abandoning module XMPP (43)
[2017.09.04-22.10.08:832][476]LogModuleManager: Shutting down and abandoning module HTTP (41)
[2017.09.04-22.10.08:832][476]LogHttp: Display: Http module shutting down, but needs to wait on 1 outstanding Http requests:
[2017.09.04-22.10.08:832][476]LogHttp: Display: 	verb=[POST] url=[https://datarouter.ol.epicgames.com/datarouter/api/v1/public/data?SessionID=%7B118321ED-41E6-D07E-9051-3CBCF5B1C011%7D&AppID=UEEditor.Rocket.Release&AppVersion=4.17.1-3586342%2B%2B%2BUE4%2BRelease-4.17&UserID=592cb4b446cfe1ab5d87efa92ab8da98%7C5279ea16eca044f787034c64236ec678%7C4e4f5d37-79e1-4ec9-809a-3ecd9352c359&AppEnvironment=datacollector-binary&UploadType=eteventstream] status=Processing
[2017.09.04-22.10.08:854][476]LogModuleManager: Shutting down and abandoning module SSL (40)
[2017.09.04-22.10.08:861][476]LogModuleManager: Shutting down and abandoning module AnimationModifiers (36)
[2017.09.04-22.10.08:862][476]LogModuleManager: Shutting down and abandoning module PropertyEditor (35)
[2017.09.04-22.10.08:863][476]LogModuleManager: Shutting down and abandoning module AudioEditor (32)
[2017.09.04-22.10.08:864][476]LogModuleManager: Shutting down and abandoning module TextureCompressor (30)
[2017.09.04-22.10.08:865][476]LogModuleManager: Shutting down and abandoning module ShaderCore (28)
[2017.09.04-22.10.08:865][476]LogModuleManager: Shutting down and abandoning module Landscape (26)
[2017.09.04-22.10.08:865][476]LogModuleManager: Shutting down and abandoning module SlateRHIRenderer (24)
[2017.09.04-22.10.08:879][476]LogModuleManager: Shutting down and abandoning module OpenGLDrv (22)
[2017.09.04-22.10.08:880][476]LogModuleManager: Shutting down and abandoning module D3D11RHI (20)
[2017.09.04-22.10.08:880][476]LogModuleManager: Shutting down and abandoning module AnimGraphRuntime (18)
[2017.09.04-22.10.08:881][476]LogModuleManager: Shutting down and abandoning module Renderer (16)
[2017.09.04-22.10.08:881][476]LogModuleManager: Shutting down and abandoning module Engine (14)
[2017.09.04-22.10.08:881][476]LogModuleManager: Shutting down and abandoning module CoreUObject (12)
[2017.09.04-22.10.08:882][476]LogModuleManager: Shutting down and abandoning module NetworkFile (10)
[2017.09.04-22.10.08:883][476]LogModuleManager: Shutting down and abandoning module CookedIterativeFile (8)
[2017.09.04-22.10.08:883][476]LogModuleManager: Shutting down and abandoning module StreamingFile (6)
[2017.09.04-22.10.08:883][476]LogModuleManager: Shutting down and abandoning module SandboxFile (4)
[2017.09.04-22.10.08:884][476]LogModuleManager: Shutting down and abandoning module PakFile (2)
[2017.09.04-22.10.08:893][476]LogExit: Exiting.
[2017.09.04-22.10.09:709][476]Log file closed, 09/05/17 00:10:09
